cabal: Entering directory '/var/folders/z7/k6qym9m16y15sb6n8znyr7ww0000gn/T/cabal-tmp-24919/assoc-1.0.2'
Configuring assoc-1.0.2...
Preprocessing library for assoc-1.0.2..
Building library for assoc-1.0.2..
[1 of 2] Compiling Data.Bifunctor.Assoc ( src/Data/Bifunctor/Assoc.hs, dist/dist-sandbox-b5a179e0/build/Data/Bifunctor/Assoc.o )
[2 of 2] Compiling Data.Bifunctor.Swap ( src/Data/Bifunctor/Swap.hs, dist/dist-sandbox-b5a179e0/build/Data/Bifunctor/Swap.o )
[1 of 2] Compiling Data.Bifunctor.Assoc ( src/Data/Bifunctor/Assoc.hs, dist/dist-sandbox-b5a179e0/build/Data/Bifunctor/Assoc.p_o )
[2 of 2] Compiling Data.Bifunctor.Swap ( src/Data/Bifunctor/Swap.hs, dist/dist-sandbox-b5a179e0/build/Data/Bifunctor/Swap.p_o )
Preprocessing library for assoc-1.0.2..
Running Haddock on library for assoc-1.0.2..
Haddock coverage:
  50% (  1 /  2) in 'Data.Bifunctor.Assoc'
  Missing documentation for:
    Module header
  50% (  1 /  2) in 'Data.Bifunctor.Swap'
  Missing documentation for:
    Module header
Documentation created: dist/dist-sandbox-b5a179e0/doc/html/assoc/index.html
Installing library in /Users/christophe.thibaut/Coding/fractal-sculpture/.cabal-sandbox/lib/x86_64-osx-ghc-8.6.3/assoc-1.0.2-7kpiVIbUrXtIN7co4tjAMW
cabal: Leaving directory '/var/folders/z7/k6qym9m16y15sb6n8znyr7ww0000gn/T/cabal-tmp-24919/assoc-1.0.2'
