cabal: Entering directory '/var/folders/z7/k6qym9m16y15sb6n8znyr7ww0000gn/T/cabal-tmp-24921/blaze-builder-0.4.2.2'
Configuring blaze-builder-0.4.2.2...
Preprocessing library for blaze-builder-0.4.2.2..
Building library for blaze-builder-0.4.2.2..
[ 1 of 11] Compiling Blaze.ByteString.Builder.Internal.Write ( Blaze/ByteString/Builder/Internal/Write.hs, dist/dist-sandbox-b5a179e0/build/Blaze/ByteString/Builder/Internal/Write.o )
[ 2 of 11] Compiling Blaze.ByteString.Builder.Compat.Write ( Blaze/ByteString/Builder/Compat/Write.hs, dist/dist-sandbox-b5a179e0/build/Blaze/ByteString/Builder/Compat/Write.o )
[ 3 of 11] Compiling Blaze.ByteString.Builder.Int ( Blaze/ByteString/Builder/Int.hs, dist/dist-sandbox-b5a179e0/build/Blaze/ByteString/Builder/Int.o )
[ 4 of 11] Compiling Blaze.ByteString.Builder.Html.Word ( Blaze/ByteString/Builder/Html/Word.hs, dist/dist-sandbox-b5a179e0/build/Blaze/ByteString/Builder/Html/Word.o )
[ 5 of 11] Compiling Blaze.ByteString.Builder.Char8 ( Blaze/ByteString/Builder/Char8.hs, dist/dist-sandbox-b5a179e0/build/Blaze/ByteString/Builder/Char8.o )
[ 6 of 11] Compiling Blaze.ByteString.Builder.Char.Utf8 ( Blaze/ByteString/Builder/Char/Utf8.hs, dist/dist-sandbox-b5a179e0/build/Blaze/ByteString/Builder/Char/Utf8.o )
[ 7 of 11] Compiling Blaze.ByteString.Builder.Html.Utf8 ( Blaze/ByteString/Builder/Html/Utf8.hs, dist/dist-sandbox-b5a179e0/build/Blaze/ByteString/Builder/Html/Utf8.o )
[ 8 of 11] Compiling Blaze.ByteString.Builder.ByteString ( Blaze/ByteString/Builder/ByteString.hs, dist/dist-sandbox-b5a179e0/build/Blaze/ByteString/Builder/ByteString.o )
[ 9 of 11] Compiling Blaze.ByteString.Builder.HTTP ( Blaze/ByteString/Builder/HTTP.hs, dist/dist-sandbox-b5a179e0/build/Blaze/ByteString/Builder/HTTP.o )
[10 of 11] Compiling Blaze.ByteString.Builder.Word ( Blaze/ByteString/Builder/Word.hs, dist/dist-sandbox-b5a179e0/build/Blaze/ByteString/Builder/Word.o )
[11 of 11] Compiling Blaze.ByteString.Builder ( Blaze/ByteString/Builder.hs, dist/dist-sandbox-b5a179e0/build/Blaze/ByteString/Builder.o )
[ 1 of 11] Compiling Blaze.ByteString.Builder.Internal.Write ( Blaze/ByteString/Builder/Internal/Write.hs, dist/dist-sandbox-b5a179e0/build/Blaze/ByteString/Builder/Internal/Write.p_o )
[ 2 of 11] Compiling Blaze.ByteString.Builder.Compat.Write ( Blaze/ByteString/Builder/Compat/Write.hs, dist/dist-sandbox-b5a179e0/build/Blaze/ByteString/Builder/Compat/Write.p_o )
[ 3 of 11] Compiling Blaze.ByteString.Builder.Int ( Blaze/ByteString/Builder/Int.hs, dist/dist-sandbox-b5a179e0/build/Blaze/ByteString/Builder/Int.p_o )
[ 4 of 11] Compiling Blaze.ByteString.Builder.Html.Word ( Blaze/ByteString/Builder/Html/Word.hs, dist/dist-sandbox-b5a179e0/build/Blaze/ByteString/Builder/Html/Word.p_o )
[ 5 of 11] Compiling Blaze.ByteString.Builder.Char8 ( Blaze/ByteString/Builder/Char8.hs, dist/dist-sandbox-b5a179e0/build/Blaze/ByteString/Builder/Char8.p_o )
[ 6 of 11] Compiling Blaze.ByteString.Builder.Char.Utf8 ( Blaze/ByteString/Builder/Char/Utf8.hs, dist/dist-sandbox-b5a179e0/build/Blaze/ByteString/Builder/Char/Utf8.p_o )
[ 7 of 11] Compiling Blaze.ByteString.Builder.Html.Utf8 ( Blaze/ByteString/Builder/Html/Utf8.hs, dist/dist-sandbox-b5a179e0/build/Blaze/ByteString/Builder/Html/Utf8.p_o )
[ 8 of 11] Compiling Blaze.ByteString.Builder.ByteString ( Blaze/ByteString/Builder/ByteString.hs, dist/dist-sandbox-b5a179e0/build/Blaze/ByteString/Builder/ByteString.p_o )
[ 9 of 11] Compiling Blaze.ByteString.Builder.HTTP ( Blaze/ByteString/Builder/HTTP.hs, dist/dist-sandbox-b5a179e0/build/Blaze/ByteString/Builder/HTTP.p_o )
[10 of 11] Compiling Blaze.ByteString.Builder.Word ( Blaze/ByteString/Builder/Word.hs, dist/dist-sandbox-b5a179e0/build/Blaze/ByteString/Builder/Word.p_o )
[11 of 11] Compiling Blaze.ByteString.Builder ( Blaze/ByteString/Builder.hs, dist/dist-sandbox-b5a179e0/build/Blaze/ByteString/Builder.p_o )
Preprocessing library for blaze-builder-0.4.2.2..
Running Haddock on library for blaze-builder-0.4.2.2..
Haddock coverage:
  96% ( 24 / 25) in 'Blaze.ByteString.Builder.Internal.Write'
  Missing documentation for:
    fromWriteSingleton (Blaze/ByteString/Builder/Internal/Write.hs:249)
  50% (  2 /  4) in 'Blaze.ByteString.Builder.Compat.Write'
  Missing documentation for:
    writePrimFixed (Blaze/ByteString/Builder/Compat/Write.hs:24)
    writePrimBounded (Blaze/ByteString/Builder/Compat/Write.hs:28)
 100% ( 43 / 43) in 'Blaze.ByteString.Builder.Int'
  89% (  8 /  9) in 'Blaze.ByteString.Builder.Html.Word'
  Missing documentation for:
    wordHtmlEscaped (Blaze/ByteString/Builder/Html/Word.hs:40)
Warning: 'bytestring' is out of scope.
    If you qualify the identifier, haddock can try to link it
    it anyway.
 100% (  9 /  9) in 'Blaze.ByteString.Builder.Char8'
 100% (  9 /  9) in 'Blaze.ByteString.Builder.Char.Utf8'
Warning: 'Builder' is out of scope.
    If you qualify the identifier, haddock can try to link it
    it anyway.
 100% ( 10 / 10) in 'Blaze.ByteString.Builder.Html.Utf8'
 100% ( 12 / 12) in 'Blaze.ByteString.Builder.ByteString'
 100% (  4 /  4) in 'Blaze.ByteString.Builder.HTTP'
 100% ( 43 / 43) in 'Blaze.ByteString.Builder.Word'
Warning: 'fromString' is out of scope.
    If you qualify the identifier, haddock can try to link it
    it anyway.
Warning: 'toLazyByteString' is out of scope.
    If you qualify the identifier, haddock can try to link it
    it anyway.
Warning: 'Write' is out of scope.
    If you qualify the identifier, haddock can try to link it
    it anyway.
Warning: 'fromWrite' is out of scope.
    If you qualify the identifier, haddock can try to link it
    it anyway.
  92% ( 22 / 24) in 'Blaze.ByteString.Builder'
  Missing documentation for:
    toByteStringIOWith (Blaze/ByteString/Builder.hs:187)
    fromWriteSingleton (Blaze/ByteString/Builder/Internal/Write.hs:249)
Documentation created:
dist/dist-sandbox-b5a179e0/doc/html/blaze-builder/index.html
Installing library in /Users/christophe.thibaut/Coding/fractal-sculpture/.cabal-sandbox/lib/x86_64-osx-ghc-8.6.3/blaze-builder-0.4.2.2-4zsxR3LFhmJDaKWUGXRU7O
cabal: Leaving directory '/var/folders/z7/k6qym9m16y15sb6n8znyr7ww0000gn/T/cabal-tmp-24921/blaze-builder-0.4.2.2'
