cabal: Entering directory '/var/folders/z7/k6qym9m16y15sb6n8znyr7ww0000gn/T/cabal-tmp-24922/contravariant-1.5.5'
Configuring contravariant-1.5.5...
Preprocessing library for contravariant-1.5.5..
Building library for contravariant-1.5.5..
[1 of 3] Compiling Data.Functor.Contravariant.Divisible ( src/Data/Functor/Contravariant/Divisible.hs, dist/dist-sandbox-b5a179e0/build/Data/Functor/Contravariant/Divisible.o )
[2 of 3] Compiling Data.Functor.Contravariant.Compose ( src/Data/Functor/Contravariant/Compose.hs, dist/dist-sandbox-b5a179e0/build/Data/Functor/Contravariant/Compose.o )
[3 of 3] Compiling Data.Functor.Contravariant.Generic ( src/Data/Functor/Contravariant/Generic.hs, dist/dist-sandbox-b5a179e0/build/Data/Functor/Contravariant/Generic.o )
[1 of 3] Compiling Data.Functor.Contravariant.Divisible ( src/Data/Functor/Contravariant/Divisible.hs, dist/dist-sandbox-b5a179e0/build/Data/Functor/Contravariant/Divisible.p_o )
[2 of 3] Compiling Data.Functor.Contravariant.Compose ( src/Data/Functor/Contravariant/Compose.hs, dist/dist-sandbox-b5a179e0/build/Data/Functor/Contravariant/Compose.p_o )
[3 of 3] Compiling Data.Functor.Contravariant.Generic ( src/Data/Functor/Contravariant/Generic.hs, dist/dist-sandbox-b5a179e0/build/Data/Functor/Contravariant/Generic.p_o )
Preprocessing library for contravariant-1.5.5..
Running Haddock on library for contravariant-1.5.5..
Haddock coverage:
Warning: 'delta' is out of scope.
    If you qualify the identifier, haddock can try to link it
    it anyway.
 100% ( 17 / 17) in 'Data.Functor.Contravariant.Divisible'
 100% (  4 /  4) in 'Data.Functor.Contravariant.Compose'
 100% (  3 /  3) in 'Data.Functor.Contravariant.Generic'
Warning: Data.Functor.Contravariant.Generic: could not find link destinations for:
    GDeciding Rep' GG GDeciding1 Rep1'
Documentation created:
dist/dist-sandbox-b5a179e0/doc/html/contravariant/index.html
Installing library in /Users/christophe.thibaut/Coding/fractal-sculpture/.cabal-sandbox/lib/x86_64-osx-ghc-8.6.3/contravariant-1.5.5-14cEzmNwGQU1jCxLPd7fD1
cabal: Leaving directory '/var/folders/z7/k6qym9m16y15sb6n8znyr7ww0000gn/T/cabal-tmp-24922/contravariant-1.5.5'
