cabal: Entering directory '/var/folders/z7/k6qym9m16y15sb6n8znyr7ww0000gn/T/cabal-tmp-24920/diagrams-contrib-1.4.4'
Configuring diagrams-contrib-1.4.4...
Preprocessing library for diagrams-contrib-1.4.4..
Building library for diagrams-contrib-1.4.4..
[ 1 of 29] Compiling Diagrams.Anchors ( src/Diagrams/Anchors.hs, dist/dist-sandbox-b5a179e0/build/Diagrams/Anchors.o )
[ 2 of 29] Compiling Diagrams.Color.HSV ( src/Diagrams/Color/HSV.hs, dist/dist-sandbox-b5a179e0/build/Diagrams/Color/HSV.o )
[ 3 of 29] Compiling Diagrams.Color.XKCD ( src/Diagrams/Color/XKCD.hs, dist/dist-sandbox-b5a179e0/build/Diagrams/Color/XKCD.o )
[ 4 of 29] Compiling Diagrams.Layout.Wrap ( src/Diagrams/Layout/Wrap.hs, dist/dist-sandbox-b5a179e0/build/Diagrams/Layout/Wrap.o )
[ 5 of 29] Compiling Diagrams.Lens    ( src/Diagrams/Lens.hs, dist/dist-sandbox-b5a179e0/build/Diagrams/Lens.o )
[ 6 of 29] Compiling Diagrams.TwoD.Apollonian ( src/Diagrams/TwoD/Apollonian.hs, dist/dist-sandbox-b5a179e0/build/Diagrams/TwoD/Apollonian.o )
[ 7 of 29] Compiling Diagrams.TwoD.Factorization ( src/Diagrams/TwoD/Factorization.hs, dist/dist-sandbox-b5a179e0/build/Diagrams/TwoD/Factorization.o )
[ 8 of 29] Compiling Diagrams.TwoD.Grid ( src/Diagrams/TwoD/Grid.hs, dist/dist-sandbox-b5a179e0/build/Diagrams/TwoD/Grid.o )
[ 9 of 29] Compiling Diagrams.TwoD.Layout.CirclePacking ( src/Diagrams/TwoD/Layout/CirclePacking.hs, dist/dist-sandbox-b5a179e0/build/Diagrams/TwoD/Layout/CirclePacking.o )
[10 of 29] Compiling Diagrams.TwoD.Layout.Constrained ( src/Diagrams/TwoD/Layout/Constrained.hs, dist/dist-sandbox-b5a179e0/build/Diagrams/TwoD/Layout/Constrained.o )
[11 of 29] Compiling Diagrams.TwoD.Layout.Grid ( src/Diagrams/TwoD/Layout/Grid.hs, dist/dist-sandbox-b5a179e0/build/Diagrams/TwoD/Layout/Grid.o )
[12 of 29] Compiling Diagrams.TwoD.Layout.Tree ( src/Diagrams/TwoD/Layout/Tree.hs, dist/dist-sandbox-b5a179e0/build/Diagrams/TwoD/Layout/Tree.o )
[13 of 29] Compiling Diagrams.TwoD.Path.Boolean ( src/Diagrams/TwoD/Path/Boolean.hs, dist/dist-sandbox-b5a179e0/build/Diagrams/TwoD/Path/Boolean.o )
[14 of 29] Compiling Diagrams.TwoD.Path.Calligraphic ( src/Diagrams/TwoD/Path/Calligraphic.hs, dist/dist-sandbox-b5a179e0/build/Diagrams/TwoD/Path/Calligraphic.o )
[15 of 29] Compiling Diagrams.TwoD.Path.Follow ( src/Diagrams/TwoD/Path/Follow.hs, dist/dist-sandbox-b5a179e0/build/Diagrams/TwoD/Path/Follow.o )
[16 of 29] Compiling Diagrams.TwoD.Path.IntersectionExtras ( src/Diagrams/TwoD/Path/IntersectionExtras.hs, dist/dist-sandbox-b5a179e0/build/Diagrams/TwoD/Path/IntersectionExtras.o )
[17 of 29] Compiling Diagrams.TwoD.Path.IteratedSubset ( src/Diagrams/TwoD/Path/IteratedSubset.hs, dist/dist-sandbox-b5a179e0/build/Diagrams/TwoD/Path/IteratedSubset.o )
[18 of 29] Compiling Diagrams.TwoD.Path.Metafont.Types ( src/Diagrams/TwoD/Path/Metafont/Types.hs, dist/dist-sandbox-b5a179e0/build/Diagrams/TwoD/Path/Metafont/Types.o )
[19 of 29] Compiling Diagrams.TwoD.Path.Metafont.Parser ( src/Diagrams/TwoD/Path/Metafont/Parser.hs, dist/dist-sandbox-b5a179e0/build/Diagrams/TwoD/Path/Metafont/Parser.o )
[20 of 29] Compiling Diagrams.TwoD.Path.Metafont.Internal ( src/Diagrams/TwoD/Path/Metafont/Internal.hs, dist/dist-sandbox-b5a179e0/build/Diagrams/TwoD/Path/Metafont/Internal.o )
[21 of 29] Compiling Diagrams.TwoD.Path.Metafont.Combinators ( src/Diagrams/TwoD/Path/Metafont/Combinators.hs, dist/dist-sandbox-b5a179e0/build/Diagrams/TwoD/Path/Metafont/Combinators.o )
[22 of 29] Compiling Diagrams.TwoD.Path.Metafont ( src/Diagrams/TwoD/Path/Metafont.hs, dist/dist-sandbox-b5a179e0/build/Diagrams/TwoD/Path/Metafont.o )
[23 of 29] Compiling Diagrams.TwoD.Path.Turtle.Internal ( src/Diagrams/TwoD/Path/Turtle/Internal.hs, dist/dist-sandbox-b5a179e0/build/Diagrams/TwoD/Path/Turtle/Internal.o )
[24 of 29] Compiling Diagrams.TwoD.Path.Turtle ( src/Diagrams/TwoD/Path/Turtle.hs, dist/dist-sandbox-b5a179e0/build/Diagrams/TwoD/Path/Turtle.o )
[25 of 29] Compiling Diagrams.TwoD.Path.Turtle.Aliases ( src/Diagrams/TwoD/Path/Turtle/Aliases.hs, dist/dist-sandbox-b5a179e0/build/Diagrams/TwoD/Path/Turtle/Aliases.o )
[26 of 29] Compiling Diagrams.Example.Logo ( src/Diagrams/Example/Logo.hs, dist/dist-sandbox-b5a179e0/build/Diagrams/Example/Logo.o )
[27 of 29] Compiling Diagrams.TwoD.Path.LSystem ( src/Diagrams/TwoD/Path/LSystem.hs, dist/dist-sandbox-b5a179e0/build/Diagrams/TwoD/Path/LSystem.o )
[28 of 29] Compiling Diagrams.TwoD.Sunburst ( src/Diagrams/TwoD/Sunburst.hs, dist/dist-sandbox-b5a179e0/build/Diagrams/TwoD/Sunburst.o )
[29 of 29] Compiling Diagrams.TwoD.Tilings ( src/Diagrams/TwoD/Tilings.hs, dist/dist-sandbox-b5a179e0/build/Diagrams/TwoD/Tilings.o )
[ 1 of 29] Compiling Diagrams.Anchors ( src/Diagrams/Anchors.hs, dist/dist-sandbox-b5a179e0/build/Diagrams/Anchors.p_o )
[ 2 of 29] Compiling Diagrams.Color.HSV ( src/Diagrams/Color/HSV.hs, dist/dist-sandbox-b5a179e0/build/Diagrams/Color/HSV.p_o )
[ 3 of 29] Compiling Diagrams.Color.XKCD ( src/Diagrams/Color/XKCD.hs, dist/dist-sandbox-b5a179e0/build/Diagrams/Color/XKCD.p_o )
[ 4 of 29] Compiling Diagrams.Layout.Wrap ( src/Diagrams/Layout/Wrap.hs, dist/dist-sandbox-b5a179e0/build/Diagrams/Layout/Wrap.p_o )
[ 5 of 29] Compiling Diagrams.Lens    ( src/Diagrams/Lens.hs, dist/dist-sandbox-b5a179e0/build/Diagrams/Lens.p_o )
[ 6 of 29] Compiling Diagrams.TwoD.Apollonian ( src/Diagrams/TwoD/Apollonian.hs, dist/dist-sandbox-b5a179e0/build/Diagrams/TwoD/Apollonian.p_o )
[ 7 of 29] Compiling Diagrams.TwoD.Factorization ( src/Diagrams/TwoD/Factorization.hs, dist/dist-sandbox-b5a179e0/build/Diagrams/TwoD/Factorization.p_o )
[ 8 of 29] Compiling Diagrams.TwoD.Grid ( src/Diagrams/TwoD/Grid.hs, dist/dist-sandbox-b5a179e0/build/Diagrams/TwoD/Grid.p_o )
[ 9 of 29] Compiling Diagrams.TwoD.Layout.CirclePacking ( src/Diagrams/TwoD/Layout/CirclePacking.hs, dist/dist-sandbox-b5a179e0/build/Diagrams/TwoD/Layout/CirclePacking.p_o )
[10 of 29] Compiling Diagrams.TwoD.Layout.Constrained ( src/Diagrams/TwoD/Layout/Constrained.hs, dist/dist-sandbox-b5a179e0/build/Diagrams/TwoD/Layout/Constrained.p_o )
[11 of 29] Compiling Diagrams.TwoD.Layout.Grid ( src/Diagrams/TwoD/Layout/Grid.hs, dist/dist-sandbox-b5a179e0/build/Diagrams/TwoD/Layout/Grid.p_o )
[12 of 29] Compiling Diagrams.TwoD.Layout.Tree ( src/Diagrams/TwoD/Layout/Tree.hs, dist/dist-sandbox-b5a179e0/build/Diagrams/TwoD/Layout/Tree.p_o )
[13 of 29] Compiling Diagrams.TwoD.Path.Boolean ( src/Diagrams/TwoD/Path/Boolean.hs, dist/dist-sandbox-b5a179e0/build/Diagrams/TwoD/Path/Boolean.p_o )
[14 of 29] Compiling Diagrams.TwoD.Path.Calligraphic ( src/Diagrams/TwoD/Path/Calligraphic.hs, dist/dist-sandbox-b5a179e0/build/Diagrams/TwoD/Path/Calligraphic.p_o )
[15 of 29] Compiling Diagrams.TwoD.Path.Follow ( src/Diagrams/TwoD/Path/Follow.hs, dist/dist-sandbox-b5a179e0/build/Diagrams/TwoD/Path/Follow.p_o )
[16 of 29] Compiling Diagrams.TwoD.Path.IntersectionExtras ( src/Diagrams/TwoD/Path/IntersectionExtras.hs, dist/dist-sandbox-b5a179e0/build/Diagrams/TwoD/Path/IntersectionExtras.p_o )
[17 of 29] Compiling Diagrams.TwoD.Path.IteratedSubset ( src/Diagrams/TwoD/Path/IteratedSubset.hs, dist/dist-sandbox-b5a179e0/build/Diagrams/TwoD/Path/IteratedSubset.p_o )
[18 of 29] Compiling Diagrams.TwoD.Path.Metafont.Types ( src/Diagrams/TwoD/Path/Metafont/Types.hs, dist/dist-sandbox-b5a179e0/build/Diagrams/TwoD/Path/Metafont/Types.p_o )
[19 of 29] Compiling Diagrams.TwoD.Path.Metafont.Parser ( src/Diagrams/TwoD/Path/Metafont/Parser.hs, dist/dist-sandbox-b5a179e0/build/Diagrams/TwoD/Path/Metafont/Parser.p_o )
[20 of 29] Compiling Diagrams.TwoD.Path.Metafont.Internal ( src/Diagrams/TwoD/Path/Metafont/Internal.hs, dist/dist-sandbox-b5a179e0/build/Diagrams/TwoD/Path/Metafont/Internal.p_o )
[21 of 29] Compiling Diagrams.TwoD.Path.Metafont.Combinators ( src/Diagrams/TwoD/Path/Metafont/Combinators.hs, dist/dist-sandbox-b5a179e0/build/Diagrams/TwoD/Path/Metafont/Combinators.p_o )
[22 of 29] Compiling Diagrams.TwoD.Path.Metafont ( src/Diagrams/TwoD/Path/Metafont.hs, dist/dist-sandbox-b5a179e0/build/Diagrams/TwoD/Path/Metafont.p_o )
[23 of 29] Compiling Diagrams.TwoD.Path.Turtle.Internal ( src/Diagrams/TwoD/Path/Turtle/Internal.hs, dist/dist-sandbox-b5a179e0/build/Diagrams/TwoD/Path/Turtle/Internal.p_o )
[24 of 29] Compiling Diagrams.TwoD.Path.Turtle ( src/Diagrams/TwoD/Path/Turtle.hs, dist/dist-sandbox-b5a179e0/build/Diagrams/TwoD/Path/Turtle.p_o )
[25 of 29] Compiling Diagrams.TwoD.Path.Turtle.Aliases ( src/Diagrams/TwoD/Path/Turtle/Aliases.hs, dist/dist-sandbox-b5a179e0/build/Diagrams/TwoD/Path/Turtle/Aliases.p_o )
[26 of 29] Compiling Diagrams.Example.Logo ( src/Diagrams/Example/Logo.hs, dist/dist-sandbox-b5a179e0/build/Diagrams/Example/Logo.p_o )
[27 of 29] Compiling Diagrams.TwoD.Path.LSystem ( src/Diagrams/TwoD/Path/LSystem.hs, dist/dist-sandbox-b5a179e0/build/Diagrams/TwoD/Path/LSystem.p_o )
[28 of 29] Compiling Diagrams.TwoD.Sunburst ( src/Diagrams/TwoD/Sunburst.hs, dist/dist-sandbox-b5a179e0/build/Diagrams/TwoD/Sunburst.p_o )
[29 of 29] Compiling Diagrams.TwoD.Tilings ( src/Diagrams/TwoD/Tilings.hs, dist/dist-sandbox-b5a179e0/build/Diagrams/TwoD/Tilings.p_o )
Preprocessing library for diagrams-contrib-1.4.4..
Running Haddock on library for diagrams-contrib-1.4.4..
Warning: The documentation for the following packages are not installed. No
links will be generated to these packages: mtl-compat-0.2.2
Haddock coverage:
  96% ( 22 / 23) in 'Diagrams.Anchors'
  Missing documentation for:
    Anchor (src/Diagrams/Anchors.hs:74)
 100% (  2 /  2) in 'Diagrams.Color.HSV'
   0% (  1 /951) in 'Diagrams.Color.XKCD'
  Missing documentation for:
    cloudyBlue (src/Diagrams/Color/XKCD.hs:42)
    darkPastelGreen (src/Diagrams/Color/XKCD.hs:43)
    dust (src/Diagrams/Color/XKCD.hs:44)
    electricLime (src/Diagrams/Color/XKCD.hs:45)
    freshGreen (src/Diagrams/Color/XKCD.hs:46)
    lightEggplant (src/Diagrams/Color/XKCD.hs:47)
    nastyGreen (src/Diagrams/Color/XKCD.hs:48)
    reallyLightBlue (src/Diagrams/Color/XKCD.hs:49)
    tea (src/Diagrams/Color/XKCD.hs:50)
    warmPurple (src/Diagrams/Color/XKCD.hs:51)
    yellowishTan (src/Diagrams/Color/XKCD.hs:52)
    cement (src/Diagrams/Color/XKCD.hs:53)
    darkGrassGreen (src/Diagrams/Color/XKCD.hs:54)
    dustyTeal (src/Diagrams/Color/XKCD.hs:55)
    greyTeal (src/Diagrams/Color/XKCD.hs:56)
    macaroniAndCheese (src/Diagrams/Color/XKCD.hs:57)
    pinkishTan (src/Diagrams/Color/XKCD.hs:58)
    spruce (src/Diagrams/Color/XKCD.hs:59)
    strongBlue (src/Diagrams/Color/XKCD.hs:60)
    toxicGreen (src/Diagrams/Color/XKCD.hs:61)
    windowsBlue (src/Diagrams/Color/XKCD.hs:62)
    blueBlue (src/Diagrams/Color/XKCD.hs:63)
    blueWithAHintOfPurple (src/Diagrams/Color/XKCD.hs:64)
    booger (src/Diagrams/Color/XKCD.hs:65)
    brightSeaGreen (src/Diagrams/Color/XKCD.hs:66)
    darkGreenBlue (src/Diagrams/Color/XKCD.hs:67)
    deepTurquoise (src/Diagrams/Color/XKCD.hs:68)
    greenTeal (src/Diagrams/Color/XKCD.hs:69)
    strongPink (src/Diagrams/Color/XKCD.hs:70)
    bland (src/Diagrams/Color/XKCD.hs:71)
    deepAqua (src/Diagrams/Color/XKCD.hs:72)
    lavenderPink (src/Diagrams/Color/XKCD.hs:73)
    lightMossGreen (src/Diagrams/Color/XKCD.hs:74)
    lightSeafoamGreen (src/Diagrams/Color/XKCD.hs:75)
    oliveYellow (src/Diagrams/Color/XKCD.hs:76)
    pigPink (src/Diagrams/Color/XKCD.hs:77)
    deepLilac (src/Diagrams/Color/XKCD.hs:78)
    desert (src/Diagrams/Color/XKCD.hs:79)
    dustyLavender (src/Diagrams/Color/XKCD.hs:80)
    purpleyGrey (src/Diagrams/Color/XKCD.hs:81)
    purply (src/Diagrams/Color/XKCD.hs:82)
    candyPink (src/Diagrams/Color/XKCD.hs:83)
    lightPastelGreen (src/Diagrams/Color/XKCD.hs:84)
    boringGreen (src/Diagrams/Color/XKCD.hs:85)
    kiwiGreen (src/Diagrams/Color/XKCD.hs:86)
    lightGreyGreen (src/Diagrams/Color/XKCD.hs:87)
    orangePink (src/Diagrams/Color/XKCD.hs:88)
    teaGreen (src/Diagrams/Color/XKCD.hs:89)
    veryLightBrown (src/Diagrams/Color/XKCD.hs:90)
    eggShell (src/Diagrams/Color/XKCD.hs:91)
    eggplantPurple (src/Diagrams/Color/XKCD.hs:92)
    powderPink (src/Diagrams/Color/XKCD.hs:93)
    reddishGrey (src/Diagrams/Color/XKCD.hs:94)
    babyShitBrown (src/Diagrams/Color/XKCD.hs:95)
    liliac (src/Diagrams/Color/XKCD.hs:96)
    stormyBlue (src/Diagrams/Color/XKCD.hs:97)
    uglyBrown (src/Diagrams/Color/XKCD.hs:98)
    custard (src/Diagrams/Color/XKCD.hs:99)
    darkishPink (src/Diagrams/Color/XKCD.hs:100)
    deepBrown (src/Diagrams/Color/XKCD.hs:101)
    greenishBeige (src/Diagrams/Color/XKCD.hs:102)
    manilla (src/Diagrams/Color/XKCD.hs:103)
    offBlue (src/Diagrams/Color/XKCD.hs:104)
    battleshipGrey (src/Diagrams/Color/XKCD.hs:105)
    brownyGreen (src/Diagrams/Color/XKCD.hs:106)
    bruise (src/Diagrams/Color/XKCD.hs:107)
    kelleyGreen (src/Diagrams/Color/XKCD.hs:108)
    sicklyYellow (src/Diagrams/Color/XKCD.hs:109)
    sunnyYellow (src/Diagrams/Color/XKCD.hs:110)
    azul (src/Diagrams/Color/XKCD.hs:111)
    darkgreen (src/Diagrams/Color/XKCD.hs:112)
    green_yellow (src/Diagrams/Color/XKCD.hs:113)
    lichen (src/Diagrams/Color/XKCD.hs:114)
    lightLightGreen (src/Diagrams/Color/XKCD.hs:115)
    paleGold (src/Diagrams/Color/XKCD.hs:116)
    sunYellow (src/Diagrams/Color/XKCD.hs:117)
    tanGreen (src/Diagrams/Color/XKCD.hs:118)
    burple (src/Diagrams/Color/XKCD.hs:119)
    butterscotch (src/Diagrams/Color/XKCD.hs:120)
    toupe (src/Diagrams/Color/XKCD.hs:121)
    darkCream (src/Diagrams/Color/XKCD.hs:122)
    indianRed (src/Diagrams/Color/XKCD.hs:123)
    lightLavendar (src/Diagrams/Color/XKCD.hs:124)
    poisonGreen (src/Diagrams/Color/XKCD.hs:125)
    babyPukeGreen (src/Diagrams/Color/XKCD.hs:126)
    brightYellowGreen (src/Diagrams/Color/XKCD.hs:127)
    charcoalGrey (src/Diagrams/Color/XKCD.hs:128)
    squash (src/Diagrams/Color/XKCD.hs:129)
    cinnamon (src/Diagrams/Color/XKCD.hs:130)
    lightPeaGreen (src/Diagrams/Color/XKCD.hs:131)
    radioactiveGreen (src/Diagrams/Color/XKCD.hs:132)
    rawSienna (src/Diagrams/Color/XKCD.hs:133)
    babyPurple (src/Diagrams/Color/XKCD.hs:134)
    cocoa (src/Diagrams/Color/XKCD.hs:135)
    lightRoyalBlue (src/Diagrams/Color/XKCD.hs:136)
    orangeish (src/Diagrams/Color/XKCD.hs:137)
    rustBrown (src/Diagrams/Color/XKCD.hs:138)
    sandBrown (src/Diagrams/Color/XKCD.hs:139)
    swamp (src/Diagrams/Color/XKCD.hs:140)
    tealishGreen (src/Diagrams/Color/XKCD.hs:141)
    burntSiena (src/Diagrams/Color/XKCD.hs:142)
    camo (src/Diagrams/Color/XKCD.hs:143)
    duskBlue (src/Diagrams/Color/XKCD.hs:144)
    fern (src/Diagrams/Color/XKCD.hs:145)
    oldRose (src/Diagrams/Color/XKCD.hs:146)
    paleLightGreen (src/Diagrams/Color/XKCD.hs:147)
    peachyPink (src/Diagrams/Color/XKCD.hs:148)
    rosyPink (src/Diagrams/Color/XKCD.hs:149)
    lightBluishGreen (src/Diagrams/Color/XKCD.hs:150)
    lightBrightGreen (src/Diagrams/Color/XKCD.hs:151)
    lightNeonGreen (src/Diagrams/Color/XKCD.hs:152)
    lightSeafoam (src/Diagrams/Color/XKCD.hs:153)
    tiffanyBlue (src/Diagrams/Color/XKCD.hs:154)
    washedOutGreen (src/Diagrams/Color/XKCD.hs:155)
    brownyOrange (src/Diagrams/Color/XKCD.hs:156)
    niceBlue (src/Diagrams/Color/XKCD.hs:157)
    sapphire (src/Diagrams/Color/XKCD.hs:158)
    greyishTeal (src/Diagrams/Color/XKCD.hs:159)
    orangeyYellow (src/Diagrams/Color/XKCD.hs:160)
    parchment (src/Diagrams/Color/XKCD.hs:161)
    straw (src/Diagrams/Color/XKCD.hs:162)
    veryDarkBrown (src/Diagrams/Color/XKCD.hs:163)
    terracota (src/Diagrams/Color/XKCD.hs:164)
    uglyBlue (src/Diagrams/Color/XKCD.hs:165)
    clearBlue (src/Diagrams/Color/XKCD.hs:166)
    creme (src/Diagrams/Color/XKCD.hs:167)
    foamGreen (src/Diagrams/Color/XKCD.hs:168)
    grey_green (src/Diagrams/Color/XKCD.hs:169)
    lightGold (src/Diagrams/Color/XKCD.hs:170)
    seafoamBlue (src/Diagrams/Color/XKCD.hs:171)
    topaz (src/Diagrams/Color/XKCD.hs:172)
    violetPink (src/Diagrams/Color/XKCD.hs:173)
    wintergreen (src/Diagrams/Color/XKCD.hs:174)
    yellowTan (src/Diagrams/Color/XKCD.hs:175)
    darkFuchsia (src/Diagrams/Color/XKCD.hs:176)
    indigoBlue (src/Diagrams/Color/XKCD.hs:177)
    lightYellowishGreen (src/Diagrams/Color/XKCD.hs:178)
    paleMagenta (src/Diagrams/Color/XKCD.hs:179)
    richPurple (src/Diagrams/Color/XKCD.hs:180)
    sunflowerYellow (src/Diagrams/Color/XKCD.hs:181)
    green_blue (src/Diagrams/Color/XKCD.hs:182)
    leather (src/Diagrams/Color/XKCD.hs:183)
    racingGreen (src/Diagrams/Color/XKCD.hs:184)
    vividPurple (src/Diagrams/Color/XKCD.hs:185)
    darkRoyalBlue (src/Diagrams/Color/XKCD.hs:186)
    hazel (src/Diagrams/Color/XKCD.hs:187)
    mutedPink (src/Diagrams/Color/XKCD.hs:188)
    boogerGreen (src/Diagrams/Color/XKCD.hs:189)
    canary (src/Diagrams/Color/XKCD.hs:190)
    coolGrey (src/Diagrams/Color/XKCD.hs:191)
    darkTaupe (src/Diagrams/Color/XKCD.hs:192)
    darkishPurple (src/Diagrams/Color/XKCD.hs:193)
    trueGreen (src/Diagrams/Color/XKCD.hs:194)
    coralPink (src/Diagrams/Color/XKCD.hs:195)
    darkSage (src/Diagrams/Color/XKCD.hs:196)
    darkSlateBlue (src/Diagrams/Color/XKCD.hs:197)
    flatBlue (src/Diagrams/Color/XKCD.hs:198)
    mushroom (src/Diagrams/Color/XKCD.hs:199)
    richBlue (src/Diagrams/Color/XKCD.hs:200)
    dirtyPurple (src/Diagrams/Color/XKCD.hs:201)
    greenblue (src/Diagrams/Color/XKCD.hs:202)
    ickyGreen (src/Diagrams/Color/XKCD.hs:203)
    lightKhaki (src/Diagrams/Color/XKCD.hs:204)
    warmBlue (src/Diagrams/Color/XKCD.hs:205)
    darkHotPink (src/Diagrams/Color/XKCD.hs:206)
    deepSeaBlue (src/Diagrams/Color/XKCD.hs:207)
    carmine (src/Diagrams/Color/XKCD.hs:208)
    darkYellowGreen (src/Diagrams/Color/XKCD.hs:209)
    palePeach (src/Diagrams/Color/XKCD.hs:210)
    plumPurple (src/Diagrams/Color/XKCD.hs:211)
    goldenRod (src/Diagrams/Color/XKCD.hs:212)
    neonRed (src/Diagrams/Color/XKCD.hs:213)
    oldPink (src/Diagrams/Color/XKCD.hs:214)
    veryPaleBlue (src/Diagrams/Color/XKCD.hs:215)
    bloodOrange (src/Diagrams/Color/XKCD.hs:216)
    grapefruit (src/Diagrams/Color/XKCD.hs:217)
    sandYellow (src/Diagrams/Color/XKCD.hs:218)
    clayBrown (src/Diagrams/Color/XKCD.hs:219)
    darkBlueGrey (src/Diagrams/Color/XKCD.hs:220)
    flatGreen (src/Diagrams/Color/XKCD.hs:221)
    lightGreenBlue (src/Diagrams/Color/XKCD.hs:222)
    warmPink (src/Diagrams/Color/XKCD.hs:223)
    dodgerBlue (src/Diagrams/Color/XKCD.hs:224)
    grossGreen (src/Diagrams/Color/XKCD.hs:225)
    ice (src/Diagrams/Color/XKCD.hs:226)
    metallicBlue (src/Diagrams/Color/XKCD.hs:227)
    paleSalmon (src/Diagrams/Color/XKCD.hs:228)
    sapGreen (src/Diagrams/Color/XKCD.hs:229)
    algae (src/Diagrams/Color/XKCD.hs:230)
    blueyGrey (src/Diagrams/Color/XKCD.hs:231)
    greenyGrey (src/Diagrams/Color/XKCD.hs:232)
    highlighterGreen (src/Diagrams/Color/XKCD.hs:233)
    lightLightBlue (src/Diagrams/Color/XKCD.hs:234)
    lightMint (src/Diagrams/Color/XKCD.hs:235)
    rawUmber (src/Diagrams/Color/XKCD.hs:236)
    vividBlue (src/Diagrams/Color/XKCD.hs:237)
    deepLavender (src/Diagrams/Color/XKCD.hs:238)
    dullTeal (src/Diagrams/Color/XKCD.hs:239)
    lightGreenishBlue (src/Diagrams/Color/XKCD.hs:240)
    mudGreen (src/Diagrams/Color/XKCD.hs:241)
    pinky (src/Diagrams/Color/XKCD.hs:242)
    redWine (src/Diagrams/Color/XKCD.hs:243)
    shitGreen (src/Diagrams/Color/XKCD.hs:244)
    tanBrown (src/Diagrams/Color/XKCD.hs:245)
    darkblue (src/Diagrams/Color/XKCD.hs:246)
    rosa (src/Diagrams/Color/XKCD.hs:247)
    lipstick (src/Diagrams/Color/XKCD.hs:248)
    paleMauve (src/Diagrams/Color/XKCD.hs:249)
    claret (src/Diagrams/Color/XKCD.hs:250)
    dandelion (src/Diagrams/Color/XKCD.hs:251)
    orangered (src/Diagrams/Color/XKCD.hs:252)
    poopGreen (src/Diagrams/Color/XKCD.hs:253)
    ruby (src/Diagrams/Color/XKCD.hs:254)
    dark (src/Diagrams/Color/XKCD.hs:255)
    greenishTurquoise (src/Diagrams/Color/XKCD.hs:256)
    pastelRed (src/Diagrams/Color/XKCD.hs:257)
    pissYellow (src/Diagrams/Color/XKCD.hs:258)
    brightCyan (src/Diagrams/Color/XKCD.hs:259)
    darkCoral (src/Diagrams/Color/XKCD.hs:260)
    algaeGreen (src/Diagrams/Color/XKCD.hs:261)
    darkishRed (src/Diagrams/Color/XKCD.hs:262)
    reddyBrown (src/Diagrams/Color/XKCD.hs:263)
    blushPink (src/Diagrams/Color/XKCD.hs:264)
    camouflageGreen (src/Diagrams/Color/XKCD.hs:265)
    lawnGreen (src/Diagrams/Color/XKCD.hs:266)
    putty (src/Diagrams/Color/XKCD.hs:267)
    vibrantBlue (src/Diagrams/Color/XKCD.hs:268)
    darkSand (src/Diagrams/Color/XKCD.hs:269)
    purple_blue (src/Diagrams/Color/XKCD.hs:270)
    saffron (src/Diagrams/Color/XKCD.hs:271)
    twilight (src/Diagrams/Color/XKCD.hs:272)
    warmBrown (src/Diagrams/Color/XKCD.hs:273)
    bluegrey (src/Diagrams/Color/XKCD.hs:274)
    bubbleGumPink (src/Diagrams/Color/XKCD.hs:275)
    duckEggBlue (src/Diagrams/Color/XKCD.hs:276)
    greenishCyan (src/Diagrams/Color/XKCD.hs:277)
    petrol (src/Diagrams/Color/XKCD.hs:278)
    royal (src/Diagrams/Color/XKCD.hs:279)
    butter (src/Diagrams/Color/XKCD.hs:280)
    dustyOrange (src/Diagrams/Color/XKCD.hs:281)
    offYellow (src/Diagrams/Color/XKCD.hs:282)
    paleOliveGreen (src/Diagrams/Color/XKCD.hs:283)
    orangish (src/Diagrams/Color/XKCD.hs:284)
    leaf (src/Diagrams/Color/XKCD.hs:285)
    lightBlueGrey (src/Diagrams/Color/XKCD.hs:286)
    driedBlood (src/Diagrams/Color/XKCD.hs:287)
    lightishPurple (src/Diagrams/Color/XKCD.hs:288)
    rustyRed (src/Diagrams/Color/XKCD.hs:289)
    lavenderBlue (src/Diagrams/Color/XKCD.hs:290)
    lightGrassGreen (src/Diagrams/Color/XKCD.hs:291)
    lightMintGreen (src/Diagrams/Color/XKCD.hs:292)
    sunflower (src/Diagrams/Color/XKCD.hs:293)
    velvet (src/Diagrams/Color/XKCD.hs:294)
    brickOrange (src/Diagrams/Color/XKCD.hs:295)
    lightishRed (src/Diagrams/Color/XKCD.hs:296)
    pureBlue (src/Diagrams/Color/XKCD.hs:297)
    twilightBlue (src/Diagrams/Color/XKCD.hs:298)
    violetRed (src/Diagrams/Color/XKCD.hs:299)
    yellowyBrown (src/Diagrams/Color/XKCD.hs:300)
    carnation (src/Diagrams/Color/XKCD.hs:301)
    muddyYellow (src/Diagrams/Color/XKCD.hs:302)
    darkSeafoamGreen (src/Diagrams/Color/XKCD.hs:303)
    deepRose (src/Diagrams/Color/XKCD.hs:304)
    dustyRed (src/Diagrams/Color/XKCD.hs:305)
    grey_blue (src/Diagrams/Color/XKCD.hs:306)
    lemonLime (src/Diagrams/Color/XKCD.hs:307)
    purple_pink (src/Diagrams/Color/XKCD.hs:308)
    brownYellow (src/Diagrams/Color/XKCD.hs:309)
    purpleBrown (src/Diagrams/Color/XKCD.hs:310)
    wisteria (src/Diagrams/Color/XKCD.hs:311)
    bananaYellow (src/Diagrams/Color/XKCD.hs:312)
    lipstickRed (src/Diagrams/Color/XKCD.hs:313)
    waterBlue (src/Diagrams/Color/XKCD.hs:314)
    brownGrey (src/Diagrams/Color/XKCD.hs:315)
    vibrantPurple (src/Diagrams/Color/XKCD.hs:316)
    babyGreen (src/Diagrams/Color/XKCD.hs:317)
    barfGreen (src/Diagrams/Color/XKCD.hs:318)
    eggshellBlue (src/Diagrams/Color/XKCD.hs:319)
    sandyYellow (src/Diagrams/Color/XKCD.hs:320)
    coolGreen (src/Diagrams/Color/XKCD.hs:321)
    pale (src/Diagrams/Color/XKCD.hs:322)
    blue_grey (src/Diagrams/Color/XKCD.hs:323)
    hotMagenta (src/Diagrams/Color/XKCD.hs:324)
    greyblue (src/Diagrams/Color/XKCD.hs:325)
    purpley (src/Diagrams/Color/XKCD.hs:326)
    babyShitGreen (src/Diagrams/Color/XKCD.hs:327)
    brownishPink (src/Diagrams/Color/XKCD.hs:328)
    darkAquamarine (src/Diagrams/Color/XKCD.hs:329)
    diarrhea (src/Diagrams/Color/XKCD.hs:330)
    lightMustard (src/Diagrams/Color/XKCD.hs:331)
    paleSkyBlue (src/Diagrams/Color/XKCD.hs:332)
    turtleGreen (src/Diagrams/Color/XKCD.hs:333)
    brightOlive (src/Diagrams/Color/XKCD.hs:334)
    darkGreyBlue (src/Diagrams/Color/XKCD.hs:335)
    greenyBrown (src/Diagrams/Color/XKCD.hs:336)
    lemonGreen (src/Diagrams/Color/XKCD.hs:337)
    lightPeriwinkle (src/Diagrams/Color/XKCD.hs:338)
    seaweedGreen (src/Diagrams/Color/XKCD.hs:339)
    sunshineYellow (src/Diagrams/Color/XKCD.hs:340)
    uglyPurple (src/Diagrams/Color/XKCD.hs:341)
    mediumPink (src/Diagrams/Color/XKCD.hs:342)
    pukeBrown (src/Diagrams/Color/XKCD.hs:343)
    veryLightPink (src/Diagrams/Color/XKCD.hs:344)
    viridian (src/Diagrams/Color/XKCD.hs:345)
    bile (src/Diagrams/Color/XKCD.hs:346)
    fadedYellow (src/Diagrams/Color/XKCD.hs:347)
    veryPaleGreen (src/Diagrams/Color/XKCD.hs:348)
    vibrantGreen (src/Diagrams/Color/XKCD.hs:349)
    brightLime (src/Diagrams/Color/XKCD.hs:350)
    spearmint (src/Diagrams/Color/XKCD.hs:351)
    lightAquamarine (src/Diagrams/Color/XKCD.hs:352)
    lightSage (src/Diagrams/Color/XKCD.hs:353)
    yellowgreen (src/Diagrams/Color/XKCD.hs:354)
    babyPoo (src/Diagrams/Color/XKCD.hs:355)
    darkSeafoam (src/Diagrams/Color/XKCD.hs:356)
    deepTeal (src/Diagrams/Color/XKCD.hs:357)
    heather (src/Diagrams/Color/XKCD.hs:358)
    rustOrange (src/Diagrams/Color/XKCD.hs:359)
    dirtyBlue (src/Diagrams/Color/XKCD.hs:360)
    fernGreen (src/Diagrams/Color/XKCD.hs:361)
    brightLilac (src/Diagrams/Color/XKCD.hs:362)
    weirdGreen (src/Diagrams/Color/XKCD.hs:363)
    peacockBlue (src/Diagrams/Color/XKCD.hs:364)
    avocadoGreen (src/Diagrams/Color/XKCD.hs:365)
    fadedOrange (src/Diagrams/Color/XKCD.hs:366)
    grapePurple (src/Diagrams/Color/XKCD.hs:367)
    hotGreen (src/Diagrams/Color/XKCD.hs:368)
    limeYellow (src/Diagrams/Color/XKCD.hs:369)
    mango (src/Diagrams/Color/XKCD.hs:370)
    shamrock (src/Diagrams/Color/XKCD.hs:371)
    bubblegum (src/Diagrams/Color/XKCD.hs:372)
    purplishBrown (src/Diagrams/Color/XKCD.hs:373)
    vomitYellow (src/Diagrams/Color/XKCD.hs:374)
    paleCyan (src/Diagrams/Color/XKCD.hs:375)
    keyLime (src/Diagrams/Color/XKCD.hs:376)
    tomatoRed (src/Diagrams/Color/XKCD.hs:377)
    lightgreen (src/Diagrams/Color/XKCD.hs:378)
    merlot (src/Diagrams/Color/XKCD.hs:379)
    nightBlue (src/Diagrams/Color/XKCD.hs:380)
    purpleishPink (src/Diagrams/Color/XKCD.hs:381)
    apple (src/Diagrams/Color/XKCD.hs:382)
    babyPoopGreen (src/Diagrams/Color/XKCD.hs:383)
    greenApple (src/Diagrams/Color/XKCD.hs:384)
    heliotrope (src/Diagrams/Color/XKCD.hs:385)
    yellow_green (src/Diagrams/Color/XKCD.hs:386)
    almostBlack (src/Diagrams/Color/XKCD.hs:387)
    coolBlue (src/Diagrams/Color/XKCD.hs:388)
    leafyGreen (src/Diagrams/Color/XKCD.hs:389)
    mustardBrown (src/Diagrams/Color/XKCD.hs:390)
    dusk (src/Diagrams/Color/XKCD.hs:391)
    dullBrown (src/Diagrams/Color/XKCD.hs:392)
    frogGreen (src/Diagrams/Color/XKCD.hs:393)
    vividGreen (src/Diagrams/Color/XKCD.hs:394)
    brightLightGreen (src/Diagrams/Color/XKCD.hs:395)
    fluroGreen (src/Diagrams/Color/XKCD.hs:396)
    kiwi (src/Diagrams/Color/XKCD.hs:397)
    seaweed (src/Diagrams/Color/XKCD.hs:398)
    navyGreen (src/Diagrams/Color/XKCD.hs:399)
    ultramarineBlue (src/Diagrams/Color/XKCD.hs:400)
    iris (src/Diagrams/Color/XKCD.hs:401)
    pastelOrange (src/Diagrams/Color/XKCD.hs:402)
    yellowishOrange (src/Diagrams/Color/XKCD.hs:403)
    perrywinkle (src/Diagrams/Color/XKCD.hs:404)
    tealish (src/Diagrams/Color/XKCD.hs:405)
    darkPlum (src/Diagrams/Color/XKCD.hs:406)
    pear (src/Diagrams/Color/XKCD.hs:407)
    pinkishOrange (src/Diagrams/Color/XKCD.hs:408)
    midnightPurple (src/Diagrams/Color/XKCD.hs:409)
    lightUrple (src/Diagrams/Color/XKCD.hs:410)
    darkMint (src/Diagrams/Color/XKCD.hs:411)
    greenishTan (src/Diagrams/Color/XKCD.hs:412)
    lightBurgundy (src/Diagrams/Color/XKCD.hs:413)
    turquoiseBlue (src/Diagrams/Color/XKCD.hs:414)
    uglyPink (src/Diagrams/Color/XKCD.hs:415)
    sandy (src/Diagrams/Color/XKCD.hs:416)
    electricPink (src/Diagrams/Color/XKCD.hs:417)
    mutedPurple (src/Diagrams/Color/XKCD.hs:418)
    midGreen (src/Diagrams/Color/XKCD.hs:419)
    greyish (src/Diagrams/Color/XKCD.hs:420)
    neonYellow (src/Diagrams/Color/XKCD.hs:421)
    banana (src/Diagrams/Color/XKCD.hs:422)
    carnationPink (src/Diagrams/Color/XKCD.hs:423)
    tomato (src/Diagrams/Color/XKCD.hs:424)
    sea (src/Diagrams/Color/XKCD.hs:425)
    muddyBrown (src/Diagrams/Color/XKCD.hs:426)
    turquoiseGreen (src/Diagrams/Color/XKCD.hs:427)
    buff (src/Diagrams/Color/XKCD.hs:428)
    fawn (src/Diagrams/Color/XKCD.hs:429)
    mutedBlue (src/Diagrams/Color/XKCD.hs:430)
    paleRose (src/Diagrams/Color/XKCD.hs:431)
    darkMintGreen (src/Diagrams/Color/XKCD.hs:432)
    amethyst (src/Diagrams/Color/XKCD.hs:433)
    blue_green (src/Diagrams/Color/XKCD.hs:434)
    chestnut (src/Diagrams/Color/XKCD.hs:435)
    sickGreen (src/Diagrams/Color/XKCD.hs:436)
    pea (src/Diagrams/Color/XKCD.hs:437)
    rustyOrange (src/Diagrams/Color/XKCD.hs:438)
    stone (src/Diagrams/Color/XKCD.hs:439)
    roseRed (src/Diagrams/Color/XKCD.hs:440)
    paleAqua (src/Diagrams/Color/XKCD.hs:441)
    deepOrange (src/Diagrams/Color/XKCD.hs:442)
    earth (src/Diagrams/Color/XKCD.hs:443)
    mossyGreen (src/Diagrams/Color/XKCD.hs:444)
    grassyGreen (src/Diagrams/Color/XKCD.hs:445)
    paleLimeGreen (src/Diagrams/Color/XKCD.hs:446)
    lightGreyBlue (src/Diagrams/Color/XKCD.hs:447)
    paleGrey (src/Diagrams/Color/XKCD.hs:448)
    asparagus (src/Diagrams/Color/XKCD.hs:449)
    blueberry (src/Diagrams/Color/XKCD.hs:450)
    purpleRed (src/Diagrams/Color/XKCD.hs:451)
    paleLime (src/Diagrams/Color/XKCD.hs:452)
    greenishTeal (src/Diagrams/Color/XKCD.hs:453)
    caramel (src/Diagrams/Color/XKCD.hs:454)
    deepMagenta (src/Diagrams/Color/XKCD.hs:455)
    lightPeach (src/Diagrams/Color/XKCD.hs:456)
    milkChocolate (src/Diagrams/Color/XKCD.hs:457)
    ocher (src/Diagrams/Color/XKCD.hs:458)
    offGreen (src/Diagrams/Color/XKCD.hs:459)
    purplyPink (src/Diagrams/Color/XKCD.hs:460)
    lightblue (src/Diagrams/Color/XKCD.hs:461)
    duskyBlue (src/Diagrams/Color/XKCD.hs:462)
    golden (src/Diagrams/Color/XKCD.hs:463)
    lightBeige (src/Diagrams/Color/XKCD.hs:464)
    butterYellow (src/Diagrams/Color/XKCD.hs:465)
    duskyPurple (src/Diagrams/Color/XKCD.hs:466)
    frenchBlue (src/Diagrams/Color/XKCD.hs:467)
    uglyYellow (src/Diagrams/Color/XKCD.hs:468)
    greenyYellow (src/Diagrams/Color/XKCD.hs:469)
    orangishRed (src/Diagrams/Color/XKCD.hs:470)
    shamrockGreen (src/Diagrams/Color/XKCD.hs:471)
    orangishBrown (src/Diagrams/Color/XKCD.hs:472)
    treeGreen (src/Diagrams/Color/XKCD.hs:473)
    deepViolet (src/Diagrams/Color/XKCD.hs:474)
    gunmetal (src/Diagrams/Color/XKCD.hs:475)
    blue_purple (src/Diagrams/Color/XKCD.hs:476)
    cherry (src/Diagrams/Color/XKCD.hs:477)
    sandyBrown (src/Diagrams/Color/XKCD.hs:478)
    warmGrey (src/Diagrams/Color/XKCD.hs:479)
    darkIndigo (src/Diagrams/Color/XKCD.hs:480)
    midnight (src/Diagrams/Color/XKCD.hs:481)
    blueyGreen (src/Diagrams/Color/XKCD.hs:482)
    greyPink (src/Diagrams/Color/XKCD.hs:483)
    softPurple (src/Diagrams/Color/XKCD.hs:484)
    blood (src/Diagrams/Color/XKCD.hs:485)
    brownRed (src/Diagrams/Color/XKCD.hs:486)
    mediumGrey (src/Diagrams/Color/XKCD.hs:487)
    berry (src/Diagrams/Color/XKCD.hs:488)
    poo (src/Diagrams/Color/XKCD.hs:489)
    purpleyPink (src/Diagrams/Color/XKCD.hs:490)
    lightSalmon (src/Diagrams/Color/XKCD.hs:491)
    snot (src/Diagrams/Color/XKCD.hs:492)
    easterPurple (src/Diagrams/Color/XKCD.hs:493)
    lightYellowGreen (src/Diagrams/Color/XKCD.hs:494)
    darkNavyBlue (src/Diagrams/Color/XKCD.hs:495)
    drab (src/Diagrams/Color/XKCD.hs:496)
    lightRose (src/Diagrams/Color/XKCD.hs:497)
    rouge (src/Diagrams/Color/XKCD.hs:498)
    purplishRed (src/Diagrams/Color/XKCD.hs:499)
    slimeGreen (src/Diagrams/Color/XKCD.hs:500)
    babyPoop (src/Diagrams/Color/XKCD.hs:501)
    irishGreen (src/Diagrams/Color/XKCD.hs:502)
    pink_purple (src/Diagrams/Color/XKCD.hs:503)
    darkNavy (src/Diagrams/Color/XKCD.hs:504)
    greenyBlue (src/Diagrams/Color/XKCD.hs:505)
    lightPlum (src/Diagrams/Color/XKCD.hs:506)
    pinkishGrey (src/Diagrams/Color/XKCD.hs:507)
    dirtyOrange (src/Diagrams/Color/XKCD.hs:508)
    rustRed (src/Diagrams/Color/XKCD.hs:509)
    paleLilac (src/Diagrams/Color/XKCD.hs:510)
    orangeyRed (src/Diagrams/Color/XKCD.hs:511)
    primaryBlue (src/Diagrams/Color/XKCD.hs:512)
    kermitGreen (src/Diagrams/Color/XKCD.hs:513)
    brownishPurple (src/Diagrams/Color/XKCD.hs:514)
    murkyGreen (src/Diagrams/Color/XKCD.hs:515)
    wheat (src/Diagrams/Color/XKCD.hs:516)
    veryDarkPurple (src/Diagrams/Color/XKCD.hs:517)
    bottleGreen (src/Diagrams/Color/XKCD.hs:518)
    watermelon (src/Diagrams/Color/XKCD.hs:519)
    deepSkyBlue (src/Diagrams/Color/XKCD.hs:520)
    fireEngineRed (src/Diagrams/Color/XKCD.hs:521)
    yellowOchre (src/Diagrams/Color/XKCD.hs:522)
    pumpkinOrange (src/Diagrams/Color/XKCD.hs:523)
    paleOlive (src/Diagrams/Color/XKCD.hs:524)
    lightLilac (src/Diagrams/Color/XKCD.hs:525)
    lightishGreen (src/Diagrams/Color/XKCD.hs:526)
    carolinaBlue (src/Diagrams/Color/XKCD.hs:527)
    mulberry (src/Diagrams/Color/XKCD.hs:528)
    shockingPink (src/Diagrams/Color/XKCD.hs:529)
    auburn (src/Diagrams/Color/XKCD.hs:530)
    brightLimeGreen (src/Diagrams/Color/XKCD.hs:531)
    celadon (src/Diagrams/Color/XKCD.hs:532)
    pinkishBrown (src/Diagrams/Color/XKCD.hs:533)
    pooBrown (src/Diagrams/Color/XKCD.hs:534)
    brightSkyBlue (src/Diagrams/Color/XKCD.hs:535)
    celery (src/Diagrams/Color/XKCD.hs:536)
    dirtBrown (src/Diagrams/Color/XKCD.hs:537)
    strawberry (src/Diagrams/Color/XKCD.hs:538)
    darkLime (src/Diagrams/Color/XKCD.hs:539)
    copper (src/Diagrams/Color/XKCD.hs:540)
    mediumBrown (src/Diagrams/Color/XKCD.hs:541)
    mutedGreen (src/Diagrams/Color/XKCD.hs:542)
    robin'sEgg (src/Diagrams/Color/XKCD.hs:543)
    brightAqua (src/Diagrams/Color/XKCD.hs:544)
    brightLavender (src/Diagrams/Color/XKCD.hs:545)
    ivory (src/Diagrams/Color/XKCD.hs:546)
    veryLightPurple (src/Diagrams/Color/XKCD.hs:547)
    lightNavy (src/Diagrams/Color/XKCD.hs:548)
    pinkRed (src/Diagrams/Color/XKCD.hs:549)
    oliveBrown (src/Diagrams/Color/XKCD.hs:550)
    poopBrown (src/Diagrams/Color/XKCD.hs:551)
    mustardGreen (src/Diagrams/Color/XKCD.hs:552)
    oceanGreen (src/Diagrams/Color/XKCD.hs:553)
    veryDarkBlue (src/Diagrams/Color/XKCD.hs:554)
    dustyGreen (src/Diagrams/Color/XKCD.hs:555)
    lightNavyBlue (src/Diagrams/Color/XKCD.hs:556)
    mintyGreen (src/Diagrams/Color/XKCD.hs:557)
    adobe (src/Diagrams/Color/XKCD.hs:558)
    barney (src/Diagrams/Color/XKCD.hs:559)
    jadeGreen (src/Diagrams/Color/XKCD.hs:560)
    brightLightBlue (src/Diagrams/Color/XKCD.hs:561)
    lightLime (src/Diagrams/Color/XKCD.hs:562)
    darkKhaki (src/Diagrams/Color/XKCD.hs:563)
    orangeYellow (src/Diagrams/Color/XKCD.hs:564)
    ocre (src/Diagrams/Color/XKCD.hs:565)
    maize (src/Diagrams/Color/XKCD.hs:566)
    fadedPink (src/Diagrams/Color/XKCD.hs:567)
    britishRacingGreen (src/Diagrams/Color/XKCD.hs:568)
    sandstone (src/Diagrams/Color/XKCD.hs:569)
    mudBrown (src/Diagrams/Color/XKCD.hs:570)
    lightSeaGreen (src/Diagrams/Color/XKCD.hs:571)
    robinEggBlue (src/Diagrams/Color/XKCD.hs:572)
    aquaMarine (src/Diagrams/Color/XKCD.hs:573)
    darkSeaGreen (src/Diagrams/Color/XKCD.hs:574)
    softPink (src/Diagrams/Color/XKCD.hs:575)
    orangeyBrown (src/Diagrams/Color/XKCD.hs:576)
    cherryRed (src/Diagrams/Color/XKCD.hs:577)
    burntYellow (src/Diagrams/Color/XKCD.hs:578)
    brownishGrey (src/Diagrams/Color/XKCD.hs:579)
    camel (src/Diagrams/Color/XKCD.hs:580)
    purplishGrey (src/Diagrams/Color/XKCD.hs:581)
    marine (src/Diagrams/Color/XKCD.hs:582)
    greyishPink (src/Diagrams/Color/XKCD.hs:583)
    paleTurquoise (src/Diagrams/Color/XKCD.hs:584)
    pastelYellow (src/Diagrams/Color/XKCD.hs:585)
    blueyPurple (src/Diagrams/Color/XKCD.hs:586)
    canaryYellow (src/Diagrams/Color/XKCD.hs:587)
    fadedRed (src/Diagrams/Color/XKCD.hs:588)
    sepia (src/Diagrams/Color/XKCD.hs:589)
    coffee (src/Diagrams/Color/XKCD.hs:590)
    brightMagenta (src/Diagrams/Color/XKCD.hs:591)
    mocha (src/Diagrams/Color/XKCD.hs:592)
    ecru (src/Diagrams/Color/XKCD.hs:593)
    purpleish (src/Diagrams/Color/XKCD.hs:594)
    cranberry (src/Diagrams/Color/XKCD.hs:595)
    darkishGreen (src/Diagrams/Color/XKCD.hs:596)
    brownOrange (src/Diagrams/Color/XKCD.hs:597)
    duskyRose (src/Diagrams/Color/XKCD.hs:598)
    melon (src/Diagrams/Color/XKCD.hs:599)
    sicklyGreen (src/Diagrams/Color/XKCD.hs:600)
    silver (src/Diagrams/Color/XKCD.hs:601)
    purplyBlue (src/Diagrams/Color/XKCD.hs:602)
    purpleishBlue (src/Diagrams/Color/XKCD.hs:603)
    hospitalGreen (src/Diagrams/Color/XKCD.hs:604)
    shitBrown (src/Diagrams/Color/XKCD.hs:605)
    midBlue (src/Diagrams/Color/XKCD.hs:606)
    amber (src/Diagrams/Color/XKCD.hs:607)
    easterGreen (src/Diagrams/Color/XKCD.hs:608)
    softBlue (src/Diagrams/Color/XKCD.hs:609)
    ceruleanBlue (src/Diagrams/Color/XKCD.hs:610)
    goldenBrown (src/Diagrams/Color/XKCD.hs:611)
    brightTurquoise (src/Diagrams/Color/XKCD.hs:612)
    redPink (src/Diagrams/Color/XKCD.hs:613)
    redPurple (src/Diagrams/Color/XKCD.hs:614)
    greyishBrown (src/Diagrams/Color/XKCD.hs:615)
    vermillion (src/Diagrams/Color/XKCD.hs:616)
    russet (src/Diagrams/Color/XKCD.hs:617)
    steelGrey (src/Diagrams/Color/XKCD.hs:618)
    lighterPurple (src/Diagrams/Color/XKCD.hs:619)
    brightViolet (src/Diagrams/Color/XKCD.hs:620)
    prussianBlue (src/Diagrams/Color/XKCD.hs:621)
    slateGreen (src/Diagrams/Color/XKCD.hs:622)
    dirtyPink (src/Diagrams/Color/XKCD.hs:623)
    darkBlueGreen (src/Diagrams/Color/XKCD.hs:624)
    pine (src/Diagrams/Color/XKCD.hs:625)
    yellowyGreen (src/Diagrams/Color/XKCD.hs:626)
    darkGold (src/Diagrams/Color/XKCD.hs:627)
    bluish (src/Diagrams/Color/XKCD.hs:628)
    darkishBlue (src/Diagrams/Color/XKCD.hs:629)
    dullRed (src/Diagrams/Color/XKCD.hs:630)
    pinkyRed (src/Diagrams/Color/XKCD.hs:631)
    bronze (src/Diagrams/Color/XKCD.hs:632)
    paleTeal (src/Diagrams/Color/XKCD.hs:633)
    militaryGreen (src/Diagrams/Color/XKCD.hs:634)
    barbiePink (src/Diagrams/Color/XKCD.hs:635)
    bubblegumPink (src/Diagrams/Color/XKCD.hs:636)
    peaSoupGreen (src/Diagrams/Color/XKCD.hs:637)
    darkMustard (src/Diagrams/Color/XKCD.hs:638)
    shit (src/Diagrams/Color/XKCD.hs:639)
    mediumPurple (src/Diagrams/Color/XKCD.hs:640)
    veryDarkGreen (src/Diagrams/Color/XKCD.hs:641)
    dirt (src/Diagrams/Color/XKCD.hs:642)
    duskyPink (src/Diagrams/Color/XKCD.hs:643)
    redViolet (src/Diagrams/Color/XKCD.hs:644)
    lemonYellow (src/Diagrams/Color/XKCD.hs:645)
    pistachio (src/Diagrams/Color/XKCD.hs:646)
    dullYellow (src/Diagrams/Color/XKCD.hs:647)
    darkLimeGreen (src/Diagrams/Color/XKCD.hs:648)
    denimBlue (src/Diagrams/Color/XKCD.hs:649)
    tealBlue (src/Diagrams/Color/XKCD.hs:650)
    lightishBlue (src/Diagrams/Color/XKCD.hs:651)
    purpleyBlue (src/Diagrams/Color/XKCD.hs:652)
    lightIndigo (src/Diagrams/Color/XKCD.hs:653)
    swampGreen (src/Diagrams/Color/XKCD.hs:654)
    brownGreen (src/Diagrams/Color/XKCD.hs:655)
    darkMaroon (src/Diagrams/Color/XKCD.hs:656)
    hotPurple (src/Diagrams/Color/XKCD.hs:657)
    darkForestGreen (src/Diagrams/Color/XKCD.hs:658)
    fadedBlue (src/Diagrams/Color/XKCD.hs:659)
    drabGreen (src/Diagrams/Color/XKCD.hs:660)
    lightLimeGreen (src/Diagrams/Color/XKCD.hs:661)
    snotGreen (src/Diagrams/Color/XKCD.hs:662)
    yellowish (src/Diagrams/Color/XKCD.hs:663)
    lightBlueGreen (src/Diagrams/Color/XKCD.hs:664)
    bordeaux (src/Diagrams/Color/XKCD.hs:665)
    lightMauve (src/Diagrams/Color/XKCD.hs:666)
    ocean (src/Diagrams/Color/XKCD.hs:667)
    marigold (src/Diagrams/Color/XKCD.hs:668)
    muddyGreen (src/Diagrams/Color/XKCD.hs:669)
    dullOrange (src/Diagrams/Color/XKCD.hs:670)
    steel (src/Diagrams/Color/XKCD.hs:671)
    electricPurple (src/Diagrams/Color/XKCD.hs:672)
    fluorescentGreen (src/Diagrams/Color/XKCD.hs:673)
    yellowishBrown (src/Diagrams/Color/XKCD.hs:674)
    blush (src/Diagrams/Color/XKCD.hs:675)
    softGreen (src/Diagrams/Color/XKCD.hs:676)
    brightOrange (src/Diagrams/Color/XKCD.hs:677)
    lemon (src/Diagrams/Color/XKCD.hs:678)
    purpleGrey (src/Diagrams/Color/XKCD.hs:679)
    acidGreen (src/Diagrams/Color/XKCD.hs:680)
    paleLavender (src/Diagrams/Color/XKCD.hs:681)
    violetBlue (src/Diagrams/Color/XKCD.hs:682)
    lightForestGreen (src/Diagrams/Color/XKCD.hs:683)
    burntRed (src/Diagrams/Color/XKCD.hs:684)
    khakiGreen (src/Diagrams/Color/XKCD.hs:685)
    cerise (src/Diagrams/Color/XKCD.hs:686)
    fadedPurple (src/Diagrams/Color/XKCD.hs:687)
    apricot (src/Diagrams/Color/XKCD.hs:688)
    darkOliveGreen (src/Diagrams/Color/XKCD.hs:689)
    greyBrown (src/Diagrams/Color/XKCD.hs:690)
    greenGrey (src/Diagrams/Color/XKCD.hs:691)
    trueBlue (src/Diagrams/Color/XKCD.hs:692)
    paleViolet (src/Diagrams/Color/XKCD.hs:693)
    periwinkleBlue (src/Diagrams/Color/XKCD.hs:694)
    lightSkyBlue (src/Diagrams/Color/XKCD.hs:695)
    blurple (src/Diagrams/Color/XKCD.hs:696)
    greenBrown (src/Diagrams/Color/XKCD.hs:697)
    bluegreen (src/Diagrams/Color/XKCD.hs:698)
    brightTeal (src/Diagrams/Color/XKCD.hs:699)
    brownishYellow (src/Diagrams/Color/XKCD.hs:700)
    peaSoup (src/Diagrams/Color/XKCD.hs:701)
    forest (src/Diagrams/Color/XKCD.hs:702)
    barneyPurple (src/Diagrams/Color/XKCD.hs:703)
    ultramarine (src/Diagrams/Color/XKCD.hs:704)
    purplish (src/Diagrams/Color/XKCD.hs:705)
    pukeYellow (src/Diagrams/Color/XKCD.hs:706)
    bluishGrey (src/Diagrams/Color/XKCD.hs:707)
    darkPeriwinkle (src/Diagrams/Color/XKCD.hs:708)
    darkLilac (src/Diagrams/Color/XKCD.hs:709)
    reddish (src/Diagrams/Color/XKCD.hs:710)
    lightMaroon (src/Diagrams/Color/XKCD.hs:711)
    dustyPurple (src/Diagrams/Color/XKCD.hs:712)
    terraCotta (src/Diagrams/Color/XKCD.hs:713)
    avocado (src/Diagrams/Color/XKCD.hs:714)
    marineBlue (src/Diagrams/Color/XKCD.hs:715)
    tealGreen (src/Diagrams/Color/XKCD.hs:716)
    slateGrey (src/Diagrams/Color/XKCD.hs:717)
    lighterGreen (src/Diagrams/Color/XKCD.hs:718)
    electricGreen (src/Diagrams/Color/XKCD.hs:719)
    dustyBlue (src/Diagrams/Color/XKCD.hs:720)
    goldenYellow (src/Diagrams/Color/XKCD.hs:721)
    brightYellow (src/Diagrams/Color/XKCD.hs:722)
    lightLavender (src/Diagrams/Color/XKCD.hs:723)
    umber (src/Diagrams/Color/XKCD.hs:724)
    poop (src/Diagrams/Color/XKCD.hs:725)
    darkPeach (src/Diagrams/Color/XKCD.hs:726)
    jungleGreen (src/Diagrams/Color/XKCD.hs:727)
    eggshell (src/Diagrams/Color/XKCD.hs:728)
    denim (src/Diagrams/Color/XKCD.hs:729)
    yellowBrown (src/Diagrams/Color/XKCD.hs:730)
    dullPurple (src/Diagrams/Color/XKCD.hs:731)
    chocolateBrown (src/Diagrams/Color/XKCD.hs:732)
    wineRed (src/Diagrams/Color/XKCD.hs:733)
    neonBlue (src/Diagrams/Color/XKCD.hs:734)
    dirtyGreen (src/Diagrams/Color/XKCD.hs:735)
    lightTan (src/Diagrams/Color/XKCD.hs:736)
    iceBlue (src/Diagrams/Color/XKCD.hs:737)
    cadetBlue (src/Diagrams/Color/XKCD.hs:738)
    darkMauve (src/Diagrams/Color/XKCD.hs:739)
    veryLightBlue (src/Diagrams/Color/XKCD.hs:740)
    greyPurple (src/Diagrams/Color/XKCD.hs:741)
    pastelPink (src/Diagrams/Color/XKCD.hs:742)
    veryLightGreen (src/Diagrams/Color/XKCD.hs:743)
    darkSkyBlue (src/Diagrams/Color/XKCD.hs:744)
    evergreen (src/Diagrams/Color/XKCD.hs:745)
    dullPink (src/Diagrams/Color/XKCD.hs:746)
    aubergine (src/Diagrams/Color/XKCD.hs:747)
    mahogany (src/Diagrams/Color/XKCD.hs:748)
    reddishOrange (src/Diagrams/Color/XKCD.hs:749)
    deepGreen (src/Diagrams/Color/XKCD.hs:750)
    vomitGreen (src/Diagrams/Color/XKCD.hs:751)
    purplePink (src/Diagrams/Color/XKCD.hs:752)
    dustyPink (src/Diagrams/Color/XKCD.hs:753)
    fadedGreen (src/Diagrams/Color/XKCD.hs:754)
    camoGreen (src/Diagrams/Color/XKCD.hs:755)
    pinkyPurple (src/Diagrams/Color/XKCD.hs:756)
    pinkPurple (src/Diagrams/Color/XKCD.hs:757)
    brownishRed (src/Diagrams/Color/XKCD.hs:758)
    darkRose (src/Diagrams/Color/XKCD.hs:759)
    mud (src/Diagrams/Color/XKCD.hs:760)
    brownish (src/Diagrams/Color/XKCD.hs:761)
    emeraldGreen (src/Diagrams/Color/XKCD.hs:762)
    paleBrown (src/Diagrams/Color/XKCD.hs:763)
    dullBlue (src/Diagrams/Color/XKCD.hs:764)
    burntUmber (src/Diagrams/Color/XKCD.hs:765)
    mediumGreen (src/Diagrams/Color/XKCD.hs:766)
    clay (src/Diagrams/Color/XKCD.hs:767)
    lightAqua (src/Diagrams/Color/XKCD.hs:768)
    lightOliveGreen (src/Diagrams/Color/XKCD.hs:769)
    brownishOrange (src/Diagrams/Color/XKCD.hs:770)
    darkAqua (src/Diagrams/Color/XKCD.hs:771)
    purplishPink (src/Diagrams/Color/XKCD.hs:772)
    darkSalmon (src/Diagrams/Color/XKCD.hs:773)
    greenishGrey (src/Diagrams/Color/XKCD.hs:774)
    jade (src/Diagrams/Color/XKCD.hs:775)
    uglyGreen (src/Diagrams/Color/XKCD.hs:776)
    darkBeige (src/Diagrams/Color/XKCD.hs:777)
    emerald (src/Diagrams/Color/XKCD.hs:778)
    paleRed (src/Diagrams/Color/XKCD.hs:779)
    lightMagenta (src/Diagrams/Color/XKCD.hs:780)
    sky (src/Diagrams/Color/XKCD.hs:781)
    lightCyan (src/Diagrams/Color/XKCD.hs:782)
    yellowOrange (src/Diagrams/Color/XKCD.hs:783)
    reddishPurple (src/Diagrams/Color/XKCD.hs:784)
    reddishPink (src/Diagrams/Color/XKCD.hs:785)
    orchid (src/Diagrams/Color/XKCD.hs:786)
    dirtyYellow (src/Diagrams/Color/XKCD.hs:787)
    orangeRed (src/Diagrams/Color/XKCD.hs:788)
    deepRed (src/Diagrams/Color/XKCD.hs:789)
    orangeBrown (src/Diagrams/Color/XKCD.hs:790)
    cobaltBlue (src/Diagrams/Color/XKCD.hs:791)
    neonPink (src/Diagrams/Color/XKCD.hs:792)
    rosePink (src/Diagrams/Color/XKCD.hs:793)
    greyishPurple (src/Diagrams/Color/XKCD.hs:794)
    raspberry (src/Diagrams/Color/XKCD.hs:795)
    aquaGreen (src/Diagrams/Color/XKCD.hs:796)
    salmonPink (src/Diagrams/Color/XKCD.hs:797)
    tangerine (src/Diagrams/Color/XKCD.hs:798)
    brownishGreen (src/Diagrams/Color/XKCD.hs:799)
    redBrown (src/Diagrams/Color/XKCD.hs:800)
    greenishBrown (src/Diagrams/Color/XKCD.hs:801)
    pumpkin (src/Diagrams/Color/XKCD.hs:802)
    pineGreen (src/Diagrams/Color/XKCD.hs:803)
    charcoal (src/Diagrams/Color/XKCD.hs:804)
    babyPink (src/Diagrams/Color/XKCD.hs:805)
    cornflower (src/Diagrams/Color/XKCD.hs:806)
    blueViolet (src/Diagrams/Color/XKCD.hs:807)
    chocolate (src/Diagrams/Color/XKCD.hs:808)
    greyishGreen (src/Diagrams/Color/XKCD.hs:809)
    scarlet (src/Diagrams/Color/XKCD.hs:810)
    greenYellow (src/Diagrams/Color/XKCD.hs:811)
    darkOlive (src/Diagrams/Color/XKCD.hs:812)
    sienna (src/Diagrams/Color/XKCD.hs:813)
    pastelPurple (src/Diagrams/Color/XKCD.hs:814)
    terracotta (src/Diagrams/Color/XKCD.hs:815)
    aquaBlue (src/Diagrams/Color/XKCD.hs:816)
    sageGreen (src/Diagrams/Color/XKCD.hs:817)
    bloodRed (src/Diagrams/Color/XKCD.hs:818)
    deepPink (src/Diagrams/Color/XKCD.hs:819)
    grass (src/Diagrams/Color/XKCD.hs:820)
    moss (src/Diagrams/Color/XKCD.hs:821)
    pastelBlue (src/Diagrams/Color/XKCD.hs:822)
    bluishGreen (src/Diagrams/Color/XKCD.hs:823)
    greenBlue (src/Diagrams/Color/XKCD.hs:824)
    darkTan (src/Diagrams/Color/XKCD.hs:825)
    greenishBlue (src/Diagrams/Color/XKCD.hs:826)
    paleOrange (src/Diagrams/Color/XKCD.hs:827)
    vomit (src/Diagrams/Color/XKCD.hs:828)
    forrestGreen (src/Diagrams/Color/XKCD.hs:829)
    darkLavender (src/Diagrams/Color/XKCD.hs:830)
    darkViolet (src/Diagrams/Color/XKCD.hs:831)
    purpleBlue (src/Diagrams/Color/XKCD.hs:832)
    darkCyan (src/Diagrams/Color/XKCD.hs:833)
    oliveDrab (src/Diagrams/Color/XKCD.hs:834)
    pinkish (src/Diagrams/Color/XKCD.hs:835)
    cobalt (src/Diagrams/Color/XKCD.hs:836)
    neonPurple (src/Diagrams/Color/XKCD.hs:837)
    lightTurquoise (src/Diagrams/Color/XKCD.hs:838)
    appleGreen (src/Diagrams/Color/XKCD.hs:839)
    dullGreen (src/Diagrams/Color/XKCD.hs:840)
    wine (src/Diagrams/Color/XKCD.hs:841)
    powderBlue (src/Diagrams/Color/XKCD.hs:842)
    offWhite (src/Diagrams/Color/XKCD.hs:843)
    electricBlue (src/Diagrams/Color/XKCD.hs:844)
    darkTurquoise (src/Diagrams/Color/XKCD.hs:845)
    bluePurple (src/Diagrams/Color/XKCD.hs:846)
    azure (src/Diagrams/Color/XKCD.hs:847)
    brightRed (src/Diagrams/Color/XKCD.hs:848)
    pinkishRed (src/Diagrams/Color/XKCD.hs:849)
    cornflowerBlue (src/Diagrams/Color/XKCD.hs:850)
    lightOlive (src/Diagrams/Color/XKCD.hs:851)
    grape (src/Diagrams/Color/XKCD.hs:852)
    greyishBlue (src/Diagrams/Color/XKCD.hs:853)
    purplishBlue (src/Diagrams/Color/XKCD.hs:854)
    yellowishGreen (src/Diagrams/Color/XKCD.hs:855)
    greenishYellow (src/Diagrams/Color/XKCD.hs:856)
    mediumBlue (src/Diagrams/Color/XKCD.hs:857)
    dustyRose (src/Diagrams/Color/XKCD.hs:858)
    lightViolet (src/Diagrams/Color/XKCD.hs:859)
    midnightBlue (src/Diagrams/Color/XKCD.hs:860)
    bluishPurple (src/Diagrams/Color/XKCD.hs:861)
    redOrange (src/Diagrams/Color/XKCD.hs:862)
    darkMagenta (src/Diagrams/Color/XKCD.hs:863)
    greenish (src/Diagrams/Color/XKCD.hs:864)
    oceanBlue (src/Diagrams/Color/XKCD.hs:865)
    coral (src/Diagrams/Color/XKCD.hs:866)
    cream (src/Diagrams/Color/XKCD.hs:867)
    reddishBrown (src/Diagrams/Color/XKCD.hs:868)
    burntSienna (src/Diagrams/Color/XKCD.hs:869)
    brick (src/Diagrams/Color/XKCD.hs:870)
    sage (src/Diagrams/Color/XKCD.hs:871)
    greyGreen (src/Diagrams/Color/XKCD.hs:872)
    white (src/Diagrams/Color/XKCD.hs:873)
    robin'sEggBlue (src/Diagrams/Color/XKCD.hs:874)
    mossGreen (src/Diagrams/Color/XKCD.hs:875)
    steelBlue (src/Diagrams/Color/XKCD.hs:876)
    eggplant (src/Diagrams/Color/XKCD.hs:877)
    lightYellow (src/Diagrams/Color/XKCD.hs:878)
    leafGreen (src/Diagrams/Color/XKCD.hs:879)
    lightGrey (src/Diagrams/Color/XKCD.hs:880)
    puke (src/Diagrams/Color/XKCD.hs:881)
    pinkishPurple (src/Diagrams/Color/XKCD.hs:882)
    seaBlue (src/Diagrams/Color/XKCD.hs:883)
    palePurple (src/Diagrams/Color/XKCD.hs:884)
    slateBlue (src/Diagrams/Color/XKCD.hs:885)
    blueGrey (src/Diagrams/Color/XKCD.hs:886)
    hunterGreen (src/Diagrams/Color/XKCD.hs:887)
    fuchsia (src/Diagrams/Color/XKCD.hs:888)
    crimson (src/Diagrams/Color/XKCD.hs:889)
    paleYellow (src/Diagrams/Color/XKCD.hs:890)
    ochre (src/Diagrams/Color/XKCD.hs:891)
    mustardYellow (src/Diagrams/Color/XKCD.hs:892)
    lightRed (src/Diagrams/Color/XKCD.hs:893)
    cerulean (src/Diagrams/Color/XKCD.hs:894)
    palePink (src/Diagrams/Color/XKCD.hs:895)
    deepBlue (src/Diagrams/Color/XKCD.hs:896)
    rust (src/Diagrams/Color/XKCD.hs:897)
    lightTeal (src/Diagrams/Color/XKCD.hs:898)
    slate (src/Diagrams/Color/XKCD.hs:899)
    goldenrod (src/Diagrams/Color/XKCD.hs:900)
    darkYellow (src/Diagrams/Color/XKCD.hs:901)
    darkGrey (src/Diagrams/Color/XKCD.hs:902)
    armyGreen (src/Diagrams/Color/XKCD.hs:903)
    greyBlue (src/Diagrams/Color/XKCD.hs:904)
    seafoam (src/Diagrams/Color/XKCD.hs:905)
    puce (src/Diagrams/Color/XKCD.hs:906)
    springGreen (src/Diagrams/Color/XKCD.hs:907)
    darkOrange (src/Diagrams/Color/XKCD.hs:908)
    sand (src/Diagrams/Color/XKCD.hs:909)
    pastelGreen (src/Diagrams/Color/XKCD.hs:910)
    mint (src/Diagrams/Color/XKCD.hs:911)
    lightOrange (src/Diagrams/Color/XKCD.hs:912)
    brightPink (src/Diagrams/Color/XKCD.hs:913)
    chartreuse (src/Diagrams/Color/XKCD.hs:914)
    deepPurple (src/Diagrams/Color/XKCD.hs:915)
    darkBrown (src/Diagrams/Color/XKCD.hs:916)
    taupe (src/Diagrams/Color/XKCD.hs:917)
    peaGreen (src/Diagrams/Color/XKCD.hs:918)
    pukeGreen (src/Diagrams/Color/XKCD.hs:919)
    kellyGreen (src/Diagrams/Color/XKCD.hs:920)
    seafoamGreen (src/Diagrams/Color/XKCD.hs:921)
    blueGreen (src/Diagrams/Color/XKCD.hs:922)
    khaki (src/Diagrams/Color/XKCD.hs:923)
    burgundy (src/Diagrams/Color/XKCD.hs:924)
    darkTeal (src/Diagrams/Color/XKCD.hs:925)
    brickRed (src/Diagrams/Color/XKCD.hs:926)
    royalPurple (src/Diagrams/Color/XKCD.hs:927)
    plum (src/Diagrams/Color/XKCD.hs:928)
    mintGreen (src/Diagrams/Color/XKCD.hs:929)
    gold (src/Diagrams/Color/XKCD.hs:930)
    babyBlue (src/Diagrams/Color/XKCD.hs:931)
    yellowGreen (src/Diagrams/Color/XKCD.hs:932)
    brightPurple (src/Diagrams/Color/XKCD.hs:933)
    darkRed (src/Diagrams/Color/XKCD.hs:934)
    paleBlue (src/Diagrams/Color/XKCD.hs:935)
    grassGreen (src/Diagrams/Color/XKCD.hs:936)
    navy (src/Diagrams/Color/XKCD.hs:937)
    aquamarine (src/Diagrams/Color/XKCD.hs:938)
    burntOrange (src/Diagrams/Color/XKCD.hs:939)
    neonGreen (src/Diagrams/Color/XKCD.hs:940)
    brightBlue (src/Diagrams/Color/XKCD.hs:941)
    rose (src/Diagrams/Color/XKCD.hs:942)
    lightPink (src/Diagrams/Color/XKCD.hs:943)
    mustard (src/Diagrams/Color/XKCD.hs:944)
    indigo (src/Diagrams/Color/XKCD.hs:945)
    lime (src/Diagrams/Color/XKCD.hs:946)
    seaGreen (src/Diagrams/Color/XKCD.hs:947)
    periwinkle (src/Diagrams/Color/XKCD.hs:948)
    darkPink (src/Diagrams/Color/XKCD.hs:949)
    oliveGreen (src/Diagrams/Color/XKCD.hs:950)
    peach (src/Diagrams/Color/XKCD.hs:951)
    paleGreen (src/Diagrams/Color/XKCD.hs:952)
    lightBrown (src/Diagrams/Color/XKCD.hs:953)
    hotPink (src/Diagrams/Color/XKCD.hs:954)
    black (src/Diagrams/Color/XKCD.hs:955)
    lilac (src/Diagrams/Color/XKCD.hs:956)
    navyBlue (src/Diagrams/Color/XKCD.hs:957)
    royalBlue (src/Diagrams/Color/XKCD.hs:958)
    beige (src/Diagrams/Color/XKCD.hs:959)
    salmon (src/Diagrams/Color/XKCD.hs:960)
    olive (src/Diagrams/Color/XKCD.hs:961)
    maroon (src/Diagrams/Color/XKCD.hs:962)
    brightGreen (src/Diagrams/Color/XKCD.hs:963)
    darkPurple (src/Diagrams/Color/XKCD.hs:964)
    mauve (src/Diagrams/Color/XKCD.hs:965)
    forestGreen (src/Diagrams/Color/XKCD.hs:966)
    aqua (src/Diagrams/Color/XKCD.hs:967)
    cyan (src/Diagrams/Color/XKCD.hs:968)
    tan (src/Diagrams/Color/XKCD.hs:969)
    darkBlue (src/Diagrams/Color/XKCD.hs:970)
    lavender (src/Diagrams/Color/XKCD.hs:971)
    turquoise (src/Diagrams/Color/XKCD.hs:972)
    darkGreen (src/Diagrams/Color/XKCD.hs:973)
    violet (src/Diagrams/Color/XKCD.hs:974)
    lightPurple (src/Diagrams/Color/XKCD.hs:975)
    limeGreen (src/Diagrams/Color/XKCD.hs:976)
    grey (src/Diagrams/Color/XKCD.hs:977)
    skyBlue (src/Diagrams/Color/XKCD.hs:978)
    yellow (src/Diagrams/Color/XKCD.hs:979)
    magenta (src/Diagrams/Color/XKCD.hs:980)
    lightGreen (src/Diagrams/Color/XKCD.hs:981)
    orange (src/Diagrams/Color/XKCD.hs:982)
    teal (src/Diagrams/Color/XKCD.hs:983)
    lightBlue (src/Diagrams/Color/XKCD.hs:984)
    red (src/Diagrams/Color/XKCD.hs:985)
    brown (src/Diagrams/Color/XKCD.hs:986)
    pink (src/Diagrams/Color/XKCD.hs:987)
    blue (src/Diagrams/Color/XKCD.hs:988)
    green (src/Diagrams/Color/XKCD.hs:989)
    purple (src/Diagrams/Color/XKCD.hs:990)
    xkcdColorMap (src/Diagrams/Color/XKCD.hs:992)
 100% (  4 /  4) in 'Diagrams.Layout.Wrap'
  79% ( 11 / 14) in 'Diagrams.Lens'
  Missing documentation for:
    _Loc (src/Diagrams/Lens.hs:67)
    _mkFixedSeg (src/Diagrams/Lens.hs:83)
    _lineSegments (src/Diagrams/Lens.hs:112)
 100% ( 24 / 24) in 'Diagrams.TwoD.Apollonian'
  91% ( 10 / 11) in 'Diagrams.TwoD.Factorization'
  Missing documentation for:
    factors (src/Diagrams/TwoD/Factorization.hs:140)
  38% (  8 / 21) in 'Diagrams.TwoD.Grid'
  Missing documentation for:
    annotate (src/Diagrams/TwoD/Grid.hs:219)
    GridOpts (src/Diagrams/TwoD/Grid.hs:116)
    gridLineWidth (src/Diagrams/TwoD/Grid.hs:152)
    gridYColour (src/Diagrams/TwoD/Grid.hs:152)
    gridXColour (src/Diagrams/TwoD/Grid.hs:152)
    gridLL (src/Diagrams/TwoD/Grid.hs:152)
    gridLR (src/Diagrams/TwoD/Grid.hs:152)
    gridUL (src/Diagrams/TwoD/Grid.hs:152)
    HighlightLineOpts (src/Diagrams/TwoD/Grid.hs:136)
    highLightLineColour (src/Diagrams/TwoD/Grid.hs:153)
    highLightLineWidth (src/Diagrams/TwoD/Grid.hs:153)
    highLightLineDashingOnOff (src/Diagrams/TwoD/Grid.hs:153)
    highLightLineDashingOffset (src/Diagrams/TwoD/Grid.hs:153)
 100% (  6 /  6) in 'Diagrams.TwoD.Layout.CirclePacking'
Warning: 's' is out of scope.
    If you qualify the identifier, haddock can try to link it
    it anyway.
Warning: 'ST' is out of scope.
    If you qualify the identifier, haddock can try to link it
    it anyway.
 100% ( 34 / 34) in 'Diagrams.TwoD.Layout.Constrained'
Warning: 'f' is out of scope.
    If you qualify the identifier, haddock can try to link it
    it anyway.
 100% (  8 /  8) in 'Diagrams.TwoD.Layout.Grid'
  75% ( 27 / 36) in 'Diagrams.TwoD.Layout.Tree'
  Missing documentation for:
    slHSep (src/Diagrams/TwoD/Layout/Tree.hs:373)
    slVSep (src/Diagrams/TwoD/Layout/Tree.hs:373)
    slWidth (src/Diagrams/TwoD/Layout/Tree.hs:373)
    slHeight (src/Diagrams/TwoD/Layout/Tree.hs:373)
    ForceLayoutTreeOpts (src/Diagrams/TwoD/Layout/Tree.hs:458)
    forceLayoutOpts (src/Diagrams/TwoD/Layout/Tree.hs:475)
    edgeLen (src/Diagrams/TwoD/Layout/Tree.hs:475)
    springK (src/Diagrams/TwoD/Layout/Tree.hs:475)
    staticK (src/Diagrams/TwoD/Layout/Tree.hs:475)
Warning: 'Loop' is ambiguous. It is defined
    * in Diagrams.Trail
    * in Diagrams.Trail
    You may be able to disambiguate the identifier by qualifying it or
    by hiding some imports.
    Defaulting to 'Loop' defined in Diagrams.Trail
Warning: 'circle' is out of scope.
    If you qualify the identifier, haddock can try to link it
    it anyway.
Warning: 'Line' is ambiguous. It is defined
    * in Diagrams.Trail
    * in Diagrams.Trail
    You may be able to disambiguate the identifier by qualifying it or
    by hiding some imports.
    Defaulting to 'Line' defined in Diagrams.Trail
 100% ( 16 / 16) in 'Diagrams.TwoD.Path.Boolean'
 100% (  2 /  2) in 'Diagrams.TwoD.Path.Calligraphic'
 100% (  4 /  4) in 'Diagrams.TwoD.Path.Follow'
  96% ( 24 / 25) in 'Diagrams.TwoD.Path.IntersectionExtras'
  Missing documentation for:
    OnSections (src/Diagrams/TwoD/Path/IntersectionExtras.hs:238)
 100% ( 45 / 45) in 'Diagrams.TwoD.Path.IteratedSubset'
Warning: 'Trail' is out of scope.
    If you qualify the identifier, haddock can try to link it
    it anyway.
  37% ( 11 / 30) in 'Diagrams.TwoD.Path.Metafont.Types'
  Missing documentation for:
    Module header
    j (src/Diagrams/TwoD/Path/Metafont/Types.hs:27)
    d2 (src/Diagrams/TwoD/Path/Metafont/Types.hs:27)
    d1 (src/Diagrams/TwoD/Path/Metafont/Types.hs:27)
    Curl (src/Diagrams/TwoD/Path/Metafont/Types.hs:42)
    Dir (src/Diagrams/TwoD/Path/Metafont/Types.hs:43)
    BasicJoin (src/Diagrams/TwoD/Path/Metafont/Types.hs:45)
    getTension (src/Diagrams/TwoD/Path/Metafont/Types.hs:57)
    t2 (src/Diagrams/TwoD/Path/Metafont/Types.hs:70)
    t1 (src/Diagrams/TwoD/Path/Metafont/Types.hs:70)
    c2 (src/Diagrams/TwoD/Path/Metafont/Types.hs:71)
    c1 (src/Diagrams/TwoD/Path/Metafont/Types.hs:71)
    P (src/Diagrams/TwoD/Path/Metafont/Types.hs:73)
    J (src/Diagrams/TwoD/Path/Metafont/Types.hs:74)
    x2 (src/Diagrams/TwoD/Path/Metafont/Types.hs:108)
    x1 (src/Diagrams/TwoD/Path/Metafont/Types.hs:108)
    pj (src/Diagrams/TwoD/Path/Metafont/Types.hs:108)
    segs (src/Diagrams/TwoD/Path/Metafont/Types.hs:109)
    loop (src/Diagrams/TwoD/Path/Metafont/Types.hs:109)
Warning: 'Text' is out of scope.
    If you qualify the identifier, haddock can try to link it
    it anyway.
  50% (  1 /  2) in 'Diagrams.TwoD.Path.Metafont.Parser'
  Missing documentation for:
    Module header
 100% (  5 /  5) in 'Diagrams.TwoD.Path.Metafont.Internal'
 100% ( 12 / 12) in 'Diagrams.TwoD.Path.Metafont.Combinators'
 100% (  8 /  8) in 'Diagrams.TwoD.Path.Metafont'
  93% ( 25 / 27) in 'Diagrams.TwoD.Path.Turtle.Internal'
  Missing documentation for:
    penHop (src/Diagrams/TwoD/Path/Turtle/Internal.hs:184)
    closeCurrent (src/Diagrams/TwoD/Path/Turtle/Internal.hs:190)
  93% ( 27 / 29) in 'Diagrams.TwoD.Path.Turtle'
  Missing documentation for:
    Turtle (src/Diagrams/TwoD/Path/Turtle.hs:43)
    TurtleT (src/Diagrams/TwoD/Path/Turtle.hs:41)
  14% (  1 /  7) in 'Diagrams.TwoD.Path.Turtle.Aliases'
  Missing documentation for:
    fd (src/Diagrams/TwoD/Path/Turtle/Aliases.hs:17)
    bk (src/Diagrams/TwoD/Path/Turtle/Aliases.hs:17)
    lt (src/Diagrams/TwoD/Path/Turtle/Aliases.hs:17)
    rt (src/Diagrams/TwoD/Path/Turtle/Aliases.hs:17)
    pu (src/Diagrams/TwoD/Path/Turtle/Aliases.hs:25)
    pd (src/Diagrams/TwoD/Path/Turtle/Aliases.hs:25)
   6% (  1 / 17) in 'Diagrams.Example.Logo'
  Missing documentation for:
    d (src/Diagrams/Example/Logo.hs:35)
    ico_d (src/Diagrams/Example/Logo.hs:44)
    i (src/Diagrams/Example/Logo.hs:54)
    sierpinski (src/Diagrams/Example/Logo.hs:63)
    a1 (src/Diagrams/Example/Logo.hs:67)
    grid (src/Diagrams/Example/Logo.hs:76)
    gbkg (src/Diagrams/Example/Logo.hs:80)
    g (src/Diagrams/Example/Logo.hs:91)
    r (src/Diagrams/Example/Logo.hs:97)
    aTree (src/Diagrams/Example/Logo.hs:116)
    a2 (src/Diagrams/Example/Logo.hs:119)
    m (src/Diagrams/Example/Logo.hs:127)
    ps (src/Diagrams/Example/Logo.hs:135)
    s (src/Diagrams/Example/Logo.hs:136)
    disk (src/Diagrams/Example/Logo.hs:140)
    logo (src/Diagrams/Example/Logo.hs:146)
Warning: 'TurtelState' is out of scope.
    If you qualify the identifier, haddock can try to link it
    it anyway.
  92% ( 35 / 38) in 'Diagrams.TwoD.Path.LSystem'
  Missing documentation for:
    symbol (src/Diagrams/TwoD/Path/LSystem.hs:152)
    symbols (src/Diagrams/TwoD/Path/LSystem.hs:174)
    rule (src/Diagrams/TwoD/Path/LSystem.hs:177)
  43% (  3 /  7) in 'Diagrams.TwoD.Sunburst'
  Missing documentation for:
    SunburstOpts (src/Diagrams/TwoD/Sunburst.hs:43)
    radius (src/Diagrams/TwoD/Sunburst.hs:55)
    sectionWidth (src/Diagrams/TwoD/Sunburst.hs:55)
    colors (src/Diagrams/TwoD/Sunburst.hs:55)
Warning: 'Map' is out of scope.
    If you qualify the identifier, haddock can try to link it
    it anyway.
Warning: 'Set' is out of scope.
    If you qualify the identifier, haddock can try to link it
    it anyway.
  76% ( 39 / 51) in 'Diagrams.TwoD.Tilings'
  Missing documentation for:
    rt2 (src/Diagrams/TwoD/Tilings.hs:110)
    rt3 (src/Diagrams/TwoD/Tilings.hs:110)
    rt6 (src/Diagrams/TwoD/Tilings.hs:110)
    Q2 (src/Diagrams/TwoD/Tilings.hs:139)
    toV2 (src/Diagrams/TwoD/Tilings.hs:141)
    toP2 (src/Diagrams/TwoD/Tilings.hs:144)
    polySides (src/Diagrams/TwoD/Tilings.hs:155)
    polyFromSides (src/Diagrams/TwoD/Tilings.hs:162)
    initTilingState (src/Diagrams/TwoD/Tilings.hs:255)
    generateTiling (src/Diagrams/TwoD/Tilings.hs:262)
    rot (src/Diagrams/TwoD/Tilings.hs:482)
    polyColor (src/Diagrams/TwoD/Tilings.hs:348)
Warning: Diagrams.TwoD.Layout.Constrained: could not find link destinations for:
    Var Constraints
Warning: Diagrams.TwoD.Path.Metafont.Internal: could not find link destinations for:
    hobbyF setDirs
Warning: Diagrams.TwoD.Path.Metafont.Combinators: could not find link destinations for:
    Join
Warning: Diagrams.Example.Logo: could not find link destinations for:
    ~#
Warning: Diagrams.TwoD.Path.LSystem: could not find link destinations for:
    Environment
Documentation created:
dist/dist-sandbox-b5a179e0/doc/html/diagrams-contrib/index.html
Installing library in /Users/christophe.thibaut/Coding/fractal-sculpture/.cabal-sandbox/lib/x86_64-osx-ghc-8.6.3/diagrams-contrib-1.4.4-IK388E6OhnaGuatqag6wg6
cabal: Leaving directory '/var/folders/z7/k6qym9m16y15sb6n8znyr7ww0000gn/T/cabal-tmp-24920/diagrams-contrib-1.4.4'
