cabal: Entering directory '/var/folders/z7/k6qym9m16y15sb6n8znyr7ww0000gn/T/cabal-tmp-24919/diagrams-lib-1.4.5.1'
Configuring diagrams-lib-1.4.5.1...
Preprocessing library for diagrams-lib-1.4.5.1..
Building library for diagrams-lib-1.4.5.1..
[ 1 of 73] Compiling Diagrams.Attributes ( src/Diagrams/Attributes.hs, dist/dist-sandbox-b5a179e0/build/Diagrams/Attributes.o )
[ 2 of 73] Compiling Diagrams.Attributes.Compile ( src/Diagrams/Attributes/Compile.hs, dist/dist-sandbox-b5a179e0/build/Diagrams/Attributes/Compile.o )
[ 3 of 73] Compiling Diagrams.CubicSpline.Internal ( src/Diagrams/CubicSpline/Internal.hs, dist/dist-sandbox-b5a179e0/build/Diagrams/CubicSpline/Internal.o )
[ 4 of 73] Compiling Diagrams.Names   ( src/Diagrams/Names.hs, dist/dist-sandbox-b5a179e0/build/Diagrams/Names.o )
[ 5 of 73] Compiling Diagrams.Parametric ( src/Diagrams/Parametric.hs, dist/dist-sandbox-b5a179e0/build/Diagrams/Parametric.o )
[ 6 of 73] Compiling Diagrams.Parametric.Adjust ( src/Diagrams/Parametric/Adjust.hs, dist/dist-sandbox-b5a179e0/build/Diagrams/Parametric/Adjust.o )
[ 7 of 73] Compiling Diagrams.Points  ( src/Diagrams/Points.hs, dist/dist-sandbox-b5a179e0/build/Diagrams/Points.o )
[ 8 of 73] Compiling Diagrams.Coordinates ( src/Diagrams/Coordinates.hs, dist/dist-sandbox-b5a179e0/build/Diagrams/Coordinates.o )
[ 9 of 73] Compiling Diagrams.Angle   ( src/Diagrams/Angle.hs, dist/dist-sandbox-b5a179e0/build/Diagrams/Angle.o )
[10 of 73] Compiling Diagrams.Direction ( src/Diagrams/Direction.hs, dist/dist-sandbox-b5a179e0/build/Diagrams/Direction.o )
[11 of 73] Compiling Diagrams.Query   ( src/Diagrams/Query.hs, dist/dist-sandbox-b5a179e0/build/Diagrams/Query.o )
[12 of 73] Compiling Diagrams.ThreeD.Attributes ( src/Diagrams/ThreeD/Attributes.hs, dist/dist-sandbox-b5a179e0/build/Diagrams/ThreeD/Attributes.o )
[13 of 73] Compiling Diagrams.Transform ( src/Diagrams/Transform.hs, dist/dist-sandbox-b5a179e0/build/Diagrams/Transform.o )
[14 of 73] Compiling Diagrams.TwoD.Segment.Bernstein ( src/Diagrams/TwoD/Segment/Bernstein.hs, dist/dist-sandbox-b5a179e0/build/Diagrams/TwoD/Segment/Bernstein.o )
[15 of 73] Compiling Diagrams.TwoD.Types ( src/Diagrams/TwoD/Types.hs, dist/dist-sandbox-b5a179e0/build/Diagrams/TwoD/Types.o )
[16 of 73] Compiling Diagrams.ThreeD.Types ( src/Diagrams/ThreeD/Types.hs, dist/dist-sandbox-b5a179e0/build/Diagrams/ThreeD/Types.o )
[17 of 73] Compiling Diagrams.Transform.Matrix ( src/Diagrams/Transform/Matrix.hs, dist/dist-sandbox-b5a179e0/build/Diagrams/Transform/Matrix.o )
[18 of 73] Compiling Diagrams.ThreeD.Light ( src/Diagrams/ThreeD/Light.hs, dist/dist-sandbox-b5a179e0/build/Diagrams/ThreeD/Light.o )
[19 of 73] Compiling Diagrams.TwoD.Vector ( src/Diagrams/TwoD/Vector.hs, dist/dist-sandbox-b5a179e0/build/Diagrams/TwoD/Vector.o )
[20 of 73] Compiling Diagrams.TwoD.Transform ( src/Diagrams/TwoD/Transform.hs, dist/dist-sandbox-b5a179e0/build/Diagrams/TwoD/Transform.o )
[21 of 73] Compiling Diagrams.Transform.ScaleInv ( src/Diagrams/Transform/ScaleInv.hs, dist/dist-sandbox-b5a179e0/build/Diagrams/Transform/ScaleInv.o )
[22 of 73] Compiling Diagrams.ThreeD.Transform ( src/Diagrams/ThreeD/Transform.hs, dist/dist-sandbox-b5a179e0/build/Diagrams/ThreeD/Transform.o )
[23 of 73] Compiling Diagrams.TwoD.Points ( src/Diagrams/TwoD/Points.hs, dist/dist-sandbox-b5a179e0/build/Diagrams/TwoD/Points.o )
[24 of 73] Compiling Diagrams.ThreeD.Vector ( src/Diagrams/ThreeD/Vector.hs, dist/dist-sandbox-b5a179e0/build/Diagrams/ThreeD/Vector.o )
[25 of 73] Compiling Diagrams.ThreeD.Shapes ( src/Diagrams/ThreeD/Shapes.hs, dist/dist-sandbox-b5a179e0/build/Diagrams/ThreeD/Shapes.o )
[26 of 73] Compiling Diagrams.ThreeD.Camera ( src/Diagrams/ThreeD/Camera.hs, dist/dist-sandbox-b5a179e0/build/Diagrams/ThreeD/Camera.o )
[27 of 73] Compiling Diagrams.Util    ( src/Diagrams/Util.hs, dist/dist-sandbox-b5a179e0/build/Diagrams/Util.o )

src/Diagrams/Util.hs:44:1: warning: [-Wunused-imports]
    The import of ‘Data.List.Lens’ is redundant
      except perhaps to import instances from ‘Data.List.Lens’
    To import instances alone, use: import Data.List.Lens()
   |
44 | import           Data.List.Lens
   | ^^^^^^^^^^^^^^^^^^^^^^^^^^^^^^^
[28 of 73] Compiling Diagrams.Align   ( src/Diagrams/Align.hs, dist/dist-sandbox-b5a179e0/build/Diagrams/Align.o )
[29 of 73] Compiling Diagrams.TwoD.Align ( src/Diagrams/TwoD/Align.hs, dist/dist-sandbox-b5a179e0/build/Diagrams/TwoD/Align.o )
[30 of 73] Compiling Diagrams.ThreeD.Align ( src/Diagrams/ThreeD/Align.hs, dist/dist-sandbox-b5a179e0/build/Diagrams/ThreeD/Align.o )
[31 of 73] Compiling Diagrams.Located ( src/Diagrams/Located.hs, dist/dist-sandbox-b5a179e0/build/Diagrams/Located.o )
[32 of 73] Compiling Diagrams.Segment ( src/Diagrams/Segment.hs, dist/dist-sandbox-b5a179e0/build/Diagrams/Segment.o )
[33 of 73] Compiling Diagrams.TwoD.Segment ( src/Diagrams/TwoD/Segment.hs, dist/dist-sandbox-b5a179e0/build/Diagrams/TwoD/Segment.o )
[34 of 73] Compiling Diagrams.Tangent ( src/Diagrams/Tangent.hs, dist/dist-sandbox-b5a179e0/build/Diagrams/Tangent.o )
[35 of 73] Compiling Diagrams.TwoD.Curvature ( src/Diagrams/TwoD/Curvature.hs, dist/dist-sandbox-b5a179e0/build/Diagrams/TwoD/Curvature.o )
[36 of 73] Compiling Diagrams.Trail   ( src/Diagrams/Trail.hs, dist/dist-sandbox-b5a179e0/build/Diagrams/Trail.o )
[37 of 73] Compiling Diagrams.TrailLike ( src/Diagrams/TrailLike.hs, dist/dist-sandbox-b5a179e0/build/Diagrams/TrailLike.o )
[38 of 73] Compiling Diagrams.TwoD.Arc ( src/Diagrams/TwoD/Arc.hs, dist/dist-sandbox-b5a179e0/build/Diagrams/TwoD/Arc.o )
[39 of 73] Compiling Diagrams.TwoD.Ellipse ( src/Diagrams/TwoD/Ellipse.hs, dist/dist-sandbox-b5a179e0/build/Diagrams/TwoD/Ellipse.o )
[40 of 73] Compiling Diagrams.Animation.Active ( src/Diagrams/Animation/Active.hs, dist/dist-sandbox-b5a179e0/build/Diagrams/Animation/Active.o )
[41 of 73] Compiling Diagrams.Combinators ( src/Diagrams/Combinators.hs, dist/dist-sandbox-b5a179e0/build/Diagrams/Combinators.o )
[42 of 73] Compiling Diagrams.Trace   ( src/Diagrams/Trace.hs, dist/dist-sandbox-b5a179e0/build/Diagrams/Trace.o )
[43 of 73] Compiling Diagrams.Envelope ( src/Diagrams/Envelope.hs, dist/dist-sandbox-b5a179e0/build/Diagrams/Envelope.o )
[44 of 73] Compiling Diagrams.Path    ( src/Diagrams/Path.hs, dist/dist-sandbox-b5a179e0/build/Diagrams/Path.o )
[45 of 73] Compiling Diagrams.TwoD.Polygons ( src/Diagrams/TwoD/Polygons.hs, dist/dist-sandbox-b5a179e0/build/Diagrams/TwoD/Polygons.o )
[46 of 73] Compiling Diagrams.TwoD.Shapes ( src/Diagrams/TwoD/Shapes.hs, dist/dist-sandbox-b5a179e0/build/Diagrams/TwoD/Shapes.o )
[47 of 73] Compiling Diagrams.TwoD.Path ( src/Diagrams/TwoD/Path.hs, dist/dist-sandbox-b5a179e0/build/Diagrams/TwoD/Path.o )
[48 of 73] Compiling Diagrams.TwoD.Offset ( src/Diagrams/TwoD/Offset.hs, dist/dist-sandbox-b5a179e0/build/Diagrams/TwoD/Offset.o )
[49 of 73] Compiling Diagrams.TwoD.Image ( src/Diagrams/TwoD/Image.hs, dist/dist-sandbox-b5a179e0/build/Diagrams/TwoD/Image.o )
[50 of 73] Compiling Diagrams.TwoD.Attributes ( src/Diagrams/TwoD/Attributes.hs, dist/dist-sandbox-b5a179e0/build/Diagrams/TwoD/Attributes.o )
[51 of 73] Compiling Diagrams.TwoD.Text ( src/Diagrams/TwoD/Text.hs, dist/dist-sandbox-b5a179e0/build/Diagrams/TwoD/Text.o )
[52 of 73] Compiling Diagrams.TwoD.Arrowheads ( src/Diagrams/TwoD/Arrowheads.hs, dist/dist-sandbox-b5a179e0/build/Diagrams/TwoD/Arrowheads.o )
[53 of 73] Compiling Diagrams.TwoD.Arrow ( src/Diagrams/TwoD/Arrow.hs, dist/dist-sandbox-b5a179e0/build/Diagrams/TwoD/Arrow.o )
[54 of 73] Compiling Diagrams.LinearMap ( src/Diagrams/LinearMap.hs, dist/dist-sandbox-b5a179e0/build/Diagrams/LinearMap.o )
[55 of 73] Compiling Diagrams.Deform  ( src/Diagrams/Deform.hs, dist/dist-sandbox-b5a179e0/build/Diagrams/Deform.o )
[56 of 73] Compiling Diagrams.TwoD.Deform ( src/Diagrams/TwoD/Deform.hs, dist/dist-sandbox-b5a179e0/build/Diagrams/TwoD/Deform.o )
[57 of 73] Compiling Diagrams.ThreeD.Projection ( src/Diagrams/ThreeD/Projection.hs, dist/dist-sandbox-b5a179e0/build/Diagrams/ThreeD/Projection.o )
[58 of 73] Compiling Diagrams.ThreeD.Deform ( src/Diagrams/ThreeD/Deform.hs, dist/dist-sandbox-b5a179e0/build/Diagrams/ThreeD/Deform.o )
[59 of 73] Compiling Diagrams.ThreeD  ( src/Diagrams/ThreeD.hs, dist/dist-sandbox-b5a179e0/build/Diagrams/ThreeD.o )
[60 of 73] Compiling Diagrams.CubicSpline.Boehm ( src/Diagrams/CubicSpline/Boehm.hs, dist/dist-sandbox-b5a179e0/build/Diagrams/CubicSpline/Boehm.o )
[61 of 73] Compiling Diagrams.CubicSpline ( src/Diagrams/CubicSpline.hs, dist/dist-sandbox-b5a179e0/build/Diagrams/CubicSpline.o )
[62 of 73] Compiling Diagrams.TwoD.Model ( src/Diagrams/TwoD/Model.hs, dist/dist-sandbox-b5a179e0/build/Diagrams/TwoD/Model.o )
[63 of 73] Compiling Diagrams.BoundingBox ( src/Diagrams/BoundingBox.hs, dist/dist-sandbox-b5a179e0/build/Diagrams/BoundingBox.o )
[64 of 73] Compiling Diagrams.TwoD.Combinators ( src/Diagrams/TwoD/Combinators.hs, dist/dist-sandbox-b5a179e0/build/Diagrams/TwoD/Combinators.o )
[65 of 73] Compiling Diagrams.Size    ( src/Diagrams/Size.hs, dist/dist-sandbox-b5a179e0/build/Diagrams/Size.o )
[66 of 73] Compiling Diagrams.TwoD.Size ( src/Diagrams/TwoD/Size.hs, dist/dist-sandbox-b5a179e0/build/Diagrams/TwoD/Size.o )
[67 of 73] Compiling Diagrams.TwoD    ( src/Diagrams/TwoD.hs, dist/dist-sandbox-b5a179e0/build/Diagrams/TwoD.o )
[68 of 73] Compiling Diagrams.TwoD.Adjust ( src/Diagrams/TwoD/Adjust.hs, dist/dist-sandbox-b5a179e0/build/Diagrams/TwoD/Adjust.o )
[69 of 73] Compiling Diagrams.ThreeD.Size ( src/Diagrams/ThreeD/Size.hs, dist/dist-sandbox-b5a179e0/build/Diagrams/ThreeD/Size.o )
[70 of 73] Compiling Diagrams.Animation ( src/Diagrams/Animation.hs, dist/dist-sandbox-b5a179e0/build/Diagrams/Animation.o )
[71 of 73] Compiling Diagrams.Backend.CmdLine ( src/Diagrams/Backend/CmdLine.hs, dist/dist-sandbox-b5a179e0/build/Diagrams/Backend/CmdLine.o )
[72 of 73] Compiling Diagrams         ( src/Diagrams.hs, dist/dist-sandbox-b5a179e0/build/Diagrams.o )
[73 of 73] Compiling Diagrams.Prelude ( src/Diagrams/Prelude.hs, dist/dist-sandbox-b5a179e0/build/Diagrams/Prelude.o )
[ 1 of 73] Compiling Diagrams.Attributes ( src/Diagrams/Attributes.hs, dist/dist-sandbox-b5a179e0/build/Diagrams/Attributes.p_o )
[ 2 of 73] Compiling Diagrams.Attributes.Compile ( src/Diagrams/Attributes/Compile.hs, dist/dist-sandbox-b5a179e0/build/Diagrams/Attributes/Compile.p_o )
[ 3 of 73] Compiling Diagrams.CubicSpline.Internal ( src/Diagrams/CubicSpline/Internal.hs, dist/dist-sandbox-b5a179e0/build/Diagrams/CubicSpline/Internal.p_o )
[ 4 of 73] Compiling Diagrams.Names   ( src/Diagrams/Names.hs, dist/dist-sandbox-b5a179e0/build/Diagrams/Names.p_o )
[ 5 of 73] Compiling Diagrams.Parametric ( src/Diagrams/Parametric.hs, dist/dist-sandbox-b5a179e0/build/Diagrams/Parametric.p_o )
[ 6 of 73] Compiling Diagrams.Parametric.Adjust ( src/Diagrams/Parametric/Adjust.hs, dist/dist-sandbox-b5a179e0/build/Diagrams/Parametric/Adjust.p_o )
[ 7 of 73] Compiling Diagrams.Points  ( src/Diagrams/Points.hs, dist/dist-sandbox-b5a179e0/build/Diagrams/Points.p_o )
[ 8 of 73] Compiling Diagrams.Coordinates ( src/Diagrams/Coordinates.hs, dist/dist-sandbox-b5a179e0/build/Diagrams/Coordinates.p_o )
[ 9 of 73] Compiling Diagrams.Angle   ( src/Diagrams/Angle.hs, dist/dist-sandbox-b5a179e0/build/Diagrams/Angle.p_o )
[10 of 73] Compiling Diagrams.Direction ( src/Diagrams/Direction.hs, dist/dist-sandbox-b5a179e0/build/Diagrams/Direction.p_o )
[11 of 73] Compiling Diagrams.Query   ( src/Diagrams/Query.hs, dist/dist-sandbox-b5a179e0/build/Diagrams/Query.p_o )
[12 of 73] Compiling Diagrams.ThreeD.Attributes ( src/Diagrams/ThreeD/Attributes.hs, dist/dist-sandbox-b5a179e0/build/Diagrams/ThreeD/Attributes.p_o )
[13 of 73] Compiling Diagrams.Transform ( src/Diagrams/Transform.hs, dist/dist-sandbox-b5a179e0/build/Diagrams/Transform.p_o )
[14 of 73] Compiling Diagrams.TwoD.Segment.Bernstein ( src/Diagrams/TwoD/Segment/Bernstein.hs, dist/dist-sandbox-b5a179e0/build/Diagrams/TwoD/Segment/Bernstein.p_o )
[15 of 73] Compiling Diagrams.TwoD.Types ( src/Diagrams/TwoD/Types.hs, dist/dist-sandbox-b5a179e0/build/Diagrams/TwoD/Types.p_o )
[16 of 73] Compiling Diagrams.ThreeD.Types ( src/Diagrams/ThreeD/Types.hs, dist/dist-sandbox-b5a179e0/build/Diagrams/ThreeD/Types.p_o )
[17 of 73] Compiling Diagrams.Transform.Matrix ( src/Diagrams/Transform/Matrix.hs, dist/dist-sandbox-b5a179e0/build/Diagrams/Transform/Matrix.p_o )
[18 of 73] Compiling Diagrams.ThreeD.Light ( src/Diagrams/ThreeD/Light.hs, dist/dist-sandbox-b5a179e0/build/Diagrams/ThreeD/Light.p_o )
[19 of 73] Compiling Diagrams.TwoD.Vector ( src/Diagrams/TwoD/Vector.hs, dist/dist-sandbox-b5a179e0/build/Diagrams/TwoD/Vector.p_o )
[20 of 73] Compiling Diagrams.TwoD.Transform ( src/Diagrams/TwoD/Transform.hs, dist/dist-sandbox-b5a179e0/build/Diagrams/TwoD/Transform.p_o )
[21 of 73] Compiling Diagrams.Transform.ScaleInv ( src/Diagrams/Transform/ScaleInv.hs, dist/dist-sandbox-b5a179e0/build/Diagrams/Transform/ScaleInv.p_o )
[22 of 73] Compiling Diagrams.ThreeD.Transform ( src/Diagrams/ThreeD/Transform.hs, dist/dist-sandbox-b5a179e0/build/Diagrams/ThreeD/Transform.p_o )
[23 of 73] Compiling Diagrams.TwoD.Points ( src/Diagrams/TwoD/Points.hs, dist/dist-sandbox-b5a179e0/build/Diagrams/TwoD/Points.p_o )
[24 of 73] Compiling Diagrams.ThreeD.Vector ( src/Diagrams/ThreeD/Vector.hs, dist/dist-sandbox-b5a179e0/build/Diagrams/ThreeD/Vector.p_o )
[25 of 73] Compiling Diagrams.ThreeD.Shapes ( src/Diagrams/ThreeD/Shapes.hs, dist/dist-sandbox-b5a179e0/build/Diagrams/ThreeD/Shapes.p_o )
[26 of 73] Compiling Diagrams.ThreeD.Camera ( src/Diagrams/ThreeD/Camera.hs, dist/dist-sandbox-b5a179e0/build/Diagrams/ThreeD/Camera.p_o )
[27 of 73] Compiling Diagrams.Util    ( src/Diagrams/Util.hs, dist/dist-sandbox-b5a179e0/build/Diagrams/Util.p_o )

src/Diagrams/Util.hs:44:1: warning: [-Wunused-imports]
    The import of ‘Data.List.Lens’ is redundant
      except perhaps to import instances from ‘Data.List.Lens’
    To import instances alone, use: import Data.List.Lens()
   |
44 | import           Data.List.Lens
   | ^^^^^^^^^^^^^^^^^^^^^^^^^^^^^^^
[28 of 73] Compiling Diagrams.Align   ( src/Diagrams/Align.hs, dist/dist-sandbox-b5a179e0/build/Diagrams/Align.p_o )
[29 of 73] Compiling Diagrams.TwoD.Align ( src/Diagrams/TwoD/Align.hs, dist/dist-sandbox-b5a179e0/build/Diagrams/TwoD/Align.p_o )
[30 of 73] Compiling Diagrams.ThreeD.Align ( src/Diagrams/ThreeD/Align.hs, dist/dist-sandbox-b5a179e0/build/Diagrams/ThreeD/Align.p_o )
[31 of 73] Compiling Diagrams.Located ( src/Diagrams/Located.hs, dist/dist-sandbox-b5a179e0/build/Diagrams/Located.p_o )
[32 of 73] Compiling Diagrams.Segment ( src/Diagrams/Segment.hs, dist/dist-sandbox-b5a179e0/build/Diagrams/Segment.p_o )
[33 of 73] Compiling Diagrams.TwoD.Segment ( src/Diagrams/TwoD/Segment.hs, dist/dist-sandbox-b5a179e0/build/Diagrams/TwoD/Segment.p_o )
[34 of 73] Compiling Diagrams.Tangent ( src/Diagrams/Tangent.hs, dist/dist-sandbox-b5a179e0/build/Diagrams/Tangent.p_o )
[35 of 73] Compiling Diagrams.TwoD.Curvature ( src/Diagrams/TwoD/Curvature.hs, dist/dist-sandbox-b5a179e0/build/Diagrams/TwoD/Curvature.p_o )
[36 of 73] Compiling Diagrams.Trail   ( src/Diagrams/Trail.hs, dist/dist-sandbox-b5a179e0/build/Diagrams/Trail.p_o )
[37 of 73] Compiling Diagrams.TrailLike ( src/Diagrams/TrailLike.hs, dist/dist-sandbox-b5a179e0/build/Diagrams/TrailLike.p_o )
[38 of 73] Compiling Diagrams.TwoD.Arc ( src/Diagrams/TwoD/Arc.hs, dist/dist-sandbox-b5a179e0/build/Diagrams/TwoD/Arc.p_o )
[39 of 73] Compiling Diagrams.TwoD.Ellipse ( src/Diagrams/TwoD/Ellipse.hs, dist/dist-sandbox-b5a179e0/build/Diagrams/TwoD/Ellipse.p_o )
[40 of 73] Compiling Diagrams.Animation.Active ( src/Diagrams/Animation/Active.hs, dist/dist-sandbox-b5a179e0/build/Diagrams/Animation/Active.p_o )
[41 of 73] Compiling Diagrams.Combinators ( src/Diagrams/Combinators.hs, dist/dist-sandbox-b5a179e0/build/Diagrams/Combinators.p_o )
[42 of 73] Compiling Diagrams.Trace   ( src/Diagrams/Trace.hs, dist/dist-sandbox-b5a179e0/build/Diagrams/Trace.p_o )
[43 of 73] Compiling Diagrams.Envelope ( src/Diagrams/Envelope.hs, dist/dist-sandbox-b5a179e0/build/Diagrams/Envelope.p_o )
[44 of 73] Compiling Diagrams.Path    ( src/Diagrams/Path.hs, dist/dist-sandbox-b5a179e0/build/Diagrams/Path.p_o )
[45 of 73] Compiling Diagrams.TwoD.Polygons ( src/Diagrams/TwoD/Polygons.hs, dist/dist-sandbox-b5a179e0/build/Diagrams/TwoD/Polygons.p_o )
[46 of 73] Compiling Diagrams.TwoD.Shapes ( src/Diagrams/TwoD/Shapes.hs, dist/dist-sandbox-b5a179e0/build/Diagrams/TwoD/Shapes.p_o )
[47 of 73] Compiling Diagrams.TwoD.Path ( src/Diagrams/TwoD/Path.hs, dist/dist-sandbox-b5a179e0/build/Diagrams/TwoD/Path.p_o )
[48 of 73] Compiling Diagrams.TwoD.Offset ( src/Diagrams/TwoD/Offset.hs, dist/dist-sandbox-b5a179e0/build/Diagrams/TwoD/Offset.p_o )
[49 of 73] Compiling Diagrams.TwoD.Image ( src/Diagrams/TwoD/Image.hs, dist/dist-sandbox-b5a179e0/build/Diagrams/TwoD/Image.p_o )
[50 of 73] Compiling Diagrams.TwoD.Attributes ( src/Diagrams/TwoD/Attributes.hs, dist/dist-sandbox-b5a179e0/build/Diagrams/TwoD/Attributes.p_o )
[51 of 73] Compiling Diagrams.TwoD.Text ( src/Diagrams/TwoD/Text.hs, dist/dist-sandbox-b5a179e0/build/Diagrams/TwoD/Text.p_o )
[52 of 73] Compiling Diagrams.TwoD.Arrowheads ( src/Diagrams/TwoD/Arrowheads.hs, dist/dist-sandbox-b5a179e0/build/Diagrams/TwoD/Arrowheads.p_o )
[53 of 73] Compiling Diagrams.TwoD.Arrow ( src/Diagrams/TwoD/Arrow.hs, dist/dist-sandbox-b5a179e0/build/Diagrams/TwoD/Arrow.p_o )
[54 of 73] Compiling Diagrams.LinearMap ( src/Diagrams/LinearMap.hs, dist/dist-sandbox-b5a179e0/build/Diagrams/LinearMap.p_o )
[55 of 73] Compiling Diagrams.Deform  ( src/Diagrams/Deform.hs, dist/dist-sandbox-b5a179e0/build/Diagrams/Deform.p_o )
[56 of 73] Compiling Diagrams.TwoD.Deform ( src/Diagrams/TwoD/Deform.hs, dist/dist-sandbox-b5a179e0/build/Diagrams/TwoD/Deform.p_o )
[57 of 73] Compiling Diagrams.ThreeD.Projection ( src/Diagrams/ThreeD/Projection.hs, dist/dist-sandbox-b5a179e0/build/Diagrams/ThreeD/Projection.p_o )
[58 of 73] Compiling Diagrams.ThreeD.Deform ( src/Diagrams/ThreeD/Deform.hs, dist/dist-sandbox-b5a179e0/build/Diagrams/ThreeD/Deform.p_o )
[59 of 73] Compiling Diagrams.ThreeD  ( src/Diagrams/ThreeD.hs, dist/dist-sandbox-b5a179e0/build/Diagrams/ThreeD.p_o )
[60 of 73] Compiling Diagrams.CubicSpline.Boehm ( src/Diagrams/CubicSpline/Boehm.hs, dist/dist-sandbox-b5a179e0/build/Diagrams/CubicSpline/Boehm.p_o )
[61 of 73] Compiling Diagrams.CubicSpline ( src/Diagrams/CubicSpline.hs, dist/dist-sandbox-b5a179e0/build/Diagrams/CubicSpline.p_o )
[62 of 73] Compiling Diagrams.TwoD.Model ( src/Diagrams/TwoD/Model.hs, dist/dist-sandbox-b5a179e0/build/Diagrams/TwoD/Model.p_o )
[63 of 73] Compiling Diagrams.BoundingBox ( src/Diagrams/BoundingBox.hs, dist/dist-sandbox-b5a179e0/build/Diagrams/BoundingBox.p_o )
[64 of 73] Compiling Diagrams.TwoD.Combinators ( src/Diagrams/TwoD/Combinators.hs, dist/dist-sandbox-b5a179e0/build/Diagrams/TwoD/Combinators.p_o )
[65 of 73] Compiling Diagrams.Size    ( src/Diagrams/Size.hs, dist/dist-sandbox-b5a179e0/build/Diagrams/Size.p_o )
[66 of 73] Compiling Diagrams.TwoD.Size ( src/Diagrams/TwoD/Size.hs, dist/dist-sandbox-b5a179e0/build/Diagrams/TwoD/Size.p_o )
[67 of 73] Compiling Diagrams.TwoD    ( src/Diagrams/TwoD.hs, dist/dist-sandbox-b5a179e0/build/Diagrams/TwoD.p_o )
[68 of 73] Compiling Diagrams.TwoD.Adjust ( src/Diagrams/TwoD/Adjust.hs, dist/dist-sandbox-b5a179e0/build/Diagrams/TwoD/Adjust.p_o )
[69 of 73] Compiling Diagrams.ThreeD.Size ( src/Diagrams/ThreeD/Size.hs, dist/dist-sandbox-b5a179e0/build/Diagrams/ThreeD/Size.p_o )
[70 of 73] Compiling Diagrams.Animation ( src/Diagrams/Animation.hs, dist/dist-sandbox-b5a179e0/build/Diagrams/Animation.p_o )
[71 of 73] Compiling Diagrams.Backend.CmdLine ( src/Diagrams/Backend/CmdLine.hs, dist/dist-sandbox-b5a179e0/build/Diagrams/Backend/CmdLine.p_o )
[72 of 73] Compiling Diagrams         ( src/Diagrams.hs, dist/dist-sandbox-b5a179e0/build/Diagrams.p_o )
[73 of 73] Compiling Diagrams.Prelude ( src/Diagrams/Prelude.hs, dist/dist-sandbox-b5a179e0/build/Diagrams/Prelude.p_o )
Preprocessing library for diagrams-lib-1.4.5.1..
Running Haddock on library for diagrams-lib-1.4.5.1..

src/Diagrams/Util.hs:44:1: warning: [-Wunused-imports]
    The import of ‘Data.List.Lens’ is redundant
      except perhaps to import instances from ‘Data.List.Lens’
    To import instances alone, use: import Data.List.Lens()
   |
44 | import           Data.List.Lens
   | ^^^^^^^^^^^^^^^^^^^^^^^^^^^^^^^
Haddock coverage:
Warning: 'Iso' is ambiguous. It is defined
    * in ‘Control.Lens.Reified’
    * in ‘Control.Lens.Type’
    You may be able to disambiguate the identifier by qualifying it or
    by hiding some imports.
    Defaulting to 'Iso' defined in ‘Control.Lens.Type’
  67% ( 61 / 91) in 'Diagrams.Attributes'
  Missing documentation for:
    ultraThin (src/Diagrams/Attributes.hs:106)
    veryThin (src/Diagrams/Attributes.hs:106)
    thin (src/Diagrams/Attributes.hs:106)
    medium (src/Diagrams/Attributes.hs:106)
    thick (src/Diagrams/Attributes.hs:106)
    veryThick (src/Diagrams/Attributes.hs:106)
    ultraThick (src/Diagrams/Attributes.hs:106)
    none (src/Diagrams/Attributes.hs:106)
    tiny (src/Diagrams/Attributes.hs:106)
    verySmall (src/Diagrams/Attributes.hs:106)
    small (src/Diagrams/Attributes.hs:106)
    normal (src/Diagrams/Attributes.hs:106)
    large (src/Diagrams/Attributes.hs:106)
    veryLarge (src/Diagrams/Attributes.hs:106)
    huge (src/Diagrams/Attributes.hs:106)
    getLineWidth (src/Diagrams/Attributes.hs:148)
    _LineWidth (src/Diagrams/Attributes.hs:135)
    _LineWidthM (src/Diagrams/Attributes.hs:138)
    getDashing (src/Diagrams/Attributes.hs:203)
    someToAlpha (src/Diagrams/Attributes.hs:288)
    _Opacity (src/Diagrams/Attributes.hs:335)
    getOpacity (src/Diagrams/Attributes.hs:338)
    _FillOpacity (src/Diagrams/Attributes.hs:361)
    getFillOpacity (src/Diagrams/Attributes.hs:364)
    _StrokeOpacity (src/Diagrams/Attributes.hs:387)
    getStrokeOpacity (src/Diagrams/Attributes.hs:390)
    getLineCap (src/Diagrams/Attributes.hs:426)
    getLineJoin (src/Diagrams/Attributes.hs:456)
    _LineMiterLimit (src/Diagrams/Attributes.hs:475)
    getLineMiterLimit (src/Diagrams/Attributes.hs:481)
Warning: 'splitFills' is out of scope.
    If you qualify the identifier, haddock can try to link it
    it anyway.
  67% (  2 /  3) in 'Diagrams.Attributes.Compile'
  Missing documentation for:
    SplitAttribute (src/Diagrams/Attributes/Compile.hs:42)
 100% (  5 /  5) in 'Diagrams.CubicSpline.Internal'
 100% ( 30 / 30) in 'Diagrams.Names'
 100% (  9 /  9) in 'Diagrams.Parametric'
 100% (  8 /  8) in 'Diagrams.Parametric.Adjust'
  80% (  8 / 10) in 'Diagrams.Points'
  Missing documentation for:
    _Point
    lensP
 100% (  3 /  3) in 'Diagrams.Coordinates'
Warning: 'Prism'' is out of scope.
    If you qualify the identifier, haddock can try to link it
    it anyway.
Warning: 'Review' is out of scope.
    If you qualify the identifier, haddock can try to link it
    it anyway.
Warning: 'Equality'' is out of scope.
    If you qualify the identifier, haddock can try to link it
    it anyway.
Warning: 'Iso' is out of scope.
    If you qualify the identifier, haddock can try to link it
    it anyway.
Warning: 'rotateAbout' is out of scope.
    If you qualify the identifier, haddock can try to link it
    it anyway.
Warning: 'rotateBy' is out of scope.
    If you qualify the identifier, haddock can try to link it
    it anyway.
 100% ( 31 / 31) in 'Diagrams.Angle'
 100% (  9 /  9) in 'Diagrams.Direction'
Warning: 'V2' is out of scope.
    If you qualify the identifier, haddock can try to link it
    it anyway.
 100% ( 11 / 11) in 'Diagrams.Query'
  73% ( 16 / 22) in 'Diagrams.ThreeD.Attributes'
  Missing documentation for:
    _SurfaceColor (src/Diagrams/ThreeD/Attributes.hs:45)
    _Ambient (src/Diagrams/ThreeD/Attributes.hs:89)
    specularSize (src/Diagrams/ThreeD/Attributes.hs:112)
    specularIntensity (src/Diagrams/ThreeD/Attributes.hs:112)
    Highlight (src/Diagrams/ThreeD/Attributes.hs:114)
    _Highlight (src/Diagrams/ThreeD/Attributes.hs:119)
Warning: 'scaleX' is out of scope.
    If you qualify the identifier, haddock can try to link it
    it anyway.
Warning: 'rotation' is out of scope.
    If you qualify the identifier, haddock can try to link it
    it anyway.
Warning: 'Iso' is ambiguous. It is defined
    * in ‘Control.Lens.Reified’
    * in ‘Control.Lens.Type’
    You may be able to disambiguate the identifier by qualifying it or
    by hiding some imports.
    Defaulting to 'Iso' defined in ‘Control.Lens.Type’
 100% ( 26 / 26) in 'Diagrams.Transform'
  86% (  6 /  7) in 'Diagrams.TwoD.Segment.Bernstein'
  Missing documentation for:
    BernsteinPoly (src/Diagrams/TwoD/Segment/Bernstein.hs:33)
Warning: '&' is out of scope.
    If you qualify the identifier, haddock can try to link it
    it anyway.
Warning: 'coords' is out of scope.
    If you qualify the identifier, haddock can try to link it
    it anyway.
Warning: '^&' is out of scope.
    If you qualify the identifier, haddock can try to link it
    it anyway.
  71% ( 12 / 17) in 'Diagrams.TwoD.Types'
  Missing documentation for:
    P2 (src/Diagrams/TwoD/Types.hs:36)
    T2 (src/Diagrams/TwoD/Types.hs:37)
    r2Iso (src/Diagrams/TwoD/Types.hs:54)
    p2Iso (src/Diagrams/TwoD/Types.hs:69)
    r2PolarIso (src/Diagrams/TwoD/Types.hs:75)
  68% ( 13 / 19) in 'Diagrams.ThreeD.Types'
  Missing documentation for:
    r3Iso (src/Diagrams/ThreeD/Types.hs:44)
    p3Iso (src/Diagrams/ThreeD/Types.hs:67)
    r3SphericalIso (src/Diagrams/ThreeD/Types.hs:80)
    r3CylindricalIso (src/Diagrams/ThreeD/Types.hs:85)
    P3 (src/Diagrams/ThreeD/Types.hs:41)
    T3 (src/Diagrams/ThreeD/Types.hs:42)
 100% (  8 /  8) in 'Diagrams.Transform.Matrix'
 100% (  5 /  5) in 'Diagrams.ThreeD.Light'
Warning: 'Directions' is out of scope.
    If you qualify the identifier, haddock can try to link it
    it anyway.
 100% ( 18 / 18) in 'Diagrams.TwoD.Vector'
Warning: 'Iso' is ambiguous. It is defined
    * in ‘Control.Lens.Reified’
    * in ‘Control.Lens.Type’
    You may be able to disambiguate the identifier by qualifying it or
    by hiding some imports.
    Defaulting to 'Iso' defined in ‘Control.Lens.Type’
Warning: 'vrule' is out of scope.
    If you qualify the identifier, haddock can try to link it
    it anyway.
Warning: 'hrule' is out of scope.
    If you qualify the identifier, haddock can try to link it
    it anyway.
  98% ( 45 / 46) in 'Diagrams.TwoD.Transform'
  Missing documentation for:
    T2 (src/Diagrams/TwoD/Types.hs:37)
  57% (  4 /  7) in 'Diagrams.Transform.ScaleInv'
  Missing documentation for:
    scaleInvObj (src/Diagrams/Transform/ScaleInv.hs:80)
    scaleInvDir (src/Diagrams/Transform/ScaleInv.hs:80)
    scaleInvLoc (src/Diagrams/Transform/ScaleInv.hs:80)
  97% ( 36 / 37) in 'Diagrams.ThreeD.Transform'
  Missing documentation for:
    T3 (src/Diagrams/ThreeD/Types.hs:42)
 100% (  3 /  3) in 'Diagrams.TwoD.Points'
 100% ( 11 / 11) in 'Diagrams.ThreeD.Vector'
  65% ( 11 / 17) in 'Diagrams.ThreeD.Shapes'
  Missing documentation for:
    Ellipsoid (src/Diagrams/ThreeD/Shapes.hs:60)
    Box (src/Diagrams/ThreeD/Shapes.hs:87)
    Frustum (src/Diagrams/ThreeD/Shapes.hs:125)
    union (src/Diagrams/ThreeD/Shapes.hs:316)
    intersection (src/Diagrams/ThreeD/Shapes.hs:319)
    difference (src/Diagrams/ThreeD/Shapes.hs:322)
  45% (  9 / 20) in 'Diagrams.ThreeD.Camera'
  Missing documentation for:
    Camera (src/Diagrams/ThreeD/Camera.hs:46)
    horizontalFieldOfView (src/Diagrams/ThreeD/Camera.hs:68)
    verticalFieldOfView (src/Diagrams/ThreeD/Camera.hs:68)
    orthoWidth (src/Diagrams/ThreeD/Camera.hs:83)
    orthoHeight (src/Diagrams/ThreeD/Camera.hs:83)
    camLoc (src/Diagrams/ThreeD/Camera.hs:47)
    camForward (src/Diagrams/ThreeD/Camera.hs:132)
    camUp (src/Diagrams/ThreeD/Camera.hs:135)
    camRight (src/Diagrams/ThreeD/Camera.hs:138)
    camLens (src/Diagrams/ThreeD/Camera.hs:142)
    camAspect (src/Diagrams/ThreeD/Camera.hs:145)
Warning: 'PolygonOpts' is out of scope.
    If you qualify the identifier, haddock can try to link it
    it anyway.
Warning: 'polygon' is out of scope.
    If you qualify the identifier, haddock can try to link it
    it anyway.
 100% ( 15 / 15) in 'Diagrams.Util'
Warning: 'AdditiveGroup' is out of scope.
    If you qualify the identifier, haddock can try to link it
    it anyway.
Warning: 'boundary' is out of scope.
    If you qualify the identifier, haddock can try to link it
    it anyway.
  93% ( 13 / 14) in 'Diagrams.Align'
  Missing documentation for:
    traceBoundary (src/Diagrams/Align.hs:91)
Warning: 'alignTop' is out of scope.
    If you qualify the identifier, haddock can try to link it
    it anyway.
Warning: 'hcat' is out of scope.
    If you qualify the identifier, haddock can try to link it
    it anyway.
  61% ( 17 / 28) in 'Diagrams.TwoD.Align'
  Missing documentation for:
    alignTL (src/Diagrams/TwoD/Align.hs:80)
    alignTR (src/Diagrams/TwoD/Align.hs:80)
    alignBL (src/Diagrams/TwoD/Align.hs:80)
    alignBR (src/Diagrams/TwoD/Align.hs:80)
    snugL (src/Diagrams/TwoD/Align.hs:55)
    snugR (src/Diagrams/TwoD/Align.hs:62)
    snugT (src/Diagrams/TwoD/Align.hs:70)
    snugB (src/Diagrams/TwoD/Align.hs:77)
    snugCenterX (src/Diagrams/TwoD/Align.hs:119)
    snugCenterY (src/Diagrams/TwoD/Align.hs:126)
    snugCenterXY (src/Diagrams/TwoD/Align.hs:133)
Warning: 'cat' is out of scope.
    If you qualify the identifier, haddock can try to link it
    it anyway.
  66% ( 25 / 38) in 'Diagrams.ThreeD.Align'
  Missing documentation for:
    snugXMin (src/Diagrams/ThreeD/Align.hs:55)
    snugXMax (src/Diagrams/ThreeD/Align.hs:63)
    snugYMin (src/Diagrams/ThreeD/Align.hs:72)
    snugYMax (src/Diagrams/ThreeD/Align.hs:80)
    snugZMin (src/Diagrams/ThreeD/Align.hs:89)
    snugZMax (src/Diagrams/ThreeD/Align.hs:97)
    snugCenterX (src/Diagrams/TwoD/Align.hs:119)
    snugCenterY (src/Diagrams/TwoD/Align.hs:126)
    snugCenterZ (src/Diagrams/ThreeD/Align.hs:116)
    snugCenterXY (src/Diagrams/TwoD/Align.hs:133)
    snugCenterXZ (src/Diagrams/ThreeD/Align.hs:123)
    snugCenterYZ (src/Diagrams/ThreeD/Align.hs:131)
    snugCenterXYZ (src/Diagrams/ThreeD/Align.hs:138)
Warning: 'Segment' is out of scope.
    If you qualify the identifier, haddock can try to link it
    it anyway.
Warning: 'Trail' is out of scope.
    If you qualify the identifier, haddock can try to link it
    it anyway.
Warning: 'TrailLike' is out of scope.
    If you qualify the identifier, haddock can try to link it
    it anyway.
 100% (  7 /  7) in 'Diagrams.Located'
Warning: 'Iso' is ambiguous. It is defined
    * in ‘Control.Lens.Reified’
    * in ‘Control.Lens.Type’
    You may be able to disambiguate the identifier by qualifying it or
    by hiding some imports.
    Defaulting to 'Iso' defined in ‘Control.Lens.Type’
Warning: 'Trail' is out of scope.
    If you qualify the identifier, haddock can try to link it
    it anyway.
  94% ( 31 / 33) in 'Diagrams.Segment'
  Missing documentation for:
    oeOffset (src/Diagrams/Segment.hs:551)
    oeEnvelope (src/Diagrams/Segment.hs:551)
 100% ( 14 / 14) in 'Diagrams.TwoD.Segment'
 100% ( 11 / 11) in 'Diagrams.Tangent'
 100% (  5 /  5) in 'Diagrams.TwoD.Curvature'
Warning: 'TrailLike' is out of scope.
    If you qualify the identifier, haddock can try to link it
    it anyway.
Warning: 'Path' is out of scope.
    If you qualify the identifier, haddock can try to link it
    it anyway.
Warning: 'Line' is ambiguous. It is defined
    * at src/Diagrams/Trail.hs:397:3
    * at src/Diagrams/Trail.hs:338:1
    You may be able to disambiguate the identifier by qualifying it or
    by hiding some imports.
    Defaulting to 'Line' defined at src/Diagrams/Trail.hs:338:1
Warning: 'Loop' is ambiguous. It is defined
    * at src/Diagrams/Trail.hs:398:3
    * at src/Diagrams/Trail.hs:342:1
    You may be able to disambiguate the identifier by qualifying it or
    by hiding some imports.
    Defaulting to 'Loop' defined at src/Diagrams/Trail.hs:342:1
Warning: 'fromOffsets' is out of scope.
    If you qualify the identifier, haddock can try to link it
    it anyway.
Warning: 'fromVertices' is out of scope.
    If you qualify the identifier, haddock can try to link it
    it anyway.
Warning: 'toler' is out of scope.
    If you qualify the identifier, haddock can try to link it
    it anyway.
  99% ( 80 / 81) in 'Diagrams.Trail'
  Missing documentation for:
    GetSegmentCodomain (src/Diagrams/Trail.hs:580)
 100% ( 11 / 11) in 'Diagrams.TrailLike'
Warning: 'arcAngleCCW' is out of scope.
    If you qualify the identifier, haddock can try to link it
    it anyway.
 100% ( 10 / 10) in 'Diagrams.TwoD.Arc'
 100% (  6 /  6) in 'Diagrams.TwoD.Ellipse'
Warning: 'Alignable' is out of scope.
    If you qualify the identifier, haddock can try to link it
    it anyway.
 100% (  1 /  1) in 'Diagrams.Animation.Active'
Warning: 'centerXY' is out of scope.
    If you qualify the identifier, haddock can try to link it
    it anyway.
Warning: 'strutR2' is out of scope.
    If you qualify the identifier, haddock can try to link it
    it anyway.
Warning: 'd' is out of scope.
    If you qualify the identifier, haddock can try to link it
    it anyway.
 100% ( 26 / 26) in 'Diagrams.Combinators'
 100% ( 16 / 16) in 'Diagrams.Trace'
 100% ( 19 / 19) in 'Diagrams.Envelope'
 100% ( 24 / 24) in 'Diagrams.Path'
Warning: 'regPoly' is out of scope.
    If you qualify the identifier, haddock can try to link it
    it anyway.
Warning: 'v' is out of scope.
    If you qualify the identifier, haddock can try to link it
    it anyway.
 100% ( 23 / 23) in 'Diagrams.TwoD.Polygons'
  83% ( 24 / 29) in 'Diagrams.TwoD.Shapes'
  Missing documentation for:
    RoundedRectOpts (src/Diagrams/TwoD/Shapes.hs:241)
    radiusTL (src/Diagrams/TwoD/Shapes.hs:247)
    radiusTR (src/Diagrams/TwoD/Shapes.hs:247)
    radiusBL (src/Diagrams/TwoD/Shapes.hs:247)
    radiusBR (src/Diagrams/TwoD/Shapes.hs:247)
Warning: 'with' is out of scope.
    If you qualify the identifier, haddock can try to link it
    it anyway.
Warning: 'Loop' is ambiguous. It is defined
    * at src/Diagrams/Trail.hs:398:3
    * at src/Diagrams/Trail.hs:342:1
    You may be able to disambiguate the identifier by qualifying it or
    by hiding some imports.
    Defaulting to 'Loop' defined at src/Diagrams/Trail.hs:342:1
Warning: 'Line' is ambiguous. It is defined
    * at src/Diagrams/Trail.hs:397:3
    * at src/Diagrams/Trail.hs:338:1
    You may be able to disambiguate the identifier by qualifying it or
    by hiding some imports.
    Defaulting to 'Line' defined at src/Diagrams/Trail.hs:338:1
Warning: 'FillRuleA' is out of scope.
    If you qualify the identifier, haddock can try to link it
    it anyway.
Warning: 'Loops' is out of scope.
    If you qualify the identifier, haddock can try to link it
    it anyway.
  98% ( 43 / 44) in 'Diagrams.TwoD.Path'
  Missing documentation for:
    _Clip (src/Diagrams/TwoD/Path.hs:446)
Warning: 'r' is out of scope.
    If you qualify the identifier, haddock can try to link it
    it anyway.
  95% ( 20 / 21) in 'Diagrams.TwoD.Offset'
  Missing documentation for:
    offsetSegment (src/Diagrams/TwoD/Offset.hs:170)
  79% ( 11 / 14) in 'Diagrams.TwoD.Image'
  Missing documentation for:
    Embedded (src/Diagrams/TwoD/Image.hs:58)
    External (src/Diagrams/TwoD/Image.hs:59)
    Native (src/Diagrams/TwoD/Image.hs:60)
Warning: 'FillColor' is out of scope.
    If you qualify the identifier, haddock can try to link it
    it anyway.
Warning: 'LineColor' is out of scope.
    If you qualify the identifier, haddock can try to link it
    it anyway.
  79% ( 49 / 62) in 'Diagrams.TwoD.Attributes'
  Missing documentation for:
    _SC (src/Diagrams/TwoD/Attributes.hs:197)
    _LG (src/Diagrams/TwoD/Attributes.hs:197)
    _RG (src/Diagrams/TwoD/Attributes.hs:197)
    _LineTexture (src/Diagrams/TwoD/Attributes.hs:273)
    getLineTexture (src/Diagrams/TwoD/Attributes.hs:288)
    lineTexture (src/Diagrams/TwoD/Attributes.hs:291)
    lineTextureA (src/Diagrams/TwoD/Attributes.hs:294)
    mkLineTexture (src/Diagrams/TwoD/Attributes.hs:285)
    _lineTexture (src/Diagrams/TwoD/Attributes.hs:297)
    _FillTexture (src/Diagrams/TwoD/Attributes.hs:339)
    getFillTexture (src/Diagrams/TwoD/Attributes.hs:360)
    fillTexture (src/Diagrams/TwoD/Attributes.hs:363)
    mkFillTexture (src/Diagrams/TwoD/Attributes.hs:366)
Warning: 'commited' is out of scope.
    If you qualify the identifier, haddock can try to link it
    it anyway.
Warning: 'FontSlantA' is out of scope.
    If you qualify the identifier, haddock can try to link it
    it anyway.
  92% ( 49 / 53) in 'Diagrams.TwoD.Text'
  Missing documentation for:
    _Font (src/Diagrams/TwoD/Text.hs:196)
    _FontSize (src/Diagrams/TwoD/Text.hs:226)
    _fontSizeR (src/Diagrams/TwoD/Text.hs:283)
    _fontSizeU (src/Diagrams/TwoD/Text.hs:291)
  88% ( 29 / 33) in 'Diagrams.TwoD.Arrowheads'
  Missing documentation for:
    noHead (src/Diagrams/TwoD/Arrowheads.hs:215)
    noTail (src/Diagrams/TwoD/Arrowheads.hs:303)
    arrowtailBlock (src/Diagrams/TwoD/Arrowheads.hs:265)
    ArrowHT (src/Diagrams/TwoD/Arrowheads.hs:90)
  91% ( 40 / 44) in 'Diagrams.TwoD.Arrow'
  Missing documentation for:
    arrowAt' (src/Diagrams/TwoD/Arrow.hs:492)
    connectPerim' (src/Diagrams/TwoD/Arrow.hs:555)
    connectOutside' (src/Diagrams/TwoD/Arrow.hs:576)
    ArrowOpts (src/Diagrams/TwoD/Arrow.hs:144)
  83% ( 10 / 12) in 'Diagrams.LinearMap'
  Missing documentation for:
    AffineMappable (src/Diagrams/LinearMap.hs:144)
    toAffineMap (src/Diagrams/LinearMap.hs:141)
  50% (  2 /  4) in 'Diagrams.Deform'
  Missing documentation for:
    Module header
    Deformable (src/Diagrams/Deform.hs:48)
  71% (  5 /  7) in 'Diagrams.TwoD.Deform'
  Missing documentation for:
    Module header
    facingY (src/Diagrams/TwoD/Deform.hs:37)
  95% ( 21 / 22) in 'Diagrams.ThreeD.Projection'
  Missing documentation for:
    lookingAt (src/Diagrams/ThreeD/Projection.hs:114)
  70% (  7 / 10) in 'Diagrams.ThreeD.Deform'
  Missing documentation for:
    Module header
    facingY (src/Diagrams/TwoD/Deform.hs:37)
    facingZ (src/Diagrams/ThreeD/Deform.hs:24)
 100% ( 10 / 10) in 'Diagrams.ThreeD'
  75% (  3 /  4) in 'Diagrams.CubicSpline.Boehm'
  Missing documentation for:
    BSpline (src/Diagrams/CubicSpline/Boehm.hs:37)
  80% (  4 /  5) in 'Diagrams.CubicSpline'
  Missing documentation for:
    BSpline (src/Diagrams/CubicSpline/Boehm.hs:37)
  44% ( 11 / 25) in 'Diagrams.TwoD.Model'
  Missing documentation for:
    OriginOpts (src/Diagrams/TwoD/Model.hs:69)
    oColor (src/Diagrams/TwoD/Model.hs:75)
    oScale (src/Diagrams/TwoD/Model.hs:75)
    oMinSize (src/Diagrams/TwoD/Model.hs:75)
    EnvelopeOpts (src/Diagrams/TwoD/Model.hs:80)
    eColor (src/Diagrams/TwoD/Model.hs:86)
    eLineWidth (src/Diagrams/TwoD/Model.hs:86)
    ePoints (src/Diagrams/TwoD/Model.hs:86)
    TraceOpts (src/Diagrams/TwoD/Model.hs:91)
    tColor (src/Diagrams/TwoD/Model.hs:98)
    tScale (src/Diagrams/TwoD/Model.hs:98)
    tMinSize (src/Diagrams/TwoD/Model.hs:98)
    tPoints (src/Diagrams/TwoD/Model.hs:98)
    showLabels (src/Diagrams/TwoD/Model.hs:166)
 100% ( 29 / 29) in 'Diagrams.BoundingBox'
 100% ( 26 / 26) in 'Diagrams.TwoD.Combinators'
Warning: 'mkWidth' is out of scope.
    If you qualify the identifier, haddock can try to link it
    it anyway.
Warning: 'mkHeight' is out of scope.
    If you qualify the identifier, haddock can try to link it
    it anyway.
 100% ( 16 / 16) in 'Diagrams.Size'
 100% ( 11 / 11) in 'Diagrams.TwoD.Size'
  85% (317 /371) in 'Diagrams.TwoD'
  Missing documentation for:
    P2 (src/Diagrams/TwoD/Types.hs:36)
    T2 (src/Diagrams/TwoD/Types.hs:37)
    r2PolarIso (src/Diagrams/TwoD/Types.hs:75)
    _Clip (src/Diagrams/TwoD/Path.hs:446)
    RoundedRectOpts (src/Diagrams/TwoD/Shapes.hs:241)
    radiusTL (src/Diagrams/TwoD/Shapes.hs:247)
    radiusTR (src/Diagrams/TwoD/Shapes.hs:247)
    radiusBL (src/Diagrams/TwoD/Shapes.hs:247)
    radiusBR (src/Diagrams/TwoD/Shapes.hs:247)
    arrowAt' (src/Diagrams/TwoD/Arrow.hs:492)
    connectPerim' (src/Diagrams/TwoD/Arrow.hs:555)
    connectOutside' (src/Diagrams/TwoD/Arrow.hs:576)
    ArrowOpts (src/Diagrams/TwoD/Arrow.hs:144)
    _fontSizeR (src/Diagrams/TwoD/Text.hs:283)
    Embedded (src/Diagrams/TwoD/Image.hs:58)
    External (src/Diagrams/TwoD/Image.hs:59)
    Native (src/Diagrams/TwoD/Image.hs:60)
    facingY (src/Diagrams/TwoD/Deform.hs:37)
    alignTL (src/Diagrams/TwoD/Align.hs:80)
    alignTR (src/Diagrams/TwoD/Align.hs:80)
    alignBL (src/Diagrams/TwoD/Align.hs:80)
    alignBR (src/Diagrams/TwoD/Align.hs:80)
    snugL (src/Diagrams/TwoD/Align.hs:55)
    snugR (src/Diagrams/TwoD/Align.hs:62)
    snugT (src/Diagrams/TwoD/Align.hs:70)
    snugB (src/Diagrams/TwoD/Align.hs:77)
    snugCenterX (src/Diagrams/TwoD/Align.hs:119)
    snugCenterY (src/Diagrams/TwoD/Align.hs:126)
    snugCenterXY (src/Diagrams/TwoD/Align.hs:133)
    _FillTexture (src/Diagrams/TwoD/Attributes.hs:339)
    fillTexture (src/Diagrams/TwoD/Attributes.hs:363)
    getFillTexture (src/Diagrams/TwoD/Attributes.hs:360)
    _LineTexture (src/Diagrams/TwoD/Attributes.hs:273)
    lineTexture (src/Diagrams/TwoD/Attributes.hs:291)
    _lineTexture (src/Diagrams/TwoD/Attributes.hs:297)
    lineTextureA (src/Diagrams/TwoD/Attributes.hs:294)
    getLineTexture (src/Diagrams/TwoD/Attributes.hs:288)
    _LG (src/Diagrams/TwoD/Attributes.hs:197)
    _RG (src/Diagrams/TwoD/Attributes.hs:197)
    _SC (src/Diagrams/TwoD/Attributes.hs:197)
    OriginOpts (src/Diagrams/TwoD/Model.hs:69)
    oColor (src/Diagrams/TwoD/Model.hs:75)
    oScale (src/Diagrams/TwoD/Model.hs:75)
    oMinSize (src/Diagrams/TwoD/Model.hs:75)
    EnvelopeOpts (src/Diagrams/TwoD/Model.hs:80)
    eColor (src/Diagrams/TwoD/Model.hs:86)
    eLineWidth (src/Diagrams/TwoD/Model.hs:86)
    ePoints (src/Diagrams/TwoD/Model.hs:86)
    TraceOpts (src/Diagrams/TwoD/Model.hs:91)
    tColor (src/Diagrams/TwoD/Model.hs:98)
    tScale (src/Diagrams/TwoD/Model.hs:98)
    tMinSize (src/Diagrams/TwoD/Model.hs:98)
    tPoints (src/Diagrams/TwoD/Model.hs:98)
    showLabels (src/Diagrams/TwoD/Model.hs:166)
Warning: 'LineTexture' is out of scope.
    If you qualify the identifier, haddock can try to link it
    it anyway.
Warning: 'MiterLimit' is out of scope.
    If you qualify the identifier, haddock can try to link it
    it anyway.
Warning: 'adjustDiaSize2D' is out of scope.
    If you qualify the identifier, haddock can try to link it
    it anyway.
 100% (  4 /  4) in 'Diagrams.TwoD.Adjust'
 100% (  8 /  8) in 'Diagrams.ThreeD.Size'
Warning: '|||' is out of scope.
    If you qualify the identifier, haddock can try to link it
    it anyway.
 100% ( 10 / 10) in 'Diagrams.Animation'
Warning: 'h' is out of scope.
    If you qualify the identifier, haddock can try to link it
    it anyway.
Warning: 'a' is out of scope.
    If you qualify the identifier, haddock can try to link it
    it anyway.
Warning: 'd' is out of scope.
    If you qualify the identifier, haddock can try to link it
    it anyway.
  71% ( 25 / 35) in 'Diagrams.Backend.CmdLine'
  Missing documentation for:
    width (src/Diagrams/Backend/CmdLine.hs:132)
    height (src/Diagrams/Backend/CmdLine.hs:132)
    output (src/Diagrams/Backend/CmdLine.hs:132)
    selection (src/Diagrams/Backend/CmdLine.hs:143)
    list (src/Diagrams/Backend/CmdLine.hs:143)
    fpu (src/Diagrams/Backend/CmdLine.hs:151)
    loop (src/Diagrams/Backend/CmdLine.hs:160)
    src (src/Diagrams/Backend/CmdLine.hs:160)
    interval (src/Diagrams/Backend/CmdLine.hs:160)
    defaultLoopRender (src/Diagrams/Backend/CmdLine.hs:578)
  99% (164 /165) in 'Diagrams'
  Missing documentation for:
    GetSegmentCodomain (src/Diagrams/Trail.hs:580)
  80% (766 /956) in 'Diagrams.Prelude'
  Missing documentation for:
    black
    ColourOps
    yellowgreen
    yellow
    whitesmoke
    white
    wheat
    violet
    turquoise
    tomato
    thistle
    teal
    steelblue
    springgreen
    snow
    slategrey
    slategray
    slateblue
    skyblue
    silver
    sienna
    seashell
    seagreen
    sandybrown
    salmon
    saddlebrown
    royalblue
    rosybrown
    red
    purple
    powderblue
    plum
    pink
    peru
    peachpuff
    papayawhip
    palevioletred
    paleturquoise
    palegreen
    palegoldenrod
    orchid
    orangered
    orange
    olivedrab
    olive
    oldlace
    navy
    navajowhite
    moccasin
    mistyrose
    mintcream
    midnightblue
    mediumvioletred
    mediumturquoise
    mediumspringgreen
    mediumslateblue
    mediumseagreen
    mediumpurple
    mediumorchid
    mediumblue
    mediumaquamarine
    maroon
    magenta
    linen
    limegreen
    lime
    lightyellow
    lightsteelblue
    lightslategrey
    lightslategray
    lightskyblue
    lightseagreen
    lightsalmon
    lightpink
    lightgrey
    lightgreen
    lightgray
    lightgoldenrodyellow
    lightcyan
    lightcoral
    lightblue
    lemonchiffon
    lawngreen
    lavenderblush
    lavender
    khaki
    ivory
    indigo
    indianred
    hotpink
    honeydew
    greenyellow
    green
    grey
    gray
    goldenrod
    gold
    ghostwhite
    gainsboro
    fuchsia
    forestgreen
    floralwhite
    firebrick
    dodgerblue
    dimgrey
    dimgray
    deepskyblue
    deeppink
    darkviolet
    darkturquoise
    darkslategrey
    darkslategray
    darkslateblue
    darkseagreen
    darksalmon
    darkred
    darkorchid
    darkorange
    darkolivegreen
    darkmagenta
    darkkhaki
    darkgrey
    darkgreen
    darkgray
    darkgoldenrod
    darkcyan
    darkblue
    cyan
    crimson
    cornsilk
    cornflowerblue
    coral
    chocolate
    chartreuse
    cadetblue
    burlywood
    brown
    blueviolet
    blue
    blanchedalmond
    bisque
    beige
    azure
    aquamarine
    aqua
    antiquewhite
    aliceblue
    readColourName
    black
    defaultFieldRules
    Index
    GPlated
    GPlated1
    _Unwrapped
    _Unwrapped'
    Wrapped
    Unwrapped
    Rewrapped
    Rewrapping
    :<
    :>
    Empty
    AsEmpty
    Strict
    Lazy
    Swapped
    Reversed
    List
    cloneEquality
    itraverseByOf
    itraverseBy
    ifoldMapByOf
    ifoldMapBy
    ReifiedIndexedFold
    iunsafePartsOf'
    unsafePartsOf'
    Traversing1
    Traversing1'
    ifolding
    Prefixed
    Suffixed
    Traversal1
    Traversal1'
    IndexedTraversal1
    IndexedTraversal1'
    IndexPreservingTraversal1
    IndexPreservingTraversal1'
    IndexedFold1
    IndexPreservingFold1
    Traversable1
Warning: Diagrams.Attributes: could not find link destinations for:
    LineWidthM
Warning: Diagrams.Points: could not find link destinations for:
    unsafeIndex unsafeRangeSize D:R:MVectorsPoint0 MV_P D:R:VectorPoint0 V_P
Warning: Diagrams.TwoD.Types: could not find link destinations for:
    unsafeIndex unsafeRangeSize D:R:MVectorsV20 MV_V2 D:R:VectorV20 V_V2
Warning: Diagrams.ThreeD.Types: could not find link destinations for:
    unsafeIndex unsafeRangeSize D:R:MVectorsV30 MV_V3 D:R:VectorV30 V_V3
Warning: Diagrams.ThreeD.Shapes: could not find link destinations for:
    CsgPrim
Warning: Diagrams.ThreeD.Camera: could not find link destinations for:
    CameraLens
Warning: Diagrams.TwoD.Text: could not find link destinations for:
    FontSizeM
Warning: Diagrams.TwoD: could not find link destinations for:
    unsafeIndex unsafeRangeSize D:R:MVectorsV20 MV_V2 D:R:VectorV20 V_V2
Warning: Diagrams.Prelude: could not find link destinations for:
    unsafeIndex unsafeRangeSize D:R:MVectorsIdentity0 D:R:VectorIdentity0 V_Identity D:R:MVectorsConst0 D:R:VectorConst0 V_Const gplate' gplate1' GUnwrapped ifoldr Stream P Fold Indexing Mag Holes
Documentation created:
dist/dist-sandbox-b5a179e0/doc/html/diagrams-lib/index.html
Installing library in /Users/christophe.thibaut/Coding/fractal-sculpture/.cabal-sandbox/lib/x86_64-osx-ghc-8.6.3/diagrams-lib-1.4.5.1-8azfZBIXYf0Aho8xyUlGol
cabal: Leaving directory '/var/folders/z7/k6qym9m16y15sb6n8znyr7ww0000gn/T/cabal-tmp-24919/diagrams-lib-1.4.5.1'
