cabal: Entering directory '/var/folders/z7/k6qym9m16y15sb6n8znyr7ww0000gn/T/cabal-tmp-24921/diagrams-core-1.5.0'
Configuring diagrams-core-1.5.0...
Preprocessing library for diagrams-core-1.5.0..
Building library for diagrams-core-1.5.0..
[ 1 of 14] Compiling Diagrams.Core.V  ( src/Diagrams/Core/V.hs, dist/dist-sandbox-b5a179e0/build/Diagrams/Core/V.o )
[ 2 of 14] Compiling Diagrams.Core.Points ( src/Diagrams/Core/Points.hs, dist/dist-sandbox-b5a179e0/build/Diagrams/Core/Points.o )
[ 3 of 14] Compiling Diagrams.Core.Measure ( src/Diagrams/Core/Measure.hs, dist/dist-sandbox-b5a179e0/build/Diagrams/Core/Measure.o )
[ 4 of 14] Compiling Diagrams.Core.HasOrigin ( src/Diagrams/Core/HasOrigin.hs, dist/dist-sandbox-b5a179e0/build/Diagrams/Core/HasOrigin.o )
[ 5 of 14] Compiling Diagrams.Core.Transform ( src/Diagrams/Core/Transform.hs, dist/dist-sandbox-b5a179e0/build/Diagrams/Core/Transform.o )
[ 6 of 14] Compiling Diagrams.Core.Style ( src/Diagrams/Core/Style.hs, dist/dist-sandbox-b5a179e0/build/Diagrams/Core/Style.o )
[ 7 of 14] Compiling Diagrams.Core.Names ( src/Diagrams/Core/Names.hs, dist/dist-sandbox-b5a179e0/build/Diagrams/Core/Names.o )
[ 8 of 14] Compiling Diagrams.Core.Trace ( src/Diagrams/Core/Trace.hs, dist/dist-sandbox-b5a179e0/build/Diagrams/Core/Trace.o )
[ 9 of 14] Compiling Diagrams.Core.Query ( src/Diagrams/Core/Query.hs, dist/dist-sandbox-b5a179e0/build/Diagrams/Core/Query.o )
[10 of 14] Compiling Diagrams.Core.Envelope ( src/Diagrams/Core/Envelope.hs, dist/dist-sandbox-b5a179e0/build/Diagrams/Core/Envelope.o )
[11 of 14] Compiling Diagrams.Core.Juxtapose ( src/Diagrams/Core/Juxtapose.hs, dist/dist-sandbox-b5a179e0/build/Diagrams/Core/Juxtapose.o )
[12 of 14] Compiling Diagrams.Core.Types ( src/Diagrams/Core/Types.hs, dist/dist-sandbox-b5a179e0/build/Diagrams/Core/Types.o )
[13 of 14] Compiling Diagrams.Core.Compile ( src/Diagrams/Core/Compile.hs, dist/dist-sandbox-b5a179e0/build/Diagrams/Core/Compile.o )
[14 of 14] Compiling Diagrams.Core    ( src/Diagrams/Core.hs, dist/dist-sandbox-b5a179e0/build/Diagrams/Core.o )
[ 1 of 14] Compiling Diagrams.Core.V  ( src/Diagrams/Core/V.hs, dist/dist-sandbox-b5a179e0/build/Diagrams/Core/V.p_o )
[ 2 of 14] Compiling Diagrams.Core.Points ( src/Diagrams/Core/Points.hs, dist/dist-sandbox-b5a179e0/build/Diagrams/Core/Points.p_o )
[ 3 of 14] Compiling Diagrams.Core.Measure ( src/Diagrams/Core/Measure.hs, dist/dist-sandbox-b5a179e0/build/Diagrams/Core/Measure.p_o )
[ 4 of 14] Compiling Diagrams.Core.HasOrigin ( src/Diagrams/Core/HasOrigin.hs, dist/dist-sandbox-b5a179e0/build/Diagrams/Core/HasOrigin.p_o )
[ 5 of 14] Compiling Diagrams.Core.Transform ( src/Diagrams/Core/Transform.hs, dist/dist-sandbox-b5a179e0/build/Diagrams/Core/Transform.p_o )
[ 6 of 14] Compiling Diagrams.Core.Style ( src/Diagrams/Core/Style.hs, dist/dist-sandbox-b5a179e0/build/Diagrams/Core/Style.p_o )
[ 7 of 14] Compiling Diagrams.Core.Names ( src/Diagrams/Core/Names.hs, dist/dist-sandbox-b5a179e0/build/Diagrams/Core/Names.p_o )
[ 8 of 14] Compiling Diagrams.Core.Trace ( src/Diagrams/Core/Trace.hs, dist/dist-sandbox-b5a179e0/build/Diagrams/Core/Trace.p_o )
[ 9 of 14] Compiling Diagrams.Core.Query ( src/Diagrams/Core/Query.hs, dist/dist-sandbox-b5a179e0/build/Diagrams/Core/Query.p_o )
[10 of 14] Compiling Diagrams.Core.Envelope ( src/Diagrams/Core/Envelope.hs, dist/dist-sandbox-b5a179e0/build/Diagrams/Core/Envelope.p_o )
[11 of 14] Compiling Diagrams.Core.Juxtapose ( src/Diagrams/Core/Juxtapose.hs, dist/dist-sandbox-b5a179e0/build/Diagrams/Core/Juxtapose.p_o )
[12 of 14] Compiling Diagrams.Core.Types ( src/Diagrams/Core/Types.hs, dist/dist-sandbox-b5a179e0/build/Diagrams/Core/Types.p_o )
[13 of 14] Compiling Diagrams.Core.Compile ( src/Diagrams/Core/Compile.hs, dist/dist-sandbox-b5a179e0/build/Diagrams/Core/Compile.p_o )
[14 of 14] Compiling Diagrams.Core    ( src/Diagrams/Core.hs, dist/dist-sandbox-b5a179e0/build/Diagrams/Core.p_o )
Preprocessing library for diagrams-core-1.5.0..
Running Haddock on library for diagrams-core-1.5.0..
Haddock coverage:
Warning: 'V2' is out of scope.
    If you qualify the identifier, haddock can try to link it
    it anyway.
 100% (  6 /  6) in 'Diagrams.Core.V'
  91% ( 10 / 11) in 'Diagrams.Core.Points'
  Missing documentation for:
    _Point
  92% ( 11 / 12) in 'Diagrams.Core.Measure'
  Missing documentation for:
    Module header
Warning: 'Transformable' is out of scope.
    If you qualify the identifier, haddock can try to link it
    it anyway.
Warning: 'Trail' is out of scope.
    If you qualify the identifier, haddock can try to link it
    it anyway.
Warning: 'translate' is out of scope.
    If you qualify the identifier, haddock can try to link it
    it anyway.
Warning: 'withName' is out of scope.
    If you qualify the identifier, haddock can try to link it
    it anyway.
 100% (  5 /  5) in 'Diagrams.Core.HasOrigin'
 100% ( 40 / 40) in 'Diagrams.Core.Transform'
 100% ( 30 / 30) in 'Diagrams.Core.Style'
Warning: 'a' is out of scope.
    If you qualify the identifier, haddock can try to link it
    it anyway.
Warning: 'b' is out of scope.
    If you qualify the identifier, haddock can try to link it
    it anyway.
 100% ( 12 / 12) in 'Diagrams.Core.Names'
  91% ( 21 / 23) in 'Diagrams.Core.Trace'
  Missing documentation for:
    appTrace (src/Diagrams/Core/Trace.hs:148)
    mkTrace (src/Diagrams/Core/Trace.hs:156)
 100% (  2 /  2) in 'Diagrams.Core.Query'
Warning: 'Trail' is out of scope.
    If you qualify the identifier, haddock can try to link it
    it anyway.
 100% ( 21 / 21) in 'Diagrams.Core.Envelope'
 100% (  3 /  3) in 'Diagrams.Core.Juxtapose'
Warning: 'value' is out of scope.
    If you qualify the identifier, haddock can try to link it
    it anyway.
Warning: 'getU' is out of scope.
    If you qualify the identifier, haddock can try to link it
    it anyway.
Warning: 'width' is out of scope.
    If you qualify the identifier, haddock can try to link it
    it anyway.
Warning: 'height' is out of scope.
    If you qualify the identifier, haddock can try to link it
    it anyway.
Warning: 'phantom' is out of scope.
    If you qualify the identifier, haddock can try to link it
    it anyway.
Warning: 'image' is out of scope.
    If you qualify the identifier, haddock can try to link it
    it anyway.
Warning: 'n0' is out of scope.
    If you qualify the identifier, haddock can try to link it
    it anyway.
Warning: 'b0' is out of scope.
    If you qualify the identifier, haddock can try to link it
    it anyway.
Warning: 'it' is out of scope.
    If you qualify the identifier, haddock can try to link it
    it anyway.
Warning: 'V2' is out of scope.
    If you qualify the identifier, haddock can try to link it
    it anyway.
Warning: 'a0' is out of scope.
    If you qualify the identifier, haddock can try to link it
    it anyway.
Warning: 'circle' is out of scope.
    If you qualify the identifier, haddock can try to link it
    it anyway.
Warning: 'TrailLike' is out of scope.
    If you qualify the identifier, haddock can try to link it
    it anyway.
  95% ( 74 / 78) in 'Diagrams.Core.Types'
  Missing documentation for:
    withQDiaLeaf (src/Diagrams/Core/Types.hs:244)
    _Prim (src/Diagrams/Core/Types.hs:759)
    DNode (src/Diagrams/Core/Types.hs:786)
    RNode (src/Diagrams/Core/Types.hs:806)
Warning: 'renderData' is out of scope.
    If you qualify the identifier, haddock can try to link it
    it anyway.
  91% ( 10 / 11) in 'Diagrams.Core.Compile'
  Missing documentation for:
    RNode (src/Diagrams/Core/Types.hs:806)
  99% (159 /161) in 'Diagrams.Core'
  Missing documentation for:
    appTrace (src/Diagrams/Core/Trace.hs:148)
    mkTrace (src/Diagrams/Core/Trace.hs:156)
Warning: Diagrams.Core.Points: could not find link destinations for:
    unsafeIndex unsafeRangeSize D:R:MVectorsPoint0 MV_P D:R:VectorPoint0 V_P
Warning: Diagrams.Core.Trace: could not find link destinations for:
    merge
Warning: Diagrams.Core.Types: could not find link destinations for:
    D:R:RenderNullBackendvn0 NullBackendRender D:R:OptionsNullBackendvn0
Warning: Diagrams.Core: could not find link destinations for:
    unsafeIndex unsafeRangeSize D:R:MVectorsPoint0 MV_P D:R:VectorPoint0 V_P merge D:R:RenderNullBackendvn0 NullBackendRender D:R:OptionsNullBackendvn0
Documentation created:
dist/dist-sandbox-b5a179e0/doc/html/diagrams-core/index.html
Installing library in /Users/christophe.thibaut/Coding/fractal-sculpture/.cabal-sandbox/lib/x86_64-osx-ghc-8.6.3/diagrams-core-1.5.0-HGgqhb1J7T4GtCV6UvuGUi
cabal: Leaving directory '/var/folders/z7/k6qym9m16y15sb6n8znyr7ww0000gn/T/cabal-tmp-24921/diagrams-core-1.5.0'
