cabal: Entering directory '/var/folders/z7/k6qym9m16y15sb6n8znyr7ww0000gn/T/cabal-tmp-24919/diagrams-solve-0.1.3'
Configuring diagrams-solve-0.1.3...
Preprocessing library for diagrams-solve-0.1.3..
Building library for diagrams-solve-0.1.3..
[1 of 2] Compiling Diagrams.Solve.Polynomial ( src/Diagrams/Solve/Polynomial.hs, dist/dist-sandbox-b5a179e0/build/Diagrams/Solve/Polynomial.o )
[2 of 2] Compiling Diagrams.Solve.Tridiagonal ( src/Diagrams/Solve/Tridiagonal.hs, dist/dist-sandbox-b5a179e0/build/Diagrams/Solve/Tridiagonal.o )
[1 of 2] Compiling Diagrams.Solve.Polynomial ( src/Diagrams/Solve/Polynomial.hs, dist/dist-sandbox-b5a179e0/build/Diagrams/Solve/Polynomial.p_o )
[2 of 2] Compiling Diagrams.Solve.Tridiagonal ( src/Diagrams/Solve/Tridiagonal.hs, dist/dist-sandbox-b5a179e0/build/Diagrams/Solve/Tridiagonal.p_o )
Preprocessing library for diagrams-solve-0.1.3..
Running Haddock on library for diagrams-solve-0.1.3..
Haddock coverage:
 100% (  6 /  6) in 'Diagrams.Solve.Polynomial'
Warning: 'A' is out of scope.
    If you qualify the identifier, haddock can try to link it
    it anyway.
Warning: 'n' is out of scope.
    If you qualify the identifier, haddock can try to link it
    it anyway.
Warning: 'bs' is out of scope.
    If you qualify the identifier, haddock can try to link it
    it anyway.
Warning: 'as' is out of scope.
    If you qualify the identifier, haddock can try to link it
    it anyway.
Warning: 'cs' is out of scope.
    If you qualify the identifier, haddock can try to link it
    it anyway.
 100% (  3 /  3) in 'Diagrams.Solve.Tridiagonal'
Documentation created:
dist/dist-sandbox-b5a179e0/doc/html/diagrams-solve/index.html
Installing library in /Users/christophe.thibaut/Coding/fractal-sculpture/.cabal-sandbox/lib/x86_64-osx-ghc-8.6.3/diagrams-solve-0.1.3-5iZt6cPDv8LI1VKhQu8npy
cabal: Leaving directory '/var/folders/z7/k6qym9m16y15sb6n8znyr7ww0000gn/T/cabal-tmp-24919/diagrams-solve-0.1.3'
