cabal: Entering directory '/var/folders/z7/k6qym9m16y15sb6n8znyr7ww0000gn/T/cabal-tmp-24919/diagrams-svg-1.4.3.1'
Configuring diagrams-svg-1.4.3.1...
Preprocessing library for diagrams-svg-1.4.3.1..
Building library for diagrams-svg-1.4.3.1..
[1 of 3] Compiling Graphics.Rendering.SVG ( src/Graphics/Rendering/SVG.hs, dist/dist-sandbox-b5a179e0/build/Graphics/Rendering/SVG.o )
[2 of 3] Compiling Diagrams.Backend.SVG ( src/Diagrams/Backend/SVG.hs, dist/dist-sandbox-b5a179e0/build/Diagrams/Backend/SVG.o )
[3 of 3] Compiling Diagrams.Backend.SVG.CmdLine ( src/Diagrams/Backend/SVG/CmdLine.hs, dist/dist-sandbox-b5a179e0/build/Diagrams/Backend/SVG/CmdLine.o )
[1 of 3] Compiling Graphics.Rendering.SVG ( src/Graphics/Rendering/SVG.hs, dist/dist-sandbox-b5a179e0/build/Graphics/Rendering/SVG.p_o )
[2 of 3] Compiling Diagrams.Backend.SVG ( src/Diagrams/Backend/SVG.hs, dist/dist-sandbox-b5a179e0/build/Diagrams/Backend/SVG.p_o )
[3 of 3] Compiling Diagrams.Backend.SVG.CmdLine ( src/Diagrams/Backend/SVG/CmdLine.hs, dist/dist-sandbox-b5a179e0/build/Diagrams/Backend/SVG/CmdLine.p_o )
Preprocessing library for diagrams-svg-1.4.3.1..
Running Haddock on library for diagrams-svg-1.4.3.1..
Haddock coverage:
Warning: 'OverloadedStrings' is out of scope.
    If you qualify the identifier, haddock can try to link it
    it anyway.
Warning: 'ByteString' is out of scope.
    If you qualify the identifier, haddock can try to link it
    it anyway.
  94% ( 17 / 18) in 'Diagrams.Backend.SVG'
  Missing documentation for:
    B (src/Diagrams/Backend/SVG.hs:167)
  70% (  7 / 10) in 'Diagrams.Backend.SVG.CmdLine'
  Missing documentation for:
    defaultMain (src/Diagrams/Backend/SVG/CmdLine.hs:146)
    multiMain (src/Diagrams/Backend/SVG/CmdLine.hs:195)
    B (src/Diagrams/Backend/SVG.hs:167)
Warning: Diagrams.Backend.SVG: could not find link destinations for:
    D:R:OptionsSVGV2n0 D:R:RenderSVGV2n0 R SvgRenderM D:R:OptionsNullBackendvn0
Warning: Diagrams.Backend.SVG.CmdLine: could not find link destinations for:
    D:R:OptionsSVGV2n0 D:R:RenderSVGV2n0 R SvgRenderM
Documentation created:
dist/dist-sandbox-b5a179e0/doc/html/diagrams-svg/index.html
Installing library in /Users/christophe.thibaut/Coding/fractal-sculpture/.cabal-sandbox/lib/x86_64-osx-ghc-8.6.3/diagrams-svg-1.4.3.1-5i5yF61eHY8CUQuZ1k3tiB
cabal: Leaving directory '/var/folders/z7/k6qym9m16y15sb6n8znyr7ww0000gn/T/cabal-tmp-24919/diagrams-svg-1.4.3.1'
