cabal: Entering directory '/var/folders/z7/k6qym9m16y15sb6n8znyr7ww0000gn/T/cabal-tmp-24921/distributive-0.6.2.1'
Configuring distributive-0.6.2.1...
Preprocessing library for distributive-0.6.2.1..
Building library for distributive-0.6.2.1..
[1 of 2] Compiling Data.Distributive ( src/Data/Distributive.hs, dist/dist-sandbox-b5a179e0/build/Data/Distributive.o )
[2 of 2] Compiling Data.Distributive.Generic ( src/Data/Distributive/Generic.hs, dist/dist-sandbox-b5a179e0/build/Data/Distributive/Generic.o )
[1 of 2] Compiling Data.Distributive ( src/Data/Distributive.hs, dist/dist-sandbox-b5a179e0/build/Data/Distributive.p_o )
[2 of 2] Compiling Data.Distributive.Generic ( src/Data/Distributive/Generic.hs, dist/dist-sandbox-b5a179e0/build/Data/Distributive/Generic.p_o )
Preprocessing library for distributive-0.6.2.1..
Running Haddock on library for distributive-0.6.2.1..
Haddock coverage:
Warning: 'Representable' is out of scope.
    If you qualify the identifier, haddock can try to link it
    it anyway.
 100% (  4 /  4) in 'Data.Distributive'
  75% (  3 /  4) in 'Data.Distributive.Generic'
  Missing documentation for:
    GDistributive (src/Data/Distributive/Generic.hs:51)
Documentation created:
dist/dist-sandbox-b5a179e0/doc/html/distributive/index.html
Installing library in /Users/christophe.thibaut/Coding/fractal-sculpture/.cabal-sandbox/lib/x86_64-osx-ghc-8.6.3/distributive-0.6.2.1-32W34SverPaDYuUdhp4qaA
cabal: Leaving directory '/var/folders/z7/k6qym9m16y15sb6n8znyr7ww0000gn/T/cabal-tmp-24921/distributive-0.6.2.1'
