cabal: Entering directory '/var/folders/z7/k6qym9m16y15sb6n8znyr7ww0000gn/T/cabal-tmp-24921/dlist-1.0'
Configuring dlist-1.0...
Preprocessing library for dlist-1.0..
Building library for dlist-1.0..
[1 of 5] Compiling Data.DList.Internal ( Data/DList/Internal.hs, dist/dist-sandbox-b5a179e0/build/Data/DList/Internal.o )
[2 of 5] Compiling Data.DList       ( Data/DList.hs, dist/dist-sandbox-b5a179e0/build/Data/DList.o )
[3 of 5] Compiling Data.DList.DNonEmpty.Internal ( Data/DList/DNonEmpty/Internal.hs, dist/dist-sandbox-b5a179e0/build/Data/DList/DNonEmpty/Internal.o )
[4 of 5] Compiling Data.DList.DNonEmpty ( Data/DList/DNonEmpty.hs, dist/dist-sandbox-b5a179e0/build/Data/DList/DNonEmpty.o )
[5 of 5] Compiling Data.DList.Unsafe ( Data/DList/Unsafe.hs, dist/dist-sandbox-b5a179e0/build/Data/DList/Unsafe.o )
[1 of 5] Compiling Data.DList.Internal ( Data/DList/Internal.hs, dist/dist-sandbox-b5a179e0/build/Data/DList/Internal.p_o )
[2 of 5] Compiling Data.DList       ( Data/DList.hs, dist/dist-sandbox-b5a179e0/build/Data/DList.p_o )
[3 of 5] Compiling Data.DList.DNonEmpty.Internal ( Data/DList/DNonEmpty/Internal.hs, dist/dist-sandbox-b5a179e0/build/Data/DList/DNonEmpty/Internal.p_o )
[4 of 5] Compiling Data.DList.DNonEmpty ( Data/DList/DNonEmpty.hs, dist/dist-sandbox-b5a179e0/build/Data/DList/DNonEmpty.p_o )
[5 of 5] Compiling Data.DList.Unsafe ( Data/DList/Unsafe.hs, dist/dist-sandbox-b5a179e0/build/Data/DList/Unsafe.p_o )
Preprocessing library for dlist-1.0..
Running Haddock on library for dlist-1.0..
Haddock coverage:
 100% ( 21 / 21) in 'Data.DList'
 100% ( 17 / 17) in 'Data.DList.DNonEmpty'
Documentation created: dist/dist-sandbox-b5a179e0/doc/html/dlist/index.html
Installing library in /Users/christophe.thibaut/Coding/fractal-sculpture/.cabal-sandbox/lib/x86_64-osx-ghc-8.6.3/dlist-1.0-8ucnnb0hbDW4h0jIaV7sfW
cabal: Leaving directory '/var/folders/z7/k6qym9m16y15sb6n8znyr7ww0000gn/T/cabal-tmp-24921/dlist-1.0'
