cabal: Entering directory '/var/folders/z7/k6qym9m16y15sb6n8znyr7ww0000gn/T/cabal-tmp-24920/fingertree-0.1.4.2'
Configuring fingertree-0.1.4.2...
Preprocessing library for fingertree-0.1.4.2..
Building library for fingertree-0.1.4.2..
[1 of 3] Compiling Data.FingerTree  ( Data/FingerTree.hs, dist/dist-sandbox-b5a179e0/build/Data/FingerTree.o )
[2 of 3] Compiling Data.IntervalMap.FingerTree ( Data/IntervalMap/FingerTree.hs, dist/dist-sandbox-b5a179e0/build/Data/IntervalMap/FingerTree.o )
[3 of 3] Compiling Data.PriorityQueue.FingerTree ( Data/PriorityQueue/FingerTree.hs, dist/dist-sandbox-b5a179e0/build/Data/PriorityQueue/FingerTree.o )
[1 of 3] Compiling Data.FingerTree  ( Data/FingerTree.hs, dist/dist-sandbox-b5a179e0/build/Data/FingerTree.p_o )
[2 of 3] Compiling Data.IntervalMap.FingerTree ( Data/IntervalMap/FingerTree.hs, dist/dist-sandbox-b5a179e0/build/Data/IntervalMap/FingerTree.p_o )
[3 of 3] Compiling Data.PriorityQueue.FingerTree ( Data/PriorityQueue/FingerTree.hs, dist/dist-sandbox-b5a179e0/build/Data/PriorityQueue/FingerTree.p_o )
Preprocessing library for fingertree-0.1.4.2..
Running Haddock on library for fingertree-0.1.4.2..
Haddock coverage:
Warning: 'Sum' is out of scope.
    If you qualify the identifier, haddock can try to link it
    it anyway.
 100% ( 39 / 39) in 'Data.FingerTree'
 100% ( 20 / 20) in 'Data.IntervalMap.FingerTree'
 100% ( 13 / 13) in 'Data.PriorityQueue.FingerTree'
Documentation created:
dist/dist-sandbox-b5a179e0/doc/html/fingertree/index.html
Installing library in /Users/christophe.thibaut/Coding/fractal-sculpture/.cabal-sandbox/lib/x86_64-osx-ghc-8.6.3/fingertree-0.1.4.2-3y9RCeoabqFEsIFOGn6xXZ
cabal: Leaving directory '/var/folders/z7/k6qym9m16y15sb6n8znyr7ww0000gn/T/cabal-tmp-24920/fingertree-0.1.4.2'
