cabal: Entering directory '/var/folders/z7/k6qym9m16y15sb6n8znyr7ww0000gn/T/cabal-tmp-24919/force-layout-0.4.0.6'
Configuring force-layout-0.4.0.6...
Preprocessing library for force-layout-0.4.0.6..
Building library for force-layout-0.4.0.6..
[1 of 1] Compiling Physics.ForceLayout ( src/Physics/ForceLayout.hs, dist/dist-sandbox-b5a179e0/build/Physics/ForceLayout.o )
[1 of 1] Compiling Physics.ForceLayout ( src/Physics/ForceLayout.hs, dist/dist-sandbox-b5a179e0/build/Physics/ForceLayout.p_o )
Preprocessing library for force-layout-0.4.0.6..
Running Haddock on library for force-layout-0.4.0.6..
Haddock coverage:
  71% ( 20 / 28) in 'Physics.ForceLayout'
  Missing documentation for:
    pos (src/Physics/ForceLayout.hs:109)
    vel (src/Physics/ForceLayout.hs:109)
    force (src/Physics/ForceLayout.hs:109)
    forces (src/Physics/ForceLayout.hs:134)
    particles (src/Physics/ForceLayout.hs:134)
    damping (src/Physics/ForceLayout.hs:201)
    energyLimit (src/Physics/ForceLayout.hs:201)
    stepLimit (src/Physics/ForceLayout.hs:201)
Documentation created:
dist/dist-sandbox-b5a179e0/doc/html/force-layout/index.html
Installing library in /Users/christophe.thibaut/Coding/fractal-sculpture/.cabal-sandbox/lib/x86_64-osx-ghc-8.6.3/force-layout-0.4.0.6-H1cGzYfsr7C8lllD3miU7n
cabal: Leaving directory '/var/folders/z7/k6qym9m16y15sb6n8znyr7ww0000gn/T/cabal-tmp-24919/force-layout-0.4.0.6'
