cabal: Entering directory '/var/folders/z7/k6qym9m16y15sb6n8znyr7ww0000gn/T/cabal-tmp-24919/free-5.1.7'
Configuring free-5.1.7...
Preprocessing library for free-5.1.7..
Building library for free-5.1.7..
[ 1 of 20] Compiling Control.Alternative.Free ( src/Control/Alternative/Free.hs, dist/dist-sandbox-b5a179e0/build/Control/Alternative/Free.o )
[ 2 of 20] Compiling Control.Alternative.Free.Final ( src/Control/Alternative/Free/Final.hs, dist/dist-sandbox-b5a179e0/build/Control/Alternative/Free/Final.o )
[ 3 of 20] Compiling Control.Applicative.Free ( src/Control/Applicative/Free.hs, dist/dist-sandbox-b5a179e0/build/Control/Applicative/Free.o )
[ 4 of 20] Compiling Control.Applicative.Free.Fast ( src/Control/Applicative/Free/Fast.hs, dist/dist-sandbox-b5a179e0/build/Control/Applicative/Free/Fast.o )
[ 5 of 20] Compiling Control.Applicative.Free.Final ( src/Control/Applicative/Free/Final.hs, dist/dist-sandbox-b5a179e0/build/Control/Applicative/Free/Final.o )
[ 6 of 20] Compiling Control.Applicative.Trans.Free ( src/Control/Applicative/Trans/Free.hs, dist/dist-sandbox-b5a179e0/build/Control/Applicative/Trans/Free.o )
[ 7 of 20] Compiling Control.Comonad.Cofree.Class ( src/Control/Comonad/Cofree/Class.hs, dist/dist-sandbox-b5a179e0/build/Control/Comonad/Cofree/Class.o )
[ 8 of 20] Compiling Control.Comonad.Trans.Cofree ( src/Control/Comonad/Trans/Cofree.hs, dist/dist-sandbox-b5a179e0/build/Control/Comonad/Trans/Cofree.o )
[ 9 of 20] Compiling Control.Monad.Free.Class ( src/Control/Monad/Free/Class.hs, dist/dist-sandbox-b5a179e0/build/Control/Monad/Free/Class.o )
[10 of 20] Compiling Control.Monad.Free.TH ( src/Control/Monad/Free/TH.hs, dist/dist-sandbox-b5a179e0/build/Control/Monad/Free/TH.o )
[11 of 20] Compiling Data.Functor.Classes.Compat ( src/Data/Functor/Classes/Compat.hs, dist/dist-sandbox-b5a179e0/build/Data/Functor/Classes/Compat.o )
[12 of 20] Compiling Control.Monad.Trans.Iter ( src/Control/Monad/Trans/Iter.hs, dist/dist-sandbox-b5a179e0/build/Control/Monad/Trans/Iter.o )
[13 of 20] Compiling Control.Monad.Trans.Free.Ap ( src/Control/Monad/Trans/Free/Ap.hs, dist/dist-sandbox-b5a179e0/build/Control/Monad/Trans/Free/Ap.o )

src/Control/Monad/Trans/Free/Ap.hs:315:3: warning: [-Wnoncanonical-monadfail-instances]
    Noncanonical ‘fail’ definition detected
    in the instance declaration for ‘Monad (FreeT f m)’.
    Either remove definition for ‘fail’ or define as ‘fail = Control.Monad.Fail.fail’
    |
315 |   fail e = FreeT (fail e)
    |   ^^^^^^^^^^^^^^^^^^^^^^^
[14 of 20] Compiling Control.Monad.Trans.Free ( src/Control/Monad/Trans/Free.hs, dist/dist-sandbox-b5a179e0/build/Control/Monad/Trans/Free.o )

src/Control/Monad/Trans/Free.hs:316:3: warning: [-Wnoncanonical-monadfail-instances]
    Noncanonical ‘fail’ definition detected
    in the instance declaration for ‘Monad (FreeT f m)’.
    Either remove definition for ‘fail’ or define as ‘fail = Control.Monad.Fail.fail’
    |
316 |   fail e = FreeT (fail e)
    |   ^^^^^^^^^^^^^^^^^^^^^^^
[15 of 20] Compiling Control.Monad.Trans.Free.Church ( src/Control/Monad/Trans/Free/Church.hs, dist/dist-sandbox-b5a179e0/build/Control/Monad/Trans/Free/Church.o )
[16 of 20] Compiling Control.Monad.Free.Ap ( src/Control/Monad/Free/Ap.hs, dist/dist-sandbox-b5a179e0/build/Control/Monad/Free/Ap.o )
[17 of 20] Compiling Control.Monad.Free ( src/Control/Monad/Free.hs, dist/dist-sandbox-b5a179e0/build/Control/Monad/Free.o )
[18 of 20] Compiling Control.Monad.Free.Church ( src/Control/Monad/Free/Church.hs, dist/dist-sandbox-b5a179e0/build/Control/Monad/Free/Church.o )
[19 of 20] Compiling Control.Comonad.Trans.Coiter ( src/Control/Comonad/Trans/Coiter.hs, dist/dist-sandbox-b5a179e0/build/Control/Comonad/Trans/Coiter.o )
[20 of 20] Compiling Control.Comonad.Cofree ( src/Control/Comonad/Cofree.hs, dist/dist-sandbox-b5a179e0/build/Control/Comonad/Cofree.o )
[ 1 of 20] Compiling Control.Alternative.Free ( src/Control/Alternative/Free.hs, dist/dist-sandbox-b5a179e0/build/Control/Alternative/Free.p_o )
[ 2 of 20] Compiling Control.Alternative.Free.Final ( src/Control/Alternative/Free/Final.hs, dist/dist-sandbox-b5a179e0/build/Control/Alternative/Free/Final.p_o )
[ 3 of 20] Compiling Control.Applicative.Free ( src/Control/Applicative/Free.hs, dist/dist-sandbox-b5a179e0/build/Control/Applicative/Free.p_o )
[ 4 of 20] Compiling Control.Applicative.Free.Fast ( src/Control/Applicative/Free/Fast.hs, dist/dist-sandbox-b5a179e0/build/Control/Applicative/Free/Fast.p_o )
[ 5 of 20] Compiling Control.Applicative.Free.Final ( src/Control/Applicative/Free/Final.hs, dist/dist-sandbox-b5a179e0/build/Control/Applicative/Free/Final.p_o )
[ 6 of 20] Compiling Control.Applicative.Trans.Free ( src/Control/Applicative/Trans/Free.hs, dist/dist-sandbox-b5a179e0/build/Control/Applicative/Trans/Free.p_o )
[ 7 of 20] Compiling Control.Comonad.Cofree.Class ( src/Control/Comonad/Cofree/Class.hs, dist/dist-sandbox-b5a179e0/build/Control/Comonad/Cofree/Class.p_o )
[ 8 of 20] Compiling Control.Comonad.Trans.Cofree ( src/Control/Comonad/Trans/Cofree.hs, dist/dist-sandbox-b5a179e0/build/Control/Comonad/Trans/Cofree.p_o )
[ 9 of 20] Compiling Control.Monad.Free.Class ( src/Control/Monad/Free/Class.hs, dist/dist-sandbox-b5a179e0/build/Control/Monad/Free/Class.p_o )
[10 of 20] Compiling Control.Monad.Free.TH ( src/Control/Monad/Free/TH.hs, dist/dist-sandbox-b5a179e0/build/Control/Monad/Free/TH.p_o )
[11 of 20] Compiling Data.Functor.Classes.Compat ( src/Data/Functor/Classes/Compat.hs, dist/dist-sandbox-b5a179e0/build/Data/Functor/Classes/Compat.p_o )
[12 of 20] Compiling Control.Monad.Trans.Iter ( src/Control/Monad/Trans/Iter.hs, dist/dist-sandbox-b5a179e0/build/Control/Monad/Trans/Iter.p_o )
[13 of 20] Compiling Control.Monad.Trans.Free.Ap ( src/Control/Monad/Trans/Free/Ap.hs, dist/dist-sandbox-b5a179e0/build/Control/Monad/Trans/Free/Ap.p_o )

src/Control/Monad/Trans/Free/Ap.hs:315:3: warning: [-Wnoncanonical-monadfail-instances]
    Noncanonical ‘fail’ definition detected
    in the instance declaration for ‘Monad (FreeT f m)’.
    Either remove definition for ‘fail’ or define as ‘fail = Control.Monad.Fail.fail’
    |
315 |   fail e = FreeT (fail e)
    |   ^^^^^^^^^^^^^^^^^^^^^^^
[14 of 20] Compiling Control.Monad.Trans.Free ( src/Control/Monad/Trans/Free.hs, dist/dist-sandbox-b5a179e0/build/Control/Monad/Trans/Free.p_o )

src/Control/Monad/Trans/Free.hs:316:3: warning: [-Wnoncanonical-monadfail-instances]
    Noncanonical ‘fail’ definition detected
    in the instance declaration for ‘Monad (FreeT f m)’.
    Either remove definition for ‘fail’ or define as ‘fail = Control.Monad.Fail.fail’
    |
316 |   fail e = FreeT (fail e)
    |   ^^^^^^^^^^^^^^^^^^^^^^^
[15 of 20] Compiling Control.Monad.Trans.Free.Church ( src/Control/Monad/Trans/Free/Church.hs, dist/dist-sandbox-b5a179e0/build/Control/Monad/Trans/Free/Church.p_o )
[16 of 20] Compiling Control.Monad.Free.Ap ( src/Control/Monad/Free/Ap.hs, dist/dist-sandbox-b5a179e0/build/Control/Monad/Free/Ap.p_o )
[17 of 20] Compiling Control.Monad.Free ( src/Control/Monad/Free.hs, dist/dist-sandbox-b5a179e0/build/Control/Monad/Free.p_o )
[18 of 20] Compiling Control.Monad.Free.Church ( src/Control/Monad/Free/Church.hs, dist/dist-sandbox-b5a179e0/build/Control/Monad/Free/Church.p_o )
[19 of 20] Compiling Control.Comonad.Trans.Coiter ( src/Control/Comonad/Trans/Coiter.hs, dist/dist-sandbox-b5a179e0/build/Control/Comonad/Trans/Coiter.p_o )
[20 of 20] Compiling Control.Comonad.Cofree ( src/Control/Comonad/Cofree.hs, dist/dist-sandbox-b5a179e0/build/Control/Comonad/Cofree.p_o )
Preprocessing library for free-5.1.7..
Running Haddock on library for free-5.1.7..

src/Control/Monad/Trans/Free/Ap.hs:315:3: warning: [-Wnoncanonical-monadfail-instances]
    Noncanonical ‘fail’ definition detected
    in the instance declaration for ‘Monad (FreeT f m)’.
    Either remove definition for ‘fail’ or define as ‘fail = Control.Monad.Fail.fail’
    |
315 |   fail e = FreeT (fail e)
    |   ^^^^^^^^^^^^^^^^^^^^^^^

src/Control/Monad/Trans/Free.hs:316:3: warning: [-Wnoncanonical-monadfail-instances]
    Noncanonical ‘fail’ definition detected
    in the instance declaration for ‘Monad (FreeT f m)’.
    Either remove definition for ‘fail’ or define as ‘fail = Control.Monad.Fail.fail’
    |
316 |   fail e = FreeT (fail e)
    |   ^^^^^^^^^^^^^^^^^^^^^^^
Haddock coverage:
Warning: 'lift' is out of scope.
    If you qualify the identifier, haddock can try to link it
    it anyway.
  67% (  4 /  6) in 'Control.Alternative.Free'
  Missing documentation for:
    Alt (src/Control/Alternative/Free.hs:54)
    AltF (src/Control/Alternative/Free.hs:47)
Warning: 'lift' is out of scope.
    If you qualify the identifier, haddock can try to link it
    it anyway.
 100% (  5 /  5) in 'Control.Alternative.Free.Final'
Warning: 'lift' is out of scope.
    If you qualify the identifier, haddock can try to link it
    it anyway.
 100% ( 11 / 11) in 'Control.Applicative.Free'
Warning: 'f' is out of scope.
    If you qualify the identifier, haddock can try to link it
    it anyway.
Warning: 'lift' is out of scope.
    If you qualify the identifier, haddock can try to link it
    it anyway.
 100% ( 14 / 14) in 'Control.Applicative.Free.Fast'
Warning: 'lift' is out of scope.
    If you qualify the identifier, haddock can try to link it
    it anyway.
 100% ( 10 / 10) in 'Control.Applicative.Free.Final'
Warning: 'lift' is out of scope.
    If you qualify the identifier, haddock can try to link it
    it anyway.
Warning: 'getSum' is out of scope.
    If you qualify the identifier, haddock can try to link it
    it anyway.
Warning: 'Sum' is out of scope.
    If you qualify the identifier, haddock can try to link it
    it anyway.
Warning: 'Ap' is ambiguous. It is defined
    * at src/Control/Applicative/Trans/Free.hs:68:3
    * at src/Control/Applicative/Trans/Free.hs:176:1
    You may be able to disambiguate the identifier by qualifying it or
    by hiding some imports.
    Defaulting to 'Ap' defined at src/Control/Applicative/Trans/Free.hs:66:1
 100% ( 22 / 22) in 'Control.Applicative.Trans.Free'
 100% (  2 /  2) in 'Control.Comonad.Cofree.Class'
 100% ( 11 / 11) in 'Control.Comonad.Trans.Cofree'
Warning: 'Tree' is out of scope.
    If you qualify the identifier, haddock can try to link it
    it anyway.
 100% (  4 /  4) in 'Control.Monad.Free.Class'
 100% ( 10 / 10) in 'Control.Monad.Free.TH'
Warning: 'Free' is out of scope.
    If you qualify the identifier, haddock can try to link it
    it anyway.
Warning: 'FreeT' is out of scope.
    If you qualify the identifier, haddock can try to link it
    it anyway.
Warning: 'race' is out of scope.
    If you qualify the identifier, haddock can try to link it
    it anyway.
Warning: 'void' is out of scope.
    If you qualify the identifier, haddock can try to link it
    it anyway.
 100% ( 25 / 25) in 'Control.Monad.Trans.Iter'
Warning: 'Free' is ambiguous. It is defined
    * at src/Control/Monad/Trans/Free/Ap.hs:80:29
    * at src/Control/Monad/Trans/Free/Ap.hs:193:1
    You may be able to disambiguate the identifier by qualifying it or
    by hiding some imports.
    Defaulting to 'Free' defined at src/Control/Monad/Trans/Free/Ap.hs:80:1
 100% ( 27 / 27) in 'Control.Monad.Trans.Free.Ap'
Warning: 'Free' is ambiguous. It is defined
    * at src/Control/Monad/Trans/Free.hs:90:29
    * at src/Control/Monad/Trans/Free.hs:203:1
    You may be able to disambiguate the identifier by qualifying it or
    by hiding some imports.
    Defaulting to 'Free' defined at src/Control/Monad/Trans/Free.hs:90:1
 100% ( 28 / 28) in 'Control.Monad.Trans.Free'
Warning: 'Free' is ambiguous. It is defined
    * at src/Control/Monad/Trans/Free.hs:90:29
    * at src/Control/Monad/Trans/Free.hs:203:1
    You may be able to disambiguate the identifier by qualifying it or
    by hiding some imports.
    Defaulting to 'Free' defined at src/Control/Monad/Trans/Free.hs:90:1
 100% ( 28 / 28) in 'Control.Monad.Trans.Free.Church'
Warning: 'ap' is out of scope.
    If you qualify the identifier, haddock can try to link it
    it anyway.
Warning: 'Identity' is out of scope.
    If you qualify the identifier, haddock can try to link it
    it anyway.
 100% ( 16 / 16) in 'Control.Monad.Free.Ap'
 100% ( 16 / 16) in 'Control.Monad.Free'
 100% ( 13 / 13) in 'Control.Monad.Free.Church'
 100% ( 14 / 14) in 'Control.Comonad.Trans.Coiter'
Warning: 'cofree' is out of scope.
    If you qualify the identifier, haddock can try to link it
    it anyway.
Warning: 'Identity' is out of scope.
    If you qualify the identifier, haddock can try to link it
    it anyway.
Warning: 'lens' is out of scope.
    If you qualify the identifier, haddock can try to link it
    it anyway.
  94% ( 15 / 16) in 'Control.Comonad.Cofree'
  Missing documentation for:
    hoistCofree (src/Control/Comonad/Cofree.hs:146)
Documentation created: dist/dist-sandbox-b5a179e0/doc/html/free/index.html
Installing library in /Users/christophe.thibaut/Coding/fractal-sculpture/.cabal-sandbox/lib/x86_64-osx-ghc-8.6.3/free-5.1.7-DLOr8VRvObR9tmAFGIBx4y
cabal: Leaving directory '/var/folders/z7/k6qym9m16y15sb6n8znyr7ww0000gn/T/cabal-tmp-24919/free-5.1.7'
