cabal: Entering directory '/var/folders/z7/k6qym9m16y15sb6n8znyr7ww0000gn/T/cabal-tmp-24922/hfsevents-0.1.6'
Configuring hfsevents-0.1.6...
Preprocessing library for hfsevents-0.1.6..
Building library for hfsevents-0.1.6..
[1 of 1] Compiling System.OSX.FSEvents ( System/OSX/FSEvents.hs, dist/dist-sandbox-b5a179e0/build/System/OSX/FSEvents.o )
[1 of 1] Compiling System.OSX.FSEvents ( System/OSX/FSEvents.hs, dist/dist-sandbox-b5a179e0/build/System/OSX/FSEvents.p_o )

cbits/c_fsevents.m:106:4: error:
     warning: 'Gestalt' is deprecated: first deprecated in macOS 10.8 [-Wdeprecated-declarations]
       Gestalt(gestaltSystemVersionMajor, majorVersion);
       ^
    |
106 |    Gestalt(gestaltSystemVersionMajor, majorVersion);
    |    ^

/Library/Developer/CommandLineTools/SDKs/MacOSX10.15.sdk/System/Library/Frameworks/CoreServices.framework/Frameworks/CarbonCore.framework/Headers/Gestalt.h:123:1: error:
     note: 'Gestalt' has been explicitly marked deprecated here
    |
123 | Gestalt(
    | ^
Gestalt(
^

cbits/c_fsevents.m:106:12: error:
     warning: 'gestaltSystemVersionMajor' is deprecated: first deprecated in macOS 10.8 - Use NSProcessInfo's operatingSystemVersion property instead. [-Wdeprecated-declarations]
       Gestalt(gestaltSystemVersionMajor, majorVersion);
               ^
    |
106 |    Gestalt(gestaltSystemVersionMajor, majorVersion);
    |            ^

/Library/Developer/CommandLineTools/SDKs/MacOSX10.15.sdk/System/Library/Frameworks/CoreServices.framework/Frameworks/CarbonCore.framework/Headers/Gestalt.h:2075:1: error:
     note: '' has been explicitly marked deprecated here
     |
2075 | enum {
     | ^
enum {
^

cbits/c_fsevents.m:107:4: error:
     warning: 'Gestalt' is deprecated: first deprecated in macOS 10.8 [-Wdeprecated-declarations]
       Gestalt(gestaltSystemVersionMinor, minorVersion);
       ^
    |
107 |    Gestalt(gestaltSystemVersionMinor, minorVersion);
    |    ^

/Library/Developer/CommandLineTools/SDKs/MacOSX10.15.sdk/System/Library/Frameworks/CoreServices.framework/Frameworks/CarbonCore.framework/Headers/Gestalt.h:123:1: error:
     note: 'Gestalt' has been explicitly marked deprecated here
    |
123 | Gestalt(
    | ^
Gestalt(
^

cbits/c_fsevents.m:107:12: error:
     warning: 'gestaltSystemVersionMinor' is deprecated: first deprecated in macOS 10.8 - Use NSProcessInfo's operatingSystemVersion property instead. [-Wdeprecated-declarations]
       Gestalt(gestaltSystemVersionMinor, minorVersion);
               ^
    |
107 |    Gestalt(gestaltSystemVersionMinor, minorVersion);
    |            ^

/Library/Developer/CommandLineTools/SDKs/MacOSX10.15.sdk/System/Library/Frameworks/CoreServices.framework/Frameworks/CarbonCore.framework/Headers/Gestalt.h:2075:1: error:
     note: '' has been explicitly marked deprecated here
     |
2075 | enum {
     | ^
enum {
^

cbits/c_fsevents.m:108:4: error:
     warning: 'Gestalt' is deprecated: first deprecated in macOS 10.8 [-Wdeprecated-declarations]
       Gestalt(gestaltSystemVersionBugFix, bugFixVersion);
       ^
    |
108 |    Gestalt(gestaltSystemVersionBugFix, bugFixVersion);
    |    ^

/Library/Developer/CommandLineTools/SDKs/MacOSX10.15.sdk/System/Library/Frameworks/CoreServices.framework/Frameworks/CarbonCore.framework/Headers/Gestalt.h:123:1: error:
     note: 'Gestalt' has been explicitly marked deprecated here
    |
123 | Gestalt(
    | ^
Gestalt(
^

cbits/c_fsevents.m:108:12: error:
     warning: 'gestaltSystemVersionBugFix' is deprecated: first deprecated in macOS 10.8 - Use NSProcessInfo's operatingSystemVersion property instead. [-Wdeprecated-declarations]
       Gestalt(gestaltSystemVersionBugFix, bugFixVersion);
               ^
    |
108 |    Gestalt(gestaltSystemVersionBugFix, bugFixVersion);
    |            ^

/Library/Developer/CommandLineTools/SDKs/MacOSX10.15.sdk/System/Library/Frameworks/CoreServices.framework/Frameworks/CarbonCore.framework/Headers/Gestalt.h:2075:1: error:
     note: '' has been explicitly marked deprecated here
     |
2075 | enum {
     | ^
enum {
^
6 warnings generated.

cbits/c_fsevents.m:106:4: error:
     warning: 'Gestalt' is deprecated: first deprecated in macOS 10.8 [-Wdeprecated-declarations]
       Gestalt(gestaltSystemVersionMajor, majorVersion);
       ^
    |
106 |    Gestalt(gestaltSystemVersionMajor, majorVersion);
    |    ^

/Library/Developer/CommandLineTools/SDKs/MacOSX10.15.sdk/System/Library/Frameworks/CoreServices.framework/Frameworks/CarbonCore.framework/Headers/Gestalt.h:123:1: error:
     note: 'Gestalt' has been explicitly marked deprecated here
    |
123 | Gestalt(
    | ^
Gestalt(
^

cbits/c_fsevents.m:106:12: error:
     warning: 'gestaltSystemVersionMajor' is deprecated: first deprecated in macOS 10.8 - Use NSProcessInfo's operatingSystemVersion property instead. [-Wdeprecated-declarations]
       Gestalt(gestaltSystemVersionMajor, majorVersion);
               ^
    |
106 |    Gestalt(gestaltSystemVersionMajor, majorVersion);
    |            ^

/Library/Developer/CommandLineTools/SDKs/MacOSX10.15.sdk/System/Library/Frameworks/CoreServices.framework/Frameworks/CarbonCore.framework/Headers/Gestalt.h:2075:1: error:
     note: '' has been explicitly marked deprecated here
     |
2075 | enum {
     | ^
enum {
^

cbits/c_fsevents.m:107:4: error:
     warning: 'Gestalt' is deprecated: first deprecated in macOS 10.8 [-Wdeprecated-declarations]
       Gestalt(gestaltSystemVersionMinor, minorVersion);
       ^
    |
107 |    Gestalt(gestaltSystemVersionMinor, minorVersion);
    |    ^

/Library/Developer/CommandLineTools/SDKs/MacOSX10.15.sdk/System/Library/Frameworks/CoreServices.framework/Frameworks/CarbonCore.framework/Headers/Gestalt.h:123:1: error:
     note: 'Gestalt' has been explicitly marked deprecated here
    |
123 | Gestalt(
    | ^
Gestalt(
^

cbits/c_fsevents.m:107:12: error:
     warning: 'gestaltSystemVersionMinor' is deprecated: first deprecated in macOS 10.8 - Use NSProcessInfo's operatingSystemVersion property instead. [-Wdeprecated-declarations]
       Gestalt(gestaltSystemVersionMinor, minorVersion);
               ^
    |
107 |    Gestalt(gestaltSystemVersionMinor, minorVersion);
    |            ^

/Library/Developer/CommandLineTools/SDKs/MacOSX10.15.sdk/System/Library/Frameworks/CoreServices.framework/Frameworks/CarbonCore.framework/Headers/Gestalt.h:2075:1: error:
     note: '' has been explicitly marked deprecated here
     |
2075 | enum {
     | ^
enum {
^

cbits/c_fsevents.m:108:4: error:
     warning: 'Gestalt' is deprecated: first deprecated in macOS 10.8 [-Wdeprecated-declarations]
       Gestalt(gestaltSystemVersionBugFix, bugFixVersion);
       ^
    |
108 |    Gestalt(gestaltSystemVersionBugFix, bugFixVersion);
    |    ^

/Library/Developer/CommandLineTools/SDKs/MacOSX10.15.sdk/System/Library/Frameworks/CoreServices.framework/Frameworks/CarbonCore.framework/Headers/Gestalt.h:123:1: error:
     note: 'Gestalt' has been explicitly marked deprecated here
    |
123 | Gestalt(
    | ^
Gestalt(
^

cbits/c_fsevents.m:108:12: error:
     warning: 'gestaltSystemVersionBugFix' is deprecated: first deprecated in macOS 10.8 - Use NSProcessInfo's operatingSystemVersion property instead. [-Wdeprecated-declarations]
       Gestalt(gestaltSystemVersionBugFix, bugFixVersion);
               ^
    |
108 |    Gestalt(gestaltSystemVersionBugFix, bugFixVersion);
    |            ^

/Library/Developer/CommandLineTools/SDKs/MacOSX10.15.sdk/System/Library/Frameworks/CoreServices.framework/Frameworks/CarbonCore.framework/Headers/Gestalt.h:2075:1: error:
     note: '' has been explicitly marked deprecated here
     |
2075 | enum {
     | ^
enum {
^
6 warnings generated.

cbits/c_fsevents.m:106:4: error:
     warning: 'Gestalt' is deprecated: first deprecated in macOS 10.8 [-Wdeprecated-declarations]
       Gestalt(gestaltSystemVersionMajor, majorVersion);
       ^
    |
106 |    Gestalt(gestaltSystemVersionMajor, majorVersion);
    |    ^

/Library/Developer/CommandLineTools/SDKs/MacOSX10.15.sdk/System/Library/Frameworks/CoreServices.framework/Frameworks/CarbonCore.framework/Headers/Gestalt.h:123:1: error:
     note: 'Gestalt' has been explicitly marked deprecated here
    |
123 | Gestalt(
    | ^
Gestalt(
^

cbits/c_fsevents.m:106:12: error:
     warning: 'gestaltSystemVersionMajor' is deprecated: first deprecated in macOS 10.8 - Use NSProcessInfo's operatingSystemVersion property instead. [-Wdeprecated-declarations]
       Gestalt(gestaltSystemVersionMajor, majorVersion);
               ^
    |
106 |    Gestalt(gestaltSystemVersionMajor, majorVersion);
    |            ^

/Library/Developer/CommandLineTools/SDKs/MacOSX10.15.sdk/System/Library/Frameworks/CoreServices.framework/Frameworks/CarbonCore.framework/Headers/Gestalt.h:2075:1: error:
     note: '' has been explicitly marked deprecated here
     |
2075 | enum {
     | ^
enum {
^

cbits/c_fsevents.m:107:4: error:
     warning: 'Gestalt' is deprecated: first deprecated in macOS 10.8 [-Wdeprecated-declarations]
       Gestalt(gestaltSystemVersionMinor, minorVersion);
       ^
    |
107 |    Gestalt(gestaltSystemVersionMinor, minorVersion);
    |    ^

/Library/Developer/CommandLineTools/SDKs/MacOSX10.15.sdk/System/Library/Frameworks/CoreServices.framework/Frameworks/CarbonCore.framework/Headers/Gestalt.h:123:1: error:
     note: 'Gestalt' has been explicitly marked deprecated here
    |
123 | Gestalt(
    | ^
Gestalt(
^

cbits/c_fsevents.m:107:12: error:
     warning: 'gestaltSystemVersionMinor' is deprecated: first deprecated in macOS 10.8 - Use NSProcessInfo's operatingSystemVersion property instead. [-Wdeprecated-declarations]
       Gestalt(gestaltSystemVersionMinor, minorVersion);
               ^
    |
107 |    Gestalt(gestaltSystemVersionMinor, minorVersion);
    |            ^

/Library/Developer/CommandLineTools/SDKs/MacOSX10.15.sdk/System/Library/Frameworks/CoreServices.framework/Frameworks/CarbonCore.framework/Headers/Gestalt.h:2075:1: error:
     note: '' has been explicitly marked deprecated here
     |
2075 | enum {
     | ^
enum {
^

cbits/c_fsevents.m:108:4: error:
     warning: 'Gestalt' is deprecated: first deprecated in macOS 10.8 [-Wdeprecated-declarations]
       Gestalt(gestaltSystemVersionBugFix, bugFixVersion);
       ^
    |
108 |    Gestalt(gestaltSystemVersionBugFix, bugFixVersion);
    |    ^

/Library/Developer/CommandLineTools/SDKs/MacOSX10.15.sdk/System/Library/Frameworks/CoreServices.framework/Frameworks/CarbonCore.framework/Headers/Gestalt.h:123:1: error:
     note: 'Gestalt' has been explicitly marked deprecated here
    |
123 | Gestalt(
    | ^
Gestalt(
^

cbits/c_fsevents.m:108:12: error:
     warning: 'gestaltSystemVersionBugFix' is deprecated: first deprecated in macOS 10.8 - Use NSProcessInfo's operatingSystemVersion property instead. [-Wdeprecated-declarations]
       Gestalt(gestaltSystemVersionBugFix, bugFixVersion);
               ^
    |
108 |    Gestalt(gestaltSystemVersionBugFix, bugFixVersion);
    |            ^

/Library/Developer/CommandLineTools/SDKs/MacOSX10.15.sdk/System/Library/Frameworks/CoreServices.framework/Frameworks/CarbonCore.framework/Headers/Gestalt.h:2075:1: error:
     note: '' has been explicitly marked deprecated here
     |
2075 | enum {
     | ^
enum {
^
6 warnings generated.
Preprocessing library for hfsevents-0.1.6..
Running Haddock on library for hfsevents-0.1.6..
Haddock coverage:
  12% (  3 / 26) in 'System.OSX.FSEvents'
  Missing documentation for:
    EventStream (System/OSX/FSEvents.hs:47)
    Event (System/OSX/FSEvents.hs:48)
    eventFlagMustScanSubDirs (System/OSX/FSEvents.hs:55)
    eventFlagUserDropped (System/OSX/FSEvents.hs:57)
    eventFlagKernelDropped (System/OSX/FSEvents.hs:59)
    eventFlagEventIdsWrapped (System/OSX/FSEvents.hs:61)
    eventFlagHistoryDone (System/OSX/FSEvents.hs:63)
    eventFlagRootChanged (System/OSX/FSEvents.hs:65)
    eventFlagMount (System/OSX/FSEvents.hs:67)
    eventFlagUnmount (System/OSX/FSEvents.hs:69)
    eventFlagItemCreated (System/OSX/FSEvents.hs:72)
    eventFlagItemRemoved (System/OSX/FSEvents.hs:74)
    eventFlagItemInodeMetaMod (System/OSX/FSEvents.hs:76)
    eventFlagItemRenamed (System/OSX/FSEvents.hs:78)
    eventFlagItemModified (System/OSX/FSEvents.hs:80)
    eventFlagItemFinderInfoMod (System/OSX/FSEvents.hs:82)
    eventFlagItemChangeOwner (System/OSX/FSEvents.hs:84)
    eventFlagItemXattrMod (System/OSX/FSEvents.hs:86)
    eventFlagItemIsFile (System/OSX/FSEvents.hs:88)
    eventFlagItemIsDir (System/OSX/FSEvents.hs:90)
    eventFlagItemIsSymlink (System/OSX/FSEvents.hs:92)
    fileLevelEventsSupported (System/OSX/FSEvents.hs:185)
    osVersion (System/OSX/FSEvents.hs:176)
Documentation created:
dist/dist-sandbox-b5a179e0/doc/html/hfsevents/index.html
Installing library in /Users/christophe.thibaut/Coding/fractal-sculpture/.cabal-sandbox/lib/x86_64-osx-ghc-8.6.3/hfsevents-0.1.6-6E8AlkGK7zy17Ha7MydRl4
cabal: Leaving directory '/var/folders/z7/k6qym9m16y15sb6n8znyr7ww0000gn/T/cabal-tmp-24922/hfsevents-0.1.6'
