cabal: Entering directory '/var/folders/z7/k6qym9m16y15sb6n8znyr7ww0000gn/T/cabal-tmp-24919/indexed-traversable-0.1.2'
Configuring indexed-traversable-0.1.2...
Preprocessing library for indexed-traversable-0.1.2..
Building library for indexed-traversable-0.1.2..
[1 of 5] Compiling GhcExts          ( src/GhcExts.hs, dist/dist-sandbox-b5a179e0/build/GhcExts.o )
[2 of 5] Compiling WithIndex        ( src/WithIndex.hs, dist/dist-sandbox-b5a179e0/build/WithIndex.o )
[3 of 5] Compiling Data.Traversable.WithIndex ( src/Data/Traversable/WithIndex.hs, dist/dist-sandbox-b5a179e0/build/Data/Traversable/WithIndex.o )
[4 of 5] Compiling Data.Functor.WithIndex ( src/Data/Functor/WithIndex.hs, dist/dist-sandbox-b5a179e0/build/Data/Functor/WithIndex.o )
[5 of 5] Compiling Data.Foldable.WithIndex ( src/Data/Foldable/WithIndex.hs, dist/dist-sandbox-b5a179e0/build/Data/Foldable/WithIndex.o )
[1 of 5] Compiling GhcExts          ( src/GhcExts.hs, dist/dist-sandbox-b5a179e0/build/GhcExts.p_o )
[2 of 5] Compiling WithIndex        ( src/WithIndex.hs, dist/dist-sandbox-b5a179e0/build/WithIndex.p_o )
[3 of 5] Compiling Data.Traversable.WithIndex ( src/Data/Traversable/WithIndex.hs, dist/dist-sandbox-b5a179e0/build/Data/Traversable/WithIndex.p_o )
[4 of 5] Compiling Data.Functor.WithIndex ( src/Data/Functor/WithIndex.hs, dist/dist-sandbox-b5a179e0/build/Data/Functor/WithIndex.p_o )
[5 of 5] Compiling Data.Foldable.WithIndex ( src/Data/Foldable/WithIndex.hs, dist/dist-sandbox-b5a179e0/build/Data/Foldable/WithIndex.p_o )
Preprocessing library for indexed-traversable-0.1.2..
Running Haddock on library for indexed-traversable-0.1.2..
Haddock coverage:
Warning: 'const' is out of scope.
    If you qualify the identifier, haddock can try to link it
    it anyway.
Warning: 'foldMap'' is out of scope.
    If you qualify the identifier, haddock can try to link it
    it anyway.
Warning: 'itraverseOf' is out of scope.
    If you qualify the identifier, haddock can try to link it
    it anyway.
Warning: 'itraversed' is out of scope.
    If you qualify the identifier, haddock can try to link it
    it anyway.
Warning: 'a' is out of scope.
    If you qualify the identifier, haddock can try to link it
    it anyway.
Warning: 'for' is out of scope.
    If you qualify the identifier, haddock can try to link it
    it anyway.
Warning: '.' is out of scope.
    If you qualify the identifier, haddock can try to link it
    it anyway.
Warning: 'const' is out of scope.
    If you qualify the identifier, haddock can try to link it
    it anyway.
Warning: 'mapM' is out of scope.
    If you qualify the identifier, haddock can try to link it
    it anyway.
Warning: 'forM' is out of scope.
    If you qualify the identifier, haddock can try to link it
    it anyway.
  83% ( 10 / 12) in 'Data.Traversable.WithIndex'
  Missing documentation for:
    imapDefault (src/WithIndex.hs:96)
    ifoldMapDefault (src/WithIndex.hs:180)
  67% (  2 /  3) in 'Data.Functor.WithIndex'
  Missing documentation for:
    Module header
Warning: 'const' is out of scope.
    If you qualify the identifier, haddock can try to link it
    it anyway.
Warning: 'all' is out of scope.
    If you qualify the identifier, haddock can try to link it
    it anyway.
Warning: 'traverse_' is out of scope.
    If you qualify the identifier, haddock can try to link it
    it anyway.
Warning: 'for_' is out of scope.
    If you qualify the identifier, haddock can try to link it
    it anyway.
Warning: 'IndexedFold' is out of scope.
    If you qualify the identifier, haddock can try to link it
    it anyway.
Warning: 'mapM_' is out of scope.
    If you qualify the identifier, haddock can try to link it
    it anyway.
Warning: 'imapM' is out of scope.
    If you qualify the identifier, haddock can try to link it
    it anyway.
Warning: 'iforM' is out of scope.
    If you qualify the identifier, haddock can try to link it
    it anyway.
Warning: 'concatMap' is out of scope.
    If you qualify the identifier, haddock can try to link it
    it anyway.
Warning: 'find' is out of scope.
    If you qualify the identifier, haddock can try to link it
    it anyway.
Warning: 'foldrM' is out of scope.
    If you qualify the identifier, haddock can try to link it
    it anyway.
Warning: 'foldlM' is out of scope.
    If you qualify the identifier, haddock can try to link it
    it anyway.
Warning: 'toList' is out of scope.
    If you qualify the identifier, haddock can try to link it
    it anyway.
Warning: 'snd' is out of scope.
    If you qualify the identifier, haddock can try to link it
    it anyway.
 100% ( 17 / 17) in 'Data.Foldable.WithIndex'
Documentation created:
dist/dist-sandbox-b5a179e0/doc/html/indexed-traversable/index.html
Installing library in /Users/christophe.thibaut/Coding/fractal-sculpture/.cabal-sandbox/lib/x86_64-osx-ghc-8.6.3/indexed-traversable-0.1.2-HKw54pX9JGP6ihXqkhnMkq
cabal: Leaving directory '/var/folders/z7/k6qym9m16y15sb6n8znyr7ww0000gn/T/cabal-tmp-24919/indexed-traversable-0.1.2'
