cabal: Entering directory '/var/folders/z7/k6qym9m16y15sb6n8znyr7ww0000gn/T/cabal-tmp-24921/integer-logarithms-1.0.3.1'
Configuring integer-logarithms-1.0.3.1...
Preprocessing library for integer-logarithms-1.0.3.1..
Building library for integer-logarithms-1.0.3.1..
[1 of 4] Compiling GHC.Integer.Logarithms.Compat ( src/GHC/Integer/Logarithms/Compat.hs, dist/dist-sandbox-b5a179e0/build/GHC/Integer/Logarithms/Compat.o )
[2 of 4] Compiling Math.NumberTheory.Logarithms ( src/Math/NumberTheory/Logarithms.hs, dist/dist-sandbox-b5a179e0/build/Math/NumberTheory/Logarithms.o )
[3 of 4] Compiling Math.NumberTheory.Powers.Integer ( src/Math/NumberTheory/Powers/Integer.hs, dist/dist-sandbox-b5a179e0/build/Math/NumberTheory/Powers/Integer.o )
[4 of 4] Compiling Math.NumberTheory.Powers.Natural ( src/Math/NumberTheory/Powers/Natural.hs, dist/dist-sandbox-b5a179e0/build/Math/NumberTheory/Powers/Natural.o )
[1 of 4] Compiling GHC.Integer.Logarithms.Compat ( src/GHC/Integer/Logarithms/Compat.hs, dist/dist-sandbox-b5a179e0/build/GHC/Integer/Logarithms/Compat.p_o )
[2 of 4] Compiling Math.NumberTheory.Logarithms ( src/Math/NumberTheory/Logarithms.hs, dist/dist-sandbox-b5a179e0/build/Math/NumberTheory/Logarithms.p_o )
[3 of 4] Compiling Math.NumberTheory.Powers.Integer ( src/Math/NumberTheory/Powers/Integer.hs, dist/dist-sandbox-b5a179e0/build/Math/NumberTheory/Powers/Integer.p_o )
[4 of 4] Compiling Math.NumberTheory.Powers.Natural ( src/Math/NumberTheory/Powers/Natural.hs, dist/dist-sandbox-b5a179e0/build/Math/NumberTheory/Powers/Natural.p_o )
Preprocessing library for integer-logarithms-1.0.3.1..
Running Haddock on library for integer-logarithms-1.0.3.1..
Haddock coverage:
 100% (  5 /  5) in 'GHC.Integer.Logarithms.Compat'
 100% ( 17 / 17) in 'Math.NumberTheory.Logarithms'
 100% (  3 /  3) in 'Math.NumberTheory.Powers.Integer'
 100% (  3 /  3) in 'Math.NumberTheory.Powers.Natural'
Documentation created:
dist/dist-sandbox-b5a179e0/doc/html/integer-logarithms/index.html
Installing library in /Users/christophe.thibaut/Coding/fractal-sculpture/.cabal-sandbox/lib/x86_64-osx-ghc-8.6.3/integer-logarithms-1.0.3.1-DLDRrTA9Hr4JegWXWBgBbW
cabal: Leaving directory '/var/folders/z7/k6qym9m16y15sb6n8znyr7ww0000gn/T/cabal-tmp-24921/integer-logarithms-1.0.3.1'
