cabal: Entering directory '/var/folders/z7/k6qym9m16y15sb6n8znyr7ww0000gn/T/cabal-tmp-24919/kan-extensions-5.2.3'
Configuring kan-extensions-5.2.3...
Preprocessing library for kan-extensions-5.2.3..
Building library for kan-extensions-5.2.3..
[ 1 of 13] Compiling Data.Functor.Contravariant.Coyoneda ( src/Data/Functor/Contravariant/Coyoneda.hs, dist/dist-sandbox-b5a179e0/build/Data/Functor/Contravariant/Coyoneda.o )
[ 2 of 13] Compiling Data.Functor.Contravariant.Day ( src/Data/Functor/Contravariant/Day.hs, dist/dist-sandbox-b5a179e0/build/Data/Functor/Contravariant/Day.o )
[ 3 of 13] Compiling Data.Functor.Contravariant.Yoneda ( src/Data/Functor/Contravariant/Yoneda.hs, dist/dist-sandbox-b5a179e0/build/Data/Functor/Contravariant/Yoneda.o )
[ 4 of 13] Compiling Data.Functor.Day ( src/Data/Functor/Day.hs, dist/dist-sandbox-b5a179e0/build/Data/Functor/Day.o )
[ 5 of 13] Compiling Data.Functor.Day.Curried ( src/Data/Functor/Day/Curried.hs, dist/dist-sandbox-b5a179e0/build/Data/Functor/Day/Curried.o )
[ 6 of 13] Compiling Data.Functor.Invariant.Day ( src/Data/Functor/Invariant/Day.hs, dist/dist-sandbox-b5a179e0/build/Data/Functor/Invariant/Day.o )
[ 7 of 13] Compiling Data.Functor.Kan.Lan ( src/Data/Functor/Kan/Lan.hs, dist/dist-sandbox-b5a179e0/build/Data/Functor/Kan/Lan.o )
[ 8 of 13] Compiling Data.Functor.Coyoneda ( src/Data/Functor/Coyoneda.hs, dist/dist-sandbox-b5a179e0/build/Data/Functor/Coyoneda.o )
[ 9 of 13] Compiling Control.Comonad.Density ( src/Control/Comonad/Density.hs, dist/dist-sandbox-b5a179e0/build/Control/Comonad/Density.o )
[10 of 13] Compiling Control.Monad.Co ( src/Control/Monad/Co.hs, dist/dist-sandbox-b5a179e0/build/Control/Monad/Co.o )
[11 of 13] Compiling Data.Functor.Kan.Ran ( src/Data/Functor/Kan/Ran.hs, dist/dist-sandbox-b5a179e0/build/Data/Functor/Kan/Ran.o )
[12 of 13] Compiling Control.Monad.Codensity ( src/Control/Monad/Codensity.hs, dist/dist-sandbox-b5a179e0/build/Control/Monad/Codensity.o )
[13 of 13] Compiling Data.Functor.Yoneda ( src/Data/Functor/Yoneda.hs, dist/dist-sandbox-b5a179e0/build/Data/Functor/Yoneda.o )
[ 1 of 13] Compiling Data.Functor.Contravariant.Coyoneda ( src/Data/Functor/Contravariant/Coyoneda.hs, dist/dist-sandbox-b5a179e0/build/Data/Functor/Contravariant/Coyoneda.p_o )
[ 2 of 13] Compiling Data.Functor.Contravariant.Day ( src/Data/Functor/Contravariant/Day.hs, dist/dist-sandbox-b5a179e0/build/Data/Functor/Contravariant/Day.p_o )
[ 3 of 13] Compiling Data.Functor.Contravariant.Yoneda ( src/Data/Functor/Contravariant/Yoneda.hs, dist/dist-sandbox-b5a179e0/build/Data/Functor/Contravariant/Yoneda.p_o )
[ 4 of 13] Compiling Data.Functor.Day ( src/Data/Functor/Day.hs, dist/dist-sandbox-b5a179e0/build/Data/Functor/Day.p_o )
[ 5 of 13] Compiling Data.Functor.Day.Curried ( src/Data/Functor/Day/Curried.hs, dist/dist-sandbox-b5a179e0/build/Data/Functor/Day/Curried.p_o )
[ 6 of 13] Compiling Data.Functor.Invariant.Day ( src/Data/Functor/Invariant/Day.hs, dist/dist-sandbox-b5a179e0/build/Data/Functor/Invariant/Day.p_o )
[ 7 of 13] Compiling Data.Functor.Kan.Lan ( src/Data/Functor/Kan/Lan.hs, dist/dist-sandbox-b5a179e0/build/Data/Functor/Kan/Lan.p_o )
[ 8 of 13] Compiling Data.Functor.Coyoneda ( src/Data/Functor/Coyoneda.hs, dist/dist-sandbox-b5a179e0/build/Data/Functor/Coyoneda.p_o )
[ 9 of 13] Compiling Control.Comonad.Density ( src/Control/Comonad/Density.hs, dist/dist-sandbox-b5a179e0/build/Control/Comonad/Density.p_o )
[10 of 13] Compiling Control.Monad.Co ( src/Control/Monad/Co.hs, dist/dist-sandbox-b5a179e0/build/Control/Monad/Co.p_o )
[11 of 13] Compiling Data.Functor.Kan.Ran ( src/Data/Functor/Kan/Ran.hs, dist/dist-sandbox-b5a179e0/build/Data/Functor/Kan/Ran.p_o )
[12 of 13] Compiling Control.Monad.Codensity ( src/Control/Monad/Codensity.hs, dist/dist-sandbox-b5a179e0/build/Control/Monad/Codensity.p_o )
[13 of 13] Compiling Data.Functor.Yoneda ( src/Data/Functor/Yoneda.hs, dist/dist-sandbox-b5a179e0/build/Data/Functor/Yoneda.p_o )
Preprocessing library for kan-extensions-5.2.3..
Running Haddock on library for kan-extensions-5.2.3..
Haddock coverage:
 100% (  5 /  5) in 'Data.Functor.Contravariant.Coyoneda'
 100% ( 14 / 14) in 'Data.Functor.Contravariant.Day'
  75% (  3 /  4) in 'Data.Functor.Contravariant.Yoneda'
  Missing documentation for:
    lowerYoneda (src/Data/Functor/Contravariant/Yoneda.hs:43)
  93% ( 14 / 15) in 'Data.Functor.Day'
  Missing documentation for:
    cayley (src/Data/Functor/Day.hs:211)
Warning: 'Compose' is out of scope.
    If you qualify the identifier, haddock can try to link it
    it anyway.
Warning: 'Rift' is out of scope.
    If you qualify the identifier, haddock can try to link it
    it anyway.
  93% ( 13 / 14) in 'Data.Functor.Day.Curried'
  Missing documentation for:
    Curried (src/Data/Functor/Day/Curried.hs:41)
 100% ( 14 / 14) in 'Data.Functor.Invariant.Day'
Warning: 'Compose' is out of scope.
    If you qualify the identifier, haddock can try to link it
    it anyway.
Warning: 'o' is out of scope.
    If you qualify the identifier, haddock can try to link it
    it anyway.
  75% (  9 / 12) in 'Data.Functor.Kan.Lan'
  Missing documentation for:
    decomposeLan (src/Data/Functor/Kan/Lan.hs:111)
    lanToAdjoint (src/Data/Functor/Kan/Lan.hs:83)
    composedAdjointToLan (src/Data/Functor/Kan/Lan.hs:97)
  89% (  8 /  9) in 'Data.Functor.Coyoneda'
  Missing documentation for:
    lanToCoyoneda (src/Data/Functor/Coyoneda.hs:83)
  57% (  4 /  7) in 'Control.Comonad.Density'
  Missing documentation for:
    Density (src/Control/Comonad/Density.hs:43)
    adjunctionToDensity (src/Control/Comonad/Density.hs:99)
    densityToLan (src/Control/Comonad/Density.hs:114)
Warning: 'Hask' is out of scope.
    If you qualify the identifier, haddock can try to link it
    it anyway.
Warning: 'Contravariant' is out of scope.
    If you qualify the identifier, haddock can try to link it
    it anyway.
Warning: 'Rift' is out of scope.
    If you qualify the identifier, haddock can try to link it
    it anyway.
  21% (  5 / 24) in 'Control.Monad.Co'
  Missing documentation for:
    Co (src/Control/Monad/Co.hs:80)
    co (src/Control/Monad/Co.hs:82)
    runCo (src/Control/Monad/Co.hs:85)
    liftCoT0 (src/Control/Monad/Co.hs:120)
    liftCoT0M (src/Control/Monad/Co.hs:156)
    lowerCoT0 (src/Control/Monad/Co.hs:123)
    lowerCo0 (src/Control/Monad/Co.hs:126)
    liftCoT1 (src/Control/Monad/Co.hs:129)
    liftCoT1M (src/Control/Monad/Co.hs:159)
    lowerCoT1 (src/Control/Monad/Co.hs:132)
    lowerCo1 (src/Control/Monad/Co.hs:135)
    diter (src/Control/Monad/Co.hs:162)
    dctrlM (src/Control/Monad/Co.hs:165)
    posW (src/Control/Monad/Co.hs:138)
    peekW (src/Control/Monad/Co.hs:141)
    peeksW (src/Control/Monad/Co.hs:144)
    askW (src/Control/Monad/Co.hs:147)
    asksW (src/Control/Monad/Co.hs:150)
    traceW (src/Control/Monad/Co.hs:153)
Warning: 'Compose'' is out of scope.
    If you qualify the identifier, haddock can try to link it
    it anyway.
  53% (  8 / 15) in 'Data.Functor.Kan.Ran'
  Missing documentation for:
    decomposeRan (src/Data/Functor/Kan/Ran.hs:120)
    ranToAdjoint (src/Data/Functor/Kan/Ran.hs:134)
    composedAdjointToRan (src/Data/Functor/Kan/Ran.hs:148)
    repToRan (src/Data/Functor/Kan/Ran.hs:157)
    ranToRep (src/Data/Functor/Kan/Ran.hs:161)
    composedRepToRan (src/Data/Functor/Kan/Ran.hs:169)
    ranToComposedRep (src/Data/Functor/Kan/Ran.hs:165)
  86% ( 12 / 14) in 'Control.Monad.Codensity'
  Missing documentation for:
    adjunctionToCodensity (src/Control/Monad/Codensity.hs:205)
    ranToCodensity (src/Control/Monad/Codensity.hs:246)
  45% (  5 / 11) in 'Data.Functor.Yoneda'
  Missing documentation for:
    lowerYoneda (src/Data/Functor/Yoneda.hs:88)
    maxF (src/Data/Functor/Yoneda.hs:228)
    minF (src/Data/Functor/Yoneda.hs:233)
    maxM (src/Data/Functor/Yoneda.hs:238)
    minM (src/Data/Functor/Yoneda.hs:243)
    ranToYoneda (src/Data/Functor/Yoneda.hs:106)
Documentation created:
dist/dist-sandbox-b5a179e0/doc/html/kan-extensions/index.html
Installing library in /Users/christophe.thibaut/Coding/fractal-sculpture/.cabal-sandbox/lib/x86_64-osx-ghc-8.6.3/kan-extensions-5.2.3-9T7kbVz3GAo6yUrvzQQdBv
cabal: Leaving directory '/var/folders/z7/k6qym9m16y15sb6n8znyr7ww0000gn/T/cabal-tmp-24919/kan-extensions-5.2.3'
