cabal: Entering directory '/var/folders/z7/k6qym9m16y15sb6n8znyr7ww0000gn/T/cabal-tmp-24919/lens-5.1'
Configuring lens-5.1...
Preprocessing library for lens-5.1..
Building library for lens-5.1..
[ 1 of 84] Compiling Control.Lens.Internal.CTypes ( src/Control/Lens/Internal/CTypes.hs, dist/dist-sandbox-b5a179e0/build/Control/Lens/Internal/CTypes.o )
[ 2 of 84] Compiling Control.Lens.Internal.Instances ( src/Control/Lens/Internal/Instances.hs, dist/dist-sandbox-b5a179e0/build/Control/Lens/Internal/Instances.o )
[ 3 of 84] Compiling Control.Lens.Internal.Iso ( src/Control/Lens/Internal/Iso.hs, dist/dist-sandbox-b5a179e0/build/Control/Lens/Internal/Iso.o )
[ 4 of 84] Compiling Control.Lens.Internal.List ( src/Control/Lens/Internal/List.hs, dist/dist-sandbox-b5a179e0/build/Control/Lens/Internal/List.o )
[ 5 of 84] Compiling Control.Lens.Internal.Prelude ( src/Control/Lens/Internal/Prelude.hs, dist/dist-sandbox-b5a179e0/build/Control/Lens/Internal/Prelude.o )
[ 6 of 84] Compiling Control.Lens.Internal.Level ( src/Control/Lens/Internal/Level.hs, dist/dist-sandbox-b5a179e0/build/Control/Lens/Internal/Level.o )
[ 7 of 84] Compiling Control.Lens.Internal.Indexed ( src/Control/Lens/Internal/Indexed.hs, dist/dist-sandbox-b5a179e0/build/Control/Lens/Internal/Indexed.o )
[ 8 of 84] Compiling Control.Lens.Internal.Getter ( src/Control/Lens/Internal/Getter.hs, dist/dist-sandbox-b5a179e0/build/Control/Lens/Internal/Getter.o )
[ 9 of 84] Compiling Control.Lens.Internal.Fold ( src/Control/Lens/Internal/Fold.hs, dist/dist-sandbox-b5a179e0/build/Control/Lens/Internal/Fold.o )
[10 of 84] Compiling Control.Lens.Internal.Context ( src/Control/Lens/Internal/Context.hs, dist/dist-sandbox-b5a179e0/build/Control/Lens/Internal/Context.o )
[11 of 84] Compiling Control.Lens.Internal.Bazaar ( src/Control/Lens/Internal/Bazaar.hs, dist/dist-sandbox-b5a179e0/build/Control/Lens/Internal/Bazaar.o )
[12 of 84] Compiling Control.Lens.Internal.Magma ( src/Control/Lens/Internal/Magma.hs, dist/dist-sandbox-b5a179e0/build/Control/Lens/Internal/Magma.o )
[13 of 84] Compiling Control.Lens.Internal.Prism ( src/Control/Lens/Internal/Prism.hs, dist/dist-sandbox-b5a179e0/build/Control/Lens/Internal/Prism.o )
[14 of 84] Compiling Control.Lens.Internal.Profunctor ( src/Control/Lens/Internal/Profunctor.hs, dist/dist-sandbox-b5a179e0/build/Control/Lens/Internal/Profunctor.o )
[15 of 84] Compiling Control.Lens.Internal.Review ( src/Control/Lens/Internal/Review.hs, dist/dist-sandbox-b5a179e0/build/Control/Lens/Internal/Review.o )
[16 of 84] Compiling Control.Lens.Internal.Setter ( src/Control/Lens/Internal/Setter.hs, dist/dist-sandbox-b5a179e0/build/Control/Lens/Internal/Setter.o )
[17 of 84] Compiling Control.Lens.Internal.Zoom ( src/Control/Lens/Internal/Zoom.hs, dist/dist-sandbox-b5a179e0/build/Control/Lens/Internal/Zoom.o )
[18 of 84] Compiling Control.Lens.Internal ( src/Control/Lens/Internal.hs, dist/dist-sandbox-b5a179e0/build/Control/Lens/Internal.o )
[19 of 84] Compiling Control.Lens.Type ( src/Control/Lens/Type.hs, dist/dist-sandbox-b5a179e0/build/Control/Lens/Type.o )
[20 of 84] Compiling Control.Lens.Setter ( src/Control/Lens/Setter.hs, dist/dist-sandbox-b5a179e0/build/Control/Lens/Setter.o )
[21 of 84] Compiling Control.Lens.Lens ( src/Control/Lens/Lens.hs, dist/dist-sandbox-b5a179e0/build/Control/Lens/Lens.o )
[22 of 84] Compiling Control.Lens.Tuple ( src/Control/Lens/Tuple.hs, dist/dist-sandbox-b5a179e0/build/Control/Lens/Tuple.o )
[23 of 84] Compiling Control.Lens.Getter ( src/Control/Lens/Getter.hs, dist/dist-sandbox-b5a179e0/build/Control/Lens/Getter.o )
[24 of 84] Compiling Control.Lens.Review ( src/Control/Lens/Review.hs, dist/dist-sandbox-b5a179e0/build/Control/Lens/Review.o )
[25 of 84] Compiling Control.Lens.Prism ( src/Control/Lens/Prism.hs, dist/dist-sandbox-b5a179e0/build/Control/Lens/Prism.o )
[26 of 84] Compiling Control.Lens.Fold ( src/Control/Lens/Fold.hs, dist/dist-sandbox-b5a179e0/build/Control/Lens/Fold.o )
[27 of 84] Compiling Control.Lens.Traversal ( src/Control/Lens/Traversal.hs, dist/dist-sandbox-b5a179e0/build/Control/Lens/Traversal.o )
[28 of 84] Compiling Control.Lens.Level ( src/Control/Lens/Level.hs, dist/dist-sandbox-b5a179e0/build/Control/Lens/Level.o )
[29 of 84] Compiling Control.Lens.Reified ( src/Control/Lens/Reified.hs, dist/dist-sandbox-b5a179e0/build/Control/Lens/Reified.o )
[30 of 84] Compiling Control.Lens.Internal.Exception ( src/Control/Lens/Internal/Exception.hs, dist/dist-sandbox-b5a179e0/build/Control/Lens/Internal/Exception.o )
[31 of 84] Compiling Control.Lens.Indexed ( src/Control/Lens/Indexed.hs, dist/dist-sandbox-b5a179e0/build/Control/Lens/Indexed.o )
[32 of 84] Compiling Control.Lens.Internal.ByteString ( src/Control/Lens/Internal/ByteString.hs, dist/dist-sandbox-b5a179e0/build/Control/Lens/Internal/ByteString.o )
[33 of 84] Compiling Control.Lens.Equality ( src/Control/Lens/Equality.hs, dist/dist-sandbox-b5a179e0/build/Control/Lens/Equality.o )
[34 of 84] Compiling Control.Lens.Iso ( src/Control/Lens/Iso.hs, dist/dist-sandbox-b5a179e0/build/Control/Lens/Iso.o )
[35 of 84] Compiling Control.Lens.Empty ( src/Control/Lens/Empty.hs, dist/dist-sandbox-b5a179e0/build/Control/Lens/Empty.o )
[36 of 84] Compiling Control.Lens.Cons ( src/Control/Lens/Cons.hs, dist/dist-sandbox-b5a179e0/build/Control/Lens/Cons.o )
[37 of 84] Compiling Control.Lens.Internal.Deque ( src/Control/Lens/Internal/Deque.hs, dist/dist-sandbox-b5a179e0/build/Control/Lens/Internal/Deque.o )
[38 of 84] Compiling Control.Lens.Wrapped ( src/Control/Lens/Wrapped.hs, dist/dist-sandbox-b5a179e0/build/Control/Lens/Wrapped.o )
[39 of 84] Compiling Control.Lens.Internal.TH ( src/Control/Lens/Internal/TH.hs, dist/dist-sandbox-b5a179e0/build/Control/Lens/Internal/TH.o )
[40 of 84] Compiling Control.Lens.Zoom ( src/Control/Lens/Zoom.hs, dist/dist-sandbox-b5a179e0/build/Control/Lens/Zoom.o )
[41 of 84] Compiling Data.Data.Lens   ( src/Data/Data/Lens.hs, dist/dist-sandbox-b5a179e0/build/Data/Data/Lens.o )
[42 of 84] Compiling Control.Lens.Plated ( src/Control/Lens/Plated.hs, dist/dist-sandbox-b5a179e0/build/Control/Lens/Plated.o )
[43 of 84] Compiling Data.HashSet.Lens ( src/Data/HashSet/Lens.hs, dist/dist-sandbox-b5a179e0/build/Data/HashSet/Lens.o )
[44 of 84] Compiling Data.List.Lens   ( src/Data/List/Lens.hs, dist/dist-sandbox-b5a179e0/build/Data/List/Lens.o )
[45 of 84] Compiling Data.Map.Lens    ( src/Data/Map/Lens.hs, dist/dist-sandbox-b5a179e0/build/Data/Map/Lens.o )
[46 of 84] Compiling Data.Set.Lens    ( src/Data/Set/Lens.hs, dist/dist-sandbox-b5a179e0/build/Data/Set/Lens.o )
[47 of 84] Compiling Data.Text.Lazy.Lens ( src/Data/Text/Lazy/Lens.hs, dist/dist-sandbox-b5a179e0/build/Data/Text/Lazy/Lens.o )
[48 of 84] Compiling Data.Text.Strict.Lens ( src/Data/Text/Strict/Lens.hs, dist/dist-sandbox-b5a179e0/build/Data/Text/Strict/Lens.o )
[49 of 84] Compiling Data.Text.Lens   ( src/Data/Text/Lens.hs, dist/dist-sandbox-b5a179e0/build/Data/Text/Lens.o )
[50 of 84] Compiling Data.Vector.Generic.Lens ( src/Data/Vector/Generic/Lens.hs, dist/dist-sandbox-b5a179e0/build/Data/Vector/Generic/Lens.o )
[51 of 84] Compiling Control.Lens.Each ( src/Control/Lens/Each.hs, dist/dist-sandbox-b5a179e0/build/Control/Lens/Each.o )
[52 of 84] Compiling Control.Lens.At  ( src/Control/Lens/At.hs, dist/dist-sandbox-b5a179e0/build/Control/Lens/At.o )
[53 of 84] Compiling Language.Haskell.TH.Lens ( src/Language/Haskell/TH/Lens.hs, dist/dist-sandbox-b5a179e0/build/Language/Haskell/TH/Lens.o )
[54 of 84] Compiling Control.Lens.Internal.PrismTH ( src/Control/Lens/Internal/PrismTH.hs, dist/dist-sandbox-b5a179e0/build/Control/Lens/Internal/PrismTH.o )
[55 of 84] Compiling Control.Lens.Internal.FieldTH ( src/Control/Lens/Internal/FieldTH.hs, dist/dist-sandbox-b5a179e0/build/Control/Lens/Internal/FieldTH.o )
[56 of 84] Compiling Control.Lens.TH  ( src/Control/Lens/TH.hs, dist/dist-sandbox-b5a179e0/build/Control/Lens/TH.o )
[57 of 84] Compiling Control.Lens     ( src/Control/Lens.hs, dist/dist-sandbox-b5a179e0/build/Control/Lens.o )
[58 of 84] Compiling GHC.Generics.Lens ( src/GHC/Generics/Lens.hs, dist/dist-sandbox-b5a179e0/build/GHC/Generics/Lens.o )
[59 of 84] Compiling Data.Vector.Lens ( src/Data/Vector/Lens.hs, dist/dist-sandbox-b5a179e0/build/Data/Vector/Lens.o )
[60 of 84] Compiling Data.Typeable.Lens ( src/Data/Typeable/Lens.hs, dist/dist-sandbox-b5a179e0/build/Data/Typeable/Lens.o )
[61 of 84] Compiling Data.Tree.Lens   ( src/Data/Tree/Lens.hs, dist/dist-sandbox-b5a179e0/build/Data/Tree/Lens.o )
[62 of 84] Compiling Data.Sequence.Lens ( src/Data/Sequence/Lens.hs, dist/dist-sandbox-b5a179e0/build/Data/Sequence/Lens.o )
[63 of 84] Compiling Data.IntSet.Lens ( src/Data/IntSet/Lens.hs, dist/dist-sandbox-b5a179e0/build/Data/IntSet/Lens.o )
[64 of 84] Compiling Data.Complex.Lens ( src/Data/Complex/Lens.hs, dist/dist-sandbox-b5a179e0/build/Data/Complex/Lens.o )
[65 of 84] Compiling Data.ByteString.Strict.Lens ( src/Data/ByteString/Strict/Lens.hs, dist/dist-sandbox-b5a179e0/build/Data/ByteString/Strict/Lens.o )
[66 of 84] Compiling Data.ByteString.Lazy.Lens ( src/Data/ByteString/Lazy/Lens.hs, dist/dist-sandbox-b5a179e0/build/Data/ByteString/Lazy/Lens.o )
[67 of 84] Compiling Data.ByteString.Lens ( src/Data/ByteString/Lens.hs, dist/dist-sandbox-b5a179e0/build/Data/ByteString/Lens.o )
[68 of 84] Compiling Data.Bits.Lens   ( src/Data/Bits/Lens.hs, dist/dist-sandbox-b5a179e0/build/Data/Bits/Lens.o )
[69 of 84] Compiling Data.Array.Lens  ( src/Data/Array/Lens.hs, dist/dist-sandbox-b5a179e0/build/Data/Array/Lens.o )
[70 of 84] Compiling Control.Seq.Lens ( src/Control/Seq/Lens.hs, dist/dist-sandbox-b5a179e0/build/Control/Seq/Lens.o )
[71 of 84] Compiling Control.Parallel.Strategies.Lens ( src/Control/Parallel/Strategies/Lens.hs, dist/dist-sandbox-b5a179e0/build/Control/Parallel/Strategies/Lens.o )
[72 of 84] Compiling Control.Monad.Error.Lens ( src/Control/Monad/Error/Lens.hs, dist/dist-sandbox-b5a179e0/build/Control/Monad/Error/Lens.o )
[73 of 84] Compiling Control.Lens.Unsound ( src/Control/Lens/Unsound.hs, dist/dist-sandbox-b5a179e0/build/Control/Lens/Unsound.o )
[74 of 84] Compiling Control.Lens.Profunctor ( src/Control/Lens/Profunctor.hs, dist/dist-sandbox-b5a179e0/build/Control/Lens/Profunctor.o )
[75 of 84] Compiling Control.Lens.Operators ( src/Control/Lens/Operators.hs, dist/dist-sandbox-b5a179e0/build/Control/Lens/Operators.o )
[76 of 84] Compiling Control.Lens.Extras ( src/Control/Lens/Extras.hs, dist/dist-sandbox-b5a179e0/build/Control/Lens/Extras.o )
[77 of 84] Compiling Control.Lens.Combinators ( src/Control/Lens/Combinators.hs, dist/dist-sandbox-b5a179e0/build/Control/Lens/Combinators.o )
[78 of 84] Compiling Control.Exception.Lens ( src/Control/Exception/Lens.hs, dist/dist-sandbox-b5a179e0/build/Control/Exception/Lens.o )
[79 of 84] Compiling Data.Dynamic.Lens ( src/Data/Dynamic/Lens.hs, dist/dist-sandbox-b5a179e0/build/Data/Dynamic/Lens.o )
[80 of 84] Compiling Numeric.Lens     ( src/Numeric/Lens.hs, dist/dist-sandbox-b5a179e0/build/Numeric/Lens.o )
[81 of 84] Compiling Numeric.Natural.Lens ( src/Numeric/Natural/Lens.hs, dist/dist-sandbox-b5a179e0/build/Numeric/Natural/Lens.o )
[82 of 84] Compiling System.Exit.Lens ( src/System/Exit/Lens.hs, dist/dist-sandbox-b5a179e0/build/System/Exit/Lens.o )
[83 of 84] Compiling System.FilePath.Lens ( src/System/FilePath/Lens.hs, dist/dist-sandbox-b5a179e0/build/System/FilePath/Lens.o )
[84 of 84] Compiling System.IO.Error.Lens ( src/System/IO/Error/Lens.hs, dist/dist-sandbox-b5a179e0/build/System/IO/Error/Lens.o )
[ 1 of 84] Compiling Control.Lens.Internal.CTypes ( src/Control/Lens/Internal/CTypes.hs, dist/dist-sandbox-b5a179e0/build/Control/Lens/Internal/CTypes.p_o )
[ 2 of 84] Compiling Control.Lens.Internal.Instances ( src/Control/Lens/Internal/Instances.hs, dist/dist-sandbox-b5a179e0/build/Control/Lens/Internal/Instances.p_o )
[ 3 of 84] Compiling Control.Lens.Internal.Iso ( src/Control/Lens/Internal/Iso.hs, dist/dist-sandbox-b5a179e0/build/Control/Lens/Internal/Iso.p_o )
[ 4 of 84] Compiling Control.Lens.Internal.List ( src/Control/Lens/Internal/List.hs, dist/dist-sandbox-b5a179e0/build/Control/Lens/Internal/List.p_o )
[ 5 of 84] Compiling Control.Lens.Internal.Prelude ( src/Control/Lens/Internal/Prelude.hs, dist/dist-sandbox-b5a179e0/build/Control/Lens/Internal/Prelude.p_o )
[ 6 of 84] Compiling Control.Lens.Internal.Level ( src/Control/Lens/Internal/Level.hs, dist/dist-sandbox-b5a179e0/build/Control/Lens/Internal/Level.p_o )
[ 7 of 84] Compiling Control.Lens.Internal.Indexed ( src/Control/Lens/Internal/Indexed.hs, dist/dist-sandbox-b5a179e0/build/Control/Lens/Internal/Indexed.p_o )
[ 8 of 84] Compiling Control.Lens.Internal.Getter ( src/Control/Lens/Internal/Getter.hs, dist/dist-sandbox-b5a179e0/build/Control/Lens/Internal/Getter.p_o )
[ 9 of 84] Compiling Control.Lens.Internal.Fold ( src/Control/Lens/Internal/Fold.hs, dist/dist-sandbox-b5a179e0/build/Control/Lens/Internal/Fold.p_o )
[10 of 84] Compiling Control.Lens.Internal.Context ( src/Control/Lens/Internal/Context.hs, dist/dist-sandbox-b5a179e0/build/Control/Lens/Internal/Context.p_o )
[11 of 84] Compiling Control.Lens.Internal.Bazaar ( src/Control/Lens/Internal/Bazaar.hs, dist/dist-sandbox-b5a179e0/build/Control/Lens/Internal/Bazaar.p_o )
[12 of 84] Compiling Control.Lens.Internal.Magma ( src/Control/Lens/Internal/Magma.hs, dist/dist-sandbox-b5a179e0/build/Control/Lens/Internal/Magma.p_o )
[13 of 84] Compiling Control.Lens.Internal.Prism ( src/Control/Lens/Internal/Prism.hs, dist/dist-sandbox-b5a179e0/build/Control/Lens/Internal/Prism.p_o )
[14 of 84] Compiling Control.Lens.Internal.Profunctor ( src/Control/Lens/Internal/Profunctor.hs, dist/dist-sandbox-b5a179e0/build/Control/Lens/Internal/Profunctor.p_o )
[15 of 84] Compiling Control.Lens.Internal.Review ( src/Control/Lens/Internal/Review.hs, dist/dist-sandbox-b5a179e0/build/Control/Lens/Internal/Review.p_o )
[16 of 84] Compiling Control.Lens.Internal.Setter ( src/Control/Lens/Internal/Setter.hs, dist/dist-sandbox-b5a179e0/build/Control/Lens/Internal/Setter.p_o )
[17 of 84] Compiling Control.Lens.Internal.Zoom ( src/Control/Lens/Internal/Zoom.hs, dist/dist-sandbox-b5a179e0/build/Control/Lens/Internal/Zoom.p_o )
[18 of 84] Compiling Control.Lens.Internal ( src/Control/Lens/Internal.hs, dist/dist-sandbox-b5a179e0/build/Control/Lens/Internal.p_o )
[19 of 84] Compiling Control.Lens.Type ( src/Control/Lens/Type.hs, dist/dist-sandbox-b5a179e0/build/Control/Lens/Type.p_o )
[20 of 84] Compiling Control.Lens.Setter ( src/Control/Lens/Setter.hs, dist/dist-sandbox-b5a179e0/build/Control/Lens/Setter.p_o )
[21 of 84] Compiling Control.Lens.Lens ( src/Control/Lens/Lens.hs, dist/dist-sandbox-b5a179e0/build/Control/Lens/Lens.p_o )
[22 of 84] Compiling Control.Lens.Tuple ( src/Control/Lens/Tuple.hs, dist/dist-sandbox-b5a179e0/build/Control/Lens/Tuple.p_o )
[23 of 84] Compiling Control.Lens.Getter ( src/Control/Lens/Getter.hs, dist/dist-sandbox-b5a179e0/build/Control/Lens/Getter.p_o )
[24 of 84] Compiling Control.Lens.Review ( src/Control/Lens/Review.hs, dist/dist-sandbox-b5a179e0/build/Control/Lens/Review.p_o )
[25 of 84] Compiling Control.Lens.Prism ( src/Control/Lens/Prism.hs, dist/dist-sandbox-b5a179e0/build/Control/Lens/Prism.p_o )
[26 of 84] Compiling Control.Lens.Fold ( src/Control/Lens/Fold.hs, dist/dist-sandbox-b5a179e0/build/Control/Lens/Fold.p_o )
[27 of 84] Compiling Control.Lens.Traversal ( src/Control/Lens/Traversal.hs, dist/dist-sandbox-b5a179e0/build/Control/Lens/Traversal.p_o )
[28 of 84] Compiling Control.Lens.Level ( src/Control/Lens/Level.hs, dist/dist-sandbox-b5a179e0/build/Control/Lens/Level.p_o )
[29 of 84] Compiling Control.Lens.Reified ( src/Control/Lens/Reified.hs, dist/dist-sandbox-b5a179e0/build/Control/Lens/Reified.p_o )
[30 of 84] Compiling Control.Lens.Internal.Exception ( src/Control/Lens/Internal/Exception.hs, dist/dist-sandbox-b5a179e0/build/Control/Lens/Internal/Exception.p_o )
[31 of 84] Compiling Control.Lens.Indexed ( src/Control/Lens/Indexed.hs, dist/dist-sandbox-b5a179e0/build/Control/Lens/Indexed.p_o )
[32 of 84] Compiling Control.Lens.Internal.ByteString ( src/Control/Lens/Internal/ByteString.hs, dist/dist-sandbox-b5a179e0/build/Control/Lens/Internal/ByteString.p_o )
[33 of 84] Compiling Control.Lens.Equality ( src/Control/Lens/Equality.hs, dist/dist-sandbox-b5a179e0/build/Control/Lens/Equality.p_o )
[34 of 84] Compiling Control.Lens.Iso ( src/Control/Lens/Iso.hs, dist/dist-sandbox-b5a179e0/build/Control/Lens/Iso.p_o )
[35 of 84] Compiling Control.Lens.Empty ( src/Control/Lens/Empty.hs, dist/dist-sandbox-b5a179e0/build/Control/Lens/Empty.p_o )
[36 of 84] Compiling Control.Lens.Cons ( src/Control/Lens/Cons.hs, dist/dist-sandbox-b5a179e0/build/Control/Lens/Cons.p_o )
[37 of 84] Compiling Control.Lens.Internal.Deque ( src/Control/Lens/Internal/Deque.hs, dist/dist-sandbox-b5a179e0/build/Control/Lens/Internal/Deque.p_o )
[38 of 84] Compiling Control.Lens.Wrapped ( src/Control/Lens/Wrapped.hs, dist/dist-sandbox-b5a179e0/build/Control/Lens/Wrapped.p_o )
[39 of 84] Compiling Control.Lens.Internal.TH ( src/Control/Lens/Internal/TH.hs, dist/dist-sandbox-b5a179e0/build/Control/Lens/Internal/TH.p_o )
[40 of 84] Compiling Control.Lens.Zoom ( src/Control/Lens/Zoom.hs, dist/dist-sandbox-b5a179e0/build/Control/Lens/Zoom.p_o )
[41 of 84] Compiling Data.Data.Lens   ( src/Data/Data/Lens.hs, dist/dist-sandbox-b5a179e0/build/Data/Data/Lens.p_o )
[42 of 84] Compiling Control.Lens.Plated ( src/Control/Lens/Plated.hs, dist/dist-sandbox-b5a179e0/build/Control/Lens/Plated.p_o )
[43 of 84] Compiling Data.HashSet.Lens ( src/Data/HashSet/Lens.hs, dist/dist-sandbox-b5a179e0/build/Data/HashSet/Lens.p_o )
[44 of 84] Compiling Data.List.Lens   ( src/Data/List/Lens.hs, dist/dist-sandbox-b5a179e0/build/Data/List/Lens.p_o )
[45 of 84] Compiling Data.Map.Lens    ( src/Data/Map/Lens.hs, dist/dist-sandbox-b5a179e0/build/Data/Map/Lens.p_o )
[46 of 84] Compiling Data.Set.Lens    ( src/Data/Set/Lens.hs, dist/dist-sandbox-b5a179e0/build/Data/Set/Lens.p_o )
[47 of 84] Compiling Data.Text.Lazy.Lens ( src/Data/Text/Lazy/Lens.hs, dist/dist-sandbox-b5a179e0/build/Data/Text/Lazy/Lens.p_o )
[48 of 84] Compiling Data.Text.Strict.Lens ( src/Data/Text/Strict/Lens.hs, dist/dist-sandbox-b5a179e0/build/Data/Text/Strict/Lens.p_o )
[49 of 84] Compiling Data.Text.Lens   ( src/Data/Text/Lens.hs, dist/dist-sandbox-b5a179e0/build/Data/Text/Lens.p_o )
[50 of 84] Compiling Data.Vector.Generic.Lens ( src/Data/Vector/Generic/Lens.hs, dist/dist-sandbox-b5a179e0/build/Data/Vector/Generic/Lens.p_o )
[51 of 84] Compiling Control.Lens.Each ( src/Control/Lens/Each.hs, dist/dist-sandbox-b5a179e0/build/Control/Lens/Each.p_o )
[52 of 84] Compiling Control.Lens.At  ( src/Control/Lens/At.hs, dist/dist-sandbox-b5a179e0/build/Control/Lens/At.p_o )
[53 of 84] Compiling Language.Haskell.TH.Lens ( src/Language/Haskell/TH/Lens.hs, dist/dist-sandbox-b5a179e0/build/Language/Haskell/TH/Lens.p_o )
[54 of 84] Compiling Control.Lens.Internal.PrismTH ( src/Control/Lens/Internal/PrismTH.hs, dist/dist-sandbox-b5a179e0/build/Control/Lens/Internal/PrismTH.p_o )
[55 of 84] Compiling Control.Lens.Internal.FieldTH ( src/Control/Lens/Internal/FieldTH.hs, dist/dist-sandbox-b5a179e0/build/Control/Lens/Internal/FieldTH.p_o )
[56 of 84] Compiling Control.Lens.TH  ( src/Control/Lens/TH.hs, dist/dist-sandbox-b5a179e0/build/Control/Lens/TH.p_o )
[57 of 84] Compiling Control.Lens     ( src/Control/Lens.hs, dist/dist-sandbox-b5a179e0/build/Control/Lens.p_o )
[58 of 84] Compiling GHC.Generics.Lens ( src/GHC/Generics/Lens.hs, dist/dist-sandbox-b5a179e0/build/GHC/Generics/Lens.p_o )
[59 of 84] Compiling Data.Vector.Lens ( src/Data/Vector/Lens.hs, dist/dist-sandbox-b5a179e0/build/Data/Vector/Lens.p_o )
[60 of 84] Compiling Data.Typeable.Lens ( src/Data/Typeable/Lens.hs, dist/dist-sandbox-b5a179e0/build/Data/Typeable/Lens.p_o )
[61 of 84] Compiling Data.Tree.Lens   ( src/Data/Tree/Lens.hs, dist/dist-sandbox-b5a179e0/build/Data/Tree/Lens.p_o )
[62 of 84] Compiling Data.Sequence.Lens ( src/Data/Sequence/Lens.hs, dist/dist-sandbox-b5a179e0/build/Data/Sequence/Lens.p_o )
[63 of 84] Compiling Data.IntSet.Lens ( src/Data/IntSet/Lens.hs, dist/dist-sandbox-b5a179e0/build/Data/IntSet/Lens.p_o )
[64 of 84] Compiling Data.Complex.Lens ( src/Data/Complex/Lens.hs, dist/dist-sandbox-b5a179e0/build/Data/Complex/Lens.p_o )
[65 of 84] Compiling Data.ByteString.Strict.Lens ( src/Data/ByteString/Strict/Lens.hs, dist/dist-sandbox-b5a179e0/build/Data/ByteString/Strict/Lens.p_o )
[66 of 84] Compiling Data.ByteString.Lazy.Lens ( src/Data/ByteString/Lazy/Lens.hs, dist/dist-sandbox-b5a179e0/build/Data/ByteString/Lazy/Lens.p_o )
[67 of 84] Compiling Data.ByteString.Lens ( src/Data/ByteString/Lens.hs, dist/dist-sandbox-b5a179e0/build/Data/ByteString/Lens.p_o )
[68 of 84] Compiling Data.Bits.Lens   ( src/Data/Bits/Lens.hs, dist/dist-sandbox-b5a179e0/build/Data/Bits/Lens.p_o )
[69 of 84] Compiling Data.Array.Lens  ( src/Data/Array/Lens.hs, dist/dist-sandbox-b5a179e0/build/Data/Array/Lens.p_o )
[70 of 84] Compiling Control.Seq.Lens ( src/Control/Seq/Lens.hs, dist/dist-sandbox-b5a179e0/build/Control/Seq/Lens.p_o )
[71 of 84] Compiling Control.Parallel.Strategies.Lens ( src/Control/Parallel/Strategies/Lens.hs, dist/dist-sandbox-b5a179e0/build/Control/Parallel/Strategies/Lens.p_o )
[72 of 84] Compiling Control.Monad.Error.Lens ( src/Control/Monad/Error/Lens.hs, dist/dist-sandbox-b5a179e0/build/Control/Monad/Error/Lens.p_o )
[73 of 84] Compiling Control.Lens.Unsound ( src/Control/Lens/Unsound.hs, dist/dist-sandbox-b5a179e0/build/Control/Lens/Unsound.p_o )
[74 of 84] Compiling Control.Lens.Profunctor ( src/Control/Lens/Profunctor.hs, dist/dist-sandbox-b5a179e0/build/Control/Lens/Profunctor.p_o )
[75 of 84] Compiling Control.Lens.Operators ( src/Control/Lens/Operators.hs, dist/dist-sandbox-b5a179e0/build/Control/Lens/Operators.p_o )
[76 of 84] Compiling Control.Lens.Extras ( src/Control/Lens/Extras.hs, dist/dist-sandbox-b5a179e0/build/Control/Lens/Extras.p_o )
[77 of 84] Compiling Control.Lens.Combinators ( src/Control/Lens/Combinators.hs, dist/dist-sandbox-b5a179e0/build/Control/Lens/Combinators.p_o )
[78 of 84] Compiling Control.Exception.Lens ( src/Control/Exception/Lens.hs, dist/dist-sandbox-b5a179e0/build/Control/Exception/Lens.p_o )
[79 of 84] Compiling Data.Dynamic.Lens ( src/Data/Dynamic/Lens.hs, dist/dist-sandbox-b5a179e0/build/Data/Dynamic/Lens.p_o )
[80 of 84] Compiling Numeric.Lens     ( src/Numeric/Lens.hs, dist/dist-sandbox-b5a179e0/build/Numeric/Lens.p_o )
[81 of 84] Compiling Numeric.Natural.Lens ( src/Numeric/Natural/Lens.hs, dist/dist-sandbox-b5a179e0/build/Numeric/Natural/Lens.p_o )
[82 of 84] Compiling System.Exit.Lens ( src/System/Exit/Lens.hs, dist/dist-sandbox-b5a179e0/build/System/Exit/Lens.p_o )
[83 of 84] Compiling System.FilePath.Lens ( src/System/FilePath/Lens.hs, dist/dist-sandbox-b5a179e0/build/System/FilePath/Lens.p_o )
[84 of 84] Compiling System.IO.Error.Lens ( src/System/IO/Error/Lens.hs, dist/dist-sandbox-b5a179e0/build/System/IO/Error/Lens.p_o )
Preprocessing library for lens-5.1..
Running Haddock on library for lens-5.1..
Haddock coverage:
 100% (  4 /  4) in 'Control.Lens.Internal.CTypes'
Warning: 'Const' is out of scope.
    If you qualify the identifier, haddock can try to link it
    it anyway.
 100% (  1 /  1) in 'Control.Lens.Internal.Instances'
 100% (  3 /  3) in 'Control.Lens.Internal.Iso'
 100% (  3 /  3) in 'Control.Lens.Internal.List'
Warning: 'Flow' is out of scope.
    If you qualify the identifier, haddock can try to link it
    it anyway.
 100% (  6 /  6) in 'Control.Lens.Internal.Level'
Warning: 'Traversal' is out of scope.
    If you qualify the identifier, haddock can try to link it
    it anyway.
Warning: 'IndexedFold' is out of scope.
    If you qualify the identifier, haddock can try to link it
    it anyway.
Warning: 'IndexedTraversal' is out of scope.
    If you qualify the identifier, haddock can try to link it
    it anyway.
Warning: 'Fold' is out of scope.
    If you qualify the identifier, haddock can try to link it
    it anyway.
 100% ( 15 / 15) in 'Control.Lens.Internal.Indexed'
  50% (  2 /  4) in 'Control.Lens.Internal.Getter'
  Missing documentation for:
    AlongsideLeft (src/Control/Lens/Internal/Getter.hs:35)
    AlongsideRight (src/Control/Lens/Internal/Getter.hs:76)
Warning: 'a' is out of scope.
    If you qualify the identifier, haddock can try to link it
    it anyway.
  85% ( 11 / 13) in 'Control.Lens.Internal.Fold'
  Missing documentation for:
    ReifiedMonoid
    NonEmptyDList (src/Control/Lens/Internal/Fold.hs:130)
Warning: 'w' is out of scope.
    If you qualify the identifier, haddock can try to link it
    it anyway.
 100% ( 11 / 11) in 'Control.Lens.Internal.Context'
Warning: 'FunList' is out of scope.
    If you qualify the identifier, haddock can try to link it
    it anyway.
  91% ( 10 / 11) in 'Control.Lens.Internal.Bazaar'
  Missing documentation for:
    Bizarre1 (src/Control/Lens/Internal/Bazaar.hs:238)
 100% ( 12 / 12) in 'Control.Lens.Internal.Magma'
Warning: 'Prism' is out of scope.
    If you qualify the identifier, haddock can try to link it
    it anyway.
 100% (  3 /  3) in 'Control.Lens.Internal.Prism'
   0% (  0 /  2) in 'Control.Lens.Internal.Profunctor'
  Missing documentation for:
    Module header
    WrappedPafb (src/Control/Lens/Internal/Profunctor.hs:8)
Warning: 'Const' is out of scope.
    If you qualify the identifier, haddock can try to link it
    it anyway.
 100% (  5 /  5) in 'Control.Lens.Internal.Review'
 100% (  3 /  3) in 'Control.Lens.Internal.Setter'
 100% ( 15 / 15) in 'Control.Lens.Internal.Zoom'
 100% ( 13 / 13) in 'Control.Lens.Internal'
Warning: 'v' is out of scope.
    If you qualify the identifier, haddock can try to link it
    it anyway.
Warning: 's' is out of scope.
    If you qualify the identifier, haddock can try to link it
    it anyway.
Warning: 'indices' is out of scope.
    If you qualify the identifier, haddock can try to link it
    it anyway.
Warning: 'sets' is out of scope.
    If you qualify the identifier, haddock can try to link it
    it anyway.
Warning: 'IndexedPreservingSetter'' is out of scope.
    If you qualify the identifier, haddock can try to link it
    it anyway.
Warning: 'IndexedPreservingSetter' is out of scope.
    If you qualify the identifier, haddock can try to link it
    it anyway.
Warning: 'f' is out of scope.
    If you qualify the identifier, haddock can try to link it
    it anyway.
Warning: 're' is out of scope.
    If you qualify the identifier, haddock can try to link it
    it anyway.
Warning: 'unto' is out of scope.
    If you qualify the identifier, haddock can try to link it
    it anyway.
Warning: 'nat' is out of scope.
    If you qualify the identifier, haddock can try to link it
    it anyway.
Warning: 'foo' is out of scope.
    If you qualify the identifier, haddock can try to link it
    it anyway.
Warning: 'Procompose' is out of scope.
    If you qualify the identifier, haddock can try to link it
    it anyway.
  86% ( 51 / 59) in 'Control.Lens.Type'
  Missing documentation for:
    Traversal1 (src/Control/Lens/Type.hs:204)
    Traversal1' (src/Control/Lens/Type.hs:205)
    IndexedTraversal1 (src/Control/Lens/Type.hs:225)
    IndexedTraversal1' (src/Control/Lens/Type.hs:226)
    IndexedFold1 (src/Control/Lens/Type.hs:517)
    IndexPreservingTraversal1 (src/Control/Lens/Type.hs:236)
    IndexPreservingTraversal1' (src/Control/Lens/Type.hs:237)
    IndexPreservingFold1 (src/Control/Lens/Type.hs:518)
Warning: 'setter' is out of scope.
    If you qualify the identifier, haddock can try to link it
    it anyway.
Warning: 'fresh' is out of scope.
    If you qualify the identifier, haddock can try to link it
    it anyway.
Warning: 'Writer' is out of scope.
    If you qualify the identifier, haddock can try to link it
    it anyway.
Warning: 'Reader' is out of scope.
    If you qualify the identifier, haddock can try to link it
    it anyway.
 100% ( 88 / 88) in 'Control.Lens.Setter'
Warning: 'getter' is out of scope.
    If you qualify the identifier, haddock can try to link it
    it anyway.
Warning: 'setter' is out of scope.
    If you qualify the identifier, haddock can try to link it
    it anyway.
Warning: 'view' is out of scope.
    If you qualify the identifier, haddock can try to link it
    it anyway.
Warning: 'pos' is out of scope.
    If you qualify the identifier, haddock can try to link it
    it anyway.
Warning: 'seek' is out of scope.
    If you qualify the identifier, haddock can try to link it
    it anyway.
Warning: 'IndexedPreservingLens' is out of scope.
    If you qualify the identifier, haddock can try to link it
    it anyway.
Warning: 'Monad'' is out of scope.
    If you qualify the identifier, haddock can try to link it
    it anyway.
Warning: 'foo' is out of scope.
    If you qualify the identifier, haddock can try to link it
    it anyway.
Warning: 'bar' is out of scope.
    If you qualify the identifier, haddock can try to link it
    it anyway.
Warning: 'f' is out of scope.
    If you qualify the identifier, haddock can try to link it
    it anyway.
 100% (115 /115) in 'Control.Lens.Lens'
 100% ( 41 / 41) in 'Control.Lens.Tuple'
Warning: 'r' is out of scope.
    If you qualify the identifier, haddock can try to link it
    it anyway.
Warning: 'failing' is out of scope.
    If you qualify the identifier, haddock can try to link it
    it anyway.
 100% ( 33 / 33) in 'Control.Lens.Getter'
Warning: 'Review'' is out of scope.
    If you qualify the identifier, haddock can try to link it
    it anyway.
 100% ( 16 / 16) in 'Control.Lens.Review'
Warning: 'lift' is out of scope.
    If you qualify the identifier, haddock can try to link it
    it anyway.
Warning: 'hasn't' is out of scope.
    If you qualify the identifier, haddock can try to link it
    it anyway.
Warning: '^?' is out of scope.
    If you qualify the identifier, haddock can try to link it
    it anyway.
Warning: 'readMaybe' is out of scope.
    If you qualify the identifier, haddock can try to link it
    it anyway.
  94% ( 30 / 32) in 'Control.Lens.Prism'
  Missing documentation for:
    Prefixed (src/Control/Lens/Prism.hs:388)
    Suffixed (src/Control/Lens/Prism.hs:422)
Warning: 'FoldWithIndex' is out of scope.
    If you qualify the identifier, haddock can try to link it
    it anyway.
Warning: 'Product' is out of scope.
    If you qualify the identifier, haddock can try to link it
    it anyway.
Warning: 'ala' is out of scope.
    If you qualify the identifier, haddock can try to link it
    it anyway.
Warning: 'Sum' is out of scope.
    If you qualify the identifier, haddock can try to link it
    it anyway.
Warning: '_1' is out of scope.
    If you qualify the identifier, haddock can try to link it
    it anyway.
Warning: '_2' is out of scope.
    If you qualify the identifier, haddock can try to link it
    it anyway.
Warning: 'for_' is out of scope.
    If you qualify the identifier, haddock can try to link it
    it anyway.
Warning: 'sequenceA_' is out of scope.
    If you qualify the identifier, haddock can try to link it
    it anyway.
Warning: 'asum' is out of scope.
    If you qualify the identifier, haddock can try to link it
    it anyway.
Warning: 's' is out of scope.
    If you qualify the identifier, haddock can try to link it
    it anyway.
Warning: 'headOf' is out of scope.
    If you qualify the identifier, haddock can try to link it
    it anyway.
Warning: 'Last' is out of scope.
    If you qualify the identifier, haddock can try to link it
    it anyway.
Warning: 'maximum' is out of scope.
    If you qualify the identifier, haddock can try to link it
    it anyway.
Warning: 'getMax' is out of scope.
    If you qualify the identifier, haddock can try to link it
    it anyway.
Warning: 'Max' is out of scope.
    If you qualify the identifier, haddock can try to link it
    it anyway.
Warning: 'minimum' is out of scope.
    If you qualify the identifier, haddock can try to link it
    it anyway.
Warning: 'getMin' is out of scope.
    If you qualify the identifier, haddock can try to link it
    it anyway.
Warning: 'Min' is out of scope.
    If you qualify the identifier, haddock can try to link it
    it anyway.
Warning: 'minimumBy' is out of scope.
    If you qualify the identifier, haddock can try to link it
    it anyway.
Warning: 'toList' is out of scope.
    If you qualify the identifier, haddock can try to link it
    it anyway.
Warning: 'IndexedIso' is out of scope.
    If you qualify the identifier, haddock can try to link it
    it anyway.
  99% (132 /133) in 'Control.Lens.Fold'
  Missing documentation for:
    ifolding (src/Control/Lens/Fold.hs:205)
Warning: 'prism' is out of scope.
    If you qualify the identifier, haddock can try to link it
    it anyway.
Warning: 'iso' is out of scope.
    If you qualify the identifier, haddock can try to link it
    it anyway.
Warning: 'itraversed' is out of scope.
    If you qualify the identifier, haddock can try to link it
    it anyway.
Warning: 'itraverse' is out of scope.
    If you qualify the identifier, haddock can try to link it
    it anyway.
Warning: 'for' is out of scope.
    If you qualify the identifier, haddock can try to link it
    it anyway.
Warning: 'forM' is out of scope.
    If you qualify the identifier, haddock can try to link it
    it anyway.
Warning: 'mapAccumR' is out of scope.
    If you qualify the identifier, haddock can try to link it
    it anyway.
Warning: 'mapAccumL' is out of scope.
    If you qualify the identifier, haddock can try to link it
    it anyway.
Warning: 'Bind' is out of scope.
    If you qualify the identifier, haddock can try to link it
    it anyway.
Warning: 'foo' is out of scope.
    If you qualify the identifier, haddock can try to link it
    it anyway.
Warning: 'bar' is out of scope.
    If you qualify the identifier, haddock can try to link it
    it anyway.
Warning: 'f' is out of scope.
    If you qualify the identifier, haddock can try to link it
    it anyway.
  91% ( 91 /100) in 'Control.Lens.Traversal'
  Missing documentation for:
    Traversal1 (src/Control/Lens/Type.hs:204)
    Traversal1' (src/Control/Lens/Type.hs:205)
    IndexedTraversal1 (src/Control/Lens/Type.hs:225)
    IndexedTraversal1' (src/Control/Lens/Type.hs:226)
    Traversing1 (src/Control/Lens/Traversal.hs:239)
    Traversing1' (src/Control/Lens/Traversal.hs:245)
    unsafePartsOf' (src/Control/Lens/Traversal.hs:657)
    Traversable1
    iunsafePartsOf' (src/Control/Lens/Traversal.hs:661)
 100% (  4 /  4) in 'Control.Lens.Level'
Warning: 'Lens' is ambiguous. It is defined
    * at src/Control/Lens/Reified.hs:54:31
    * at src/Control/Lens/Type.hs:143:1
    You may be able to disambiguate the identifier by qualifying it or
    by hiding some imports.
    Defaulting to 'Lens' defined at src/Control/Lens/Reified.hs:54:1
Warning: 'IndexedLens' is ambiguous. It is defined
    * at src/Control/Lens/Reified.hs:66:40
    * at src/Control/Lens/Type.hs:151:1
    You may be able to disambiguate the identifier by qualifying it or
    by hiding some imports.
    Defaulting to 'IndexedLens' defined at src/Control/Lens/Reified.hs:66:1
Warning: 'IndexedTraversal' is ambiguous. It is defined
    * at src/Control/Lens/Reified.hs:78:45
    * at src/Control/Lens/Type.hs:218:1
    You may be able to disambiguate the identifier by qualifying it or
    by hiding some imports.
    Defaulting to 'IndexedTraversal' defined at src/Control/Lens/Reified.hs:78:1
Warning: 'Traversal' is ambiguous. It is defined
    * at src/Control/Lens/Reified.hs:90:36
    * at src/Control/Lens/Type.hs:197:1
    You may be able to disambiguate the identifier by qualifying it or
    by hiding some imports.
    Defaulting to 'Traversal' defined at src/Control/Lens/Reified.hs:90:1
Warning: 'Getter' is ambiguous. It is defined
    * at src/Control/Lens/Reified.hs:108:29
    * at src/Control/Lens/Type.hs:480:1
    You may be able to disambiguate the identifier by qualifying it or
    by hiding some imports.
    Defaulting to 'Getter' defined at src/Control/Lens/Reified.hs:108:1
Warning: 'IndexedGetter' is ambiguous. It is defined
    * at src/Control/Lens/Reified.hs:253:38
    * at src/Control/Lens/Type.hs:483:1
    You may be able to disambiguate the identifier by qualifying it or
    by hiding some imports.
    Defaulting to 'IndexedGetter' defined at src/Control/Lens/Reified.hs:253:1
Warning: 'Fold' is ambiguous. It is defined
    * at src/Control/Lens/Reified.hs:300:27
    * at src/Control/Lens/Type.hs:506:1
    You may be able to disambiguate the identifier by qualifying it or
    by hiding some imports.
    Defaulting to 'Fold' defined at src/Control/Lens/Reified.hs:300:1
Warning: 'Setter' is ambiguous. It is defined
    * at src/Control/Lens/Reified.hs:494:33
    * at src/Control/Lens/Type.hs:282:1
    You may be able to disambiguate the identifier by qualifying it or
    by hiding some imports.
    Defaulting to 'Setter' defined at src/Control/Lens/Reified.hs:494:1
Warning: 'IndexedSetter' is ambiguous. It is defined
    * at src/Control/Lens/Reified.hs:507:3
    * at src/Control/Lens/Type.hs:300:1
    You may be able to disambiguate the identifier by qualifying it or
    by hiding some imports.
    Defaulting to 'IndexedSetter' defined at src/Control/Lens/Reified.hs:506:1
Warning: 'Iso' is ambiguous. It is defined
    * at src/Control/Lens/Reified.hs:519:30
    * at src/Control/Lens/Type.hs:332:1
    You may be able to disambiguate the identifier by qualifying it or
    by hiding some imports.
    Defaulting to 'Iso' defined at src/Control/Lens/Reified.hs:519:1
Warning: 'Prism' is ambiguous. It is defined
    * at src/Control/Lens/Reified.hs:531:32
    * at src/Control/Lens/Type.hs:445:1
    You may be able to disambiguate the identifier by qualifying it or
    by hiding some imports.
    Defaulting to 'Prism' defined at src/Control/Lens/Reified.hs:531:1
  95% ( 21 / 22) in 'Control.Lens.Reified'
  Missing documentation for:
    ReifiedIndexedFold (src/Control/Lens/Reified.hs:436)
Warning: 'Handler' is ambiguous. It is defined
    * in ‘Control.Exception’
    * in ‘Control.Monad.Catch’
    * in ‘Control.Exception’
    * in ‘Control.Monad.Catch’
    You may be able to disambiguate the identifier by qualifying it or
    by hiding some imports.
    Defaulting to 'Handler' defined in ‘Control.Monad.Catch’
Warning: 'catches' is ambiguous. It is defined
    * in ‘Control.Exception’
    * in ‘Control.Monad.Catch’
    You may be able to disambiguate the identifier by qualifying it or
    by hiding some imports.
    Defaulting to 'catches' defined in ‘Control.Monad.Catch’
 100% (  3 /  3) in 'Control.Lens.Internal.Exception'
  93% ( 51 / 55) in 'Control.Lens.Indexed'
  Missing documentation for:
    ifoldMapBy (src/Control/Lens/Indexed.hs:282)
    ifoldMapByOf (src/Control/Lens/Indexed.hs:285)
    itraverseBy (src/Control/Lens/Indexed.hs:288)
    itraverseByOf (src/Control/Lens/Indexed.hs:291)
Warning: 'createAndTrim' is out of scope.
    If you qualify the identifier, haddock can try to link it
    it anyway.
 100% (  5 /  5) in 'Control.Lens.Internal.ByteString'
  96% ( 24 / 25) in 'Control.Lens.Equality'
  Missing documentation for:
    cloneEquality (src/Control/Lens/Equality.hs:107)
Warning: 'ByteString' is out of scope.
    If you qualify the identifier, haddock can try to link it
    it anyway.
Warning: 'Text' is out of scope.
    If you qualify the identifier, haddock can try to link it
    it anyway.
  91% ( 51 / 56) in 'Control.Lens.Iso'
  Missing documentation for:
    Swapped (src/Control/Lens/Iso.hs:414)
    Strict (src/Control/Lens/Iso.hs:406)
    Lazy (src/Control/Lens/Iso.hs:410)
    Reversed (src/Control/Lens/Iso.hs:418)
    List (src/Control/Lens/Iso.hs:458)
  33% (  1 /  3) in 'Control.Lens.Empty'
  Missing documentation for:
    AsEmpty (src/Control/Lens/Empty.hs:65)
    Empty (src/Control/Lens/Empty.hs:75)
  88% ( 15 / 17) in 'Control.Lens.Cons'
  Missing documentation for:
    :< (src/Control/Lens/Cons.hs:81)
    :> (src/Control/Lens/Cons.hs:88)
 100% (  6 /  6) in 'Control.Lens.Internal.Deque'
Warning: 'Wrapped' is ambiguous. It is defined
    * at src/Control/Lens/Wrapped.hs:197:1
    * at src/Control/Lens/Wrapped.hs:170:1
    You may be able to disambiguate the identifier by qualifying it or
    by hiding some imports.
    Defaulting to 'Wrapped' defined at src/Control/Lens/Wrapped.hs:170:1
Warning: 'wrapping' is out of scope.
    If you qualify the identifier, haddock can try to link it
    it anyway.
  73% ( 16 / 22) in 'Control.Lens.Wrapped'
  Missing documentation for:
    _Unwrapped' (src/Control/Lens/Wrapped.hs:210)
    Rewrapped (src/Control/Lens/Wrapped.hs:205)
    Rewrapping (src/Control/Lens/Wrapped.hs:207)
    _Unwrapped (src/Control/Lens/Wrapped.hs:227)
    Wrapped (src/Control/Lens/Wrapped.hs:196)
    Unwrapped (src/Control/Lens/Wrapped.hs:200)
  30% ( 13 / 43) in 'Control.Lens.Internal.TH'
  Missing documentation for:
    datatypeTypeKinded (src/Control/Lens/Internal/TH.hs:98)
    isDataFamily (src/Control/Lens/Internal/TH.hs:154)
    traversalTypeName (src/Control/Lens/Internal/TH.hs:166)
    traversal'TypeName (src/Control/Lens/Internal/TH.hs:169)
    lensTypeName (src/Control/Lens/Internal/TH.hs:172)
    lens'TypeName (src/Control/Lens/Internal/TH.hs:175)
    isoTypeName (src/Control/Lens/Internal/TH.hs:178)
    iso'TypeName (src/Control/Lens/Internal/TH.hs:181)
    getterTypeName (src/Control/Lens/Internal/TH.hs:184)
    foldTypeName (src/Control/Lens/Internal/TH.hs:187)
    prismTypeName (src/Control/Lens/Internal/TH.hs:190)
    prism'TypeName (src/Control/Lens/Internal/TH.hs:193)
    reviewTypeName (src/Control/Lens/Internal/TH.hs:196)
    wrappedTypeName (src/Control/Lens/Internal/TH.hs:199)
    unwrappedTypeName (src/Control/Lens/Internal/TH.hs:202)
    rewrappedTypeName (src/Control/Lens/Internal/TH.hs:205)
    _wrapped'ValName (src/Control/Lens/Internal/TH.hs:208)
    isoValName (src/Control/Lens/Internal/TH.hs:211)
    prismValName (src/Control/Lens/Internal/TH.hs:214)
    untoValName (src/Control/Lens/Internal/TH.hs:217)
    phantomValName (src/Control/Lens/Internal/TH.hs:220)
    phantom2 (src/Control/Lens/Internal/TH.hs:223)
    composeValName (src/Control/Lens/Internal/TH.hs:227)
    idValName (src/Control/Lens/Internal/TH.hs:230)
    fmapValName (src/Control/Lens/Internal/TH.hs:233)
    pureValName (src/Control/Lens/Internal/TH.hs:236)
    apValName (src/Control/Lens/Internal/TH.hs:239)
    rightDataName (src/Control/Lens/Internal/TH.hs:242)
    leftDataName (src/Control/Lens/Internal/TH.hs:245)
    inlinePragma (src/Control/Lens/Internal/TH.hs:253)
Warning: 'State' is ambiguous. It is defined
    * in ‘Control.Monad.Trans.State.Lazy’
    * in ‘Control.Monad.Trans.State.Strict’
    You may be able to disambiguate the identifier by qualifying it or
    by hiding some imports.
    Defaulting to 'State' defined in ‘Control.Monad.Trans.State.Strict’
Warning: 'StateT' is ambiguous. It is defined
    * in ‘Control.Monad.Trans.State.Lazy’
    * in ‘Control.Monad.Trans.State.Strict’
    * in ‘Control.Monad.Trans.State.Lazy’
    * in ‘Control.Monad.Trans.State.Strict’
    You may be able to disambiguate the identifier by qualifying it or
    by hiding some imports.
    Defaulting to 'StateT' defined in ‘Control.Monad.Trans.State.Strict’
Warning: 'RWST' is ambiguous. It is defined
    * in ‘Control.Monad.Trans.RWS.Lazy’
    * in ‘Control.Monad.Trans.RWS.Strict’
    * in ‘Control.Monad.Trans.RWS.Lazy’
    * in ‘Control.Monad.Trans.RWS.Strict’
    You may be able to disambiguate the identifier by qualifying it or
    by hiding some imports.
    Defaulting to 'RWST' defined in ‘Control.Monad.Trans.RWS.Strict’
Warning: 'RWS' is ambiguous. It is defined
    * in ‘Control.Monad.Trans.RWS.Lazy’
    * in ‘Control.Monad.Trans.RWS.Strict’
    You may be able to disambiguate the identifier by qualifying it or
    by hiding some imports.
    Defaulting to 'RWS' defined in ‘Control.Monad.Trans.RWS.Strict’
 100% (  5 /  5) in 'Control.Lens.Zoom'
Warning: 'holesOnOf' is out of scope.
    If you qualify the identifier, haddock can try to link it
    it anyway.
Warning: 'a' is out of scope.
    If you qualify the identifier, haddock can try to link it
    it anyway.
 100% ( 13 / 13) in 'Data.Data.Lens'
Warning: 'composOpMonoid' is out of scope.
    If you qualify the identifier, haddock can try to link it
    it anyway.
Warning: 'composOpMPlus' is out of scope.
    If you qualify the identifier, haddock can try to link it
    it anyway.
Warning: 'to' is ambiguous. It is defined
    * at src/Control/Lens/Getter.hs:134:1
    * in ‘GHC.Generics’
    You may be able to disambiguate the identifier by qualifying it or
    by hiding some imports.
    Defaulting to 'to' defined at src/Control/Lens/Getter.hs:134:1
Warning: 'composOp' is out of scope.
    If you qualify the identifier, haddock can try to link it
    it anyway.
Warning: 'descend' is out of scope.
    If you qualify the identifier, haddock can try to link it
    it anyway.
Warning: 'composOpM' is out of scope.
    If you qualify the identifier, haddock can try to link it
    it anyway.
Warning: 'descendM' is out of scope.
    If you qualify the identifier, haddock can try to link it
    it anyway.
Warning: 'composOpM_' is out of scope.
    If you qualify the identifier, haddock can try to link it
    it anyway.
Warning: 'descendM_' is out of scope.
    If you qualify the identifier, haddock can try to link it
    it anyway.
  96% ( 48 / 50) in 'Control.Lens.Plated'
  Missing documentation for:
    GPlated (src/Control/Lens/Plated.hs:753)
    GPlated1 (src/Control/Lens/Plated.hs:794)
Warning: 'Set' is out of scope.
    If you qualify the identifier, haddock can try to link it
    it anyway.
 100% (  3 /  3) in 'Data.HashSet.Lens'
  50% (  2 /  4) in 'Data.List.Lens'
  Missing documentation for:
    Prefixed (src/Control/Lens/Prism.hs:388)
    Suffixed (src/Control/Lens/Prism.hs:422)
Warning: 'IndexedGetter' is out of scope.
    If you qualify the identifier, haddock can try to link it
    it anyway.
Warning: 'IndexedFold' is out of scope.
    If you qualify the identifier, haddock can try to link it
    it anyway.
Warning: 'IndexedLens'' is out of scope.
    If you qualify the identifier, haddock can try to link it
    it anyway.
Warning: 'IndexedTraversal'' is out of scope.
    If you qualify the identifier, haddock can try to link it
    it anyway.
 100% (  2 /  2) in 'Data.Map.Lens'
 100% (  3 /  3) in 'Data.Set.Lens'
Warning: 'pack' is out of scope.
    If you qualify the identifier, haddock can try to link it
    it anyway.
Warning: 'unpack' is out of scope.
    If you qualify the identifier, haddock can try to link it
    it anyway.
Warning: 'Text' is ambiguous. It is defined
    * at src/Data/Text/Lazy/Lens.hs:149:1
    * in ‘Data.Text.Internal.Lazy’
    You may be able to disambiguate the identifier by qualifying it or
    by hiding some imports.
    Defaulting to 'Text' defined at src/Data/Text/Lazy/Lens.hs:149:1
Warning: 'fromLazyText' is out of scope.
    If you qualify the identifier, haddock can try to link it
    it anyway.
Warning: 'toLazyText' is out of scope.
    If you qualify the identifier, haddock can try to link it
    it anyway.
Warning: 'each' is out of scope.
    If you qualify the identifier, haddock can try to link it
    it anyway.
  88% (  7 /  8) in 'Data.Text.Lazy.Lens'
  Missing documentation for:
    Text (src/Data/Text/Lazy/Lens.hs:148)
Warning: 'pack' is out of scope.
    If you qualify the identifier, haddock can try to link it
    it anyway.
Warning: 'unpack' is out of scope.
    If you qualify the identifier, haddock can try to link it
    it anyway.
Warning: 'Text' is ambiguous. It is defined
    * at src/Data/Text/Strict/Lens.hs:141:1
    * in ‘Data.Text.Internal’
    You may be able to disambiguate the identifier by qualifying it or
    by hiding some imports.
    Defaulting to 'Text' defined at src/Data/Text/Strict/Lens.hs:141:1
Warning: 'fromText' is out of scope.
    If you qualify the identifier, haddock can try to link it
    it anyway.
Warning: 'toLazyText' is out of scope.
    If you qualify the identifier, haddock can try to link it
    it anyway.
Warning: 'each' is out of scope.
    If you qualify the identifier, haddock can try to link it
    it anyway.
  88% (  7 /  8) in 'Data.Text.Strict.Lens'
  Missing documentation for:
    Text (src/Data/Text/Strict/Lens.hs:140)
Warning: 'pack' is out of scope.
    If you qualify the identifier, haddock can try to link it
    it anyway.
Warning: 'unpack' is out of scope.
    If you qualify the identifier, haddock can try to link it
    it anyway.
Warning: 'fromText' is out of scope.
    If you qualify the identifier, haddock can try to link it
    it anyway.
  80% (  4 /  5) in 'Data.Text.Lens'
  Missing documentation for:
    Text (src/Data/Text/Lens.hs:102)
Warning: 'ix' is out of scope.
    If you qualify the identifier, haddock can try to link it
    it anyway.
 100% ( 15 / 15) in 'Data.Vector.Generic.Lens'
 100% (  3 /  3) in 'Control.Lens.Each'
  93% ( 13 / 14) in 'Control.Lens.At'
  Missing documentation for:
    Index (src/Control/Lens/At.hs:91)
  25% ( 70 /280) in 'Language.Haskell.TH.Lens'
  Missing documentation for:
    locFileName (src/Language/Haskell/TH/Lens.hs:637)
    locPackage (src/Language/Haskell/TH/Lens.hs:641)
    locModule (src/Language/Haskell/TH/Lens.hs:645)
    locStart (src/Language/Haskell/TH/Lens.hs:649)
    locEnd (src/Language/Haskell/TH/Lens.hs:653)
    funDepInputs (src/Language/Haskell/TH/Lens.hs:657)
    funDepOutputs (src/Language/Haskell/TH/Lens.hs:662)
    matchPattern (src/Language/Haskell/TH/Lens.hs:679)
    matchBody (src/Language/Haskell/TH/Lens.hs:684)
    matchDeclarations (src/Language/Haskell/TH/Lens.hs:689)
    fixityPrecedence (src/Language/Haskell/TH/Lens.hs:694)
    fixityDirection (src/Language/Haskell/TH/Lens.hs:699)
    clausePattern (src/Language/Haskell/TH/Lens.hs:704)
    clauseBody (src/Language/Haskell/TH/Lens.hs:709)
    clauseDecs (src/Language/Haskell/TH/Lens.hs:714)
    fieldExpName (src/Language/Haskell/TH/Lens.hs:667)
    fieldExpExpression (src/Language/Haskell/TH/Lens.hs:670)
    fieldPatName (src/Language/Haskell/TH/Lens.hs:673)
    fieldPatPattern (src/Language/Haskell/TH/Lens.hs:676)
    tySynEqnPatterns (src/Language/Haskell/TH/Lens.hs:1612)
    tySynEqnResult (src/Language/Haskell/TH/Lens.hs:1617)
    injectivityAnnOutput (src/Language/Haskell/TH/Lens.hs:719)
    injectivityAnnInputs (src/Language/Haskell/TH/Lens.hs:724)
    typeFamilyHeadName (src/Language/Haskell/TH/Lens.hs:729)
    typeFamilyHeadTyVarBndrs (src/Language/Haskell/TH/Lens.hs:734)
    typeFamilyHeadResultSig (src/Language/Haskell/TH/Lens.hs:739)
    typeFamilyHeadInjectivityAnn (src/Language/Haskell/TH/Lens.hs:744)
    bangSourceUnpackedness (src/Language/Haskell/TH/Lens.hs:749)
    bangSourceStrictness (src/Language/Haskell/TH/Lens.hs:754)
    derivClauseStrategy (src/Language/Haskell/TH/Lens.hs:760)
    derivClauseCxt (src/Language/Haskell/TH/Lens.hs:765)
    _ClassI (src/Language/Haskell/TH/Lens.hs:771)
    _ClassOpI (src/Language/Haskell/TH/Lens.hs:779)
    _TyConI (src/Language/Haskell/TH/Lens.hs:787)
    _FamilyI (src/Language/Haskell/TH/Lens.hs:795)
    _PrimTyConI (src/Language/Haskell/TH/Lens.hs:803)
    _DataConI (src/Language/Haskell/TH/Lens.hs:811)
    _VarI (src/Language/Haskell/TH/Lens.hs:819)
    _TyVarI (src/Language/Haskell/TH/Lens.hs:827)
    _PatSynI (src/Language/Haskell/TH/Lens.hs:836)
    _FunD (src/Language/Haskell/TH/Lens.hs:845)
    _ValD (src/Language/Haskell/TH/Lens.hs:853)
    _TySynD (src/Language/Haskell/TH/Lens.hs:861)
    _ClassD (src/Language/Haskell/TH/Lens.hs:869)
    _InstanceD (src/Language/Haskell/TH/Lens.hs:877)
    _SigD (src/Language/Haskell/TH/Lens.hs:913)
    _ForeignD (src/Language/Haskell/TH/Lens.hs:921)
    _InfixD (src/Language/Haskell/TH/Lens.hs:929)
    _PragmaD (src/Language/Haskell/TH/Lens.hs:937)
    _ClosedTypeFamilyD (src/Language/Haskell/TH/Lens.hs:1062)
    _RoleAnnotD (src/Language/Haskell/TH/Lens.hs:969)
    _DefaultSigD (src/Language/Haskell/TH/Lens.hs:1000)
    _DataFamilyD (src/Language/Haskell/TH/Lens.hs:1096)
    _OpenTypeFamilyD (src/Language/Haskell/TH/Lens.hs:1104)
    _PatSynD (src/Language/Haskell/TH/Lens.hs:1113)
    _PatSynSigD (src/Language/Haskell/TH/Lens.hs:1121)
    _Unidir (src/Language/Haskell/TH/Lens.hs:1141)
    _ImplBidir (src/Language/Haskell/TH/Lens.hs:1149)
    _ExplBidir (src/Language/Haskell/TH/Lens.hs:1157)
    _PrefixPatSyn (src/Language/Haskell/TH/Lens.hs:1165)
    _InfixPatSyn (src/Language/Haskell/TH/Lens.hs:1173)
    _RecordPatSyn (src/Language/Haskell/TH/Lens.hs:1181)
    _NormalC (src/Language/Haskell/TH/Lens.hs:1190)
    _RecC (src/Language/Haskell/TH/Lens.hs:1198)
    _InfixC (src/Language/Haskell/TH/Lens.hs:1206)
    _ForallC (src/Language/Haskell/TH/Lens.hs:1214)
    _GadtC (src/Language/Haskell/TH/Lens.hs:1222)
    _RecGadtC (src/Language/Haskell/TH/Lens.hs:1230)
    _Overlappable (src/Language/Haskell/TH/Lens.hs:885)
    _Overlapping (src/Language/Haskell/TH/Lens.hs:892)
    _Overlaps (src/Language/Haskell/TH/Lens.hs:899)
    _Incoherent (src/Language/Haskell/TH/Lens.hs:906)
    _NoSourceUnpackedness (src/Language/Haskell/TH/Lens.hs:1238)
    _SourceNoUnpack (src/Language/Haskell/TH/Lens.hs:1246)
    _SourceUnpack (src/Language/Haskell/TH/Lens.hs:1254)
    _NoSourceStrictness (src/Language/Haskell/TH/Lens.hs:1262)
    _SourceLazy (src/Language/Haskell/TH/Lens.hs:1270)
    _SourceStrict (src/Language/Haskell/TH/Lens.hs:1278)
    _DecidedLazy (src/Language/Haskell/TH/Lens.hs:1286)
    _DecidedStrict (src/Language/Haskell/TH/Lens.hs:1294)
    _DecidedUnpack (src/Language/Haskell/TH/Lens.hs:1302)
    _ImportF (src/Language/Haskell/TH/Lens.hs:1310)
    _ExportF (src/Language/Haskell/TH/Lens.hs:1318)
    _CCall (src/Language/Haskell/TH/Lens.hs:1326)
    _StdCall (src/Language/Haskell/TH/Lens.hs:1334)
    _CApi (src/Language/Haskell/TH/Lens.hs:1342)
    _Prim (src/Language/Haskell/TH/Lens.hs:1350)
    _JavaScript (src/Language/Haskell/TH/Lens.hs:1358)
    _Unsafe (src/Language/Haskell/TH/Lens.hs:1366)
    _Safe (src/Language/Haskell/TH/Lens.hs:1374)
    _Interruptible (src/Language/Haskell/TH/Lens.hs:1382)
    _InlineP (src/Language/Haskell/TH/Lens.hs:1390)
    _SpecialiseP (src/Language/Haskell/TH/Lens.hs:1398)
    _SpecialiseInstP (src/Language/Haskell/TH/Lens.hs:1408)
    _AnnP (src/Language/Haskell/TH/Lens.hs:1439)
    _LineP (src/Language/Haskell/TH/Lens.hs:1447)
    _CompleteP (src/Language/Haskell/TH/Lens.hs:1456)
    _NoInline (src/Language/Haskell/TH/Lens.hs:1465)
    _Inline (src/Language/Haskell/TH/Lens.hs:1473)
    _Inlinable (src/Language/Haskell/TH/Lens.hs:1481)
    _ConLike (src/Language/Haskell/TH/Lens.hs:1489)
    _FunLike (src/Language/Haskell/TH/Lens.hs:1497)
    _AllPhases (src/Language/Haskell/TH/Lens.hs:1505)
    _FromPhase (src/Language/Haskell/TH/Lens.hs:1513)
    _BeforePhase (src/Language/Haskell/TH/Lens.hs:1521)
    _RuleVar (src/Language/Haskell/TH/Lens.hs:1529)
    _TypedRuleVar (src/Language/Haskell/TH/Lens.hs:1537)
    _ModuleAnnotation (src/Language/Haskell/TH/Lens.hs:1545)
    _TypeAnnotation (src/Language/Haskell/TH/Lens.hs:1553)
    _ValueAnnotation (src/Language/Haskell/TH/Lens.hs:1561)
    _FunDep (src/Language/Haskell/TH/Lens.hs:1569)
    _InfixL (src/Language/Haskell/TH/Lens.hs:1623)
    _InfixR (src/Language/Haskell/TH/Lens.hs:1631)
    _InfixN (src/Language/Haskell/TH/Lens.hs:1639)
    _VarE (src/Language/Haskell/TH/Lens.hs:1647)
    _ConE (src/Language/Haskell/TH/Lens.hs:1655)
    _LitE (src/Language/Haskell/TH/Lens.hs:1663)
    _AppE (src/Language/Haskell/TH/Lens.hs:1671)
    _AppTypeE (src/Language/Haskell/TH/Lens.hs:1680)
    _InfixE (src/Language/Haskell/TH/Lens.hs:1689)
    _UInfixE (src/Language/Haskell/TH/Lens.hs:1697)
    _ParensE (src/Language/Haskell/TH/Lens.hs:1705)
    _LamE (src/Language/Haskell/TH/Lens.hs:1713)
    _LamCaseE (src/Language/Haskell/TH/Lens.hs:1721)
    _UnboxedSumE (src/Language/Haskell/TH/Lens.hs:1764)
    _CondE (src/Language/Haskell/TH/Lens.hs:1773)
    _MultiIfE (src/Language/Haskell/TH/Lens.hs:1781)
    _LetE (src/Language/Haskell/TH/Lens.hs:1789)
    _CaseE (src/Language/Haskell/TH/Lens.hs:1797)
    _CompE (src/Language/Haskell/TH/Lens.hs:1828)
    _ArithSeqE (src/Language/Haskell/TH/Lens.hs:1836)
    _ListE (src/Language/Haskell/TH/Lens.hs:1844)
    _SigE (src/Language/Haskell/TH/Lens.hs:1852)
    _RecConE (src/Language/Haskell/TH/Lens.hs:1860)
    _RecUpdE (src/Language/Haskell/TH/Lens.hs:1868)
    _StaticE (src/Language/Haskell/TH/Lens.hs:1876)
    _UnboundVarE (src/Language/Haskell/TH/Lens.hs:1884)
    _LabelE (src/Language/Haskell/TH/Lens.hs:1893)
    _GuardedB (src/Language/Haskell/TH/Lens.hs:1935)
    _NormalB (src/Language/Haskell/TH/Lens.hs:1943)
    _NormalG (src/Language/Haskell/TH/Lens.hs:1951)
    _PatG (src/Language/Haskell/TH/Lens.hs:1959)
    _BindS (src/Language/Haskell/TH/Lens.hs:1967)
    _LetS (src/Language/Haskell/TH/Lens.hs:1975)
    _NoBindS (src/Language/Haskell/TH/Lens.hs:1983)
    _ParS (src/Language/Haskell/TH/Lens.hs:1991)
    _FromR (src/Language/Haskell/TH/Lens.hs:2009)
    _FromThenR (src/Language/Haskell/TH/Lens.hs:2017)
    _FromToR (src/Language/Haskell/TH/Lens.hs:2025)
    _FromThenToR (src/Language/Haskell/TH/Lens.hs:2033)
    _CharL (src/Language/Haskell/TH/Lens.hs:2041)
    _StringL (src/Language/Haskell/TH/Lens.hs:2049)
    _IntegerL (src/Language/Haskell/TH/Lens.hs:2057)
    _RationalL (src/Language/Haskell/TH/Lens.hs:2065)
    _IntPrimL (src/Language/Haskell/TH/Lens.hs:2073)
    _WordPrimL (src/Language/Haskell/TH/Lens.hs:2081)
    _FloatPrimL (src/Language/Haskell/TH/Lens.hs:2089)
    _DoublePrimL (src/Language/Haskell/TH/Lens.hs:2097)
    _StringPrimL (src/Language/Haskell/TH/Lens.hs:2105)
    _CharPrimL (src/Language/Haskell/TH/Lens.hs:2113)
    _LitP (src/Language/Haskell/TH/Lens.hs:2131)
    _VarP (src/Language/Haskell/TH/Lens.hs:2139)
    _TupP (src/Language/Haskell/TH/Lens.hs:2147)
    _UnboxedTupP (src/Language/Haskell/TH/Lens.hs:2155)
    _UnboxedSumP (src/Language/Haskell/TH/Lens.hs:2164)
    _InfixP (src/Language/Haskell/TH/Lens.hs:2196)
    _UInfixP (src/Language/Haskell/TH/Lens.hs:2204)
    _ParensP (src/Language/Haskell/TH/Lens.hs:2212)
    _TildeP (src/Language/Haskell/TH/Lens.hs:2220)
    _BangP (src/Language/Haskell/TH/Lens.hs:2228)
    _AsP (src/Language/Haskell/TH/Lens.hs:2236)
    _WildP (src/Language/Haskell/TH/Lens.hs:2244)
    _RecP (src/Language/Haskell/TH/Lens.hs:2252)
    _ListP (src/Language/Haskell/TH/Lens.hs:2260)
    _SigP (src/Language/Haskell/TH/Lens.hs:2268)
    _ViewP (src/Language/Haskell/TH/Lens.hs:2276)
    _ForallT (src/Language/Haskell/TH/Lens.hs:2284)
    _AppT (src/Language/Haskell/TH/Lens.hs:2292)
    _SigT (src/Language/Haskell/TH/Lens.hs:2300)
    _VarT (src/Language/Haskell/TH/Lens.hs:2308)
    _ConT (src/Language/Haskell/TH/Lens.hs:2316)
    _PromotedT (src/Language/Haskell/TH/Lens.hs:2324)
    _TupleT (src/Language/Haskell/TH/Lens.hs:2332)
    _UnboxedTupleT (src/Language/Haskell/TH/Lens.hs:2340)
    _UnboxedSumT (src/Language/Haskell/TH/Lens.hs:2349)
    _ArrowT (src/Language/Haskell/TH/Lens.hs:2358)
    _EqualityT (src/Language/Haskell/TH/Lens.hs:2366)
    _ListT (src/Language/Haskell/TH/Lens.hs:2374)
    _PromotedTupleT (src/Language/Haskell/TH/Lens.hs:2382)
    _PromotedNilT (src/Language/Haskell/TH/Lens.hs:2390)
    _PromotedConsT (src/Language/Haskell/TH/Lens.hs:2398)
    _StarT (src/Language/Haskell/TH/Lens.hs:2406)
    _ConstraintT (src/Language/Haskell/TH/Lens.hs:2414)
    _LitT (src/Language/Haskell/TH/Lens.hs:2422)
    _InfixT (src/Language/Haskell/TH/Lens.hs:2430)
    _UInfixT (src/Language/Haskell/TH/Lens.hs:2438)
    _ParensT (src/Language/Haskell/TH/Lens.hs:2446)
    _WildCardT (src/Language/Haskell/TH/Lens.hs:2454)
    _NoSig (src/Language/Haskell/TH/Lens.hs:2564)
    _KindSig (src/Language/Haskell/TH/Lens.hs:2572)
    _TyVarSig (src/Language/Haskell/TH/Lens.hs:2580)
    _NumTyLit (src/Language/Haskell/TH/Lens.hs:2588)
    _StrTyLit (src/Language/Haskell/TH/Lens.hs:2596)
    _NominalR (src/Language/Haskell/TH/Lens.hs:2614)
    _RepresentationalR (src/Language/Haskell/TH/Lens.hs:2622)
    _PhantomR (src/Language/Haskell/TH/Lens.hs:2630)
    _InferR (src/Language/Haskell/TH/Lens.hs:2638)
    _StockStrategy (src/Language/Haskell/TH/Lens.hs:2647)
    _AnyclassStrategy (src/Language/Haskell/TH/Lens.hs:2655)
    _NewtypeStrategy (src/Language/Haskell/TH/Lens.hs:2663)
Warning: 'Prism' is out of scope.
    If you qualify the identifier, haddock can try to link it
    it anyway.
Warning: 'Iso' is out of scope.
    If you qualify the identifier, haddock can try to link it
    it anyway.
 100% (  4 /  4) in 'Control.Lens.Internal.PrismTH'
Warning: 's' is out of scope.
    If you qualify the identifier, haddock can try to link it
    it anyway.
  78% (  7 /  9) in 'Control.Lens.Internal.FieldTH'
  Missing documentation for:
    makeFieldOpticsForDec (src/Control/Lens/Internal/FieldTH.hs:73)
    makeFieldOpticsForDec' (src/Control/Lens/Internal/FieldTH.hs:76)
Warning: 'Prism'' is out of scope.
    If you qualify the identifier, haddock can try to link it
    it anyway.
Warning: 'detaParameters' is out of scope.
    If you qualify the identifier, haddock can try to link it
    it anyway.
Warning: 'Wrapped' is out of scope.
    If you qualify the identifier, haddock can try to link it
    it anyway.
Warning: '_name' is out of scope.
    If you qualify the identifier, haddock can try to link it
    it anyway.
Warning: '_fooName' is out of scope.
    If you qualify the identifier, haddock can try to link it
    it anyway.
  98% ( 60 / 61) in 'Control.Lens.TH'
  Missing documentation for:
    defaultFieldRules (src/Control/Lens/TH.hs:792)
Warning: 'Traversal' is ambiguous. It is defined
    * at src/Control/Lens/Reified.hs:90:36
    * at src/Control/Lens/Type.hs:197:1
    You may be able to disambiguate the identifier by qualifying it or
    by hiding some imports.
    Defaulting to 'Traversal' defined at src/Control/Lens/Reified.hs:90:1
 100% ( 23 / 23) in 'Control.Lens'
  24% (  4 / 17) in 'GHC.Generics.Lens'
  Missing documentation for:
    _V1 (src/GHC/Generics/Lens.hs:76)
    _U1 (src/GHC/Generics/Lens.hs:80)
    _Par1 (src/GHC/Generics/Lens.hs:84)
    _Rec1 (src/GHC/Generics/Lens.hs:88)
    _K1 (src/GHC/Generics/Lens.hs:92)
    _M1 (src/GHC/Generics/Lens.hs:96)
    _L1 (src/GHC/Generics/Lens.hs:100)
    _UAddr (src/GHC/Generics/Lens.hs:119)
    _UChar (src/GHC/Generics/Lens.hs:126)
    _UDouble (src/GHC/Generics/Lens.hs:133)
    _UFloat (src/GHC/Generics/Lens.hs:140)
    _UInt (src/GHC/Generics/Lens.hs:147)
    _UWord (src/GHC/Generics/Lens.hs:154)
Warning: 'Lens' is ambiguous. It is defined
    * at src/Control/Lens/Reified.hs:54:31
    * at src/Control/Lens/Type.hs:143:1
    You may be able to disambiguate the identifier by qualifying it or
    by hiding some imports.
    Defaulting to 'Lens' defined at src/Control/Lens/Reified.hs:54:1
Warning: 'Traversal' is ambiguous. It is defined
    * at src/Control/Lens/Reified.hs:90:36
    * at src/Control/Lens/Type.hs:197:1
    You may be able to disambiguate the identifier by qualifying it or
    by hiding some imports.
    Defaulting to 'Traversal' defined at src/Control/Lens/Reified.hs:90:1
 100% (  9 /  9) in 'Data.Vector.Lens'
 100% (  3 /  3) in 'Data.Typeable.Lens'
Warning: 'Lens' is ambiguous. It is defined
    * at src/Control/Lens/Reified.hs:54:31
    * at src/Control/Lens/Type.hs:143:1
    You may be able to disambiguate the identifier by qualifying it or
    by hiding some imports.
    Defaulting to 'Lens' defined at src/Control/Lens/Reified.hs:54:1
 100% (  3 /  3) in 'Data.Tree.Lens'
Warning: 'Getter' is ambiguous. It is defined
    * at src/Control/Lens/Reified.hs:108:29
    * at src/Control/Lens/Type.hs:480:1
    You may be able to disambiguate the identifier by qualifying it or
    by hiding some imports.
    Defaulting to 'Getter' defined at src/Control/Lens/Reified.hs:108:1
Warning: 'Fold' is ambiguous. It is defined
    * at src/Control/Lens/Reified.hs:300:27
    * at src/Control/Lens/Type.hs:506:1
    You may be able to disambiguate the identifier by qualifying it or
    by hiding some imports.
    Defaulting to 'Fold' defined at src/Control/Lens/Reified.hs:300:1
 100% (  7 /  7) in 'Data.Sequence.Lens'
Warning: 'Fold' is ambiguous. It is defined
    * at src/Control/Lens/Reified.hs:300:27
    * at src/Control/Lens/Type.hs:506:1
    You may be able to disambiguate the identifier by qualifying it or
    by hiding some imports.
    Defaulting to 'Fold' defined at src/Control/Lens/Reified.hs:300:1
Warning: 'Setter' is ambiguous. It is defined
    * at src/Control/Lens/Reified.hs:494:33
    * at src/Control/Lens/Type.hs:282:1
    You may be able to disambiguate the identifier by qualifying it or
    by hiding some imports.
    Defaulting to 'Setter' defined at src/Control/Lens/Reified.hs:494:1
Warning: 'Traversal' is ambiguous. It is defined
    * at src/Control/Lens/Reified.hs:90:36
    * at src/Control/Lens/Type.hs:197:1
    You may be able to disambiguate the identifier by qualifying it or
    by hiding some imports.
    Defaulting to 'Traversal' defined at src/Control/Lens/Reified.hs:90:1
Warning: 'Set' is out of scope.
    If you qualify the identifier, haddock can try to link it
    it anyway.
Warning: 'Getter' is ambiguous. It is defined
    * at src/Control/Lens/Reified.hs:108:29
    * at src/Control/Lens/Type.hs:480:1
    You may be able to disambiguate the identifier by qualifying it or
    by hiding some imports.
    Defaulting to 'Getter' defined at src/Control/Lens/Reified.hs:108:1
Warning: 'Lens' is ambiguous. It is defined
    * at src/Control/Lens/Reified.hs:54:31
    * at src/Control/Lens/Type.hs:143:1
    You may be able to disambiguate the identifier by qualifying it or
    by hiding some imports.
    Defaulting to 'Lens' defined at src/Control/Lens/Reified.hs:54:1
Warning: 'Iso' is ambiguous. It is defined
    * at src/Control/Lens/Reified.hs:519:30
    * at src/Control/Lens/Type.hs:332:1
    You may be able to disambiguate the identifier by qualifying it or
    by hiding some imports.
    Defaulting to 'Iso' defined at src/Control/Lens/Reified.hs:519:1
 100% (  4 /  4) in 'Data.IntSet.Lens'
Warning: 'Lens' is ambiguous. It is defined
    * at src/Control/Lens/Reified.hs:54:31
    * at src/Control/Lens/Type.hs:143:1
    You may be able to disambiguate the identifier by qualifying it or
    by hiding some imports.
    Defaulting to 'Lens' defined at src/Control/Lens/Reified.hs:54:1
  67% (  8 / 12) in 'Data.Complex.Lens'
  Missing documentation for:
    Polar (src/Data/Complex/Lens.hs:84)
    Real (src/Data/Complex/Lens.hs:88)
    Imaginary (src/Data/Complex/Lens.hs:91)
    Conjugate (src/Data/Complex/Lens.hs:146)
Warning: 'Traversal' is ambiguous. It is defined
    * at src/Control/Lens/Reified.hs:90:36
    * at src/Control/Lens/Type.hs:197:1
    You may be able to disambiguate the identifier by qualifying it or
    by hiding some imports.
    Defaulting to 'Traversal' defined at src/Control/Lens/Reified.hs:90:1
Warning: 'Setter' is ambiguous. It is defined
    * at src/Control/Lens/Reified.hs:494:33
    * at src/Control/Lens/Type.hs:282:1
    You may be able to disambiguate the identifier by qualifying it or
    by hiding some imports.
    Defaulting to 'Setter' defined at src/Control/Lens/Reified.hs:494:1
  78% (  7 /  9) in 'Data.ByteString.Strict.Lens'
  Missing documentation for:
    Bytes (src/Data/ByteString/Strict/Lens.hs:138)
    Chars (src/Data/ByteString/Strict/Lens.hs:142)
Warning: 'Traversal' is ambiguous. It is defined
    * at src/Control/Lens/Reified.hs:90:36
    * at src/Control/Lens/Type.hs:197:1
    You may be able to disambiguate the identifier by qualifying it or
    by hiding some imports.
    Defaulting to 'Traversal' defined at src/Control/Lens/Reified.hs:90:1
Warning: 'Setter' is ambiguous. It is defined
    * at src/Control/Lens/Reified.hs:494:33
    * at src/Control/Lens/Type.hs:282:1
    You may be able to disambiguate the identifier by qualifying it or
    by hiding some imports.
    Defaulting to 'Setter' defined at src/Control/Lens/Reified.hs:494:1
  78% (  7 /  9) in 'Data.ByteString.Lazy.Lens'
  Missing documentation for:
    Bytes (src/Data/ByteString/Lazy/Lens.hs:140)
    Chars (src/Data/ByteString/Lazy/Lens.hs:144)
Warning: 'ByteString' is out of scope.
    If you qualify the identifier, haddock can try to link it
    it anyway.
Warning: 'Traversal' is ambiguous. It is defined
    * at src/Control/Lens/Reified.hs:90:36
    * at src/Control/Lens/Type.hs:197:1
    You may be able to disambiguate the identifier by qualifying it or
    by hiding some imports.
    Defaulting to 'Traversal' defined at src/Control/Lens/Reified.hs:90:1
  67% (  4 /  6) in 'Data.ByteString.Lens'
  Missing documentation for:
    Bytes (src/Data/ByteString/Lens.hs:109)
    Chars (src/Data/ByteString/Lens.hs:113)
Warning: 'Lens' is ambiguous. It is defined
    * at src/Control/Lens/Reified.hs:54:31
    * at src/Control/Lens/Type.hs:143:1
    You may be able to disambiguate the identifier by qualifying it or
    by hiding some imports.
    Defaulting to 'Lens' defined at src/Control/Lens/Reified.hs:54:1
Warning: 'Setter' is ambiguous. It is defined
    * at src/Control/Lens/Reified.hs:494:33
    * at src/Control/Lens/Type.hs:282:1
    You may be able to disambiguate the identifier by qualifying it or
    by hiding some imports.
    Defaulting to 'Setter' defined at src/Control/Lens/Reified.hs:494:1
Warning: 'Iso' is ambiguous. It is defined
    * at src/Control/Lens/Reified.hs:519:30
    * at src/Control/Lens/Type.hs:332:1
    You may be able to disambiguate the identifier by qualifying it or
    by hiding some imports.
    Defaulting to 'Iso' defined at src/Control/Lens/Reified.hs:519:1
Warning: 'Traversal' is ambiguous. It is defined
    * at src/Control/Lens/Reified.hs:90:36
    * at src/Control/Lens/Type.hs:197:1
    You may be able to disambiguate the identifier by qualifying it or
    by hiding some imports.
    Defaulting to 'Traversal' defined at src/Control/Lens/Reified.hs:90:1
 100% ( 17 / 17) in 'Data.Bits.Lens'
Warning: 'setter' is out of scope.
    If you qualify the identifier, haddock can try to link it
    it anyway.
Warning: 'IAarray' is out of scope.
    If you qualify the identifier, haddock can try to link it
    it anyway.
Warning: 'Setter' is ambiguous. It is defined
    * at src/Control/Lens/Reified.hs:494:33
    * at src/Control/Lens/Type.hs:282:1
    You may be able to disambiguate the identifier by qualifying it or
    by hiding some imports.
    Defaulting to 'Setter' defined at src/Control/Lens/Reified.hs:494:1
 100% (  3 /  3) in 'Data.Array.Lens'
Warning: 'Fold' is ambiguous. It is defined
    * at src/Control/Lens/Reified.hs:300:27
    * at src/Control/Lens/Type.hs:506:1
    You may be able to disambiguate the identifier by qualifying it or
    by hiding some imports.
    Defaulting to 'Fold' defined at src/Control/Lens/Reified.hs:300:1
Warning: 'Lens' is ambiguous. It is defined
    * at src/Control/Lens/Reified.hs:54:31
    * at src/Control/Lens/Type.hs:143:1
    You may be able to disambiguate the identifier by qualifying it or
    by hiding some imports.
    Defaulting to 'Lens' defined at src/Control/Lens/Reified.hs:54:1
Warning: 'Traversal' is ambiguous. It is defined
    * at src/Control/Lens/Reified.hs:90:36
    * at src/Control/Lens/Type.hs:197:1
    You may be able to disambiguate the identifier by qualifying it or
    by hiding some imports.
    Defaulting to 'Traversal' defined at src/Control/Lens/Reified.hs:90:1
Warning: 'Iso' is ambiguous. It is defined
    * at src/Control/Lens/Reified.hs:519:30
    * at src/Control/Lens/Type.hs:332:1
    You may be able to disambiguate the identifier by qualifying it or
    by hiding some imports.
    Defaulting to 'Iso' defined at src/Control/Lens/Reified.hs:519:1
Warning: 'Getter' is ambiguous. It is defined
    * at src/Control/Lens/Reified.hs:108:29
    * at src/Control/Lens/Type.hs:480:1
    You may be able to disambiguate the identifier by qualifying it or
    by hiding some imports.
    Defaulting to 'Getter' defined at src/Control/Lens/Reified.hs:108:1
 100% (  2 /  2) in 'Control.Seq.Lens'
Warning: 'Lens' is ambiguous. It is defined
    * at src/Control/Lens/Reified.hs:54:31
    * at src/Control/Lens/Type.hs:143:1
    You may be able to disambiguate the identifier by qualifying it or
    by hiding some imports.
    Defaulting to 'Lens' defined at src/Control/Lens/Reified.hs:54:1
Warning: 'Traversal' is ambiguous. It is defined
    * at src/Control/Lens/Reified.hs:90:36
    * at src/Control/Lens/Type.hs:197:1
    You may be able to disambiguate the identifier by qualifying it or
    by hiding some imports.
    Defaulting to 'Traversal' defined at src/Control/Lens/Reified.hs:90:1
Warning: 'Fold' is ambiguous. It is defined
    * at src/Control/Lens/Reified.hs:300:27
    * at src/Control/Lens/Type.hs:506:1
    You may be able to disambiguate the identifier by qualifying it or
    by hiding some imports.
    Defaulting to 'Fold' defined at src/Control/Lens/Reified.hs:300:1
Warning: 'Getter' is ambiguous. It is defined
    * at src/Control/Lens/Reified.hs:108:29
    * at src/Control/Lens/Type.hs:480:1
    You may be able to disambiguate the identifier by qualifying it or
    by hiding some imports.
    Defaulting to 'Getter' defined at src/Control/Lens/Reified.hs:108:1
Warning: 'Setter' is ambiguous. It is defined
    * at src/Control/Lens/Reified.hs:494:33
    * at src/Control/Lens/Type.hs:282:1
    You may be able to disambiguate the identifier by qualifying it or
    by hiding some imports.
    Defaulting to 'Setter' defined at src/Control/Lens/Reified.hs:494:1
 100% (  5 /  5) in 'Control.Parallel.Strategies.Lens'
Warning: 'Prism' is ambiguous. It is defined
    * at src/Control/Lens/Reified.hs:531:32
    * at src/Control/Lens/Type.hs:445:1
    You may be able to disambiguate the identifier by qualifying it or
    by hiding some imports.
    Defaulting to 'Prism' defined at src/Control/Lens/Reified.hs:531:1
Warning: 'Getter' is ambiguous. It is defined
    * at src/Control/Lens/Reified.hs:108:29
    * at src/Control/Lens/Type.hs:480:1
    You may be able to disambiguate the identifier by qualifying it or
    by hiding some imports.
    Defaulting to 'Getter' defined at src/Control/Lens/Reified.hs:108:1
Warning: 'Fold' is ambiguous. It is defined
    * at src/Control/Lens/Reified.hs:300:27
    * at src/Control/Lens/Type.hs:506:1
    You may be able to disambiguate the identifier by qualifying it or
    by hiding some imports.
    Defaulting to 'Fold' defined at src/Control/Lens/Reified.hs:300:1
Warning: 'Exception' is out of scope.
    If you qualify the identifier, haddock can try to link it
    it anyway.
 100% ( 16 / 16) in 'Control.Monad.Error.Lens'
Warning: 'Lens' is ambiguous. It is defined
    * at src/Control/Lens/Reified.hs:54:31
    * at src/Control/Lens/Type.hs:143:1
    You may be able to disambiguate the identifier by qualifying it or
    by hiding some imports.
    Defaulting to 'Lens' defined at src/Control/Lens/Reified.hs:54:1
 100% (  4 /  4) in 'Control.Lens.Unsound'
 100% ( 15 / 15) in 'Control.Lens.Profunctor'
 100% (131 /131) in 'Control.Lens.Operators'
Warning: 'Prism' is ambiguous. It is defined
    * at src/Control/Lens/Reified.hs:531:32
    * at src/Control/Lens/Type.hs:445:1
    You may be able to disambiguate the identifier by qualifying it or
    by hiding some imports.
    Defaulting to 'Prism' defined at src/Control/Lens/Reified.hs:531:1
 100% (  3 /  3) in 'Control.Lens.Extras'
  94% (620 /659) in 'Control.Lens.Combinators'
  Missing documentation for:
    Traversable1
    IndexPreservingFold1 (src/Control/Lens/Type.hs:518)
    IndexedFold1 (src/Control/Lens/Type.hs:517)
    IndexPreservingTraversal1' (src/Control/Lens/Type.hs:237)
    IndexPreservingTraversal1 (src/Control/Lens/Type.hs:236)
    IndexedTraversal1' (src/Control/Lens/Type.hs:226)
    IndexedTraversal1 (src/Control/Lens/Type.hs:225)
    Traversal1' (src/Control/Lens/Type.hs:205)
    Traversal1 (src/Control/Lens/Type.hs:204)
    Suffixed (src/Control/Lens/Prism.hs:422)
    Prefixed (src/Control/Lens/Prism.hs:388)
    ifolding (src/Control/Lens/Fold.hs:205)
    Traversing1' (src/Control/Lens/Traversal.hs:245)
    Traversing1 (src/Control/Lens/Traversal.hs:239)
    unsafePartsOf' (src/Control/Lens/Traversal.hs:657)
    iunsafePartsOf' (src/Control/Lens/Traversal.hs:661)
    ReifiedIndexedFold (src/Control/Lens/Reified.hs:436)
    ifoldMapBy (src/Control/Lens/Indexed.hs:282)
    ifoldMapByOf (src/Control/Lens/Indexed.hs:285)
    itraverseBy (src/Control/Lens/Indexed.hs:288)
    itraverseByOf (src/Control/Lens/Indexed.hs:291)
    cloneEquality (src/Control/Lens/Equality.hs:107)
    List (src/Control/Lens/Iso.hs:458)
    Reversed (src/Control/Lens/Iso.hs:418)
    Swapped (src/Control/Lens/Iso.hs:414)
    Lazy (src/Control/Lens/Iso.hs:410)
    Strict (src/Control/Lens/Iso.hs:406)
    AsEmpty (src/Control/Lens/Empty.hs:65)
    Empty (src/Control/Lens/Empty.hs:75)
    Rewrapping (src/Control/Lens/Wrapped.hs:207)
    Rewrapped (src/Control/Lens/Wrapped.hs:205)
    Unwrapped (src/Control/Lens/Wrapped.hs:200)
    Wrapped (src/Control/Lens/Wrapped.hs:196)
    _Unwrapped' (src/Control/Lens/Wrapped.hs:210)
    _Unwrapped (src/Control/Lens/Wrapped.hs:227)
    GPlated1 (src/Control/Lens/Plated.hs:794)
    GPlated (src/Control/Lens/Plated.hs:753)
    Index (src/Control/Lens/At.hs:91)
    defaultFieldRules (src/Control/Lens/TH.hs:792)
Warning: 'IO' is out of scope.
    If you qualify the identifier, haddock can try to link it
    it anyway.
Warning: 'Exception' is ambiguous. It is defined
    * at src/Control/Exception/Lens.hs:191:1
    * in ‘GHC.Exception.Type’
    You may be able to disambiguate the identifier by qualifying it or
    by hiding some imports.
    Defaulting to 'Exception' defined at src/Control/Exception/Lens.hs:191:1
Warning: 'Prism' is ambiguous. It is defined
    * at src/Control/Lens/Reified.hs:531:32
    * at src/Control/Lens/Type.hs:445:1
    You may be able to disambiguate the identifier by qualifying it or
    by hiding some imports.
    Defaulting to 'Prism' defined at src/Control/Lens/Reified.hs:531:1
Warning: 'Fold' is ambiguous. It is defined
    * at src/Control/Lens/Reified.hs:300:27
    * at src/Control/Lens/Type.hs:506:1
    You may be able to disambiguate the identifier by qualifying it or
    by hiding some imports.
    Defaulting to 'Fold' defined at src/Control/Lens/Reified.hs:300:1
Warning: 'Getter' is ambiguous. It is defined
    * at src/Control/Lens/Reified.hs:108:29
    * at src/Control/Lens/Type.hs:480:1
    You may be able to disambiguate the identifier by qualifying it or
    by hiding some imports.
    Defaulting to 'Getter' defined at src/Control/Lens/Reified.hs:108:1
Warning: 'MonadError' is out of scope.
    If you qualify the identifier, haddock can try to link it
    it anyway.
Warning: 'Setter' is ambiguous. It is defined
    * at src/Control/Lens/Reified.hs:494:33
    * at src/Control/Lens/Type.hs:282:1
    You may be able to disambiguate the identifier by qualifying it or
    by hiding some imports.
    Defaulting to 'Setter' defined at src/Control/Lens/Reified.hs:494:1
Warning: 'ioException' is out of scope.
    If you qualify the identifier, haddock can try to link it
    it anyway.
  60% ( 72 /121) in 'Control.Exception.Lens'
  Missing documentation for:
    Exception (src/Control/Exception/Lens.hs:190)
    IOException_ (src/Control/Exception/Lens.hs:449)
    ArithException_ (src/Control/Exception/Lens.hs:466)
    Overflow_ (src/Control/Exception/Lens.hs:494)
    Underflow_ (src/Control/Exception/Lens.hs:514)
    LossOfPrecision_ (src/Control/Exception/Lens.hs:534)
    DivideByZero_ (src/Control/Exception/Lens.hs:554)
    Denormal_ (src/Control/Exception/Lens.hs:574)
    RatioZeroDenominator_ (src/Control/Exception/Lens.hs:594)
    ArrayException_ (src/Control/Exception/Lens.hs:620)
    IndexOutOfBounds_ (src/Control/Exception/Lens.hs:640)
    UndefinedElement_ (src/Control/Exception/Lens.hs:660)
    AssertionFailed__ (src/Control/Exception/Lens.hs:701)
    AssertionFailed_ (src/Control/Exception/Lens.hs:705)
    AsyncException_ (src/Control/Exception/Lens.hs:731)
    StackOverflow_ (src/Control/Exception/Lens.hs:749)
    HeapOverflow_ (src/Control/Exception/Lens.hs:772)
    ThreadKilled_ (src/Control/Exception/Lens.hs:790)
    UserInterrupt_ (src/Control/Exception/Lens.hs:808)
    NonTermination__ (src/Control/Exception/Lens.hs:848)
    NonTermination_ (src/Control/Exception/Lens.hs:852)
    NestedAtomically__ (src/Control/Exception/Lens.hs:891)
    NestedAtomically_ (src/Control/Exception/Lens.hs:895)
    BlockedIndefinitelyOnMVar__ (src/Control/Exception/Lens.hs:935)
    BlockedIndefinitelyOnMVar_ (src/Control/Exception/Lens.hs:939)
    BlockedIndefinitelyOnSTM__ (src/Control/Exception/Lens.hs:979)
    BlockedIndefinitelyOnSTM_ (src/Control/Exception/Lens.hs:983)
    Deadlock__ (src/Control/Exception/Lens.hs:1022)
    Deadlock_ (src/Control/Exception/Lens.hs:1026)
    NoMethodError__ (src/Control/Exception/Lens.hs:1065)
    NoMethodError_ (src/Control/Exception/Lens.hs:1069)
    PatternMatchFail__ (src/Control/Exception/Lens.hs:1107)
    PatternMatchFail_ (src/Control/Exception/Lens.hs:1111)
    RecConError__ (src/Control/Exception/Lens.hs:1150)
    RecConError_ (src/Control/Exception/Lens.hs:1154)
    RecSelError__ (src/Control/Exception/Lens.hs:1194)
    RecSelError_ (src/Control/Exception/Lens.hs:1198)
    RecUpdError__ (src/Control/Exception/Lens.hs:1238)
    RecUpdError_ (src/Control/Exception/Lens.hs:1242)
    ErrorCall__ (src/Control/Exception/Lens.hs:1285)
    ErrorCall_ (src/Control/Exception/Lens.hs:1289)
    AllocationLimitExceeded__ (src/Control/Exception/Lens.hs:1328)
    AllocationLimitExceeded_ (src/Control/Exception/Lens.hs:1332)
    TypeError__ (src/Control/Exception/Lens.hs:1371)
    TypeError_ (src/Control/Exception/Lens.hs:1375)
    CompactionFailed__ (src/Control/Exception/Lens.hs:1415)
    CompactionFailed_ (src/Control/Exception/Lens.hs:1419)
    HandlingException__ (src/Control/Exception/Lens.hs:1459)
    HandlingException_ (src/Control/Exception/Lens.hs:1463)
Warning: 'Dynamic' is ambiguous. It is defined
    * in ‘Data.Dynamic’
    * at src/Data/Dynamic/Lens.hs:48:1
    * in ‘Data.Dynamic’
    You may be able to disambiguate the identifier by qualifying it or
    by hiding some imports.
    Defaulting to 'Dynamic' defined at src/Data/Dynamic/Lens.hs:48:1
Warning: 'Exception' is ambiguous. It is defined
    * at src/Control/Exception/Lens.hs:191:1
    * in ‘GHC.Exception.Type’
    You may be able to disambiguate the identifier by qualifying it or
    by hiding some imports.
    Defaulting to 'Exception' defined at src/Control/Exception/Lens.hs:191:1
Warning: 'Prism' is ambiguous. It is defined
    * at src/Control/Lens/Reified.hs:531:32
    * at src/Control/Lens/Type.hs:445:1
    You may be able to disambiguate the identifier by qualifying it or
    by hiding some imports.
    Defaulting to 'Prism' defined at src/Control/Lens/Reified.hs:531:1
  67% (  2 /  3) in 'Data.Dynamic.Lens'
  Missing documentation for:
    Dynamic (src/Data/Dynamic/Lens.hs:47)
Warning: 'Prism' is ambiguous. It is defined
    * at src/Control/Lens/Reified.hs:531:32
    * at src/Control/Lens/Type.hs:445:1
    You may be able to disambiguate the identifier by qualifying it or
    by hiding some imports.
    Defaulting to 'Prism' defined at src/Control/Lens/Reified.hs:531:1
Warning: 'Integral' is ambiguous. It is defined
    * at src/Numeric/Lens.hs:57:1
    * in ‘GHC.Real’
    You may be able to disambiguate the identifier by qualifying it or
    by hiding some imports.
    Defaulting to 'Integral' defined at src/Numeric/Lens.hs:57:1
  94% ( 15 / 16) in 'Numeric.Lens'
  Missing documentation for:
    Integral (src/Numeric/Lens.hs:56)
 100% (  7 /  7) in 'Numeric.Natural.Lens'
  67% (  4 /  6) in 'System.Exit.Lens'
  Missing documentation for:
    ExitFailure_ (src/System/Exit/Lens.hs:75)
    ExitSuccess_ (src/System/Exit/Lens.hs:71)
Warning: 'Setter' is ambiguous. It is defined
    * at src/Control/Lens/Reified.hs:494:33
    * at src/Control/Lens/Type.hs:282:1
    You may be able to disambiguate the identifier by qualifying it or
    by hiding some imports.
    Defaulting to 'Setter' defined at src/Control/Lens/Reified.hs:494:1
Warning: 'Iso' is ambiguous. It is defined
    * at src/Control/Lens/Reified.hs:519:30
    * at src/Control/Lens/Type.hs:332:1
    You may be able to disambiguate the identifier by qualifying it or
    by hiding some imports.
    Defaulting to 'Iso' defined at src/Control/Lens/Reified.hs:519:1
Warning: 'Lens' is ambiguous. It is defined
    * at src/Control/Lens/Reified.hs:54:31
    * at src/Control/Lens/Type.hs:143:1
    You may be able to disambiguate the identifier by qualifying it or
    by hiding some imports.
    Defaulting to 'Lens' defined at src/Control/Lens/Reified.hs:54:1
Warning: 'Traversal' is ambiguous. It is defined
    * at src/Control/Lens/Reified.hs:90:36
    * at src/Control/Lens/Type.hs:197:1
    You may be able to disambiguate the identifier by qualifying it or
    by hiding some imports.
    Defaulting to 'Traversal' defined at src/Control/Lens/Reified.hs:90:1
 100% ( 19 / 19) in 'System.FilePath.Lens'
  32% (  9 / 28) in 'System.IO.Error.Lens'
  Missing documentation for:
    _AlreadyExists (src/System/IO/Error/Lens.hs:63)
    _NoSuchThing (src/System/IO/Error/Lens.hs:66)
    _ResourceBusy (src/System/IO/Error/Lens.hs:69)
    _ResourceExhausted (src/System/IO/Error/Lens.hs:72)
    _EOF (src/System/IO/Error/Lens.hs:75)
    _IllegalOperation (src/System/IO/Error/Lens.hs:78)
    _PermissionDenied (src/System/IO/Error/Lens.hs:81)
    _UserError (src/System/IO/Error/Lens.hs:84)
    _UnsatisfiedConstraints (src/System/IO/Error/Lens.hs:87)
    _SystemError (src/System/IO/Error/Lens.hs:90)
    _ProtocolError (src/System/IO/Error/Lens.hs:93)
    _OtherError (src/System/IO/Error/Lens.hs:96)
    _InvalidArgument (src/System/IO/Error/Lens.hs:99)
    _InappropriateType (src/System/IO/Error/Lens.hs:102)
    _HardwareFault (src/System/IO/Error/Lens.hs:105)
    _UnsupportedOperation (src/System/IO/Error/Lens.hs:108)
    _TimeExpired (src/System/IO/Error/Lens.hs:111)
    _ResourceVanished (src/System/IO/Error/Lens.hs:114)
    _Interrupted (src/System/IO/Error/Lens.hs:117)
Warning: Control.Lens.Internal.CTypes: could not find link destinations for:
    numElements unsafeArray unsafeAt unsafeReplace unsafeAccum unsafeAccumArray getNumElements unsafeNewArray_ unsafeRead unsafeWrite D:R:UReckPtrp0
Warning: Control.Lens.Setter: could not find link destinations for:
    unsafeIndex unsafeRangeSize D:R:MVectorsIdentity0 D:R:VectorIdentity0 V_Identity
Warning: Control.Lens.Tuple: could not find link destinations for:
    GIxed N0 N1 N2 N3 N4 N5 N6 N7 N8 N9 N10 N11 N12 N13 N14 N15 N16 N17 N18
Warning: Control.Lens.Getter: could not find link destinations for:
    unsafeIndex unsafeRangeSize D:R:MVectorsConst0 D:R:VectorConst0 V_Const
Warning: Control.Lens.Fold: could not find link destinations for:
    ifoldr
Warning: Control.Lens.Traversal: could not find link destinations for:
    Baz
Warning: Control.Lens.Iso: could not find link destinations for:
    Baz Bazaar
Warning: Control.Lens.Wrapped: could not find link destinations for:
    GUnwrapped
Warning: Control.Lens.Plated: could not find link destinations for:
    gplate' gplate1'
Warning: Language.Haskell.TH.Lens: could not find link destinations for:
    DataPrism'
Warning: Control.Lens.Internal.FieldTH: could not find link destinations for:
    OpticStab
Warning: Control.Lens.Combinators: could not find link destinations for:
    Baz unsafeIndex unsafeRangeSize D:R:MVectorsIdentity0 D:R:VectorIdentity0 V_Identity D:R:MVectorsConst0 D:R:VectorConst0 V_Const Bazaar GIxed N18 N17 N16 N15 N14 N13 N12 N11 N10 N9 N8 N7 N6 N5 N4 N3 N2 N1 N0 ifoldr GUnwrapped gplate1' gplate'
Warning: Numeric.Lens: could not find link destinations for:
    digitToInt'
Documentation created: dist/dist-sandbox-b5a179e0/doc/html/lens/index.html
Installing library in /Users/christophe.thibaut/Coding/fractal-sculpture/.cabal-sandbox/lib/x86_64-osx-ghc-8.6.3/lens-5.1-CzLOqeGnwdk1F96rJmbb5P
cabal: Leaving directory '/var/folders/z7/k6qym9m16y15sb6n8znyr7ww0000gn/T/cabal-tmp-24919/lens-5.1'
