cabal: Entering directory '/var/folders/z7/k6qym9m16y15sb6n8znyr7ww0000gn/T/cabal-tmp-24920/matrices-0.5.0'
Configuring matrices-0.5.0...
Preprocessing library for matrices-0.5.0..
Building library for matrices-0.5.0..
[ 1 of 13] Compiling Data.Matrix.Class.Mutable ( src/Data/Matrix/Class/Mutable.hs, dist/dist-sandbox-b5a179e0/build/Data/Matrix/Class/Mutable.o )
[ 2 of 13] Compiling Data.Matrix.Class ( src/Data/Matrix/Class.hs, dist/dist-sandbox-b5a179e0/build/Data/Matrix/Class.o )
[ 3 of 13] Compiling Data.Matrix.Generic.Mutable ( src/Data/Matrix/Generic/Mutable.hs, dist/dist-sandbox-b5a179e0/build/Data/Matrix/Generic/Mutable.o )
[ 4 of 13] Compiling Data.Matrix.Generic ( src/Data/Matrix/Generic.hs, dist/dist-sandbox-b5a179e0/build/Data/Matrix/Generic.o )
[ 5 of 13] Compiling Data.Matrix.Mutable ( src/Data/Matrix/Mutable.hs, dist/dist-sandbox-b5a179e0/build/Data/Matrix/Mutable.o )
[ 6 of 13] Compiling Data.Matrix      ( src/Data/Matrix.hs, dist/dist-sandbox-b5a179e0/build/Data/Matrix.o )
[ 7 of 13] Compiling Data.Matrix.Sparse.Generic ( src/Data/Matrix/Sparse/Generic.hs, dist/dist-sandbox-b5a179e0/build/Data/Matrix/Sparse/Generic.o )
[ 8 of 13] Compiling Data.Matrix.Storable.Mutable ( src/Data/Matrix/Storable/Mutable.hs, dist/dist-sandbox-b5a179e0/build/Data/Matrix/Storable/Mutable.o )
[ 9 of 13] Compiling Data.Matrix.Storable ( src/Data/Matrix/Storable.hs, dist/dist-sandbox-b5a179e0/build/Data/Matrix/Storable.o )
[10 of 13] Compiling Data.Matrix.Symmetric.Generic.Mutable ( src/Data/Matrix/Symmetric/Generic/Mutable.hs, dist/dist-sandbox-b5a179e0/build/Data/Matrix/Symmetric/Generic/Mutable.o )
[11 of 13] Compiling Data.Matrix.Symmetric.Generic ( src/Data/Matrix/Symmetric/Generic.hs, dist/dist-sandbox-b5a179e0/build/Data/Matrix/Symmetric/Generic.o )
[12 of 13] Compiling Data.Matrix.Unboxed.Mutable ( src/Data/Matrix/Unboxed/Mutable.hs, dist/dist-sandbox-b5a179e0/build/Data/Matrix/Unboxed/Mutable.o )
[13 of 13] Compiling Data.Matrix.Unboxed ( src/Data/Matrix/Unboxed.hs, dist/dist-sandbox-b5a179e0/build/Data/Matrix/Unboxed.o )

src/Data/Matrix/Unboxed.hs:307:8: warning: [-Wsimplifiable-class-constraints]
    • The constraint ‘Unbox (a, b)’ matches an instance declaration
      instance (Unbox a, Unbox b) => Unbox (a, b)
        -- Defined in ‘Data.Vector.Unboxed.Base’
      This makes type inference for inner bindings fragile;
        either use MonoLocalBinds, or simplify it using the instance
    • In the type signature:
        zip :: (Context a, Context b, Context (a, b)) =>
               Matrix a -> Matrix b -> Matrix (a, b)
    |
307 | zip :: ( Context a, Context b
    |        ^^^^^^^^^^^^^^^^^^^^^^...

src/Data/Matrix/Unboxed.hs:312:9: warning: [-Wsimplifiable-class-constraints]
    • The constraint ‘Unbox (a, b, c)’ matches an instance declaration
      instance (Unbox a, Unbox b, Unbox c) => Unbox (a, b, c)
        -- Defined in ‘Data.Vector.Unboxed.Base’
      This makes type inference for inner bindings fragile;
        either use MonoLocalBinds, or simplify it using the instance
    • In the type signature:
        zip3 :: (Context a, Context b, Context c, Context (a, b, c)) =>
                Matrix a -> Matrix b -> Matrix c -> Matrix (a, b, c)
    |
312 | zip3 :: ( Context a, Context b, Context c
    |         ^^^^^^^^^^^^^^^^^^^^^^^^^^^^^^^^^...

src/Data/Matrix/Unboxed.hs:317:9: warning: [-Wsimplifiable-class-constraints]
    • The constraint ‘Unbox (a, b, c, d)’
        matches an instance declaration
      instance (Unbox a, Unbox b, Unbox c, Unbox d) => Unbox (a, b, c, d)
        -- Defined in ‘Data.Vector.Unboxed.Base’
      This makes type inference for inner bindings fragile;
        either use MonoLocalBinds, or simplify it using the instance
    • In the type signature:
        zip4 :: (Context a,
                 Context b,
                 Context c,
                 Context d,
                 Context (a, b, c, d)) =>
                Matrix a -> Matrix b -> Matrix c -> Matrix d -> Matrix (a, b, c, d)
    |
317 | zip4 :: ( Context a, Context b, Context c, Context d
    |         ^^^^^^^^^^^^^^^^^^^^^^^^^^^^^^^^^^^^^^^^^^^^...

src/Data/Matrix/Unboxed.hs:322:9: warning: [-Wsimplifiable-class-constraints]
    • The constraint ‘Unbox (a, b, c, d, e)’
        matches an instance declaration
      instance (Unbox a, Unbox b, Unbox c, Unbox d, Unbox e) =>
               Unbox (a, b, c, d, e)
        -- Defined in ‘Data.Vector.Unboxed.Base’
      This makes type inference for inner bindings fragile;
        either use MonoLocalBinds, or simplify it using the instance
    • In the type signature:
        zip5 :: (Context a,
                 Context b,
                 Context c,
                 Context d,
                 Context e,
                 Context (a, b, c, d, e)) =>
                Matrix a
                -> Matrix b
                   -> Matrix c -> Matrix d -> Matrix e -> Matrix (a, b, c, d, e)
    |
322 | zip5 :: ( Context a, Context b, Context c, Context d, Context e
    |         ^^^^^^^^^^^^^^^^^^^^^^^^^^^^^^^^^^^^^^^^^^^^^^^^^^^^^^^...

src/Data/Matrix/Unboxed.hs:328:9: warning: [-Wsimplifiable-class-constraints]
    • The constraint ‘Unbox (a, b, c, d, e, f)’
        matches an instance declaration
      instance (Unbox a, Unbox b, Unbox c, Unbox d, Unbox e, Unbox f) =>
               Unbox (a, b, c, d, e, f)
        -- Defined in ‘Data.Vector.Unboxed.Base’
      This makes type inference for inner bindings fragile;
        either use MonoLocalBinds, or simplify it using the instance
    • In the type signature:
        zip6 :: (Context a,
                 Context b,
                 Context c,
                 Context d,
                 Context e,
                 Context f,
                 Context (a, b, c, d, e, f)) =>
                Matrix a
                -> Matrix b
                   -> Matrix c
                      -> Matrix d -> Matrix e -> Matrix f -> Matrix (a, b, c, d, e, f)
    |
328 | zip6 :: ( Context a, Context b, Context c, Context d, Context e, Context f
    |         ^^^^^^^^^^^^^^^^^^^^^^^^^^^^^^^^^^^^^^^^^^^^^^^^^^^^^^^^^^^^^^^^^^...

src/Data/Matrix/Unboxed.hs:342:10: warning: [-Wsimplifiable-class-constraints]
    • The constraint ‘Unbox (a, b)’ matches an instance declaration
      instance (Unbox a, Unbox b) => Unbox (a, b)
        -- Defined in ‘Data.Vector.Unboxed.Base’
      This makes type inference for inner bindings fragile;
        either use MonoLocalBinds, or simplify it using the instance
    • In the type signature:
        unzip :: (Context a, Context b, Context (a, b)) =>
                 Matrix (a, b) -> (Matrix a, Matrix b)
    |
342 | unzip :: (Context a, Context b, Context (a,b))
    |          ^^^^^^^^^^^^^^^^^^^^^^^^^^^^^^^^^^^^^...

src/Data/Matrix/Unboxed.hs:346:11: warning: [-Wsimplifiable-class-constraints]
    • The constraint ‘Unbox (a, b, c)’ matches an instance declaration
      instance (Unbox a, Unbox b, Unbox c) => Unbox (a, b, c)
        -- Defined in ‘Data.Vector.Unboxed.Base’
      This makes type inference for inner bindings fragile;
        either use MonoLocalBinds, or simplify it using the instance
    • In the type signature:
        unzip3 :: (Context a, Context b, Context c, Context (a, b, c)) =>
                  Matrix (a, b, c) -> (Matrix a, Matrix b, Matrix c)
    |
346 | unzip3 :: ( Context a, Context b, Context c
    |           ^^^^^^^^^^^^^^^^^^^^^^^^^^^^^^^^^...

src/Data/Matrix/Unboxed.hs:351:11: warning: [-Wsimplifiable-class-constraints]
    • The constraint ‘Unbox (a, b, c, d)’
        matches an instance declaration
      instance (Unbox a, Unbox b, Unbox c, Unbox d) => Unbox (a, b, c, d)
        -- Defined in ‘Data.Vector.Unboxed.Base’
      This makes type inference for inner bindings fragile;
        either use MonoLocalBinds, or simplify it using the instance
    • In the type signature:
        unzip4 :: (Context a,
                   Context b,
                   Context c,
                   Context d,
                   Context (a, b, c, d)) =>
                  Matrix (a, b, c, d) -> (Matrix a, Matrix b, Matrix c, Matrix d)
    |
351 | unzip4 :: ( Context a, Context b, Context c, Context d
    |           ^^^^^^^^^^^^^^^^^^^^^^^^^^^^^^^^^^^^^^^^^^^^...

src/Data/Matrix/Unboxed.hs:356:11: warning: [-Wsimplifiable-class-constraints]
    • The constraint ‘Unbox (a, b, c, d, e)’
        matches an instance declaration
      instance (Unbox a, Unbox b, Unbox c, Unbox d, Unbox e) =>
               Unbox (a, b, c, d, e)
        -- Defined in ‘Data.Vector.Unboxed.Base’
      This makes type inference for inner bindings fragile;
        either use MonoLocalBinds, or simplify it using the instance
    • In the type signature:
        unzip5 :: (Context a,
                   Context b,
                   Context c,
                   Context d,
                   Context e,
                   Context (a, b, c, d, e)) =>
                  Matrix (a, b, c, d, e)
                  -> (Matrix a, Matrix b, Matrix c, Matrix d, Matrix e)
    |
356 | unzip5 :: ( Context a, Context b, Context c, Context d, Context e
    |           ^^^^^^^^^^^^^^^^^^^^^^^^^^^^^^^^^^^^^^^^^^^^^^^^^^^^^^^...

src/Data/Matrix/Unboxed.hs:362:11: warning: [-Wsimplifiable-class-constraints]
    • The constraint ‘Unbox (a, b, c, d, e, f)’
        matches an instance declaration
      instance (Unbox a, Unbox b, Unbox c, Unbox d, Unbox e, Unbox f) =>
               Unbox (a, b, c, d, e, f)
        -- Defined in ‘Data.Vector.Unboxed.Base’
      This makes type inference for inner bindings fragile;
        either use MonoLocalBinds, or simplify it using the instance
    • In the type signature:
        unzip6 :: (Context a,
                   Context b,
                   Context c,
                   Context d,
                   Context e,
                   Context f,
                   Context (a, b, c, d, e, f)) =>
                  Matrix (a, b, c, d, e, f)
                  -> (Matrix a, Matrix b, Matrix c, Matrix d, Matrix e, Matrix f)
    |
362 | unzip6 :: ( Context a, Context b, Context c, Context d, Context e, Context f
    |           ^^^^^^^^^^^^^^^^^^^^^^^^^^^^^^^^^^^^^^^^^^^^^^^^^^^^^^^^^^^^^^^^^^...
[ 1 of 13] Compiling Data.Matrix.Class.Mutable ( src/Data/Matrix/Class/Mutable.hs, dist/dist-sandbox-b5a179e0/build/Data/Matrix/Class/Mutable.p_o )
[ 2 of 13] Compiling Data.Matrix.Class ( src/Data/Matrix/Class.hs, dist/dist-sandbox-b5a179e0/build/Data/Matrix/Class.p_o )
[ 3 of 13] Compiling Data.Matrix.Generic.Mutable ( src/Data/Matrix/Generic/Mutable.hs, dist/dist-sandbox-b5a179e0/build/Data/Matrix/Generic/Mutable.p_o )
[ 4 of 13] Compiling Data.Matrix.Generic ( src/Data/Matrix/Generic.hs, dist/dist-sandbox-b5a179e0/build/Data/Matrix/Generic.p_o )
[ 5 of 13] Compiling Data.Matrix.Mutable ( src/Data/Matrix/Mutable.hs, dist/dist-sandbox-b5a179e0/build/Data/Matrix/Mutable.p_o )
[ 6 of 13] Compiling Data.Matrix      ( src/Data/Matrix.hs, dist/dist-sandbox-b5a179e0/build/Data/Matrix.p_o )
[ 7 of 13] Compiling Data.Matrix.Sparse.Generic ( src/Data/Matrix/Sparse/Generic.hs, dist/dist-sandbox-b5a179e0/build/Data/Matrix/Sparse/Generic.p_o )
[ 8 of 13] Compiling Data.Matrix.Storable.Mutable ( src/Data/Matrix/Storable/Mutable.hs, dist/dist-sandbox-b5a179e0/build/Data/Matrix/Storable/Mutable.p_o )
[ 9 of 13] Compiling Data.Matrix.Storable ( src/Data/Matrix/Storable.hs, dist/dist-sandbox-b5a179e0/build/Data/Matrix/Storable.p_o )
[10 of 13] Compiling Data.Matrix.Symmetric.Generic.Mutable ( src/Data/Matrix/Symmetric/Generic/Mutable.hs, dist/dist-sandbox-b5a179e0/build/Data/Matrix/Symmetric/Generic/Mutable.p_o )
[11 of 13] Compiling Data.Matrix.Symmetric.Generic ( src/Data/Matrix/Symmetric/Generic.hs, dist/dist-sandbox-b5a179e0/build/Data/Matrix/Symmetric/Generic.p_o )
[12 of 13] Compiling Data.Matrix.Unboxed.Mutable ( src/Data/Matrix/Unboxed/Mutable.hs, dist/dist-sandbox-b5a179e0/build/Data/Matrix/Unboxed/Mutable.p_o )
[13 of 13] Compiling Data.Matrix.Unboxed ( src/Data/Matrix/Unboxed.hs, dist/dist-sandbox-b5a179e0/build/Data/Matrix/Unboxed.p_o )

src/Data/Matrix/Unboxed.hs:307:8: warning: [-Wsimplifiable-class-constraints]
    • The constraint ‘Unbox (a, b)’ matches an instance declaration
      instance (Unbox a, Unbox b) => Unbox (a, b)
        -- Defined in ‘Data.Vector.Unboxed.Base’
      This makes type inference for inner bindings fragile;
        either use MonoLocalBinds, or simplify it using the instance
    • In the type signature:
        zip :: (Context a, Context b, Context (a, b)) =>
               Matrix a -> Matrix b -> Matrix (a, b)
    |
307 | zip :: ( Context a, Context b
    |        ^^^^^^^^^^^^^^^^^^^^^^...

src/Data/Matrix/Unboxed.hs:312:9: warning: [-Wsimplifiable-class-constraints]
    • The constraint ‘Unbox (a, b, c)’ matches an instance declaration
      instance (Unbox a, Unbox b, Unbox c) => Unbox (a, b, c)
        -- Defined in ‘Data.Vector.Unboxed.Base’
      This makes type inference for inner bindings fragile;
        either use MonoLocalBinds, or simplify it using the instance
    • In the type signature:
        zip3 :: (Context a, Context b, Context c, Context (a, b, c)) =>
                Matrix a -> Matrix b -> Matrix c -> Matrix (a, b, c)
    |
312 | zip3 :: ( Context a, Context b, Context c
    |         ^^^^^^^^^^^^^^^^^^^^^^^^^^^^^^^^^...

src/Data/Matrix/Unboxed.hs:317:9: warning: [-Wsimplifiable-class-constraints]
    • The constraint ‘Unbox (a, b, c, d)’
        matches an instance declaration
      instance (Unbox a, Unbox b, Unbox c, Unbox d) => Unbox (a, b, c, d)
        -- Defined in ‘Data.Vector.Unboxed.Base’
      This makes type inference for inner bindings fragile;
        either use MonoLocalBinds, or simplify it using the instance
    • In the type signature:
        zip4 :: (Context a,
                 Context b,
                 Context c,
                 Context d,
                 Context (a, b, c, d)) =>
                Matrix a -> Matrix b -> Matrix c -> Matrix d -> Matrix (a, b, c, d)
    |
317 | zip4 :: ( Context a, Context b, Context c, Context d
    |         ^^^^^^^^^^^^^^^^^^^^^^^^^^^^^^^^^^^^^^^^^^^^...

src/Data/Matrix/Unboxed.hs:322:9: warning: [-Wsimplifiable-class-constraints]
    • The constraint ‘Unbox (a, b, c, d, e)’
        matches an instance declaration
      instance (Unbox a, Unbox b, Unbox c, Unbox d, Unbox e) =>
               Unbox (a, b, c, d, e)
        -- Defined in ‘Data.Vector.Unboxed.Base’
      This makes type inference for inner bindings fragile;
        either use MonoLocalBinds, or simplify it using the instance
    • In the type signature:
        zip5 :: (Context a,
                 Context b,
                 Context c,
                 Context d,
                 Context e,
                 Context (a, b, c, d, e)) =>
                Matrix a
                -> Matrix b
                   -> Matrix c -> Matrix d -> Matrix e -> Matrix (a, b, c, d, e)
    |
322 | zip5 :: ( Context a, Context b, Context c, Context d, Context e
    |         ^^^^^^^^^^^^^^^^^^^^^^^^^^^^^^^^^^^^^^^^^^^^^^^^^^^^^^^...

src/Data/Matrix/Unboxed.hs:328:9: warning: [-Wsimplifiable-class-constraints]
    • The constraint ‘Unbox (a, b, c, d, e, f)’
        matches an instance declaration
      instance (Unbox a, Unbox b, Unbox c, Unbox d, Unbox e, Unbox f) =>
               Unbox (a, b, c, d, e, f)
        -- Defined in ‘Data.Vector.Unboxed.Base’
      This makes type inference for inner bindings fragile;
        either use MonoLocalBinds, or simplify it using the instance
    • In the type signature:
        zip6 :: (Context a,
                 Context b,
                 Context c,
                 Context d,
                 Context e,
                 Context f,
                 Context (a, b, c, d, e, f)) =>
                Matrix a
                -> Matrix b
                   -> Matrix c
                      -> Matrix d -> Matrix e -> Matrix f -> Matrix (a, b, c, d, e, f)
    |
328 | zip6 :: ( Context a, Context b, Context c, Context d, Context e, Context f
    |         ^^^^^^^^^^^^^^^^^^^^^^^^^^^^^^^^^^^^^^^^^^^^^^^^^^^^^^^^^^^^^^^^^^...

src/Data/Matrix/Unboxed.hs:342:10: warning: [-Wsimplifiable-class-constraints]
    • The constraint ‘Unbox (a, b)’ matches an instance declaration
      instance (Unbox a, Unbox b) => Unbox (a, b)
        -- Defined in ‘Data.Vector.Unboxed.Base’
      This makes type inference for inner bindings fragile;
        either use MonoLocalBinds, or simplify it using the instance
    • In the type signature:
        unzip :: (Context a, Context b, Context (a, b)) =>
                 Matrix (a, b) -> (Matrix a, Matrix b)
    |
342 | unzip :: (Context a, Context b, Context (a,b))
    |          ^^^^^^^^^^^^^^^^^^^^^^^^^^^^^^^^^^^^^...

src/Data/Matrix/Unboxed.hs:346:11: warning: [-Wsimplifiable-class-constraints]
    • The constraint ‘Unbox (a, b, c)’ matches an instance declaration
      instance (Unbox a, Unbox b, Unbox c) => Unbox (a, b, c)
        -- Defined in ‘Data.Vector.Unboxed.Base’
      This makes type inference for inner bindings fragile;
        either use MonoLocalBinds, or simplify it using the instance
    • In the type signature:
        unzip3 :: (Context a, Context b, Context c, Context (a, b, c)) =>
                  Matrix (a, b, c) -> (Matrix a, Matrix b, Matrix c)
    |
346 | unzip3 :: ( Context a, Context b, Context c
    |           ^^^^^^^^^^^^^^^^^^^^^^^^^^^^^^^^^...

src/Data/Matrix/Unboxed.hs:351:11: warning: [-Wsimplifiable-class-constraints]
    • The constraint ‘Unbox (a, b, c, d)’
        matches an instance declaration
      instance (Unbox a, Unbox b, Unbox c, Unbox d) => Unbox (a, b, c, d)
        -- Defined in ‘Data.Vector.Unboxed.Base’
      This makes type inference for inner bindings fragile;
        either use MonoLocalBinds, or simplify it using the instance
    • In the type signature:
        unzip4 :: (Context a,
                   Context b,
                   Context c,
                   Context d,
                   Context (a, b, c, d)) =>
                  Matrix (a, b, c, d) -> (Matrix a, Matrix b, Matrix c, Matrix d)
    |
351 | unzip4 :: ( Context a, Context b, Context c, Context d
    |           ^^^^^^^^^^^^^^^^^^^^^^^^^^^^^^^^^^^^^^^^^^^^...

src/Data/Matrix/Unboxed.hs:356:11: warning: [-Wsimplifiable-class-constraints]
    • The constraint ‘Unbox (a, b, c, d, e)’
        matches an instance declaration
      instance (Unbox a, Unbox b, Unbox c, Unbox d, Unbox e) =>
               Unbox (a, b, c, d, e)
        -- Defined in ‘Data.Vector.Unboxed.Base’
      This makes type inference for inner bindings fragile;
        either use MonoLocalBinds, or simplify it using the instance
    • In the type signature:
        unzip5 :: (Context a,
                   Context b,
                   Context c,
                   Context d,
                   Context e,
                   Context (a, b, c, d, e)) =>
                  Matrix (a, b, c, d, e)
                  -> (Matrix a, Matrix b, Matrix c, Matrix d, Matrix e)
    |
356 | unzip5 :: ( Context a, Context b, Context c, Context d, Context e
    |           ^^^^^^^^^^^^^^^^^^^^^^^^^^^^^^^^^^^^^^^^^^^^^^^^^^^^^^^...

src/Data/Matrix/Unboxed.hs:362:11: warning: [-Wsimplifiable-class-constraints]
    • The constraint ‘Unbox (a, b, c, d, e, f)’
        matches an instance declaration
      instance (Unbox a, Unbox b, Unbox c, Unbox d, Unbox e, Unbox f) =>
               Unbox (a, b, c, d, e, f)
        -- Defined in ‘Data.Vector.Unboxed.Base’
      This makes type inference for inner bindings fragile;
        either use MonoLocalBinds, or simplify it using the instance
    • In the type signature:
        unzip6 :: (Context a,
                   Context b,
                   Context c,
                   Context d,
                   Context e,
                   Context f,
                   Context (a, b, c, d, e, f)) =>
                  Matrix (a, b, c, d, e, f)
                  -> (Matrix a, Matrix b, Matrix c, Matrix d, Matrix e, Matrix f)
    |
362 | unzip6 :: ( Context a, Context b, Context c, Context d, Context e, Context f
    |           ^^^^^^^^^^^^^^^^^^^^^^^^^^^^^^^^^^^^^^^^^^^^^^^^^^^^^^^^^^^^^^^^^^...
Preprocessing library for matrices-0.5.0..
Running Haddock on library for matrices-0.5.0..
Haddock coverage:
  25% (  1 /  4) in 'Data.Matrix.Class.Mutable'
  Missing documentation for:
    Module header
    MMatrix (src/Data/Matrix/Class/Mutable.hs:14)
    read (src/Data/Matrix/Class/Mutable.hs:39)
  65% ( 13 / 20) in 'Data.Matrix.Class'
  Missing documentation for:
    Module header
    Mutable (src/Data/Matrix/Class.hs:35)
    Matrix (src/Data/Matrix/Class.hs:37)
    fromVector (src/Data/Matrix/Class.hs:115)
    fromList (src/Data/Matrix/Class.hs:123)
    empty (src/Data/Matrix/Class.hs:111)
    create (src/Data/Matrix/Class.hs:196)
  36% (  4 / 11) in 'Data.Matrix.Generic.Mutable'
  Missing documentation for:
    Module header
    dim (src/Data/Matrix/Class/Mutable.hs:15)
    takeRow (src/Data/Matrix/Generic/Mutable.hs:48)
    unsafeWrite (src/Data/Matrix/Class/Mutable.hs:19)
    read (src/Data/Matrix/Class/Mutable.hs:39)
    unsafeRead (src/Data/Matrix/Class/Mutable.hs:17)
    replicate (src/Data/Matrix/Class/Mutable.hs:24)
  45% ( 38 / 85) in 'Data.Matrix.Generic'
  Missing documentation for:
    Module header
    dim (src/Data/Matrix/Class.hs:38)
    unsafeIndex (src/Data/Matrix/Class.hs:40)
    unsafeFromVector (src/Data/Matrix/Class.hs:42)
    fromVector (src/Data/Matrix/Class.hs:115)
    fromList (src/Data/Matrix/Class.hs:123)
    empty (src/Data/Matrix/Class.hs:111)
    fromBlocks (src/Data/Matrix/Generic.hs:242)
    isSymmetric (src/Data/Matrix/Generic.hs:266)
    force (src/Data/Matrix/Generic.hs:274)
    foldl (src/Data/Matrix/Generic.hs:288)
    map (src/Data/Matrix/Generic.hs:278)
    imap (src/Data/Matrix/Generic.hs:282)
    mapM (src/Data/Matrix/Generic.hs:292)
    mapM_ (src/Data/Matrix/Generic.hs:307)
    forM (src/Data/Matrix/Generic.hs:320)
    forM_ (src/Data/Matrix/Generic.hs:325)
    zipWith (src/Data/Matrix/Generic.hs:329)
    zipWith3 (src/Data/Matrix/Generic.hs:337)
    zipWith4 (src/Data/Matrix/Generic.hs:347)
    zipWith5 (src/Data/Matrix/Generic.hs:359)
    zipWith6 (src/Data/Matrix/Generic.hs:373)
    izipWith (src/Data/Matrix/Generic.hs:388)
    izipWith3 (src/Data/Matrix/Generic.hs:399)
    izipWith4 (src/Data/Matrix/Generic.hs:412)
    izipWith5 (src/Data/Matrix/Generic.hs:427)
    izipWith6 (src/Data/Matrix/Generic.hs:444)
    zip (src/Data/Matrix/Generic.hs:464)
    zip3 (src/Data/Matrix/Generic.hs:472)
    zip4 (src/Data/Matrix/Generic.hs:481)
    zip5 (src/Data/Matrix/Generic.hs:492)
    zip6 (src/Data/Matrix/Generic.hs:506)
    zipWithM (src/Data/Matrix/Generic.hs:521)
    zipWithM_ (src/Data/Matrix/Generic.hs:529)
    unzip (src/Data/Matrix/Generic.hs:536)
    unzip3 (src/Data/Matrix/Generic.hs:544)
    unzip4 (src/Data/Matrix/Generic.hs:552)
    unzip5 (src/Data/Matrix/Generic.hs:564)
    unzip6 (src/Data/Matrix/Generic.hs:579)
    sequence (src/Data/Matrix/Generic.hs:595)
    sequence_ (src/Data/Matrix/Generic.hs:600)
    generate (src/Data/Matrix/Generic.hs:605)
    thaw (src/Data/Matrix/Class.hs:72)
    unsafeThaw (src/Data/Matrix/Class.hs:74)
    freeze (src/Data/Matrix/Class.hs:77)
    unsafeFreeze (src/Data/Matrix/Class.hs:80)
    create (src/Data/Matrix/Class.hs:196)
  18% (  2 / 11) in 'Data.Matrix.Mutable'
  Missing documentation for:
    Module header
    MMatrix (src/Data/Matrix/Mutable.hs:23)
    dim (src/Data/Matrix/Mutable.hs:26)
    takeRow (src/Data/Matrix/Mutable.hs:29)
    write (src/Data/Matrix/Mutable.hs:32)
    unsafeWrite (src/Data/Matrix/Mutable.hs:35)
    read (src/Data/Matrix/Mutable.hs:38)
    unsafeRead (src/Data/Matrix/Mutable.hs:41)
    replicate (src/Data/Matrix/Mutable.hs:48)
  32% ( 26 / 82) in 'Data.Matrix'
  Missing documentation for:
    Module header
    Matrix (src/Data/Matrix.hs:113)
    dim (src/Data/Matrix.hs:116)
    rows (src/Data/Matrix.hs:119)
    cols (src/Data/Matrix.hs:122)
    unsafeIndex (src/Data/Matrix.hs:125)
    ! (src/Data/Matrix.hs:128)
    takeRow (src/Data/Matrix.hs:131)
    takeColumn (src/Data/Matrix.hs:134)
    takeDiag (src/Data/Matrix.hs:137)
    unsafeFromVector (src/Data/Matrix.hs:140)
    fromVector (src/Data/Matrix.hs:143)
    fromList (src/Data/Matrix.hs:150)
    empty (src/Data/Matrix.hs:166)
    flatten (src/Data/Matrix.hs:169)
    toColumns (src/Data/Matrix.hs:176)
    fromBlocks (src/Data/Matrix.hs:216)
    isSymmetric (src/Data/Matrix.hs:222)
    force (src/Data/Matrix.hs:225)
    foldl (src/Data/Matrix.hs:228)
    map (src/Data/Matrix.hs:231)
    imap (src/Data/Matrix.hs:234)
    mapM (src/Data/Matrix.hs:237)
    mapM_ (src/Data/Matrix.hs:245)
    forM (src/Data/Matrix.hs:253)
    forM_ (src/Data/Matrix.hs:256)
    zipWith (src/Data/Matrix.hs:259)
    zipWith3 (src/Data/Matrix.hs:263)
    zipWith4 (src/Data/Matrix.hs:268)
    zipWith5 (src/Data/Matrix.hs:273)
    zipWith6 (src/Data/Matrix.hs:278)
    izipWith (src/Data/Matrix.hs:284)
    izipWith3 (src/Data/Matrix.hs:288)
    izipWith4 (src/Data/Matrix.hs:293)
    izipWith5 (src/Data/Matrix.hs:298)
    izipWith6 (src/Data/Matrix.hs:303)
    zip (src/Data/Matrix.hs:310)
    zip3 (src/Data/Matrix.hs:315)
    zip4 (src/Data/Matrix.hs:320)
    zip5 (src/Data/Matrix.hs:325)
    zip6 (src/Data/Matrix.hs:331)
    zipWithM (src/Data/Matrix.hs:337)
    zipWithM_ (src/Data/Matrix.hs:341)
    unzip (src/Data/Matrix.hs:345)
    unzip3 (src/Data/Matrix.hs:349)
    unzip4 (src/Data/Matrix.hs:354)
    unzip5 (src/Data/Matrix.hs:359)
    unzip6 (src/Data/Matrix.hs:365)
    sequence (src/Data/Matrix.hs:371)
    sequence_ (src/Data/Matrix.hs:374)
    generate (src/Data/Matrix.hs:378)
    thaw (src/Data/Matrix.hs:381)
    unsafeThaw (src/Data/Matrix.hs:384)
    freeze (src/Data/Matrix.hs:387)
    unsafeFreeze (src/Data/Matrix.hs:390)
    create (src/Data/Matrix.hs:393)
  72% ( 21 / 29) in 'Data.Matrix.Sparse.Generic'
  Missing documentation for:
    Module header
    Zero (src/Data/Matrix/Sparse/Generic.hs:54)
    AssocList (src/Data/Matrix/Sparse/Generic.hs:123)
    dim (src/Data/Matrix/Class.hs:38)
    unsafeIndex (src/Data/Matrix/Class.hs:40)
    unsafeFromVector (src/Data/Matrix/Class.hs:42)
    fromVector (src/Data/Matrix/Class.hs:115)
    empty (src/Data/Matrix/Class.hs:111)
  18% (  2 / 11) in 'Data.Matrix.Storable.Mutable'
  Missing documentation for:
    Module header
    MMatrix (src/Data/Matrix/Storable/Mutable.hs:23)
    dim (src/Data/Matrix/Storable/Mutable.hs:26)
    takeRow (src/Data/Matrix/Storable/Mutable.hs:29)
    write (src/Data/Matrix/Storable/Mutable.hs:32)
    unsafeWrite (src/Data/Matrix/Storable/Mutable.hs:35)
    read (src/Data/Matrix/Storable/Mutable.hs:38)
    unsafeRead (src/Data/Matrix/Storable/Mutable.hs:41)
    replicate (src/Data/Matrix/Storable/Mutable.hs:48)
  32% ( 25 / 79) in 'Data.Matrix.Storable'
  Missing documentation for:
    Module header
    Matrix (src/Data/Matrix/Storable.hs:110)
    dim (src/Data/Matrix/Storable.hs:113)
    rows (src/Data/Matrix/Storable.hs:116)
    cols (src/Data/Matrix/Storable.hs:119)
    unsafeIndex (src/Data/Matrix/Storable.hs:122)
    ! (src/Data/Matrix/Storable.hs:125)
    takeRow (src/Data/Matrix/Storable.hs:128)
    takeColumn (src/Data/Matrix/Storable.hs:131)
    takeDiag (src/Data/Matrix/Storable.hs:134)
    unsafeFromVector (src/Data/Matrix/Storable.hs:137)
    fromVector (src/Data/Matrix/Storable.hs:140)
    fromList (src/Data/Matrix/Storable.hs:147)
    empty (src/Data/Matrix/Storable.hs:163)
    flatten (src/Data/Matrix/Storable.hs:166)
    toColumns (src/Data/Matrix/Storable.hs:173)
    fromBlocks (src/Data/Matrix/Storable.hs:213)
    isSymmetric (src/Data/Matrix/Storable.hs:219)
    force (src/Data/Matrix/Storable.hs:222)
    foldl (src/Data/Matrix/Storable.hs:225)
    map (src/Data/Matrix/Storable.hs:228)
    imap (src/Data/Matrix/Storable.hs:231)
    mapM (src/Data/Matrix/Storable.hs:234)
    mapM_ (src/Data/Matrix/Storable.hs:242)
    forM (src/Data/Matrix/Storable.hs:250)
    forM_ (src/Data/Matrix/Storable.hs:253)
    zipWith (src/Data/Matrix/Storable.hs:256)
    zipWith3 (src/Data/Matrix/Storable.hs:260)
    zipWith4 (src/Data/Matrix/Storable.hs:265)
    zipWith5 (src/Data/Matrix/Storable.hs:270)
    zipWith6 (src/Data/Matrix/Storable.hs:275)
    izipWith (src/Data/Matrix/Storable.hs:281)
    izipWith3 (src/Data/Matrix/Storable.hs:285)
    izipWith4 (src/Data/Matrix/Storable.hs:290)
    izipWith5
src/Data/Matrix/Unboxed.hs:307:8: warning: [-Wsimplifiable-class-constraints]
    • The constraint ‘Unbox (a, b)’ matches an instance declaration
      instance (Unbox a, Unbox b) => Unbox (a, b)
        -- Defined in ‘Data.Vector.Unboxed.Base’
      This makes type inference for inner bindings fragile;
        either use MonoLocalBinds, or simplify it using the instance
    • In the type signature:
        zip :: (Context a, Context b, Context (a, b)) =>
               Matrix a -> Matrix b -> Matrix (a, b)
    |
307 | zip :: ( Context a, Context b
    |        ^^^^^^^^^^^^^^^^^^^^^^...

src/Data/Matrix/Unboxed.hs:312:9: warning: [-Wsimplifiable-class-constraints]
    • The constraint ‘Unbox (a, b, c)’ matches an instance declaration
      instance (Unbox a, Unbox b, Unbox c) => Unbox (a, b, c)
        -- Defined in ‘Data.Vector.Unboxed.Base’
      This makes type inference for inner bindings fragile;
        either use MonoLocalBinds, or simplify it using the instance
    • In the type signature:
        zip3 :: (Context a, Context b, Context c, Context (a, b, c)) =>
                Matrix a -> Matrix b -> Matrix c -> Matrix (a, b, c)
    |
312 | zip3 :: ( Context a, Context b, Context c
    |         ^^^^^^^^^^^^^^^^^^^^^^^^^^^^^^^^^...

src/Data/Matrix/Unboxed.hs:317:9: warning: [-Wsimplifiable-class-constraints]
    • The constraint ‘Unbox (a, b, c, d)’
        matches an instance declaration
      instance (Unbox a, Unbox b, Unbox c, Unbox d) => Unbox (a, b, c, d)
        -- Defined in ‘Data.Vector.Unboxed.Base’
      This makes type inference for inner bindings fragile;
        either use MonoLocalBinds, or simplify it using the instance
    • In the type signature:
        zip4 :: (Context a,
                 Context b,
                 Context c,
                 Context d,
                 Context (a, b, c, d)) =>
                Matrix a -> Matrix b -> Matrix c -> Matrix d -> Matrix (a, b, c, d)
    |
317 | zip4 :: ( Context a, Context b, Context c, Context d
    |         ^^^^^^^^^^^^^^^^^^^^^^^^^^^^^^^^^^^^^^^^^^^^...

src/Data/Matrix/Unboxed.hs:322:9: warning: [-Wsimplifiable-class-constraints]
    • The constraint ‘Unbox (a, b, c, d, e)’
        matches an instance declaration
      instance (Unbox a, Unbox b, Unbox c, Unbox d, Unbox e) =>
               Unbox (a, b, c, d, e)
        -- Defined in ‘Data.Vector.Unboxed.Base’
      This makes type inference for inner bindings fragile;
        either use MonoLocalBinds, or simplify it using the instance
    • In the type signature:
        zip5 :: (Context a,
                 Context b,
                 Context c,
                 Context d,
                 Context e,
                 Context (a, b, c, d, e)) =>
                Matrix a
                -> Matrix b
                   -> Matrix c -> Matrix d -> Matrix e -> Matrix (a, b, c, d, e)
    |
322 | zip5 :: ( Context a, Context b, Context c, Context d, Context e
    |         ^^^^^^^^^^^^^^^^^^^^^^^^^^^^^^^^^^^^^^^^^^^^^^^^^^^^^^^...

src/Data/Matrix/Unboxed.hs:328:9: warning: [-Wsimplifiable-class-constraints]
    • The constraint ‘Unbox (a, b, c, d, e, f)’
        matches an instance declaration
      instance (Unbox a, Unbox b, Unbox c, Unbox d, Unbox e, Unbox f) =>
               Unbox (a, b, c, d, e, f)
        -- Defined in ‘Data.Vector.Unboxed.Base’
      This makes type inference for inner bindings fragile;
        either use MonoLocalBinds, or simplify it using the instance
    • In the type signature:
        zip6 :: (Context a,
                 Context b,
                 Context c,
                 Context d,
                 Context e,
                 Context f,
                 Context (a, b, c, d, e, f)) =>
                Matrix a
                -> Matrix b
                   -> Matrix c
                      -> Matrix d -> Matrix e -> Matrix f -> Matrix (a, b, c, d, e, f)
    |
328 | zip6 :: ( Context a, Context b, Context c, Context d, Context e, Context f
    |         ^^^^^^^^^^^^^^^^^^^^^^^^^^^^^^^^^^^^^^^^^^^^^^^^^^^^^^^^^^^^^^^^^^...

src/Data/Matrix/Unboxed.hs:342:10: warning: [-Wsimplifiable-class-constraints]
    • The constraint ‘Unbox (a, b)’ matches an instance declaration
      instance (Unbox a, Unbox b) => Unbox (a, b)
        -- Defined in ‘Data.Vector.Unboxed.Base’
      This makes type inference for inner bindings fragile;
        either use MonoLocalBinds, or simplify it using the instance
    • In the type signature:
        unzip :: (Context a, Context b, Context (a, b)) =>
                 Matrix (a, b) -> (Matrix a, Matrix b)
    |
342 | unzip :: (Context a, Context b, Context (a,b))
    |          ^^^^^^^^^^^^^^^^^^^^^^^^^^^^^^^^^^^^^...

src/Data/Matrix/Unboxed.hs:346:11: warning: [-Wsimplifiable-class-constraints]
    • The constraint ‘Unbox (a, b, c)’ matches an instance declaration
      instance (Unbox a, Unbox b, Unbox c) => Unbox (a, b, c)
        -- Defined in ‘Data.Vector.Unboxed.Base’
      This makes type inference for inner bindings fragile;
        either use MonoLocalBinds, or simplify it using the instance
    • In the type signature:
        unzip3 :: (Context a, Context b, Context c, Context (a, b, c)) =>
                  Matrix (a, b, c) -> (Matrix a, Matrix b, Matrix c)
    |
346 | unzip3 :: ( Context a, Context b, Context c
    |           ^^^^^^^^^^^^^^^^^^^^^^^^^^^^^^^^^...

src/Data/Matrix/Unboxed.hs:351:11: warning: [-Wsimplifiable-class-constraints]
    • The constraint ‘Unbox (a, b, c, d)’
        matches an instance declaration
      instance (Unbox a, Unbox b, Unbox c, Unbox d) => Unbox (a, b, c, d)
        -- Defined in ‘Data.Vector.Unboxed.Base’
      This makes type inference for inner bindings fragile;
        either use MonoLocalBinds, or simplify it using the instance
    • In the type signature:
        unzip4 :: (Context a,
                   Context b,
                   Context c,
                   Context d,
                   Context (a, b, c, d)) =>
                  Matrix (a, b, c, d) -> (Matrix a, Matrix b, Matrix c, Matrix d)
    |
351 | unzip4 :: ( Context a, Context b, Context c, Context d
    |           ^^^^^^^^^^^^^^^^^^^^^^^^^^^^^^^^^^^^^^^^^^^^...

src/Data/Matrix/Unboxed.hs:356:11: warning: [-Wsimplifiable-class-constraints]
    • The constraint ‘Unbox (a, b, c, d, e)’
        matches an instance declaration
      instance (Unbox a, Unbox b, Unbox c, Unbox d, Unbox e) =>
               Unbox (a, b, c, d, e)
        -- Defined in ‘Data.Vector.Unboxed.Base’
      This makes type inference for inner bindings fragile;
        either use MonoLocalBinds, or simplify it using the instance
    • In the type signature:
        unzip5 :: (Context a,
                   Context b,
                   Context c,
                   Context d,
                   Context e,
                   Context (a, b, c, d, e)) =>
                  Matrix (a, b, c, d, e)
                  -> (Matrix a, Matrix b, Matrix c, Matrix d, Matrix e)
    |
356 | unzip5 :: ( Context a, Context b, Context c, Context d, Context e
    |           ^^^^^^^^^^^^^^^^^^^^^^^^^^^^^^^^^^^^^^^^^^^^^^^^^^^^^^^...

src/Data/Matrix/Unboxed.hs:362:11: warning: [-Wsimplifiable-class-constraints]
    • The constraint ‘Unbox (a, b, c, d, e, f)’
        matches an instance declaration
      instance (Unbox a, Unbox b, Unbox c, Unbox d, Unbox e, Unbox f) =>
               Unbox (a, b, c, d, e, f)
        -- Defined in ‘Data.Vector.Unboxed.Base’
      This makes type inference for inner bindings fragile;
        either use MonoLocalBinds, or simplify it using the instance
    • In the type signature:
        unzip6 :: (Context a,
                   Context b,
                   Context c,
                   Context d,
                   Context e,
                   Context f,
                   Context (a, b, c, d, e, f)) =>
                  Matrix (a, b, c, d, e, f)
                  -> (Matrix a, Matrix b, Matrix c, Matrix d, Matrix e, Matrix f)
    |
362 | unzip6 :: ( Context a, Context b, Context c, Context d, Context e, Context f
    |           ^^^^^^^^^^^^^^^^^^^^^^^^^^^^^^^^^^^^^^^^^^^^^^^^^^^^^^^^^^^^^^^^^^...
 (src/Data/Matrix/Storable.hs:295)
    izipWith6 (src/Data/Matrix/Storable.hs:300)
    zip (src/Data/Matrix/Storable.hs:307)
    zip3 (src/Data/Matrix/Storable.hs:312)
    zip4 (src/Data/Matrix/Storable.hs:317)
    zip5 (src/Data/Matrix/Storable.hs:322)
    zip6 (src/Data/Matrix/Storable.hs:328)
    zipWithM (src/Data/Matrix/Storable.hs:334)
    zipWithM_ (src/Data/Matrix/Storable.hs:338)
    unzip (src/Data/Matrix/Storable.hs:342)
    unzip3 (src/Data/Matrix/Storable.hs:346)
    unzip4 (src/Data/Matrix/Storable.hs:351)
    unzip5 (src/Data/Matrix/Storable.hs:356)
    unzip6 (src/Data/Matrix/Storable.hs:362)
    generate (src/Data/Matrix/Storable.hs:368)
    thaw (src/Data/Matrix/Storable.hs:371)
    unsafeThaw (src/Data/Matrix/Storable.hs:374)
    freeze (src/Data/Matrix/Storable.hs:377)
    unsafeFreeze (src/Data/Matrix/Storable.hs:380)
    create (src/Data/Matrix/Storable.hs:383)
  40% (  4 / 10) in 'Data.Matrix.Symmetric.Generic.Mutable'
  Missing documentation for:
    Module header
    dim (src/Data/Matrix/Class/Mutable.hs:15)
    unsafeWrite (src/Data/Matrix/Class/Mutable.hs:19)
    read (src/Data/Matrix/Class/Mutable.hs:39)
    unsafeRead (src/Data/Matrix/Class/Mutable.hs:17)
    replicate (src/Data/Matrix/Class/Mutable.hs:24)
  35% (  7 / 20) in 'Data.Matrix.Symmetric.Generic'
  Missing documentation for:
    Module header
    dim (src/Data/Matrix/Class.hs:38)
    unsafeIndex (src/Data/Matrix/Class.hs:40)
    unsafeFromVector (src/Data/Matrix/Class.hs:42)
    fromVector (src/Data/Matrix/Class.hs:115)
    thaw (src/Data/Matrix/Class.hs:72)
    unsafeThaw (src/Data/Matrix/Class.hs:74)
    freeze (src/Data/Matrix/Class.hs:77)
    unsafeFreeze (src/Data/Matrix/Class.hs:80)
    create (src/Data/Matrix/Class.hs:196)
    map (src/Data/Matrix/Symmetric/Generic.hs:78)
    zip (src/Data/Matrix/Symmetric/Generic.hs:99)
    zipWith (src/Data/Matrix/Symmetric/Generic.hs:106)
  18% (  2 / 11) in 'Data.Matrix.Unboxed.Mutable'
  Missing documentation for:
    Module header
    MMatrix (src/Data/Matrix/Unboxed/Mutable.hs:23)
    dim (src/Data/Matrix/Unboxed/Mutable.hs:26)
    takeRow (src/Data/Matrix/Unboxed/Mutable.hs:29)
    write (src/Data/Matrix/Unboxed/Mutable.hs:32)
    unsafeWrite (src/Data/Matrix/Unboxed/Mutable.hs:35)
    read (src/Data/Matrix/Unboxed/Mutable.hs:38)
    unsafeRead (src/Data/Matrix/Unboxed/Mutable.hs:41)
    replicate (src/Data/Matrix/Unboxed/Mutable.hs:48)
  32% ( 25 / 79) in 'Data.Matrix.Unboxed'
  Missing documentation for:
    Module header
    Matrix (src/Data/Matrix/Unboxed.hs:110)
    dim (src/Data/Matrix/Unboxed.hs:113)
    rows (src/Data/Matrix/Unboxed.hs:116)
    cols (src/Data/Matrix/Unboxed.hs:119)
    unsafeIndex (src/Data/Matrix/Unboxed.hs:122)
    ! (src/Data/Matrix/Unboxed.hs:125)
    takeRow (src/Data/Matrix/Unboxed.hs:128)
    takeColumn (src/Data/Matrix/Unboxed.hs:131)
    takeDiag (src/Data/Matrix/Unboxed.hs:134)
    unsafeFromVector (src/Data/Matrix/Unboxed.hs:137)
    fromVector (src/Data/Matrix/Unboxed.hs:140)
    fromList (src/Data/Matrix/Unboxed.hs:147)
    empty (src/Data/Matrix/Unboxed.hs:163)
    flatten (src/Data/Matrix/Unboxed.hs:166)
    toColumns (src/Data/Matrix/Unboxed.hs:173)
    fromBlocks (src/Data/Matrix/Unboxed.hs:213)
    isSymmetric (src/Data/Matrix/Unboxed.hs:219)
    force (src/Data/Matrix/Unboxed.hs:222)
    foldl (src/Data/Matrix/Unboxed.hs:225)
    map (src/Data/Matrix/Unboxed.hs:228)
    imap (src/Data/Matrix/Unboxed.hs:231)
    mapM (src/Data/Matrix/Unboxed.hs:234)
    mapM_ (src/Data/Matrix/Unboxed.hs:242)
    forM (src/Data/Matrix/Unboxed.hs:250)
    forM_ (src/Data/Matrix/Unboxed.hs:253)
    zipWith (src/Data/Matrix/Unboxed.hs:256)
    zipWith3 (src/Data/Matrix/Unboxed.hs:260)
    zipWith4 (src/Data/Matrix/Unboxed.hs:265)
    zipWith5 (src/Data/Matrix/Unboxed.hs:270)
    zipWith6 (src/Data/Matrix/Unboxed.hs:275)
    izipWith (src/Data/Matrix/Unboxed.hs:281)
    izipWith3 (src/Data/Matrix/Unboxed.hs:285)
    izipWith4 (src/Data/Matrix/Unboxed.hs:290)
    izipWith5 (src/Data/Matrix/Unboxed.hs:295)
    izipWith6 (src/Data/Matrix/Unboxed.hs:300)
    zip (src/Data/Matrix/Unboxed.hs:307)
    zip3 (src/Data/Matrix/Unboxed.hs:312)
    zip4 (src/Data/Matrix/Unboxed.hs:317)
    zip5 (src/Data/Matrix/Unboxed.hs:322)
    zip6 (src/Data/Matrix/Unboxed.hs:328)
    zipWithM (src/Data/Matrix/Unboxed.hs:334)
    zipWithM_ (src/Data/Matrix/Unboxed.hs:338)
    unzip (src/Data/Matrix/Unboxed.hs:342)
    unzip3 (src/Data/Matrix/Unboxed.hs:346)
    unzip4 (src/Data/Matrix/Unboxed.hs:351)
    unzip5 (src/Data/Matrix/Unboxed.hs:356)
    unzip6 (src/Data/Matrix/Unboxed.hs:362)
    generate (src/Data/Matrix/Unboxed.hs:368)
    thaw (src/Data/Matrix/Unboxed.hs:371)
    unsafeThaw (src/Data/Matrix/Unboxed.hs:374)
    freeze (src/Data/Matrix/Unboxed.hs:377)
    unsafeFreeze (src/Data/Matrix/Unboxed.hs:380)
    create (src/Data/Matrix/Unboxed.hs:383)
Warning: Data.Matrix.Mutable: could not find link destinations for:
    Context
Warning: Data.Matrix: could not find link destinations for:
    Context
Warning: Data.Matrix.Storable.Mutable: could not find link destinations for:
    Context
Warning: Data.Matrix.Storable: could not find link destinations for:
    Context
Warning: Data.Matrix.Unboxed.Mutable: could not find link destinations for:
    Context
Warning: Data.Matrix.Unboxed: could not find link destinations for:
    Context
Documentation created: dist/dist-sandbox-b5a179e0/doc/html/matrices/index.html
Installing library in /Users/christophe.thibaut/Coding/fractal-sculpture/.cabal-sandbox/lib/x86_64-osx-ghc-8.6.3/matrices-0.5.0-5KcqWp9NgMJ4XrUQZ5lgQP
cabal: Leaving directory '/var/folders/z7/k6qym9m16y15sb6n8znyr7ww0000gn/T/cabal-tmp-24920/matrices-0.5.0'
