cabal: Entering directory '/var/folders/z7/k6qym9m16y15sb6n8znyr7ww0000gn/T/cabal-tmp-24922/microlens-mtl-0.2.0.1'
Configuring microlens-mtl-0.2.0.1...
Preprocessing library for microlens-mtl-0.2.0.1..
Building library for microlens-mtl-0.2.0.1..
[1 of 2] Compiling Lens.Micro.Mtl.Internal ( src/Lens/Micro/Mtl/Internal.hs, dist/dist-sandbox-b5a179e0/build/Lens/Micro/Mtl/Internal.o )
[2 of 2] Compiling Lens.Micro.Mtl   ( src/Lens/Micro/Mtl.hs, dist/dist-sandbox-b5a179e0/build/Lens/Micro/Mtl.o )
[1 of 2] Compiling Lens.Micro.Mtl.Internal ( src/Lens/Micro/Mtl/Internal.hs, dist/dist-sandbox-b5a179e0/build/Lens/Micro/Mtl/Internal.p_o )
[2 of 2] Compiling Lens.Micro.Mtl   ( src/Lens/Micro/Mtl.hs, dist/dist-sandbox-b5a179e0/build/Lens/Micro/Mtl.p_o )
Preprocessing library for microlens-mtl-0.2.0.1..
Running Haddock on library for microlens-mtl-0.2.0.1..
Haddock coverage:
  89% ( 17 / 19) in 'Lens.Micro.Mtl.Internal'
  Missing documentation for:
    Zoom (src/Lens/Micro/Mtl/Internal.hs:259)
    Magnify (src/Lens/Micro/Mtl/Internal.hs:425)
  87% ( 26 / 30) in 'Lens.Micro.Mtl'
  Missing documentation for:
    += (src/Lens/Micro/Mtl.hs:243)
    -= (src/Lens/Micro/Mtl.hs:249)
    *= (src/Lens/Micro/Mtl.hs:255)
    //= (src/Lens/Micro/Mtl.hs:261)
Documentation created:
dist/dist-sandbox-b5a179e0/doc/html/microlens-mtl/index.html
Installing library in /Users/christophe.thibaut/Coding/fractal-sculpture/.cabal-sandbox/lib/x86_64-osx-ghc-8.6.3/microlens-mtl-0.2.0.1-2da1Y62IIPNFbSpZc1OIJe
cabal: Leaving directory '/var/folders/z7/k6qym9m16y15sb6n8znyr7ww0000gn/T/cabal-tmp-24922/microlens-mtl-0.2.0.1'
