cabal: Entering directory '/var/folders/z7/k6qym9m16y15sb6n8znyr7ww0000gn/T/cabal-tmp-24920/MonadRandom-0.5.3'
Configuring MonadRandom-0.5.3...
Preprocessing library for MonadRandom-0.5.3..
Building library for MonadRandom-0.5.3..
[1 of 7] Compiling Control.Monad.Random.Class ( Control/Monad/Random/Class.hs, dist/dist-sandbox-b5a179e0/build/Control/Monad/Random/Class.o )

Control/Monad/Random/Class.hs:57:1: warning: [-Wdeprecations]
    Module ‘Control.Monad.Trans.Error’ is deprecated:
      Use Control.Monad.Trans.Except instead
   |
57 | import           Control.Monad.Trans.Error
   | ^^^^^^^^^^^^^^^^^^^^^^^^^^^^^^^^^^^^^^^^^^

Control/Monad/Random/Class.hs:60:1: warning: [-Wdeprecations]
    Module ‘Control.Monad.Trans.List’ is deprecated:
      This transformer is invalid on most monads
   |
60 | import           Control.Monad.Trans.List
   | ^^^^^^^^^^^^^^^^^^^^^^^^^^^^^^^^^^^^^^^^^

Control/Monad/Random/Class.hs:133:11: warning: [-Wdeprecations]
    In the use of type constructor or class ‘Error’
    (imported from Control.Monad.Trans.Error):
    Deprecated: "Use Control.Monad.Trans.Except instead"
    |
133 | instance (Error e, MonadRandom m) => MonadRandom (ErrorT e m) where
    |           ^^^^^

Control/Monad/Random/Class.hs:133:51: warning: [-Wdeprecations]
    In the use of type constructor or class ‘ErrorT’
    (imported from Control.Monad.Trans.Error):
    Deprecated: "Use Control.Monad.Trans.Except instead"
    |
133 | instance (Error e, MonadRandom m) => MonadRandom (ErrorT e m) where
    |                                                   ^^^^^^

Control/Monad/Random/Class.hs:151:42: warning: [-Wdeprecations]
    In the use of type constructor or class ‘ListT’
    (imported from Control.Monad.Trans.List):
    Deprecated: "This transformer is invalid on most monads"
    |
151 | instance (MonadRandom m) => MonadRandom (ListT m) where
    |                                          ^^^^^

Control/Monad/Random/Class.hs:230:11: warning: [-Wdeprecations]
    In the use of type constructor or class ‘Error’
    (imported from Control.Monad.Trans.Error):
    Deprecated: "Use Control.Monad.Trans.Except instead"
    |
230 | instance (Error e, MonadSplit g m) => MonadSplit g (ErrorT e m) where
    |           ^^^^^

Control/Monad/Random/Class.hs:230:53: warning: [-Wdeprecations]
    In the use of type constructor or class ‘ErrorT’
    (imported from Control.Monad.Trans.Error):
    Deprecated: "Use Control.Monad.Trans.Except instead"
    |
230 | instance (Error e, MonadSplit g m) => MonadSplit g (ErrorT e m) where
    |                                                     ^^^^^^

Control/Monad/Random/Class.hs:239:44: warning: [-Wdeprecations]
    In the use of type constructor or class ‘ListT’
    (imported from Control.Monad.Trans.List):
    Deprecated: "This transformer is invalid on most monads"
    |
239 | instance (MonadSplit g m) => MonadSplit g (ListT m) where
    |                                            ^^^^^

Control/Monad/Random/Class.hs:321:11: warning: [-Wdeprecations]
    In the use of type constructor or class ‘Error’
    (imported from Control.Monad.Trans.Error):
    Deprecated: "Use Control.Monad.Trans.Except instead"
    |
321 | instance (Error e, MonadInterleave m) => MonadInterleave (ErrorT e m) where
    |           ^^^^^

Control/Monad/Random/Class.hs:321:59: warning: [-Wdeprecations]
    In the use of type constructor or class ‘ErrorT’
    (imported from Control.Monad.Trans.Error):
    Deprecated: "Use Control.Monad.Trans.Except instead"
    |
321 | instance (Error e, MonadInterleave m) => MonadInterleave (ErrorT e m) where
    |                                                           ^^^^^^

Control/Monad/Random/Class.hs:322:16: warning: [-Wdeprecations]
    In the use of ‘mapErrorT’
    (imported from Control.Monad.Trans.Error):
    Deprecated: "Use Control.Monad.Trans.Except instead"
    |
322 |   interleave = mapErrorT interleave
    |                ^^^^^^^^^

Control/Monad/Random/Class.hs:330:50: warning: [-Wdeprecations]
    In the use of type constructor or class ‘ListT’
    (imported from Control.Monad.Trans.List):
    Deprecated: "This transformer is invalid on most monads"
    |
330 | instance (MonadInterleave m) => MonadInterleave (ListT m) where
    |                                                  ^^^^^

Control/Monad/Random/Class.hs:331:16: warning: [-Wdeprecations]
    In the use of ‘mapListT’ (imported from Control.Monad.Trans.List):
    Deprecated: "This transformer is invalid on most monads"
    |
331 |   interleave = mapListT interleave
    |                ^^^^^^^^
[2 of 7] Compiling Control.Monad.Trans.Random.Strict ( Control/Monad/Trans/Random/Strict.hs, dist/dist-sandbox-b5a179e0/build/Control/Monad/Trans/Random/Strict.o )
[3 of 7] Compiling Control.Monad.Trans.Random.Lazy ( Control/Monad/Trans/Random/Lazy.hs, dist/dist-sandbox-b5a179e0/build/Control/Monad/Trans/Random/Lazy.o )
[4 of 7] Compiling Control.Monad.Trans.Random ( Control/Monad/Trans/Random.hs, dist/dist-sandbox-b5a179e0/build/Control/Monad/Trans/Random.o )
[5 of 7] Compiling Control.Monad.Random.Lazy ( Control/Monad/Random/Lazy.hs, dist/dist-sandbox-b5a179e0/build/Control/Monad/Random/Lazy.o )
[6 of 7] Compiling Control.Monad.Random ( Control/Monad/Random.hs, dist/dist-sandbox-b5a179e0/build/Control/Monad/Random.o )
[7 of 7] Compiling Control.Monad.Random.Strict ( Control/Monad/Random/Strict.hs, dist/dist-sandbox-b5a179e0/build/Control/Monad/Random/Strict.o )
[1 of 7] Compiling Control.Monad.Random.Class ( Control/Monad/Random/Class.hs, dist/dist-sandbox-b5a179e0/build/Control/Monad/Random/Class.p_o )

Control/Monad/Random/Class.hs:57:1: warning: [-Wdeprecations]
    Module ‘Control.Monad.Trans.Error’ is deprecated:
      Use Control.Monad.Trans.Except instead
   |
57 | import           Control.Monad.Trans.Error
   | ^^^^^^^^^^^^^^^^^^^^^^^^^^^^^^^^^^^^^^^^^^

Control/Monad/Random/Class.hs:60:1: warning: [-Wdeprecations]
    Module ‘Control.Monad.Trans.List’ is deprecated:
      This transformer is invalid on most monads
   |
60 | import           Control.Monad.Trans.List
   | ^^^^^^^^^^^^^^^^^^^^^^^^^^^^^^^^^^^^^^^^^

Control/Monad/Random/Class.hs:133:11: warning: [-Wdeprecations]
    In the use of type constructor or class ‘Error’
    (imported from Control.Monad.Trans.Error):
    Deprecated: "Use Control.Monad.Trans.Except instead"
    |
133 | instance (Error e, MonadRandom m) => MonadRandom (ErrorT e m) where
    |           ^^^^^

Control/Monad/Random/Class.hs:133:51: warning: [-Wdeprecations]
    In the use of type constructor or class ‘ErrorT’
    (imported from Control.Monad.Trans.Error):
    Deprecated: "Use Control.Monad.Trans.Except instead"
    |
133 | instance (Error e, MonadRandom m) => MonadRandom (ErrorT e m) where
    |                                                   ^^^^^^

Control/Monad/Random/Class.hs:151:42: warning: [-Wdeprecations]
    In the use of type constructor or class ‘ListT’
    (imported from Control.Monad.Trans.List):
    Deprecated: "This transformer is invalid on most monads"
    |
151 | instance (MonadRandom m) => MonadRandom (ListT m) where
    |                                          ^^^^^

Control/Monad/Random/Class.hs:230:11: warning: [-Wdeprecations]
    In the use of type constructor or class ‘Error’
    (imported from Control.Monad.Trans.Error):
    Deprecated: "Use Control.Monad.Trans.Except instead"
    |
230 | instance (Error e, MonadSplit g m) => MonadSplit g (ErrorT e m) where
    |           ^^^^^

Control/Monad/Random/Class.hs:230:53: warning: [-Wdeprecations]
    In the use of type constructor or class ‘ErrorT’
    (imported from Control.Monad.Trans.Error):
    Deprecated: "Use Control.Monad.Trans.Except instead"
    |
230 | instance (Error e, MonadSplit g m) => MonadSplit g (ErrorT e m) where
    |                                                     ^^^^^^

Control/Monad/Random/Class.hs:239:44: warning: [-Wdeprecations]
    In the use of type constructor or class ‘ListT’
    (imported from Control.Monad.Trans.List):
    Deprecated: "This transformer is invalid on most monads"
    |
239 | instance (MonadSplit g m) => MonadSplit g (ListT m) where
    |                                            ^^^^^

Control/Monad/Random/Class.hs:321:11: warning: [-Wdeprecations]
    In the use of type constructor or class ‘Error’
    (imported from Control.Monad.Trans.Error):
    Deprecated: "Use Control.Monad.Trans.Except instead"
    |
321 | instance (Error e, MonadInterleave m) => MonadInterleave (ErrorT e m) where
    |           ^^^^^

Control/Monad/Random/Class.hs:321:59: warning: [-Wdeprecations]
    In the use of type constructor or class ‘ErrorT’
    (imported from Control.Monad.Trans.Error):
    Deprecated: "Use Control.Monad.Trans.Except instead"
    |
321 | instance (Error e, MonadInterleave m) => MonadInterleave (ErrorT e m) where
    |                                                           ^^^^^^

Control/Monad/Random/Class.hs:322:16: warning: [-Wdeprecations]
    In the use of ‘mapErrorT’
    (imported from Control.Monad.Trans.Error):
    Deprecated: "Use Control.Monad.Trans.Except instead"
    |
322 |   interleave = mapErrorT interleave
    |                ^^^^^^^^^

Control/Monad/Random/Class.hs:330:50: warning: [-Wdeprecations]
    In the use of type constructor or class ‘ListT’
    (imported from Control.Monad.Trans.List):
    Deprecated: "This transformer is invalid on most monads"
    |
330 | instance (MonadInterleave m) => MonadInterleave (ListT m) where
    |                                                  ^^^^^

Control/Monad/Random/Class.hs:331:16: warning: [-Wdeprecations]
    In the use of ‘mapListT’ (imported from Control.Monad.Trans.List):
    Deprecated: "This transformer is invalid on most monads"
    |
331 |   interleave = mapListT interleave
    |                ^^^^^^^^
[2 of 7] Compiling Control.Monad.Trans.Random.Strict ( Control/Monad/Trans/Random/Strict.hs, dist/dist-sandbox-b5a179e0/build/Control/Monad/Trans/Random/Strict.p_o )
[3 of 7] Compiling Control.Monad.Trans.Random.Lazy ( Control/Monad/Trans/Random/Lazy.hs, dist/dist-sandbox-b5a179e0/build/Control/Monad/Trans/Random/Lazy.p_o )
[4 of 7] Compiling Control.Monad.Trans.Random ( Control/Monad/Trans/Random.hs, dist/dist-sandbox-b5a179e0/build/Control/Monad/Trans/Random.p_o )
[5 of 7] Compiling Control.Monad.Random.Lazy ( Control/Monad/Random/Lazy.hs, dist/dist-sandbox-b5a179e0/build/Control/Monad/Random/Lazy.p_o )
[6 of 7] Compiling Control.Monad.Random ( Control/Monad/Random.hs, dist/dist-sandbox-b5a179e0/build/Control/Monad/Random.p_o )
[7 of 7] Compiling Control.Monad.Random.Strict ( Control/Monad/Random/Strict.hs, dist/dist-sandbox-b5a179e0/build/Control/Monad/Random/Strict.p_o )
Preprocessing library for MonadRandom-0.5.3..
Running Haddock on library for MonadRandom-0.5.3..

Control/Monad/Random/Class.hs:57:1: warning: [-Wdeprecations]
    Module ‘Control.Monad.Trans.Error’ is deprecated:
      Use Control.Monad.Trans.Except instead
   |
57 | import           Control.Monad.Trans.Error
   | ^^^^^^^^^^^^^^^^^^^^^^^^^^^^^^^^^^^^^^^^^^

Control/Monad/Random/Class.hs:60:1: warning: [-Wdeprecations]
    Module ‘Control.Monad.Trans.List’ is deprecated:
      This transformer is invalid on most monads
   |
60 | import           Control.Monad.Trans.List
   | ^^^^^^^^^^^^^^^^^^^^^^^^^^^^^^^^^^^^^^^^^

Control/Monad/Random/Class.hs:133:11: warning: [-Wdeprecations]
    In the use of type constructor or class ‘Error’
    (imported from Control.Monad.Trans.Error):
    Deprecated: "Use Control.Monad.Trans.Except instead"
    |
133 | instance (Error e, MonadRandom m) => MonadRandom (ErrorT e m) where
    |           ^^^^^

Control/Monad/Random/Class.hs:133:51: warning: [-Wdeprecations]
    In the use of type constructor or class ‘ErrorT’
    (imported from Control.Monad.Trans.Error):
    Deprecated: "Use Control.Monad.Trans.Except instead"
    |
133 | instance (Error e, MonadRandom m) => MonadRandom (ErrorT e m) where
    |                                                   ^^^^^^

Control/Monad/Random/Class.hs:151:42: warning: [-Wdeprecations]
    In the use of type constructor or class ‘ListT’
    (imported from Control.Monad.Trans.List):
    Deprecated: "This transformer is invalid on most monads"
    |
151 | instance (MonadRandom m) => MonadRandom (ListT m) where
    |                                          ^^^^^

Control/Monad/Random/Class.hs:230:11: warning: [-Wdeprecations]
    In the use of type constructor or class ‘Error’
    (imported from Control.Monad.Trans.Error):
    Deprecated: "Use Control.Monad.Trans.Except instead"
    |
230 | instance (Error e, MonadSplit g m) => MonadSplit g (ErrorT e m) where
    |           ^^^^^

Control/Monad/Random/Class.hs:230:53: warning: [-Wdeprecations]
    In the use of type constructor or class ‘ErrorT’
    (imported from Control.Monad.Trans.Error):
    Deprecated: "Use Control.Monad.Trans.Except instead"
    |
230 | instance (Error e, MonadSplit g m) => MonadSplit g (ErrorT e m) where
    |                                                     ^^^^^^

Control/Monad/Random/Class.hs:239:44: warning: [-Wdeprecations]
    In the use of type constructor or class ‘ListT’
    (imported from Control.Monad.Trans.List):
    Deprecated: "This transformer is invalid on most monads"
    |
239 | instance (MonadSplit g m) => MonadSplit g (ListT m) where
    |                                            ^^^^^

Control/Monad/Random/Class.hs:321:11: warning: [-Wdeprecations]
    In the use of type constructor or class ‘Error’
    (imported from Control.Monad.Trans.Error):
    Deprecated: "Use Control.Monad.Trans.Except instead"
    |
321 | instance (Error e, MonadInterleave m) => MonadInterleave (ErrorT e m) where
    |           ^^^^^

Control/Monad/Random/Class.hs:321:59: warning: [-Wdeprecations]
    In the use of type constructor or class ‘ErrorT’
    (imported from Control.Monad.Trans.Error):
    Deprecated: "Use Control.Monad.Trans.Except instead"
    |
321 | instance (Error e, MonadInterleave m) => MonadInterleave (ErrorT e m) where
    |                                                           ^^^^^^

Control/Monad/Random/Class.hs:322:16: warning: [-Wdeprecations]
    In the use of ‘mapErrorT’
    (imported from Control.Monad.Trans.Error):
    Deprecated: "Use Control.Monad.Trans.Except instead"
    |
322 |   interleave = mapErrorT interleave
    |                ^^^^^^^^^

Control/Monad/Random/Class.hs:330:50: warning: [-Wdeprecations]
    In the use of type constructor or class ‘ListT’
    (imported from Control.Monad.Trans.List):
    Deprecated: "This transformer is invalid on most monads"
    |
330 | instance (MonadInterleave m) => MonadInterleave (ListT m) where
    |                                                  ^^^^^

Control/Monad/Random/Class.hs:331:16: warning: [-Wdeprecations]
    In the use of ‘mapListT’ (imported from Control.Monad.Trans.List):
    Deprecated: "This transformer is invalid on most monads"
    |
331 |   interleave = mapListT interleave
    |                ^^^^^^^^
Haddock coverage:
Warning: 'split' is out of scope.
    If you qualify the identifier, haddock can try to link it
    it anyway.
 100% ( 14 / 14) in 'Control.Monad.Random.Class'
 100% ( 32 / 32) in 'Control.Monad.Trans.Random.Strict'
 100% ( 32 / 32) in 'Control.Monad.Trans.Random.Lazy'
 100% (  2 /  2) in 'Control.Monad.Trans.Random'
 100% ( 39 / 39) in 'Control.Monad.Random.Lazy'
 100% (  2 /  2) in 'Control.Monad.Random'
 100% ( 39 / 39) in 'Control.Monad.Random.Strict'
Warning: Control.Monad.Random.Lazy: could not find link destinations for:
    cardinality Cardinality toFinite fromFinite
Warning: Control.Monad.Random.Strict: could not find link destinations for:
    cardinality Cardinality toFinite fromFinite
Documentation created:
dist/dist-sandbox-b5a179e0/doc/html/MonadRandom/index.html
Installing library in /Users/christophe.thibaut/Coding/fractal-sculpture/.cabal-sandbox/lib/x86_64-osx-ghc-8.6.3/MonadRandom-0.5.3-3ZP96kUsu0n4T18kDYzq24
cabal: Leaving directory '/var/folders/z7/k6qym9m16y15sb6n8znyr7ww0000gn/T/cabal-tmp-24920/MonadRandom-0.5.3'
