cabal: Entering directory '/var/folders/z7/k6qym9m16y15sb6n8znyr7ww0000gn/T/cabal-tmp-24920/monoid-extras-0.6.1'
Configuring monoid-extras-0.6.1...
Preprocessing library for monoid-extras-0.6.1..
Building library for monoid-extras-0.6.1..
[ 1 of 13] Compiling Data.Monoid.Action ( src/Data/Monoid/Action.hs, dist/dist-sandbox-b5a179e0/build/Data/Monoid/Action.o )
[ 2 of 13] Compiling Data.Monoid.Coproduct ( src/Data/Monoid/Coproduct.hs, dist/dist-sandbox-b5a179e0/build/Data/Monoid/Coproduct.o )
[ 3 of 13] Compiling Data.Monoid.Cut  ( src/Data/Monoid/Cut.hs, dist/dist-sandbox-b5a179e0/build/Data/Monoid/Cut.o )
[ 4 of 13] Compiling Data.Monoid.Deletable ( src/Data/Monoid/Deletable.hs, dist/dist-sandbox-b5a179e0/build/Data/Monoid/Deletable.o )
[ 5 of 13] Compiling Data.Monoid.Endomorphism ( src/Data/Monoid/Endomorphism.hs, dist/dist-sandbox-b5a179e0/build/Data/Monoid/Endomorphism.o )
[ 6 of 13] Compiling Data.Monoid.Inf  ( src/Data/Monoid/Inf.hs, dist/dist-sandbox-b5a179e0/build/Data/Monoid/Inf.o )
[ 7 of 13] Compiling Data.Monoid.MList ( src/Data/Monoid/MList.hs, dist/dist-sandbox-b5a179e0/build/Data/Monoid/MList.o )
[ 8 of 13] Compiling Data.Monoid.Recommend ( src/Data/Monoid/Recommend.hs, dist/dist-sandbox-b5a179e0/build/Data/Monoid/Recommend.o )
[ 9 of 13] Compiling Data.Monoid.SemiDirectProduct ( src/Data/Monoid/SemiDirectProduct.hs, dist/dist-sandbox-b5a179e0/build/Data/Monoid/SemiDirectProduct.o )
[10 of 13] Compiling Data.Monoid.SemiDirectProduct.Strict ( src/Data/Monoid/SemiDirectProduct/Strict.hs, dist/dist-sandbox-b5a179e0/build/Data/Monoid/SemiDirectProduct/Strict.o )
[11 of 13] Compiling Data.Monoid.Split ( src/Data/Monoid/Split.hs, dist/dist-sandbox-b5a179e0/build/Data/Monoid/Split.o )
[12 of 13] Compiling Data.Monoid.WithSemigroup ( src/Data/Monoid/WithSemigroup.hs, dist/dist-sandbox-b5a179e0/build/Data/Monoid/WithSemigroup.o )
[13 of 13] Compiling Data.Monoid.Coproduct.Strict ( src/Data/Monoid/Coproduct/Strict.hs, dist/dist-sandbox-b5a179e0/build/Data/Monoid/Coproduct/Strict.o )
[ 1 of 13] Compiling Data.Monoid.Action ( src/Data/Monoid/Action.hs, dist/dist-sandbox-b5a179e0/build/Data/Monoid/Action.p_o )
[ 2 of 13] Compiling Data.Monoid.Coproduct ( src/Data/Monoid/Coproduct.hs, dist/dist-sandbox-b5a179e0/build/Data/Monoid/Coproduct.p_o )
[ 3 of 13] Compiling Data.Monoid.Cut  ( src/Data/Monoid/Cut.hs, dist/dist-sandbox-b5a179e0/build/Data/Monoid/Cut.p_o )
[ 4 of 13] Compiling Data.Monoid.Deletable ( src/Data/Monoid/Deletable.hs, dist/dist-sandbox-b5a179e0/build/Data/Monoid/Deletable.p_o )
[ 5 of 13] Compiling Data.Monoid.Endomorphism ( src/Data/Monoid/Endomorphism.hs, dist/dist-sandbox-b5a179e0/build/Data/Monoid/Endomorphism.p_o )
[ 6 of 13] Compiling Data.Monoid.Inf  ( src/Data/Monoid/Inf.hs, dist/dist-sandbox-b5a179e0/build/Data/Monoid/Inf.p_o )
[ 7 of 13] Compiling Data.Monoid.MList ( src/Data/Monoid/MList.hs, dist/dist-sandbox-b5a179e0/build/Data/Monoid/MList.p_o )
[ 8 of 13] Compiling Data.Monoid.Recommend ( src/Data/Monoid/Recommend.hs, dist/dist-sandbox-b5a179e0/build/Data/Monoid/Recommend.p_o )
[ 9 of 13] Compiling Data.Monoid.SemiDirectProduct ( src/Data/Monoid/SemiDirectProduct.hs, dist/dist-sandbox-b5a179e0/build/Data/Monoid/SemiDirectProduct.p_o )
[10 of 13] Compiling Data.Monoid.SemiDirectProduct.Strict ( src/Data/Monoid/SemiDirectProduct/Strict.hs, dist/dist-sandbox-b5a179e0/build/Data/Monoid/SemiDirectProduct/Strict.p_o )
[11 of 13] Compiling Data.Monoid.Split ( src/Data/Monoid/Split.hs, dist/dist-sandbox-b5a179e0/build/Data/Monoid/Split.p_o )
[12 of 13] Compiling Data.Monoid.WithSemigroup ( src/Data/Monoid/WithSemigroup.hs, dist/dist-sandbox-b5a179e0/build/Data/Monoid/WithSemigroup.p_o )
[13 of 13] Compiling Data.Monoid.Coproduct.Strict ( src/Data/Monoid/Coproduct/Strict.hs, dist/dist-sandbox-b5a179e0/build/Data/Monoid/Coproduct/Strict.p_o )
Preprocessing library for monoid-extras-0.6.1..
Running Haddock on library for monoid-extras-0.6.1..
Haddock coverage:
 100% (  2 /  2) in 'Data.Monoid.Action'
 100% (  9 /  9) in 'Data.Monoid.Coproduct'
 100% (  3 /  3) in 'Data.Monoid.Cut'
 100% (  6 /  6) in 'Data.Monoid.Deletable'
 100% (  2 /  2) in 'Data.Monoid.Endomorphism'
Warning: 'a' is out of scope.
    If you qualify the identifier, haddock can try to link it
    it anyway.
Warning: 'p' is out of scope.
    If you qualify the identifier, haddock can try to link it
    it anyway.
 100% ( 13 / 13) in 'Data.Monoid.Inf'
  82% (  9 / 11) in 'Data.Monoid.MList'
  Missing documentation for:
    ::: (src/Data/Monoid/MList.hs:60)
    *: (src/Data/Monoid/MList.hs:62)
 100% (  3 /  3) in 'Data.Monoid.Recommend'
  75% (  6 /  8) in 'Data.Monoid.SemiDirectProduct'
  Missing documentation for:
    Module header
    unSemi (src/Data/Monoid/SemiDirectProduct.hs:31)
  88% (  7 /  8) in 'Data.Monoid.SemiDirectProduct.Strict'
  Missing documentation for:
    unSemi (src/Data/Monoid/SemiDirectProduct/Strict.hs:34)
Warning: 'freeze' is out of scope.
    If you qualify the identifier, haddock can try to link it
    it anyway.
 100% (  4 /  4) in 'Data.Monoid.Split'
 100% (  2 /  2) in 'Data.Monoid.WithSemigroup'
  93% ( 13 / 14) in 'Data.Monoid.Coproduct.Strict'
  Missing documentation for:
    untangle (src/Data/Monoid/Coproduct/Strict.hs:121)
Warning: Data.Monoid.Coproduct.Strict: could not find link destinations for:
    Lens
Documentation created:
dist/dist-sandbox-b5a179e0/doc/html/monoid-extras/index.html
Installing library in /Users/christophe.thibaut/Coding/fractal-sculpture/.cabal-sandbox/lib/x86_64-osx-ghc-8.6.3/monoid-extras-0.6.1-5zsNbDcZZ2KqupCcO1rlU
cabal: Leaving directory '/var/folders/z7/k6qym9m16y15sb6n8znyr7ww0000gn/T/cabal-tmp-24920/monoid-extras-0.6.1'
