cabal: Entering directory '/var/folders/z7/k6qym9m16y15sb6n8znyr7ww0000gn/T/cabal-tmp-24919/NumInstances-1.4'
Configuring NumInstances-1.4...
Warning: 'ghc-options: -prof' is not necessary and will lead to problems when
used on a library. Use the configure flag --enable-library-profiling and/or
--enable-profiling.
Preprocessing library for NumInstances-1.4..
Building library for NumInstances-1.4..
[1 of 5] Compiling Data.NumInstances.PreRequisites ( src-relaxed-Num/Data/NumInstances/PreRequisites.hs, dist/dist-sandbox-b5a179e0/build/Data/NumInstances/PreRequisites.o )
[2 of 5] Compiling Data.NumInstances.Function ( src/Data/NumInstances/Function.hs, dist/dist-sandbox-b5a179e0/build/Data/NumInstances/Function.o )
[3 of 5] Compiling Data.NumInstances.Tuple ( src/Data/NumInstances/Tuple.hs, dist/dist-sandbox-b5a179e0/build/Data/NumInstances/Tuple.o )
[4 of 5] Compiling Data.NumInstances ( src/Data/NumInstances.hs, dist/dist-sandbox-b5a179e0/build/Data/NumInstances.o )
[5 of 5] Compiling Data.NumInstances.Util ( src/Data/NumInstances/Util.hs, dist/dist-sandbox-b5a179e0/build/Data/NumInstances/Util.o )

on the commandline: warning:
    -auto-all is deprecated: Use -fprof-auto instead
[1 of 5] Compiling Data.NumInstances.PreRequisites ( src-relaxed-Num/Data/NumInstances/PreRequisites.hs, dist/dist-sandbox-b5a179e0/build/Data/NumInstances/PreRequisites.p_o )
[2 of 5] Compiling Data.NumInstances.Function ( src/Data/NumInstances/Function.hs, dist/dist-sandbox-b5a179e0/build/Data/NumInstances/Function.p_o )
[3 of 5] Compiling Data.NumInstances.Tuple ( src/Data/NumInstances/Tuple.hs, dist/dist-sandbox-b5a179e0/build/Data/NumInstances/Tuple.p_o )
[4 of 5] Compiling Data.NumInstances ( src/Data/NumInstances.hs, dist/dist-sandbox-b5a179e0/build/Data/NumInstances.p_o )
[5 of 5] Compiling Data.NumInstances.Util ( src/Data/NumInstances/Util.hs, dist/dist-sandbox-b5a179e0/build/Data/NumInstances/Util.p_o )
Preprocessing library for NumInstances-1.4..
Running Haddock on library for NumInstances-1.4..
Haddock coverage:
 100% (  1 /  1) in 'Data.NumInstances.Function'
 100% (  1 /  1) in 'Data.NumInstances.Tuple'
 100% (  1 /  1) in 'Data.NumInstances'
Documentation created:
dist/dist-sandbox-b5a179e0/doc/html/NumInstances/index.html
Installing library in /Users/christophe.thibaut/Coding/fractal-sculpture/.cabal-sandbox/lib/x86_64-osx-ghc-8.6.3/NumInstances-1.4-FTgry5pvGdVHxLDnuvIyG6
cabal: Leaving directory '/var/folders/z7/k6qym9m16y15sb6n8znyr7ww0000gn/T/cabal-tmp-24919/NumInstances-1.4'
