cabal: Entering directory '/var/folders/z7/k6qym9m16y15sb6n8znyr7ww0000gn/T/cabal-tmp-24920/OneTuple-0.3.1'
Configuring OneTuple-0.3.1...
Preprocessing library for OneTuple-0.3.1..
Building library for OneTuple-0.3.1..
[1 of 3] Compiling Data.Tuple.Solo  ( src/Data/Tuple/Solo.hs, dist/dist-sandbox-b5a179e0/build/Data/Tuple/Solo.o )
[2 of 3] Compiling Data.Tuple.OneTuple ( src/Data/Tuple/OneTuple.hs, dist/dist-sandbox-b5a179e0/build/Data/Tuple/OneTuple.o )
[3 of 3] Compiling Data.Tuple.Solo.TH ( src/Data/Tuple/Solo/TH.hs, dist/dist-sandbox-b5a179e0/build/Data/Tuple/Solo/TH.o )
[1 of 3] Compiling Data.Tuple.Solo  ( src/Data/Tuple/Solo.hs, dist/dist-sandbox-b5a179e0/build/Data/Tuple/Solo.p_o )
[2 of 3] Compiling Data.Tuple.OneTuple ( src/Data/Tuple/OneTuple.hs, dist/dist-sandbox-b5a179e0/build/Data/Tuple/OneTuple.p_o )
[3 of 3] Compiling Data.Tuple.Solo.TH ( src/Data/Tuple/Solo/TH.hs, dist/dist-sandbox-b5a179e0/build/Data/Tuple/Solo/TH.p_o )
Preprocessing library for OneTuple-0.3.1..
Running Haddock on library for OneTuple-0.3.1..
Haddock coverage:
  67% (  2 /  3) in 'Data.Tuple.Solo'
  Missing documentation for:
    getSolo (src/Data/Tuple/Solo.hs:88)
  25% (  1 /  4) in 'Data.Tuple.OneTuple'
  Missing documentation for:
    OneTuple (src/Data/Tuple/OneTuple.hs:21)
    OneTuple (src/Data/Tuple/OneTuple.hs:28)
    only (src/Data/Tuple/OneTuple.hs:23)
  50% (  1 /  2) in 'Data.Tuple.Solo.TH'
  Missing documentation for:
    tupE (src/Data/Tuple/Solo/TH.hs:39)
Warning: Data.Tuple.Solo: could not find link destinations for:
    unsafeIndex unsafeRangeSize
Documentation created: dist/dist-sandbox-b5a179e0/doc/html/OneTuple/index.html
Installing library in /Users/christophe.thibaut/Coding/fractal-sculpture/.cabal-sandbox/lib/x86_64-osx-ghc-8.6.3/OneTuple-0.3.1-K2rUJtkopj92fEvfp0a161
cabal: Leaving directory '/var/folders/z7/k6qym9m16y15sb6n8znyr7ww0000gn/T/cabal-tmp-24920/OneTuple-0.3.1'
