cabal: Entering directory '/var/folders/z7/k6qym9m16y15sb6n8znyr7ww0000gn/T/cabal-tmp-24919/optparse-applicative-0.16.1.0'
Configuring optparse-applicative-0.16.1.0...
Preprocessing library for optparse-applicative-0.16.1.0..
Building library for optparse-applicative-0.16.1.0..
[ 1 of 17] Compiling Options.Applicative.Help.Levenshtein ( src/Options/Applicative/Help/Levenshtein.hs, dist/dist-sandbox-b5a179e0/build/Options/Applicative/Help/Levenshtein.o )
[ 2 of 17] Compiling Options.Applicative.Help.Pretty ( src/Options/Applicative/Help/Pretty.hs, dist/dist-sandbox-b5a179e0/build/Options/Applicative/Help/Pretty.o )
[ 3 of 17] Compiling Options.Applicative.Help.Chunk ( src/Options/Applicative/Help/Chunk.hs, dist/dist-sandbox-b5a179e0/build/Options/Applicative/Help/Chunk.o )
[ 4 of 17] Compiling Options.Applicative.Help.Types ( src/Options/Applicative/Help/Types.hs, dist/dist-sandbox-b5a179e0/build/Options/Applicative/Help/Types.o )
[ 5 of 17] Compiling Options.Applicative.Types ( src/Options/Applicative/Types.hs, dist/dist-sandbox-b5a179e0/build/Options/Applicative/Types.o )
[ 6 of 17] Compiling Options.Applicative.NonEmpty ( src/Options/Applicative/NonEmpty.hs, dist/dist-sandbox-b5a179e0/build/Options/Applicative/NonEmpty.o )
[ 7 of 17] Compiling Options.Applicative.Internal ( src/Options/Applicative/Internal.hs, dist/dist-sandbox-b5a179e0/build/Options/Applicative/Internal.o )
[ 8 of 17] Compiling Options.Applicative.Common ( src/Options/Applicative/Common.hs, dist/dist-sandbox-b5a179e0/build/Options/Applicative/Common.o )
[ 9 of 17] Compiling Options.Applicative.Help.Core ( src/Options/Applicative/Help/Core.hs, dist/dist-sandbox-b5a179e0/build/Options/Applicative/Help/Core.o )
[10 of 17] Compiling Options.Applicative.Help ( src/Options/Applicative/Help.hs, dist/dist-sandbox-b5a179e0/build/Options/Applicative/Help.o )
[11 of 17] Compiling Options.Applicative.Builder.Internal ( src/Options/Applicative/Builder/Internal.hs, dist/dist-sandbox-b5a179e0/build/Options/Applicative/Builder/Internal.o )
[12 of 17] Compiling Options.Applicative.Builder.Completer ( src/Options/Applicative/Builder/Completer.hs, dist/dist-sandbox-b5a179e0/build/Options/Applicative/Builder/Completer.o )
[13 of 17] Compiling Options.Applicative.Builder ( src/Options/Applicative/Builder.hs, dist/dist-sandbox-b5a179e0/build/Options/Applicative/Builder.o )
[14 of 17] Compiling Options.Applicative.BashCompletion ( src/Options/Applicative/BashCompletion.hs, dist/dist-sandbox-b5a179e0/build/Options/Applicative/BashCompletion.o )
[15 of 17] Compiling Options.Applicative.Extra ( src/Options/Applicative/Extra.hs, dist/dist-sandbox-b5a179e0/build/Options/Applicative/Extra.o )
[16 of 17] Compiling Options.Applicative ( src/Options/Applicative.hs, dist/dist-sandbox-b5a179e0/build/Options/Applicative.o )
[17 of 17] Compiling Options.Applicative.Arrows ( src/Options/Applicative/Arrows.hs, dist/dist-sandbox-b5a179e0/build/Options/Applicative/Arrows.o )
[ 1 of 17] Compiling Options.Applicative.Help.Levenshtein ( src/Options/Applicative/Help/Levenshtein.hs, dist/dist-sandbox-b5a179e0/build/Options/Applicative/Help/Levenshtein.p_o )
[ 2 of 17] Compiling Options.Applicative.Help.Pretty ( src/Options/Applicative/Help/Pretty.hs, dist/dist-sandbox-b5a179e0/build/Options/Applicative/Help/Pretty.p_o )
[ 3 of 17] Compiling Options.Applicative.Help.Chunk ( src/Options/Applicative/Help/Chunk.hs, dist/dist-sandbox-b5a179e0/build/Options/Applicative/Help/Chunk.p_o )
[ 4 of 17] Compiling Options.Applicative.Help.Types ( src/Options/Applicative/Help/Types.hs, dist/dist-sandbox-b5a179e0/build/Options/Applicative/Help/Types.p_o )
[ 5 of 17] Compiling Options.Applicative.Types ( src/Options/Applicative/Types.hs, dist/dist-sandbox-b5a179e0/build/Options/Applicative/Types.p_o )
[ 6 of 17] Compiling Options.Applicative.NonEmpty ( src/Options/Applicative/NonEmpty.hs, dist/dist-sandbox-b5a179e0/build/Options/Applicative/NonEmpty.p_o )
[ 7 of 17] Compiling Options.Applicative.Internal ( src/Options/Applicative/Internal.hs, dist/dist-sandbox-b5a179e0/build/Options/Applicative/Internal.p_o )
[ 8 of 17] Compiling Options.Applicative.Common ( src/Options/Applicative/Common.hs, dist/dist-sandbox-b5a179e0/build/Options/Applicative/Common.p_o )
[ 9 of 17] Compiling Options.Applicative.Help.Core ( src/Options/Applicative/Help/Core.hs, dist/dist-sandbox-b5a179e0/build/Options/Applicative/Help/Core.p_o )
[10 of 17] Compiling Options.Applicative.Help ( src/Options/Applicative/Help.hs, dist/dist-sandbox-b5a179e0/build/Options/Applicative/Help.p_o )
[11 of 17] Compiling Options.Applicative.Builder.Internal ( src/Options/Applicative/Builder/Internal.hs, dist/dist-sandbox-b5a179e0/build/Options/Applicative/Builder/Internal.p_o )
[12 of 17] Compiling Options.Applicative.Builder.Completer ( src/Options/Applicative/Builder/Completer.hs, dist/dist-sandbox-b5a179e0/build/Options/Applicative/Builder/Completer.p_o )
[13 of 17] Compiling Options.Applicative.Builder ( src/Options/Applicative/Builder.hs, dist/dist-sandbox-b5a179e0/build/Options/Applicative/Builder.p_o )
[14 of 17] Compiling Options.Applicative.BashCompletion ( src/Options/Applicative/BashCompletion.hs, dist/dist-sandbox-b5a179e0/build/Options/Applicative/BashCompletion.p_o )
[15 of 17] Compiling Options.Applicative.Extra ( src/Options/Applicative/Extra.hs, dist/dist-sandbox-b5a179e0/build/Options/Applicative/Extra.p_o )
[16 of 17] Compiling Options.Applicative ( src/Options/Applicative.hs, dist/dist-sandbox-b5a179e0/build/Options/Applicative.p_o )
[17 of 17] Compiling Options.Applicative.Arrows ( src/Options/Applicative/Arrows.hs, dist/dist-sandbox-b5a179e0/build/Options/Applicative/Arrows.p_o )
Preprocessing library for optparse-applicative-0.16.1.0..
Running Haddock on library for optparse-applicative-0.16.1.0..
Haddock coverage:
  50% (  1 /  2) in 'Options.Applicative.Help.Levenshtein'
  Missing documentation for:
    Module header
  96% (113 /118) in 'Options.Applicative.Help.Pretty'
  Missing documentation for:
    Module header
    nesting
    column
    width
    .$. (src/Options/Applicative/Help/Pretty.hs:17)
Warning: 'a' is out of scope.
    If you qualify the identifier, haddock can try to link it
    it anyway.
  92% ( 12 / 13) in 'Options.Applicative.Help.Chunk'
  Missing documentation for:
    Module header
  33% (  1 /  3) in 'Options.Applicative.Help.Types'
  Missing documentation for:
    Module header
    ParserHelp (src/Options/Applicative/Help/Types.hs:12)
Warning: 'name' is out of scope.
    If you qualify the identifier, haddock can try to link it
    it anyway.
Warning: 'a' is out of scope.
    If you qualify the identifier, haddock can try to link it
    it anyway.
Warning: 'execParserPure' is out of scope.
    If you qualify the identifier, haddock can try to link it
    it anyway.
  39% ( 17 / 44) in 'Options.Applicative.Types'
  Missing documentation for:
    Module header
    ParseError (src/Options/Applicative/Types.hs:68)
    OptName (src/Options/Applicative/Types.hs:131)
    isShortName (src/Options/Applicative/Types.hs:135)
    isLongName (src/Options/Applicative/Types.hs:139)
    Backtracking (src/Options/Applicative/Types.hs:104)
    CReader (src/Options/Applicative/Types.hs:229)
    ParserM (src/Options/Applicative/Types.hs:272)
    CompletionResult (src/Options/Applicative/Types.hs:324)
    ParserFailure (src/Options/Applicative/Types.hs:331)
    overFailure (src/Options/Applicative/Types.hs:356)
    Args (src/Options/Applicative/Types.hs:373)
    ArgumentReachability (src/Options/Applicative/Types.hs:400)
    OptTree (src/Options/Applicative/Types.hs:410)
    ParserHelp (src/Options/Applicative/Help/Types.hs:12)
    SomeParser (src/Options/Applicative/Types.hs:175)
    IsCmdStart (src/Options/Applicative/Types.hs:77)
    fromM (src/Options/Applicative/Types.hs:286)
    oneM (src/Options/Applicative/Types.hs:289)
    manyM (src/Options/Applicative/Types.hs:292)
    someM (src/Options/Applicative/Types.hs:299)
    filterOptional (src/Options/Applicative/Types.hs:417)
    optVisibility (src/Options/Applicative/Types.hs:430)
    optMetaVar (src/Options/Applicative/Types.hs:436)
    optHelp (src/Options/Applicative/Types.hs:433)
    optShowDefault (src/Options/Applicative/Types.hs:439)
    optDescMod (src/Options/Applicative/Types.hs:442)
  50% (  1 /  2) in 'Options.Applicative.NonEmpty'
  Missing documentation for:
    Module header
   0% (  0 / 20) in 'Options.Applicative.Internal'
  Missing documentation for:
    Module header
    P (src/Options/Applicative/Internal.hs:49)
    MonadP (src/Options/Applicative/Internal.hs:40)
    ParseError (src/Options/Applicative/Types.hs:68)
    uncons (src/Options/Applicative/Internal.hs:93)
    hoistMaybe (src/Options/Applicative/Internal.hs:84)
    hoistEither (src/Options/Applicative/Internal.hs:87)
    runReadM (src/Options/Applicative/Internal.hs:97)
    withReadM (src/Options/Applicative/Internal.hs:100)
    runP (src/Options/Applicative/Internal.hs:90)
    Completion (src/Options/Applicative/Internal.hs:125)
    runCompletion (src/Options/Applicative/Internal.hs:156)
    contextNames (src/Options/Applicative/Internal.hs:70)
    ListT (src/Options/Applicative/Internal.hs:164)
    takeListT (src/Options/Applicative/Internal.hs:178)
    runListT (src/Options/Applicative/Internal.hs:182)
    NondetT (src/Options/Applicative/Internal.hs:223)
    cut (src/Options/Applicative/Internal.hs:254)
    <!> (src/Options/Applicative/Internal.hs:248)
    disamb (src/Options/Applicative/Internal.hs:257)
  68% ( 13 / 19) in 'Options.Applicative.Common'
  Missing documentation for:
    Module header
    showOption (src/Options/Applicative/Common.hs:65)
    runParserInfo (src/Options/Applicative/Common.hs:232)
    runParserFully (src/Options/Applicative/Common.hs:235)
    runParserStep (src/Options/Applicative/Common.hs:222)
    optionNames (src/Options/Applicative/Common.hs:69)
  41% (  7 / 17) in 'Options.Applicative.Help.Core'
  Missing documentation for:
    Module header
    ParserHelp (src/Options/Applicative/Help/Types.hs:12)
    errorHelp (src/Options/Applicative/Help/Core.hs:208)
    headerHelp (src/Options/Applicative/Help/Core.hs:211)
    suggestionsHelp (src/Options/Applicative/Help/Core.hs:214)
    usageHelp (src/Options/Applicative/Help/Core.hs:220)
    bodyHelp (src/Options/Applicative/Help/Core.hs:223)
    footerHelp (src/Options/Applicative/Help/Core.hs:226)
    globalsHelp (src/Options/Applicative/Help/Core.hs:217)
    parserGlobals (src/Options/Applicative/Help/Core.hs:248)
  92% ( 11 / 12) in 'Options.Applicative.Help'
  Missing documentation for:
    Module header
Warning: 'strOption' is out of scope.
    If you qualify the identifier, haddock can try to link it
    it anyway.
Warning: 'flag' is out of scope.
    If you qualify the identifier, haddock can try to link it
    it anyway.
Warning: 'hidden' is out of scope.
    If you qualify the identifier, haddock can try to link it
    it anyway.
  24% (  5 / 21) in 'Options.Applicative.Builder.Internal'
  Missing documentation for:
    Module header
    HasName (src/Options/Applicative/Builder/Internal.hs:51)
    HasCompleter (src/Options/Applicative/Builder/Internal.hs:60)
    HasValue (src/Options/Applicative/Builder/Internal.hs:69)
    HasMetavar (src/Options/Applicative/Builder/Internal.hs:77)
    OptionFields (src/Options/Applicative/Builder/Internal.hs:35)
    FlagFields (src/Options/Applicative/Builder/Internal.hs:40)
    CommandFields (src/Options/Applicative/Builder/Internal.hs:44)
    ArgumentFields (src/Options/Applicative/Builder/Internal.hs:48)
    DefaultProp (src/Options/Applicative/Builder/Internal.hs:88)
    optionMod (src/Options/Applicative/Builder/Internal.hs:129)
    fieldMod (src/Options/Applicative/Builder/Internal.hs:132)
    mkCommand (src/Options/Applicative/Builder/Internal.hs:155)
    mkParser (src/Options/Applicative/Builder/Internal.hs:161)
    mkOption (src/Options/Applicative/Builder/Internal.hs:171)
    mkProps (src/Options/Applicative/Builder/Internal.hs:177)
  83% (  5 /  6) in 'Options.Applicative.Builder.Completer'
  Missing documentation for:
    Module header
  87% ( 71 / 82) in 'Options.Applicative.Builder'
  Missing documentation for:
    Module header
    ParseError (src/Options/Applicative/Types.hs:68)
    PrefsMod (src/Options/Applicative/Builder.hs:465)
    OptionFields (src/Options/Applicative/Builder/Internal.hs:35)
    FlagFields (src/Options/Applicative/Builder/Internal.hs:40)
    ArgumentFields (src/Options/Applicative/Builder/Internal.hs:48)
    CommandFields (src/Options/Applicative/Builder/Internal.hs:44)
    HasName (src/Options/Applicative/Builder/Internal.hs:51)
    HasCompleter (src/Options/Applicative/Builder/Internal.hs:60)
    HasValue (src/Options/Applicative/Builder/Internal.hs:69)
    HasMetavar (src/Options/Applicative/Builder/Internal.hs:77)
  50% (  1 /  2) in 'Options.Applicative.BashCompletion'
  Missing documentation for:
    bashCompletionParser (src/Options/Applicative/BashCompletion.hs:34)
  71% ( 12 / 17) in 'Options.Applicative.Extra'
  Missing documentation for:
    Module header
    renderFailure (src/Options/Applicative/Extra.hs:312)
    ParserFailure (src/Options/Applicative/Types.hs:331)
    overFailure (src/Options/Applicative/Types.hs:356)
    CompletionResult (src/Options/Applicative/Types.hs:324)
Warning: 'ByteString' is out of scope.
    If you qualify the identifier, haddock can try to link it
    it anyway.
Warning: 'Text' is out of scope.
    If you qualify the identifier, haddock can try to link it
    it anyway.
Warning: 'Parsec' is out of scope.
    If you qualify the identifier, haddock can try to link it
    it anyway.
  87% (103 /119) in 'Options.Applicative'
  Missing documentation for:
    Module header
    OptionFields (src/Options/Applicative/Builder/Internal.hs:35)
    FlagFields (src/Options/Applicative/Builder/Internal.hs:40)
    ArgumentFields (src/Options/Applicative/Builder/Internal.hs:48)
    CommandFields (src/Options/Applicative/Builder/Internal.hs:44)
    HasName (src/Options/Applicative/Builder/Internal.hs:51)
    HasCompleter (src/Options/Applicative/Builder/Internal.hs:60)
    HasValue (src/Options/Applicative/Builder/Internal.hs:69)
    HasMetavar (src/Options/Applicative/Builder/Internal.hs:77)
    renderFailure (src/Options/Applicative/Extra.hs:312)
    overFailure (src/Options/Applicative/Types.hs:356)
    PrefsMod (src/Options/Applicative/Builder.hs:465)
    ParseError (src/Options/Applicative/Types.hs:68)
    ParserHelp (src/Options/Applicative/Help/Types.hs:12)
    ParserFailure (src/Options/Applicative/Types.hs:331)
    CompletionResult (src/Options/Applicative/Types.hs:324)
 100% (  6 /  6) in 'Options.Applicative.Arrows'
Documentation created:
dist/dist-sandbox-b5a179e0/doc/html/optparse-applicative/index.html
Installing library in /Users/christophe.thibaut/Coding/fractal-sculpture/.cabal-sandbox/lib/x86_64-osx-ghc-8.6.3/optparse-applicative-0.16.1.0-7Mui2CgrO0PGf0wX9A8sHl
cabal: Leaving directory '/var/folders/z7/k6qym9m16y15sb6n8znyr7ww0000gn/T/cabal-tmp-24919/optparse-applicative-0.16.1.0'
