cabal: Entering directory '/var/folders/z7/k6qym9m16y15sb6n8znyr7ww0000gn/T/cabal-tmp-24921/parallel-3.2.2.0'
Configuring parallel-3.2.2.0...
Preprocessing library for parallel-3.2.2.0..
Building library for parallel-3.2.2.0..
[1 of 3] Compiling Control.Parallel ( Control/Parallel.hs, dist/dist-sandbox-b5a179e0/build/Control/Parallel.o )
[2 of 3] Compiling Control.Seq      ( Control/Seq.hs, dist/dist-sandbox-b5a179e0/build/Control/Seq.o )
[3 of 3] Compiling Control.Parallel.Strategies ( Control/Parallel/Strategies.hs, dist/dist-sandbox-b5a179e0/build/Control/Parallel/Strategies.o )
[1 of 3] Compiling Control.Parallel ( Control/Parallel.hs, dist/dist-sandbox-b5a179e0/build/Control/Parallel.p_o )
[2 of 3] Compiling Control.Seq      ( Control/Seq.hs, dist/dist-sandbox-b5a179e0/build/Control/Seq.p_o )
[3 of 3] Compiling Control.Parallel.Strategies ( Control/Parallel/Strategies.hs, dist/dist-sandbox-b5a179e0/build/Control/Parallel/Strategies.p_o )
Preprocessing library for parallel-3.2.2.0..
Running Haddock on library for parallel-3.2.2.0..
Haddock coverage:
 100% (  3 /  3) in 'Control.Parallel'
  72% ( 21 / 29) in 'Control.Seq'
  Missing documentation for:
    seqTuple2 (Control/Seq.hs:174)
    seqTuple3 (Control/Seq.hs:178)
    seqTuple4 (Control/Seq.hs:182)
    seqTuple5 (Control/Seq.hs:186)
    seqTuple6 (Control/Seq.hs:190)
    seqTuple7 (Control/Seq.hs:194)
    seqTuple8 (Control/Seq.hs:198)
    seqTuple9 (Control/Seq.hs:202)
Warning: 'evaListSplitAt' is out of scope.
    If you qualify the identifier, haddock can try to link it
    it anyway.
Warning: 'seqTuple2' is out of scope.
    If you qualify the identifier, haddock can try to link it
    it anyway.
Warning: 'seqListN' is out of scope.
    If you qualify the identifier, haddock can try to link it
    it anyway.
Warning: 'seqFoldable' is out of scope.
    If you qualify the identifier, haddock can try to link it
    it anyway.
  82% ( 72 / 88) in 'Control.Parallel.Strategies'
  Missing documentation for:
    evalTuple2 (Control/Parallel/Strategies.hs:681)
    evalTuple3 (Control/Parallel/Strategies.hs:685)
    evalTuple4 (Control/Parallel/Strategies.hs:689)
    evalTuple5 (Control/Parallel/Strategies.hs:693)
    evalTuple6 (Control/Parallel/Strategies.hs:697)
    evalTuple7 (Control/Parallel/Strategies.hs:701)
    evalTuple8 (Control/Parallel/Strategies.hs:705)
    evalTuple9 (Control/Parallel/Strategies.hs:709)
    parTuple2 (Control/Parallel/Strategies.hs:713)
    parTuple3 (Control/Parallel/Strategies.hs:717)
    parTuple4 (Control/Parallel/Strategies.hs:721)
    parTuple5 (Control/Parallel/Strategies.hs:725)
    parTuple6 (Control/Parallel/Strategies.hs:729)
    parTuple7 (Control/Parallel/Strategies.hs:733)
    parTuple8 (Control/Parallel/Strategies.hs:737)
    parTuple9 (Control/Parallel/Strategies.hs:741)
Documentation created: dist/dist-sandbox-b5a179e0/doc/html/parallel/index.html
Installing library in /Users/christophe.thibaut/Coding/fractal-sculpture/.cabal-sandbox/lib/x86_64-osx-ghc-8.6.3/parallel-3.2.2.0-EGl5SOk48TWHAD161C93aQ
cabal: Leaving directory '/var/folders/z7/k6qym9m16y15sb6n8znyr7ww0000gn/T/cabal-tmp-24921/parallel-3.2.2.0'
