cabal: Entering directory '/var/folders/z7/k6qym9m16y15sb6n8znyr7ww0000gn/T/cabal-tmp-24920/reflection-2.1.6'
Configuring reflection-2.1.6...
Preprocessing library for reflection-2.1.6..
Building library for reflection-2.1.6..
[1 of 1] Compiling Data.Reflection  ( fast/Data/Reflection.hs, dist/dist-sandbox-b5a179e0/build/Data/Reflection.o )
[1 of 1] Compiling Data.Reflection  ( fast/Data/Reflection.hs, dist/dist-sandbox-b5a179e0/build/Data/Reflection.p_o )
Preprocessing library for reflection-2.1.6..
Running Haddock on library for reflection-2.1.6..
Haddock coverage:
Warning: 'Underflow' is out of scope.
    If you qualify the identifier, haddock can try to link it
    it anyway.
Warning: 'fold' is out of scope.
    If you qualify the identifier, haddock can try to link it
    it anyway.
  77% ( 23 / 30) in 'Data.Reflection'
  Missing documentation for:
    Reifies (fast/Data/Reflection.hs:176)
    ReifiedMonoid (fast/Data/Reflection.hs:587)
    ReflectedMonoid (fast/Data/Reflection.hs:601)
    reifyMonoid (fast/Data/Reflection.hs:606)
    ReifiedApplicative (fast/Data/Reflection.hs:635)
    ReflectedApplicative (fast/Data/Reflection.hs:637)
    reifyApplicative (fast/Data/Reflection.hs:652)
Documentation created:
dist/dist-sandbox-b5a179e0/doc/html/reflection/index.html
Installing library in /Users/christophe.thibaut/Coding/fractal-sculpture/.cabal-sandbox/lib/x86_64-osx-ghc-8.6.3/reflection-2.1.6-FciHhEwk2f6O0r8BkdFMd
cabal: Leaving directory '/var/folders/z7/k6qym9m16y15sb6n8znyr7ww0000gn/T/cabal-tmp-24920/reflection-2.1.6'
