cabal: Entering directory '/var/folders/z7/k6qym9m16y15sb6n8znyr7ww0000gn/T/cabal-tmp-24922/split-0.2.3.4'
Configuring split-0.2.3.4...
Preprocessing library for split-0.2.3.4..
Building library for split-0.2.3.4..
[1 of 2] Compiling Data.List.Split.Internals ( src/Data/List/Split/Internals.hs, dist/dist-sandbox-b5a179e0/build/Data/List/Split/Internals.o )
[2 of 2] Compiling Data.List.Split  ( src/Data/List/Split.hs, dist/dist-sandbox-b5a179e0/build/Data/List/Split.o )
[1 of 2] Compiling Data.List.Split.Internals ( src/Data/List/Split/Internals.hs, dist/dist-sandbox-b5a179e0/build/Data/List/Split/Internals.p_o )
[2 of 2] Compiling Data.List.Split  ( src/Data/List/Split.hs, dist/dist-sandbox-b5a179e0/build/Data/List/Split.p_o )
Preprocessing library for split-0.2.3.4..
Running Haddock on library for split-0.2.3.4..
Haddock coverage:
Warning: 'n' is out of scope.
    If you qualify the identifier, haddock can try to link it
    it anyway.
Warning: 'm' is out of scope.
    If you qualify the identifier, haddock can try to link it
    it anyway.
  91% ( 62 / 68) in 'Data.List.Split.Internals'
  90% ( 45 / 50) in 'Data.List.Split'
Documentation created: dist/dist-sandbox-b5a179e0/doc/html/split/index.html
Installing library in /Users/christophe.thibaut/Coding/fractal-sculpture/.cabal-sandbox/lib/x86_64-osx-ghc-8.6.3/split-0.2.3.4-7F1bhKYp77Z4YfFycwg4U9
cabal: Leaving directory '/var/folders/z7/k6qym9m16y15sb6n8znyr7ww0000gn/T/cabal-tmp-24922/split-0.2.3.4'
