cabal: Entering directory '/var/folders/z7/k6qym9m16y15sb6n8znyr7ww0000gn/T/cabal-tmp-24921/splitmix-0.1.0.4'
Configuring splitmix-0.1.0.4...
Preprocessing library for splitmix-0.1.0.4..
Building library for splitmix-0.1.0.4..
[1 of 4] Compiling Data.Bits.Compat ( src-compat/Data/Bits/Compat.hs, dist/dist-sandbox-b5a179e0/build/Data/Bits/Compat.o )
[2 of 4] Compiling System.Random.SplitMix.Init ( src/System/Random/SplitMix/Init.hs, dist/dist-sandbox-b5a179e0/build/System/Random/SplitMix/Init.o )
[3 of 4] Compiling System.Random.SplitMix ( src/System/Random/SplitMix.hs, dist/dist-sandbox-b5a179e0/build/System/Random/SplitMix.o )
[4 of 4] Compiling System.Random.SplitMix32 ( src/System/Random/SplitMix32.hs, dist/dist-sandbox-b5a179e0/build/System/Random/SplitMix32.o )
[1 of 4] Compiling Data.Bits.Compat ( src-compat/Data/Bits/Compat.hs, dist/dist-sandbox-b5a179e0/build/Data/Bits/Compat.p_o )
[2 of 4] Compiling System.Random.SplitMix.Init ( src/System/Random/SplitMix/Init.hs, dist/dist-sandbox-b5a179e0/build/System/Random/SplitMix/Init.p_o )
[3 of 4] Compiling System.Random.SplitMix ( src/System/Random/SplitMix.hs, dist/dist-sandbox-b5a179e0/build/System/Random/SplitMix.p_o )
[4 of 4] Compiling System.Random.SplitMix32 ( src/System/Random/SplitMix32.hs, dist/dist-sandbox-b5a179e0/build/System/Random/SplitMix32.p_o )
Preprocessing library for splitmix-0.1.0.4..
Running Haddock on library for splitmix-0.1.0.4..
Haddock coverage:
 100% ( 22 / 22) in 'System.Random.SplitMix'
 100% ( 22 / 22) in 'System.Random.SplitMix32'
Documentation created: dist/dist-sandbox-b5a179e0/doc/html/splitmix/index.html
Installing library in /Users/christophe.thibaut/Coding/fractal-sculpture/.cabal-sandbox/lib/x86_64-osx-ghc-8.6.3/splitmix-0.1.0.4-1X9G0ZYCu8V7Hf0KihhGKi
cabal: Leaving directory '/var/folders/z7/k6qym9m16y15sb6n8znyr7ww0000gn/T/cabal-tmp-24921/splitmix-0.1.0.4'
