cabal: Entering directory '/var/folders/z7/k6qym9m16y15sb6n8znyr7ww0000gn/T/cabal-tmp-24919/strict-0.4.0.1'
Configuring strict-0.4.0.1...
Preprocessing library for strict-0.4.0.1..
Building library for strict-0.4.0.1..
[1 of 7] Compiling Data.Strict.Either ( src/Data/Strict/Either.hs, dist/dist-sandbox-b5a179e0/build/Data/Strict/Either.o )
[2 of 7] Compiling Data.Strict.Maybe ( src/Data/Strict/Maybe.hs, dist/dist-sandbox-b5a179e0/build/Data/Strict/Maybe.o )
[3 of 7] Compiling Data.Strict.These ( src/Data/Strict/These.hs, dist/dist-sandbox-b5a179e0/build/Data/Strict/These.o )
[4 of 7] Compiling Data.Strict.Tuple ( src/Data/Strict/Tuple.hs, dist/dist-sandbox-b5a179e0/build/Data/Strict/Tuple.o )
[5 of 7] Compiling Data.Strict.Classes ( src/Data/Strict/Classes.hs, dist/dist-sandbox-b5a179e0/build/Data/Strict/Classes.o )
[6 of 7] Compiling Data.Strict      ( src/Data/Strict.hs, dist/dist-sandbox-b5a179e0/build/Data/Strict.o )
[7 of 7] Compiling System.IO.Strict ( src/System/IO/Strict.hs, dist/dist-sandbox-b5a179e0/build/System/IO/Strict.o )
[1 of 7] Compiling Data.Strict.Either ( src/Data/Strict/Either.hs, dist/dist-sandbox-b5a179e0/build/Data/Strict/Either.p_o )
[2 of 7] Compiling Data.Strict.Maybe ( src/Data/Strict/Maybe.hs, dist/dist-sandbox-b5a179e0/build/Data/Strict/Maybe.p_o )
[3 of 7] Compiling Data.Strict.These ( src/Data/Strict/These.hs, dist/dist-sandbox-b5a179e0/build/Data/Strict/These.p_o )
[4 of 7] Compiling Data.Strict.Tuple ( src/Data/Strict/Tuple.hs, dist/dist-sandbox-b5a179e0/build/Data/Strict/Tuple.p_o )
[5 of 7] Compiling Data.Strict.Classes ( src/Data/Strict/Classes.hs, dist/dist-sandbox-b5a179e0/build/Data/Strict/Classes.p_o )
[6 of 7] Compiling Data.Strict      ( src/Data/Strict.hs, dist/dist-sandbox-b5a179e0/build/Data/Strict.p_o )
[7 of 7] Compiling System.IO.Strict ( src/System/IO/Strict.hs, dist/dist-sandbox-b5a179e0/build/System/IO/Strict.p_o )
Preprocessing library for strict-0.4.0.1..
Running Haddock on library for strict-0.4.0.1..
Haddock coverage:
 100% ( 10 / 10) in 'Data.Strict.Either'
Warning: '<*>' is out of scope.
    If you qualify the identifier, haddock can try to link it
    it anyway.
 100% ( 11 / 11) in 'Data.Strict.Maybe'
Warning: 'here' is out of scope.
    If you qualify the identifier, haddock can try to link it
    it anyway.
Warning: 'there' is out of scope.
    If you qualify the identifier, haddock can try to link it
    it anyway.
  71% ( 12 / 17) in 'Data.Strict.These'
  Missing documentation for:
    Module header
    distrThesePair (src/Data/Strict/These.hs:184)
    undistrThesePair (src/Data/Strict/These.hs:189)
    distrPairThese (src/Data/Strict/These.hs:201)
    undistrPairThese (src/Data/Strict/These.hs:206)
  90% (  9 / 10) in 'Data.Strict.Tuple'
  Missing documentation for:
    :!: (src/Data/Strict/Tuple.hs:114)
  50% (  1 /  2) in 'Data.Strict.Classes'
  Missing documentation for:
    Module header
 100% (  6 /  6) in 'Data.Strict'
Warning: 'isEOFError' is out of scope.
    If you qualify the identifier, haddock can try to link it
    it anyway.
Warning: 'stdin' is out of scope.
    If you qualify the identifier, haddock can try to link it
    it anyway.
 100% (  7 /  7) in 'System.IO.Strict'
Warning: Data.Strict.Tuple: could not find link destinations for:
    unsafeIndex unsafeRangeSize
Documentation created: dist/dist-sandbox-b5a179e0/doc/html/strict/index.html
Installing library in /Users/christophe.thibaut/Coding/fractal-sculpture/.cabal-sandbox/lib/x86_64-osx-ghc-8.6.3/strict-0.4.0.1-CaTFSKvN8Ii5UPXwRmc2s1
cabal: Leaving directory '/var/folders/z7/k6qym9m16y15sb6n8znyr7ww0000gn/T/cabal-tmp-24919/strict-0.4.0.1'
