cabal: Entering directory '/var/folders/z7/k6qym9m16y15sb6n8znyr7ww0000gn/T/cabal-tmp-24920/svg-builder-0.1.1'
Configuring svg-builder-0.1.1...
Preprocessing library for svg-builder-0.1.1..
Building library for svg-builder-0.1.1..
[1 of 5] Compiling Graphics.Svg.Core ( src/Graphics/Svg/Core.hs, dist/dist-sandbox-b5a179e0/build/Graphics/Svg/Core.o )
[2 of 5] Compiling Graphics.Svg.Attributes ( src/Graphics/Svg/Attributes.hs, dist/dist-sandbox-b5a179e0/build/Graphics/Svg/Attributes.o )
[3 of 5] Compiling Graphics.Svg.Elements ( src/Graphics/Svg/Elements.hs, dist/dist-sandbox-b5a179e0/build/Graphics/Svg/Elements.o )
[4 of 5] Compiling Graphics.Svg.Path ( src/Graphics/Svg/Path.hs, dist/dist-sandbox-b5a179e0/build/Graphics/Svg/Path.o )
[5 of 5] Compiling Graphics.Svg     ( src/Graphics/Svg.hs, dist/dist-sandbox-b5a179e0/build/Graphics/Svg.o )
[1 of 5] Compiling Graphics.Svg.Core ( src/Graphics/Svg/Core.hs, dist/dist-sandbox-b5a179e0/build/Graphics/Svg/Core.p_o )
[2 of 5] Compiling Graphics.Svg.Attributes ( src/Graphics/Svg/Attributes.hs, dist/dist-sandbox-b5a179e0/build/Graphics/Svg/Attributes.p_o )
[3 of 5] Compiling Graphics.Svg.Elements ( src/Graphics/Svg/Elements.hs, dist/dist-sandbox-b5a179e0/build/Graphics/Svg/Elements.p_o )
[4 of 5] Compiling Graphics.Svg.Path ( src/Graphics/Svg/Path.hs, dist/dist-sandbox-b5a179e0/build/Graphics/Svg/Path.p_o )
[5 of 5] Compiling Graphics.Svg     ( src/Graphics/Svg.hs, dist/dist-sandbox-b5a179e0/build/Graphics/Svg.p_o )
Preprocessing library for svg-builder-0.1.1..
Running Haddock on library for svg-builder-0.1.1..
Haddock coverage:
Warning: 'circle_' is out of scope.
    If you qualify the identifier, haddock can try to link it
    it anyway.
 100% ( 16 / 16) in 'Graphics.Svg.Core'
  80% (  4 /  5) in 'Graphics.Svg.Attributes'
  Missing documentation for:
    AttrTag (src/Graphics/Svg/Attributes.hs:46)
 100% ( 83 / 83) in 'Graphics.Svg.Elements'
 100% ( 28 / 28) in 'Graphics.Svg.Path'
Warning: 'color_' is out of scope.
    If you qualify the identifier, haddock can try to link it
    it anyway.
Warning: 'scale_' is out of scope.
    If you qualify the identifier, haddock can try to link it
    it anyway.
  90% (  9 / 10) in 'Graphics.Svg'
  Missing documentation for:
    prettyText (src/Graphics/Svg.hs:37)
Documentation created:
dist/dist-sandbox-b5a179e0/doc/html/svg-builder/index.html
Installing library in /Users/christophe.thibaut/Coding/fractal-sculpture/.cabal-sandbox/lib/x86_64-osx-ghc-8.6.3/svg-builder-0.1.1-8jS4WHcAMDuIJmUTzDCbQY
cabal: Leaving directory '/var/folders/z7/k6qym9m16y15sb6n8znyr7ww0000gn/T/cabal-tmp-24920/svg-builder-0.1.1'
