cabal: Entering directory '/var/folders/z7/k6qym9m16y15sb6n8znyr7ww0000gn/T/cabal-tmp-24919/these-1.1.1.1'
Configuring these-1.1.1.1...
Preprocessing library for these-1.1.1.1..
Building library for these-1.1.1.1..
[1 of 3] Compiling Data.Functor.These ( src/Data/Functor/These.hs, dist/dist-sandbox-b5a179e0/build/Data/Functor/These.o )
[2 of 3] Compiling Data.These       ( src/Data/These.hs, dist/dist-sandbox-b5a179e0/build/Data/These.o )
[3 of 3] Compiling Data.These.Combinators ( src/Data/These/Combinators.hs, dist/dist-sandbox-b5a179e0/build/Data/These/Combinators.o )
[1 of 3] Compiling Data.Functor.These ( src/Data/Functor/These.hs, dist/dist-sandbox-b5a179e0/build/Data/Functor/These.p_o )
[2 of 3] Compiling Data.These       ( src/Data/These.hs, dist/dist-sandbox-b5a179e0/build/Data/These.p_o )
[3 of 3] Compiling Data.These.Combinators ( src/Data/These/Combinators.hs, dist/dist-sandbox-b5a179e0/build/Data/These/Combinators.p_o )
Preprocessing library for these-1.1.1.1..
Running Haddock on library for these-1.1.1.1..
Haddock coverage:
   0% (  0 /  2) in 'Data.Functor.These'
  Missing documentation for:
    Module header
    These1 (src/Data/Functor/These.hs:55)
Warning: 'Maybe' is out of scope.
    If you qualify the identifier, haddock can try to link it
    it anyway.
Warning: 'here' is out of scope.
    If you qualify the identifier, haddock can try to link it
    it anyway.
Warning: 'there' is out of scope.
    If you qualify the identifier, haddock can try to link it
    it anyway.
  76% ( 13 / 17) in 'Data.These'
  Missing documentation for:
    distrThesePair (src/Data/These.hs:188)
    undistrThesePair (src/Data/These.hs:193)
    distrPairThese (src/Data/These.hs:205)
    undistrPairThese (src/Data/These.hs:210)
Warning: 'Bifunctor' is out of scope.
    If you qualify the identifier, haddock can try to link it
    it anyway.
Warning: 'here' is out of scope.
    If you qualify the identifier, haddock can try to link it
    it anyway.
Warning: 'there' is out of scope.
    If you qualify the identifier, haddock can try to link it
    it anyway.
Warning: 'Bitraversable' is out of scope.
    If you qualify the identifier, haddock can try to link it
    it anyway.
Warning: 'id' is out of scope.
    If you qualify the identifier, haddock can try to link it
    it anyway.
Warning: '_This' is out of scope.
    If you qualify the identifier, haddock can try to link it
    it anyway.
Warning: '_That' is out of scope.
    If you qualify the identifier, haddock can try to link it
    it anyway.
Warning: '_These' is out of scope.
    If you qualify the identifier, haddock can try to link it
    it anyway.
  79% ( 30 / 38) in 'Data.These.Combinators'
  Missing documentation for:
    justThis (src/Data/These/Combinators.hs:208)
    justThat (src/Data/These/Combinators.hs:212)
    justThese (src/Data/These/Combinators.hs:216)
    catHere (src/Data/These/Combinators.hs:236)
    catThere (src/Data/These/Combinators.hs:239)
    mapThis (src/Data/These/Combinators.hs:267)
    mapThat (src/Data/These/Combinators.hs:271)
    mapThese (src/Data/These/Combinators.hs:275)
Documentation created: dist/dist-sandbox-b5a179e0/doc/html/these/index.html
Installing library in /Users/christophe.thibaut/Coding/fractal-sculpture/.cabal-sandbox/lib/x86_64-osx-ghc-8.6.3/these-1.1.1.1-78qSSoimmrYIzAN7D7yfTC
cabal: Leaving directory '/var/folders/z7/k6qym9m16y15sb6n8znyr7ww0000gn/T/cabal-tmp-24919/these-1.1.1.1'
