cabal: Entering directory '/var/folders/z7/k6qym9m16y15sb6n8znyr7ww0000gn/T/cabal-tmp-24922/unix-compat-0.5.3'
Configuring unix-compat-0.5.3...
Preprocessing library for unix-compat-0.5.3..
Building library for unix-compat-0.5.3..
[1 of 8] Compiling System.PosixCompat.Files ( dist/dist-sandbox-b5a179e0/build/System/PosixCompat/Files.hs, dist/dist-sandbox-b5a179e0/build/System/PosixCompat/Files.o )
[2 of 8] Compiling System.PosixCompat.Temp ( src/System/PosixCompat/Temp.hs, dist/dist-sandbox-b5a179e0/build/System/PosixCompat/Temp.o )
[3 of 8] Compiling System.PosixCompat.Time ( src/System/PosixCompat/Time.hs, dist/dist-sandbox-b5a179e0/build/System/PosixCompat/Time.o )
[4 of 8] Compiling System.PosixCompat.Types ( src/System/PosixCompat/Types.hs, dist/dist-sandbox-b5a179e0/build/System/PosixCompat/Types.o )
[5 of 8] Compiling System.PosixCompat.Extensions ( dist/dist-sandbox-b5a179e0/build/System/PosixCompat/Extensions.hs, dist/dist-sandbox-b5a179e0/build/System/PosixCompat/Extensions.o )
[6 of 8] Compiling System.PosixCompat.Unistd ( src/System/PosixCompat/Unistd.hs, dist/dist-sandbox-b5a179e0/build/System/PosixCompat/Unistd.o )
[7 of 8] Compiling System.PosixCompat.User ( dist/dist-sandbox-b5a179e0/build/System/PosixCompat/User.hs, dist/dist-sandbox-b5a179e0/build/System/PosixCompat/User.o )
[8 of 8] Compiling System.PosixCompat ( src/System/PosixCompat.hs, dist/dist-sandbox-b5a179e0/build/System/PosixCompat.o )
[1 of 8] Compiling System.PosixCompat.Files ( dist/dist-sandbox-b5a179e0/build/System/PosixCompat/Files.hs, dist/dist-sandbox-b5a179e0/build/System/PosixCompat/Files.p_o )
[2 of 8] Compiling System.PosixCompat.Temp ( src/System/PosixCompat/Temp.hs, dist/dist-sandbox-b5a179e0/build/System/PosixCompat/Temp.p_o )
[3 of 8] Compiling System.PosixCompat.Time ( src/System/PosixCompat/Time.hs, dist/dist-sandbox-b5a179e0/build/System/PosixCompat/Time.p_o )
[4 of 8] Compiling System.PosixCompat.Types ( src/System/PosixCompat/Types.hs, dist/dist-sandbox-b5a179e0/build/System/PosixCompat/Types.p_o )
[5 of 8] Compiling System.PosixCompat.Extensions ( dist/dist-sandbox-b5a179e0/build/System/PosixCompat/Extensions.hs, dist/dist-sandbox-b5a179e0/build/System/PosixCompat/Extensions.p_o )
[6 of 8] Compiling System.PosixCompat.Unistd ( src/System/PosixCompat/Unistd.hs, dist/dist-sandbox-b5a179e0/build/System/PosixCompat/Unistd.p_o )
[7 of 8] Compiling System.PosixCompat.User ( dist/dist-sandbox-b5a179e0/build/System/PosixCompat/User.hs, dist/dist-sandbox-b5a179e0/build/System/PosixCompat/User.p_o )
[8 of 8] Compiling System.PosixCompat ( src/System/PosixCompat.hs, dist/dist-sandbox-b5a179e0/build/System/PosixCompat.p_o )
Preprocessing library for unix-compat-0.5.3..
Running Haddock on library for unix-compat-0.5.3..
Haddock coverage:
  99% ( 80 / 81) in 'System.PosixCompat.Files'
  Missing documentation for:
    PathVar
 100% (  2 /  2) in 'System.PosixCompat.Temp'
 100% (  2 /  2) in 'System.PosixCompat.Time'
 100% (  2 /  2) in 'System.PosixCompat.Types'
  71% (  5 /  7) in 'System.PosixCompat.Extensions'
  Missing documentation for:
    CMajor (src/System/PosixCompat/Extensions.hsc:23)
    CMinor (src/System/PosixCompat/Extensions.hsc:24)
  75% (  6 /  8) in 'System.PosixCompat.Unistd'
  Missing documentation for:
    SystemID
    getSystemID
  91% ( 21 / 23) in 'System.PosixCompat.User'
  Missing documentation for:
    GroupEntry
    UserEntry
 100% (  8 /  8) in 'System.PosixCompat'
Documentation created:
dist/dist-sandbox-b5a179e0/doc/html/unix-compat/index.html
Installing library in /Users/christophe.thibaut/Coding/fractal-sculpture/.cabal-sandbox/lib/x86_64-osx-ghc-8.6.3/unix-compat-0.5.3-3CrtmPn9I2TAtr2Am58VIr
cabal: Leaving directory '/var/folders/z7/k6qym9m16y15sb6n8znyr7ww0000gn/T/cabal-tmp-24922/unix-compat-0.5.3'
