cabal: Entering directory '/var/folders/z7/k6qym9m16y15sb6n8znyr7ww0000gn/T/cabal-tmp-24920/vector-space-0.16'
Configuring vector-space-0.16...
Preprocessing library for vector-space-0.16..
Building library for vector-space-0.16..
[1 of 9] Compiling Data.VectorSpace.Generic ( src/Data/VectorSpace/Generic.hs, dist/dist-sandbox-b5a179e0/build/Data/VectorSpace/Generic.o )
[2 of 9] Compiling Data.AdditiveGroup ( src/Data/AdditiveGroup.hs, dist/dist-sandbox-b5a179e0/build/Data/AdditiveGroup.o )
[3 of 9] Compiling Data.VectorSpace ( src/Data/VectorSpace.hs, dist/dist-sandbox-b5a179e0/build/Data/VectorSpace.o )
[4 of 9] Compiling Data.Basis       ( src/Data/Basis.hs, dist/dist-sandbox-b5a179e0/build/Data/Basis.o )
[5 of 9] Compiling Data.AffineSpace ( src/Data/AffineSpace.hs, dist/dist-sandbox-b5a179e0/build/Data/AffineSpace.o )
[6 of 9] Compiling Data.LinearMap   ( src/Data/LinearMap.hs, dist/dist-sandbox-b5a179e0/build/Data/LinearMap.o )
[7 of 9] Compiling Data.Maclaurin   ( src/Data/Maclaurin.hs, dist/dist-sandbox-b5a179e0/build/Data/Maclaurin.o )
[8 of 9] Compiling Data.Derivative  ( src/Data/Derivative.hs, dist/dist-sandbox-b5a179e0/build/Data/Derivative.o )
[9 of 9] Compiling Data.Cross       ( src/Data/Cross.hs, dist/dist-sandbox-b5a179e0/build/Data/Cross.o )
[1 of 9] Compiling Data.VectorSpace.Generic ( src/Data/VectorSpace/Generic.hs, dist/dist-sandbox-b5a179e0/build/Data/VectorSpace/Generic.p_o )
[2 of 9] Compiling Data.AdditiveGroup ( src/Data/AdditiveGroup.hs, dist/dist-sandbox-b5a179e0/build/Data/AdditiveGroup.p_o )
[3 of 9] Compiling Data.VectorSpace ( src/Data/VectorSpace.hs, dist/dist-sandbox-b5a179e0/build/Data/VectorSpace.p_o )
[4 of 9] Compiling Data.Basis       ( src/Data/Basis.hs, dist/dist-sandbox-b5a179e0/build/Data/Basis.p_o )
[5 of 9] Compiling Data.AffineSpace ( src/Data/AffineSpace.hs, dist/dist-sandbox-b5a179e0/build/Data/AffineSpace.p_o )
[6 of 9] Compiling Data.LinearMap   ( src/Data/LinearMap.hs, dist/dist-sandbox-b5a179e0/build/Data/LinearMap.p_o )
[7 of 9] Compiling Data.Maclaurin   ( src/Data/Maclaurin.hs, dist/dist-sandbox-b5a179e0/build/Data/Maclaurin.p_o )
[8 of 9] Compiling Data.Derivative  ( src/Data/Derivative.hs, dist/dist-sandbox-b5a179e0/build/Data/Derivative.p_o )
[9 of 9] Compiling Data.Cross       ( src/Data/Cross.hs, dist/dist-sandbox-b5a179e0/build/Data/Cross.p_o )
Preprocessing library for vector-space-0.16..
Running Haddock on library for vector-space-0.16..
Haddock coverage:
 100% (  6 /  6) in 'Data.AdditiveGroup'
 100% ( 12 / 12) in 'Data.VectorSpace'
  50% (  2 /  4) in 'Data.Basis'
  Missing documentation for:
    HasBasis (src/Data/Basis.hs:37)
    recompose (src/Data/Basis.hs:63)
  86% (  6 /  7) in 'Data.AffineSpace'
  Missing documentation for:
    AffineSpace (src/Data/AffineSpace.hs:51)
  42% ( 10 / 24) in 'Data.LinearMap'
  Missing documentation for:
    inLMap (src/Data/LinearMap.hs:143)
    inLMap2 (src/Data/LinearMap.hs:146)
    inLMap3 (src/Data/LinearMap.hs:150)
    liftMS (src/Data/LinearMap.hs:224)
    liftMS2 (src/Data/LinearMap.hs:230)
    liftMS3 (src/Data/LinearMap.hs:236)
    exlL (src/Data/LinearMap.hs:67)
    exrL (src/Data/LinearMap.hs:72)
    forkL (src/Data/LinearMap.hs:77)
    firstL (src/Data/LinearMap.hs:81)
    secondL (src/Data/LinearMap.hs:88)
    inlL (src/Data/LinearMap.hs:105)
    inrL (src/Data/LinearMap.hs:109)
    joinL (src/Data/LinearMap.hs:113)
  73% ( 16 / 22) in 'Data.Maclaurin'
  Missing documentation for:
    powVal (src/Data/Maclaurin.hs:61)
    derivative (src/Data/Maclaurin.hs:61)
    pairD (src/Data/Maclaurin.hs:293)
    unpairD (src/Data/Maclaurin.hs:298)
    tripleD (src/Data/Maclaurin.hs:302)
    untripleD (src/Data/Maclaurin.hs:307)
 100% (  2 /  2) in 'Data.Derivative'
Warning: 'cross' is out of scope.
    If you qualify the identifier, haddock can try to link it
    it anyway.
 100% (  8 /  8) in 'Data.Cross'
Warning: Data.AdditiveGroup: could not find link destinations for:
    VRep
Warning: Data.VectorSpace: could not find link destinations for:
    VRep
Warning: Data.Basis: could not find link destinations for:
    VRep
Warning: Data.AffineSpace: could not find link destinations for:
    GenericDiff VRep
Warning: Data.LinearMap: could not find link destinations for:
    LMap' MSum
Documentation created:
dist/dist-sandbox-b5a179e0/doc/html/vector-space/index.html
Installing library in /Users/christophe.thibaut/Coding/fractal-sculpture/.cabal-sandbox/lib/x86_64-osx-ghc-8.6.3/vector-space-0.16-ZRMlqbCSmH53K0zxbkO3f
cabal: Leaving directory '/var/folders/z7/k6qym9m16y15sb6n8znyr7ww0000gn/T/cabal-tmp-24920/vector-space-0.16'
