cabal: Entering directory '/var/folders/z7/k6qym9m16y15sb6n8znyr7ww0000gn/T/cabal-tmp-24921/vector-0.12.3.1'
Configuring vector-0.12.3.1...
Preprocessing library for vector-0.12.3.1..
Building library for vector-0.12.3.1..
[ 1 of 21] Compiling Data.Vector.Fusion.Util ( Data/Vector/Fusion/Util.hs, dist/dist-sandbox-b5a179e0/build/Data/Vector/Fusion/Util.o )
[ 2 of 21] Compiling Data.Vector.Fusion.Bundle.Size ( Data/Vector/Fusion/Bundle/Size.hs, dist/dist-sandbox-b5a179e0/build/Data/Vector/Fusion/Bundle/Size.o )
[ 3 of 21] Compiling Data.Vector.Generic.Mutable.Base ( Data/Vector/Generic/Mutable/Base.hs, dist/dist-sandbox-b5a179e0/build/Data/Vector/Generic/Mutable/Base.o )
[ 4 of 21] Compiling Data.Vector.Generic.Base ( Data/Vector/Generic/Base.hs, dist/dist-sandbox-b5a179e0/build/Data/Vector/Generic/Base.o )
[ 5 of 21] Compiling Data.Vector.Internal.Check ( Data/Vector/Internal/Check.hs, dist/dist-sandbox-b5a179e0/build/Data/Vector/Internal/Check.o )
[ 6 of 21] Compiling Data.Vector.Fusion.Stream.Monadic ( Data/Vector/Fusion/Stream/Monadic.hs, dist/dist-sandbox-b5a179e0/build/Data/Vector/Fusion/Stream/Monadic.o )
[ 7 of 21] Compiling Data.Vector.Fusion.Bundle.Monadic ( Data/Vector/Fusion/Bundle/Monadic.hs, dist/dist-sandbox-b5a179e0/build/Data/Vector/Fusion/Bundle/Monadic.o )
[ 8 of 21] Compiling Data.Vector.Fusion.Bundle ( Data/Vector/Fusion/Bundle.hs, dist/dist-sandbox-b5a179e0/build/Data/Vector/Fusion/Bundle.o )
[ 9 of 21] Compiling Data.Vector.Generic.Mutable ( Data/Vector/Generic/Mutable.hs, dist/dist-sandbox-b5a179e0/build/Data/Vector/Generic/Mutable.o )
[10 of 21] Compiling Data.Vector.Generic.New ( Data/Vector/Generic/New.hs, dist/dist-sandbox-b5a179e0/build/Data/Vector/Generic/New.o )
[11 of 21] Compiling Data.Vector.Generic ( Data/Vector/Generic.hs, dist/dist-sandbox-b5a179e0/build/Data/Vector/Generic.o )
[12 of 21] Compiling Data.Vector.Mutable ( Data/Vector/Mutable.hs, dist/dist-sandbox-b5a179e0/build/Data/Vector/Mutable.o )
[13 of 21] Compiling Data.Vector      ( Data/Vector.hs, dist/dist-sandbox-b5a179e0/build/Data/Vector.o )
[14 of 21] Compiling Data.Vector.Primitive.Mutable ( Data/Vector/Primitive/Mutable.hs, dist/dist-sandbox-b5a179e0/build/Data/Vector/Primitive/Mutable.o )
[15 of 21] Compiling Data.Vector.Primitive ( Data/Vector/Primitive.hs, dist/dist-sandbox-b5a179e0/build/Data/Vector/Primitive.o )
[16 of 21] Compiling Data.Vector.Storable.Internal ( Data/Vector/Storable/Internal.hs, dist/dist-sandbox-b5a179e0/build/Data/Vector/Storable/Internal.o )
[17 of 21] Compiling Data.Vector.Storable.Mutable ( Data/Vector/Storable/Mutable.hs, dist/dist-sandbox-b5a179e0/build/Data/Vector/Storable/Mutable.o )
[18 of 21] Compiling Data.Vector.Storable ( Data/Vector/Storable.hs, dist/dist-sandbox-b5a179e0/build/Data/Vector/Storable.o )
[19 of 21] Compiling Data.Vector.Unboxed.Base ( Data/Vector/Unboxed/Base.hs, dist/dist-sandbox-b5a179e0/build/Data/Vector/Unboxed/Base.o )
[20 of 21] Compiling Data.Vector.Unboxed ( Data/Vector/Unboxed.hs, dist/dist-sandbox-b5a179e0/build/Data/Vector/Unboxed.o )
[21 of 21] Compiling Data.Vector.Unboxed.Mutable ( Data/Vector/Unboxed/Mutable.hs, dist/dist-sandbox-b5a179e0/build/Data/Vector/Unboxed/Mutable.o )
[ 1 of 21] Compiling Data.Vector.Fusion.Util ( Data/Vector/Fusion/Util.hs, dist/dist-sandbox-b5a179e0/build/Data/Vector/Fusion/Util.p_o )
[ 2 of 21] Compiling Data.Vector.Fusion.Bundle.Size ( Data/Vector/Fusion/Bundle/Size.hs, dist/dist-sandbox-b5a179e0/build/Data/Vector/Fusion/Bundle/Size.p_o )
[ 3 of 21] Compiling Data.Vector.Generic.Mutable.Base ( Data/Vector/Generic/Mutable/Base.hs, dist/dist-sandbox-b5a179e0/build/Data/Vector/Generic/Mutable/Base.p_o )
[ 4 of 21] Compiling Data.Vector.Generic.Base ( Data/Vector/Generic/Base.hs, dist/dist-sandbox-b5a179e0/build/Data/Vector/Generic/Base.p_o )
[ 5 of 21] Compiling Data.Vector.Internal.Check ( Data/Vector/Internal/Check.hs, dist/dist-sandbox-b5a179e0/build/Data/Vector/Internal/Check.p_o )
[ 6 of 21] Compiling Data.Vector.Fusion.Stream.Monadic ( Data/Vector/Fusion/Stream/Monadic.hs, dist/dist-sandbox-b5a179e0/build/Data/Vector/Fusion/Stream/Monadic.p_o )
[ 7 of 21] Compiling Data.Vector.Fusion.Bundle.Monadic ( Data/Vector/Fusion/Bundle/Monadic.hs, dist/dist-sandbox-b5a179e0/build/Data/Vector/Fusion/Bundle/Monadic.p_o )
[ 8 of 21] Compiling Data.Vector.Fusion.Bundle ( Data/Vector/Fusion/Bundle.hs, dist/dist-sandbox-b5a179e0/build/Data/Vector/Fusion/Bundle.p_o )
[ 9 of 21] Compiling Data.Vector.Generic.Mutable ( Data/Vector/Generic/Mutable.hs, dist/dist-sandbox-b5a179e0/build/Data/Vector/Generic/Mutable.p_o )
[10 of 21] Compiling Data.Vector.Generic.New ( Data/Vector/Generic/New.hs, dist/dist-sandbox-b5a179e0/build/Data/Vector/Generic/New.p_o )
[11 of 21] Compiling Data.Vector.Generic ( Data/Vector/Generic.hs, dist/dist-sandbox-b5a179e0/build/Data/Vector/Generic.p_o )
[12 of 21] Compiling Data.Vector.Mutable ( Data/Vector/Mutable.hs, dist/dist-sandbox-b5a179e0/build/Data/Vector/Mutable.p_o )
[13 of 21] Compiling Data.Vector      ( Data/Vector.hs, dist/dist-sandbox-b5a179e0/build/Data/Vector.p_o )
[14 of 21] Compiling Data.Vector.Primitive.Mutable ( Data/Vector/Primitive/Mutable.hs, dist/dist-sandbox-b5a179e0/build/Data/Vector/Primitive/Mutable.p_o )
[15 of 21] Compiling Data.Vector.Primitive ( Data/Vector/Primitive.hs, dist/dist-sandbox-b5a179e0/build/Data/Vector/Primitive.p_o )
[16 of 21] Compiling Data.Vector.Storable.Internal ( Data/Vector/Storable/Internal.hs, dist/dist-sandbox-b5a179e0/build/Data/Vector/Storable/Internal.p_o )
[17 of 21] Compiling Data.Vector.Storable.Mutable ( Data/Vector/Storable/Mutable.hs, dist/dist-sandbox-b5a179e0/build/Data/Vector/Storable/Mutable.p_o )
[18 of 21] Compiling Data.Vector.Storable ( Data/Vector/Storable.hs, dist/dist-sandbox-b5a179e0/build/Data/Vector/Storable.p_o )
[19 of 21] Compiling Data.Vector.Unboxed.Base ( Data/Vector/Unboxed/Base.hs, dist/dist-sandbox-b5a179e0/build/Data/Vector/Unboxed/Base.p_o )
[20 of 21] Compiling Data.Vector.Unboxed ( Data/Vector/Unboxed.hs, dist/dist-sandbox-b5a179e0/build/Data/Vector/Unboxed.p_o )
[21 of 21] Compiling Data.Vector.Unboxed.Mutable ( Data/Vector/Unboxed/Mutable.hs, dist/dist-sandbox-b5a179e0/build/Data/Vector/Unboxed/Mutable.p_o )
Preprocessing library for vector-0.12.3.1..
Running Haddock on library for vector-0.12.3.1..
Haddock coverage:
 100% (  5 /  5) in 'Data.Vector.Fusion.Util'
 100% (  9 /  9) in 'Data.Vector.Fusion.Bundle.Size'
Warning: 'unsafeSlice' is out of scope.
    If you qualify the identifier, haddock can try to link it
    it anyway.
Warning: 'overlaps' is out of scope.
    If you qualify the identifier, haddock can try to link it
    it anyway.
Warning: 'unsafeNew' is out of scope.
    If you qualify the identifier, haddock can try to link it
    it anyway.
Warning: 'unsafeRead' is out of scope.
    If you qualify the identifier, haddock can try to link it
    it anyway.
Warning: 'unsafeWrite' is out of scope.
    If you qualify the identifier, haddock can try to link it
    it anyway.
Warning: 'clear' is out of scope.
    If you qualify the identifier, haddock can try to link it
    it anyway.
Warning: 'set' is out of scope.
    If you qualify the identifier, haddock can try to link it
    it anyway.
Warning: 'unsafeCopy' is out of scope.
    If you qualify the identifier, haddock can try to link it
    it anyway.
Warning: 'unsafeMove' is out of scope.
    If you qualify the identifier, haddock can try to link it
    it anyway.
 100% (  2 /  2) in 'Data.Vector.Generic.Mutable.Base'
Warning: 'basicUnsafeWrite' is out of scope.
    If you qualify the identifier, haddock can try to link it
    it anyway.
  11% (  1 /  9) in 'Data.Vector.Internal.Check'
  Missing documentation for:
    Checks (Data/Vector/Internal/Check.hs:51)
    doChecks (Data/Vector/Internal/Check.hs:75)
    error (Data/Vector/Internal/Check.hs:84)
    internalError (Data/Vector/Internal/Check.hs:89)
    check (Data/Vector/Internal/Check.hs:105)
    checkIndex (Data/Vector/Internal/Check.hs:119)
    checkLength (Data/Vector/Internal/Check.hs:133)
    checkSlice (Data/Vector/Internal/Check.hs:147)
Warning: 'Bundle' is out of scope.
    If you qualify the identifier, haddock can try to link it
    it anyway.
  82% (107 /131) in 'Data.Vector.Fusion.Stream.Monadic'
  Missing documentation for:
    generate (Data/Vector/Fusion/Stream/Monadic.hs:197)
    unbox (Data/Vector/Fusion/Stream/Monadic.hs:449)
    concatMap (Data/Vector/Fusion/Stream/Monadic.hs:1057)
    zipWithM_ (Data/Vector/Fusion/Stream/Monadic.hs:518)
    zipWith3M (Data/Vector/Fusion/Stream/Monadic.hs:522)
    zipWith4M (Data/Vector/Fusion/Stream/Monadic.hs:550)
    zipWith5M (Data/Vector/Fusion/Stream/Monadic.hs:557)
    zipWith6M (Data/Vector/Fusion/Stream/Monadic.hs:564)
    zipWith (Data/Vector/Fusion/Stream/Monadic.hs:572)
    zipWith3 (Data/Vector/Fusion/Stream/Monadic.hs:576)
    zipWith4 (Data/Vector/Fusion/Stream/Monadic.hs:581)
    zipWith5 (Data/Vector/Fusion/Stream/Monadic.hs:587)
    zipWith6 (Data/Vector/Fusion/Stream/Monadic.hs:593)
    zip (Data/Vector/Fusion/Stream/Monadic.hs:599)
    zip3 (Data/Vector/Fusion/Stream/Monadic.hs:603)
    zip4 (Data/Vector/Fusion/Stream/Monadic.hs:607)
    zip5 (Data/Vector/Fusion/Stream/Monadic.hs:612)
    zip6 (Data/Vector/Fusion/Stream/Monadic.hs:617)
    mapMaybe (Data/Vector/Fusion/Stream/Monadic.hs:689)
    catMaybes (Data/Vector/Fusion/Stream/Monadic.hs:704)
    and (Data/Vector/Fusion/Stream/Monadic.hs:1031)
    or (Data/Vector/Fusion/Stream/Monadic.hs:1044)
    concatMapM (Data/Vector/Fusion/Stream/Monadic.hs:1061)
    unfoldrN (Data/Vector/Fusion/Stream/Monadic.hs:1123)
  79% (110 /139) in 'Data.Vector.Fusion.Bundle.Monadic'
  Missing documentation for:
    Chunk (Data/Vector/Fusion/Bundle/Monadic.hs:119)
    generate (Data/Vector/Fusion/Bundle/Monadic.hs:206)
    unbox (Data/Vector/Fusion/Bundle/Monadic.hs:321)
    concatMap (Data/Vector/Fusion/Bundle/Monadic.hs:630)
    zipWithM_ (Data/Vector/Fusion/Bundle/Monadic.hs:352)
    zipWith3M (Data/Vector/Fusion/Bundle/Monadic.hs:356)
    zipWith4M (Data/Vector/Fusion/Bundle/Monadic.hs:363)
    zipWith5M (Data/Vector/Fusion/Bundle/Monadic.hs:370)
    zipWith6M (Data/Vector/Fusion/Bundle/Monadic.hs:377)
    zipWith (Data/Vector/Fusion/Bundle/Monadic.hs:385)
    zipWith3 (Data/Vector/Fusion/Bundle/Monadic.hs:389)
    zipWith4 (Data/Vector/Fusion/Bundle/Monadic.hs:394)
    zipWith5 (Data/Vector/Fusion/Bundle/Monadic.hs:400)
    zipWith6 (Data/Vector/Fusion/Bundle/Monadic.hs:406)
    zip (Data/Vector/Fusion/Bundle/Monadic.hs:412)
    zip3 (Data/Vector/Fusion/Bundle/Monadic.hs:416)
    zip4 (Data/Vector/Fusion/Bundle/Monadic.hs:420)
    zip5 (Data/Vector/Fusion/Bundle/Monadic.hs:425)
    zip6 (Data/Vector/Fusion/Bundle/Monadic.hs:430)
    and (Data/Vector/Fusion/Bundle/Monadic.hs:622)
    or (Data/Vector/Fusion/Bundle/Monadic.hs:626)
    concatMapM (Data/Vector/Fusion/Bundle/Monadic.hs:634)
    fromVector (Data/Vector/Fusion/Bundle/Monadic.hs:1087)
    reVector (Data/Vector/Fusion/Bundle/Monadic.hs:1163)
    fromVectors (Data/Vector/Fusion/Bundle/Monadic.hs:1106)
    concatVectors (Data/Vector/Fusion/Bundle/Monadic.hs:1132)
    fromStream (Data/Vector/Fusion/Bundle/Monadic.hs:135)
    chunks (Data/Vector/Fusion/Bundle/Monadic.hs:142)
    elements (Data/Vector/Fusion/Bundle/Monadic.hs:146)
  80% ( 90 /113) in 'Data.Vector.Fusion.Bundle'
  Missing documentation for:
    Chunk (Data/Vector/Fusion/Bundle/Monadic.hs:119)
    inplace (Data/Vector/Fusion/Bundle.hs:117)
    concatMap (Data/Vector/Fusion/Bundle.hs:261)
    unbox (Data/Vector/Fusion/Bundle.hs:257)
    zipWith4 (Data/Vector/Fusion/Bundle.hs:289)
    zipWith5 (Data/Vector/Fusion/Bundle.hs:295)
    zipWith6 (Data/Vector/Fusion/Bundle.hs:301)
    zip (Data/Vector/Fusion/Bundle.hs:307)
    zip3 (Data/Vector/Fusion/Bundle.hs:311)
    zip4 (Data/Vector/Fusion/Bundle.hs:315)
    zip5 (Data/Vector/Fusion/Bundle.hs:320)
    zip6 (Data/Vector/Fusion/Bundle.hs:325)
    and (Data/Vector/Fusion/Bundle.hs:411)
    or (Data/Vector/Fusion/Bundle.hs:415)
    unsafeFromList (Data/Vector/Fusion/Bundle.hs:639)
    fromVector (Data/Vector/Fusion/Bundle.hs:643)
    reVector (Data/Vector/Fusion/Bundle.hs:647)
    fromVectors (Data/Vector/Fusion/Bundle.hs:651)
    concatVectors (Data/Vector/Fusion/Bundle.hs:655)
    zipWithM (Data/Vector/Fusion/Bundle.hs:542)
    zipWithM_ (Data/Vector/Fusion/Bundle.hs:546)
    eqBy (Data/Vector/Fusion/Bundle.hs:497)
    cmpBy (Data/Vector/Fusion/Bundle.hs:506)
  84% ( 84 /100) in 'Data.Vector.Generic.Mutable'
  Missing documentation for:
    splitAt (Data/Vector/Generic/Mutable.hs:399)
    mstream (Data/Vector/Generic/Mutable.hs:125)
    mstreamR (Data/Vector/Generic/Mutable.hs:155)
    transform (Data/Vector/Generic/Mutable.hs:149)
    transformR (Data/Vector/Generic/Mutable.hs:184)
    fill (Data/Vector/Generic/Mutable.hs:136)
    fillR (Data/Vector/Generic/Mutable.hs:168)
    unsafeAccum (Data/Vector/Generic/Mutable.hs:996)
    accum (Data/Vector/Generic/Mutable.hs:972)
    unsafeUpdate (Data/Vector/Generic/Mutable.hs:1009)
    update (Data/Vector/Generic/Mutable.hs:985)
    reverse (Data/Vector/Generic/Mutable.hs:1020)
    unstablePartition (Data/Vector/Generic/Mutable.hs:1029)
    unstablePartitionBundle (Data/Vector/Generic/Mutable.hs:1058)
    partitionBundle (Data/Vector/Generic/Mutable.hs:1086)
    partitionWithBundle (Data/Vector/Generic/Mutable.hs:1147)
   5% (  1 / 20) in 'Data.Vector.Generic.New'
  Missing documentation for:
    New (Data/Vector/Generic/New.hs:40)
    create (Data/Vector/Generic/New.hs:42)
    run (Data/Vector/Generic/New.hs:46)
    runPrim (Data/Vector/Generic/New.hs:50)
    apply (Data/Vector/Generic/New.hs:54)
    modify (Data/Vector/Generic/New.hs:58)
    modifyWithBundle (Data/Vector/Generic/New.hs:62)
    unstream (Data/Vector/Generic/New.hs:67)
    transform (Data/Vector/Generic/New.hs:71)
    unstreamR (Data/Vector/Generic/New.hs:93)
    transformR (Data/Vector/Generic/New.hs:97)
    slice (Data/Vector/Generic/New.hs:119)
    init (Data/Vector/Generic/New.hs:123)
    tail (Data/Vector/Generic/New.hs:127)
    take (Data/Vector/Generic/New.hs:131)
    drop (Data/Vector/Generic/New.hs:135)
    unsafeSlice (Data/Vector/Generic/New.hs:139)
    unsafeInit (Data/Vector/Generic/New.hs:143)
    unsafeTail (Data/Vector/Generic/New.hs:147)
Warning: 'a' is out of scope.
    If you qualify the identifier, haddock can try to link it
    it anyway.
Warning: 'b' is out of scope.
    If you qualify the identifier, haddock can try to link it
    it anyway.
  92% (251 /272) in 'Data.Vector.Generic'
  Missing documentation for:
    zipWith4 (Data/Vector/Generic.hs:1197)
    zipWith5 (Data/Vector/Generic.hs:1206)
    zipWith6 (Data/Vector/Generic.hs:1218)
    izipWith3 (Data/Vector/Generic.hs:1240)
    izipWith4 (Data/Vector/Generic.hs:1248)
    izipWith5 (Data/Vector/Generic.hs:1257)
    izipWith6 (Data/Vector/Generic.hs:1269)
    zip3 (Data/Vector/Generic.hs:1287)
    zip4 (Data/Vector/Generic.hs:1292)
    zip5 (Data/Vector/Generic.hs:1297)
    zip6 (Data/Vector/Generic.hs:1303)
    unzip3 (Data/Vector/Generic.hs:1353)
    unzip4 (Data/Vector/Generic.hs:1360)
    unzip5 (Data/Vector/Generic.hs:1369)
    unzip6 (Data/Vector/Generic.hs:1379)
    liftShowsPrec (Data/Vector/Generic.hs:2432)
    gunfold (Data/Vector/Generic.hs:2472)
    dataCast (Data/Vector/Generic.hs:2481)
    mkVecType (Data/Vector/Generic.hs:2464)
    mkVecConstr (Data/Vector/Generic.hs:2460)
    mkType (Data/Vector/Generic.hs:2468)
Warning: 'ST' is out of scope.
    If you qualify the identifier, haddock can try to link it
    it anyway.
  96% ( 79 / 82) in 'Data.Vector.Mutable'
  Missing documentation for:
    IOVector (Data/Vector/Mutable.hs:88)
    STVector (Data/Vector/Mutable.hs:89)
    splitAt (Data/Vector/Mutable.hs:247)
Warning: 'a' is out of scope.
    If you qualify the identifier, haddock can try to link it
    it anyway.
Warning: 'b' is out of scope.
    If you qualify the identifier, haddock can try to link it
    it anyway.
Warning: 'fromList' is ambiguous. It is defined
    * in ‘GHC.Exts’
    * at Data/Vector.hs:1966:1
    You may be able to disambiguate the identifier by qualifying it or
    by hiding some imports.
    Defaulting to 'fromList' defined at Data/Vector.hs:1966:1
  95% (236 /249) in 'Data.Vector'
  Missing documentation for:
    zipWith4 (Data/Vector.hs:1200)
    zipWith5 (Data/Vector.hs:1205)
    zipWith6 (Data/Vector.hs:1211)
    izipWith4 (Data/Vector.hs:1229)
    izipWith5 (Data/Vector.hs:1234)
    izipWith6 (Data/Vector.hs:1240)
    zip4 (Data/Vector.hs:1256)
    zip5 (Data/Vector.hs:1261)
    zip6 (Data/Vector.hs:1266)
    unzip3 (Data/Vector.hs:1279)
    unzip4 (Data/Vector.hs:1283)
    unzip5 (Data/Vector.hs:1287)
    unzip6 (Data/Vector.hs:1292)
  96% ( 77 / 80) in 'Data.Vector.Primitive.Mutable'
  Missing documentation for:
    IOVector (Data/Vector/Primitive/Mutable.hs:88)
    STVector (Data/Vector/Primitive/Mutable.hs:89)
    splitAt (Data/Vector/Primitive/Mutable.hs:188)
Warning: 'a' is out of scope.
    If you qualify the identifier, haddock can try to link it
    it anyway.
Warning: 'b' is out of scope.
    If you qualify the identifier, haddock can try to link it
    it anyway.
  97% (218 /224) in 'Data.Vector.Primitive'
  Missing documentation for:
    zipWith4 (Data/Vector/Primitive.hs:958)
    zipWith5 (Data/Vector/Primitive.hs:964)
    zipWith6 (Data/Vector/Primitive.hs:972)
    izipWith4 (Data/Vector/Primitive.hs:994)
    izipWith5 (Data/Vector/Primitive.hs:1000)
    izipWith6 (Data/Vector/Primitive.hs:1008)
Warning: 'Storable' is out of scope.
    If you qualify the identifier, haddock can try to link it
    it anyway.
  40% (  2 /  5) in 'Data.Vector.Storable.Internal'
  Missing documentation for:
    getPtr (Data/Vector/Storable/Internal.hs:29)
    setPtr (Data/Vector/Storable/Internal.hs:33)
    updPtr (Data/Vector/Storable/Internal.hs:37)
  97% ( 85 / 88) in 'Data.Vector.Storable.Mutable'
  Missing documentation for:
    IOVector (Data/Vector/Storable/Mutable.hs:121)
    STVector (Data/Vector/Storable/Mutable.hs:122)
    splitAt (Data/Vector/Storable/Mutable.hs:319)
Warning: 'a' is out of scope.
    If you qualify the identifier, haddock can try to link it
    it anyway.
Warning: 'b' is out of scope.
    If you qualify the identifier, haddock can try to link it
    it anyway.
  97% (230 /236) in 'Data.Vector.Storable'
  Missing documentation for:
    zipWith4 (Data/Vector/Storable.hs:974)
    zipWith5 (Data/Vector/Storable.hs:980)
    zipWith6 (Data/Vector/Storable.hs:988)
    izipWith4 (Data/Vector/Storable.hs:1010)
    izipWith5 (Data/Vector/Storable.hs:1016)
    izipWith6 (Data/Vector/Storable.hs:1024)
Warning: 'Complex' is out of scope.
    If you qualify the identifier, haddock can try to link it
    it anyway.
Warning: 'a' is out of scope.
    If you qualify the identifier, haddock can try to link it
    it anyway.
Warning: 'b' is out of scope.
    If you qualify the identifier, haddock can try to link it
    it anyway.
  96% (234 /243) in 'Data.Vector.Unboxed'
  Missing documentation for:
    Vector (Data/Vector/Unboxed/Base.hs:78)
    MVector (Data/Vector/Unboxed/Base.hs:77)
    Unbox (Data/Vector/Unboxed/Base.hs:85)
    zipWith4 (Data/Vector/Unboxed.hs:979)
    zipWith5 (Data/Vector/Unboxed.hs:985)
    zipWith6 (Data/Vector/Unboxed.hs:992)
    izipWith4 (Data/Vector/Unboxed.hs:1013)
    izipWith5 (Data/Vector/Unboxed.hs:1019)
    izipWith6 (Data/Vector/Unboxed.hs:1026)
  95% ( 86 / 91) in 'Data.Vector.Unboxed.Mutable'
  Missing documentation for:
    MVector (Data/Vector/Unboxed/Base.hs:77)
    IOVector (Data/Vector/Unboxed/Base.hs:80)
    STVector (Data/Vector/Unboxed/Base.hs:81)
    Unbox (Data/Vector/Unboxed/Base.hs:85)
    splitAt (Data/Vector/Unboxed/Mutable.hs:117)
Warning: Data.Vector.Unboxed: could not find link destinations for:
    D:R:VectorBool0 V_Bool D:R:VectorChar0 V_Char D:R:VectorDouble0 V_Double D:R:VectorFloat0 V_Float D:R:VectorInt0 V_Int D:R:VectorInt80 V_Int8 D:R:VectorInt160 V_Int16 D:R:VectorInt320 V_Int32 D:R:VectorInt640 V_Int64 D:R:VectorWord0 V_Word D:R:VectorWord80 V_Word8 D:R:VectorWord160 V_Word16 D:R:VectorWord320 V_Word32 D:R:VectorWord640 V_Word64 D:R:Vector()0 V_Unit D:R:VectorAll0 V_All D:R:VectorAny0 V_Any D:R:VectorComplex0 V_Complex D:R:VectorMin0 V_Min D:R:VectorMax0 V_Max D:R:VectorFirst0 V_First D:R:VectorLast0 V_Last D:R:VectorWrappedMonoid0 V_WrappedMonoid D:R:VectorIdentity0 V_Identity D:R:VectorDual0 V_Dual D:R:VectorSum0 V_Sum D:R:VectorProduct0 V_Product D:R:VectorDown0 V_Down D:R:Vector(,)0 V_2 D:R:VectorArg0 V_Arg D:R:Vector(,,)0 V_3 D:R:VectorConst0 V_Const D:R:VectorAlt0 V_Alt D:R:Vector(,,,)0 V_4 D:R:Vector(,,,,)0 V_5 D:R:VectorCompose0 V_Compose D:R:Vector(,,,,,)0 V_6 D:R:MVectorsAll0 D:R:MVectorsAny0 D:R:MVectorsBool0 D:R:MVectorsChar0 D:R:MVectorsDouble0 D:R:MVectorsFloat0 D:R:MVectorsWord640 D:R:MVectorsWord320 D:R:MVectorsWord160 D:R:MVectorsWord80 D:R:MVectorsWord0 D:R:MVectorsInt640 D:R:MVectorsInt320 D:R:MVectorsInt160 D:R:MVectorsInt80 D:R:MVectorsInt0 D:R:MVectors()0 D:R:MVectorsWrappedMonoid0 D:R:MVectorsLast0 D:R:MVectorsFirst0 D:R:MVectorsMax0 D:R:MVectorsMin0 D:R:MVectorsProduct0 D:R:MVectorsSum0 D:R:MVectorsDual0 D:R:MVectorsDown0 D:R:MVectorsIdentity0 D:R:MVectorsComplex0 D:R:MVectors(,)0 D:R:MVectorsArg0 D:R:MVectors(,,)0 D:R:MVectorsAlt0 D:R:MVectorsConst0 D:R:MVectors(,,,)0 D:R:MVectors(,,,,)0 D:R:MVectorsCompose0 D:R:MVectors(,,,,,)0
Warning: Data.Vector.Unboxed.Mutable: could not find link destinations for:
    D:R:MVectorsAll0 D:R:MVectorsAny0 D:R:MVectorsBool0 D:R:MVectorsChar0 D:R:MVectorsDouble0 D:R:MVectorsFloat0 D:R:MVectorsWord640 D:R:MVectorsWord320 D:R:MVectorsWord160 D:R:MVectorsWord80 D:R:MVectorsWord0 D:R:MVectorsInt640 D:R:MVectorsInt320 D:R:MVectorsInt160 D:R:MVectorsInt80 D:R:MVectorsInt0 D:R:MVectors()0 D:R:MVectorsWrappedMonoid0 D:R:MVectorsLast0 D:R:MVectorsFirst0 D:R:MVectorsMax0 D:R:MVectorsMin0 D:R:MVectorsProduct0 D:R:MVectorsSum0 D:R:MVectorsDual0 D:R:MVectorsDown0 D:R:MVectorsIdentity0 D:R:MVectorsComplex0 D:R:MVectors(,)0 D:R:MVectorsArg0 D:R:MVectors(,,)0 D:R:MVectorsAlt0 D:R:MVectorsConst0 D:R:MVectors(,,,)0 D:R:MVectors(,,,,)0 D:R:MVectorsCompose0 D:R:MVectors(,,,,,)0
Documentation created: dist/dist-sandbox-b5a179e0/doc/html/vector/index.html
Installing library in /Users/christophe.thibaut/Coding/fractal-sculpture/.cabal-sandbox/lib/x86_64-osx-ghc-8.6.3/vector-0.12.3.1-F9wx38lqV1sA5c90zDB0Yo
cabal: Leaving directory '/var/folders/z7/k6qym9m16y15sb6n8znyr7ww0000gn/T/cabal-tmp-24921/vector-0.12.3.1'
