cabal: Entering directory '/var/folders/z7/k6qym9m16y15sb6n8znyr7ww0000gn/T/cabal-tmp-24920/zlib-0.6.2.3'
Configuring zlib-0.6.2.3...
Preprocessing library for zlib-0.6.2.3..
Building library for zlib-0.6.2.3..
[1 of 6] Compiling Codec.Compression.Zlib.ByteStringCompat ( Codec/Compression/Zlib/ByteStringCompat.hs, dist/dist-sandbox-b5a179e0/build/Codec/Compression/Zlib/ByteStringCompat.o )
[2 of 6] Compiling Codec.Compression.Zlib.Stream ( dist/dist-sandbox-b5a179e0/build/Codec/Compression/Zlib/Stream.hs, dist/dist-sandbox-b5a179e0/build/Codec/Compression/Zlib/Stream.o )
[3 of 6] Compiling Codec.Compression.Zlib.Internal ( Codec/Compression/Zlib/Internal.hs, dist/dist-sandbox-b5a179e0/build/Codec/Compression/Zlib/Internal.o )
[4 of 6] Compiling Codec.Compression.Zlib.Raw ( Codec/Compression/Zlib/Raw.hs, dist/dist-sandbox-b5a179e0/build/Codec/Compression/Zlib/Raw.o )
[5 of 6] Compiling Codec.Compression.Zlib ( Codec/Compression/Zlib.hs, dist/dist-sandbox-b5a179e0/build/Codec/Compression/Zlib.o )
[6 of 6] Compiling Codec.Compression.GZip ( Codec/Compression/GZip.hs, dist/dist-sandbox-b5a179e0/build/Codec/Compression/GZip.o )
[1 of 6] Compiling Codec.Compression.Zlib.ByteStringCompat ( Codec/Compression/Zlib/ByteStringCompat.hs, dist/dist-sandbox-b5a179e0/build/Codec/Compression/Zlib/ByteStringCompat.p_o )
[2 of 6] Compiling Codec.Compression.Zlib.Stream ( dist/dist-sandbox-b5a179e0/build/Codec/Compression/Zlib/Stream.hs, dist/dist-sandbox-b5a179e0/build/Codec/Compression/Zlib/Stream.p_o )
[3 of 6] Compiling Codec.Compression.Zlib.Internal ( Codec/Compression/Zlib/Internal.hs, dist/dist-sandbox-b5a179e0/build/Codec/Compression/Zlib/Internal.p_o )
[4 of 6] Compiling Codec.Compression.Zlib.Raw ( Codec/Compression/Zlib/Raw.hs, dist/dist-sandbox-b5a179e0/build/Codec/Compression/Zlib/Raw.p_o )
[5 of 6] Compiling Codec.Compression.Zlib ( Codec/Compression/Zlib.hs, dist/dist-sandbox-b5a179e0/build/Codec/Compression/Zlib.p_o )
[6 of 6] Compiling Codec.Compression.GZip ( Codec/Compression/GZip.hs, dist/dist-sandbox-b5a179e0/build/Codec/Compression/GZip.p_o )
Preprocessing library for zlib-0.6.2.3..
Running Haddock on library for zlib-0.6.2.3..
Haddock coverage:
Warning: 'BuferError' is out of scope.
    If you qualify the identifier, haddock can try to link it
    it anyway.
Warning: 'defaultCompressionStrategy' is out of scope.
    If you qualify the identifier, haddock can try to link it
    it anyway.
Warning: 'huffmanOnlyCompressionStrategy' is out of scope.
    If you qualify the identifier, haddock can try to link it
    it anyway.
Warning: 'gzipFormat' is out of scope.
    If you qualify the identifier, haddock can try to link it
    it anyway.
Warning: 'DictionaryHash' is out of scope.
    If you qualify the identifier, haddock can try to link it
    it anyway.
Warning: 'StreamEnd' is out of scope.
    If you qualify the identifier, haddock can try to link it
    it anyway.
 100% ( 51 / 51) in 'Codec.Compression.Zlib.Internal'
  88% ( 28 / 32) in 'Codec.Compression.Zlib.Raw'
  Missing documentation for:
    compress (Codec/Compression/Zlib/Raw.hs:64)
    decompress (Codec/Compression/Zlib/Raw.hs:58)
    compressWith (Codec/Compression/Zlib/Raw.hs:67)
    decompressWith (Codec/Compression/Zlib/Raw.hs:61)
 100% ( 33 / 33) in 'Codec.Compression.Zlib'
 100% ( 33 / 33) in 'Codec.Compression.GZip'
Documentation created: dist/dist-sandbox-b5a179e0/doc/html/zlib/index.html
Installing library in /Users/christophe.thibaut/Coding/fractal-sculpture/.cabal-sandbox/lib/x86_64-osx-ghc-8.6.3/zlib-0.6.2.3-93Wbo8gIIzI9bg4p2MsNUF
cabal: Leaving directory '/var/folders/z7/k6qym9m16y15sb6n8znyr7ww0000gn/T/cabal-tmp-24920/zlib-0.6.2.3'
